2025-07-29 00:07:20,983 INFO [Escalas_mayores_para_piano]                 Book.java:562  | 2 sheets in /home/kaval/Documentos/dev/CONCER/python/uploads/Escalas_mayores_para_piano.pdf
2025-07-29 00:07:21,241 INFO []                 Book.java:2531 | Stored /book.xml
2025-07-29 00:07:21,241 INFO []                 Book.java:2491 | Book stored as /home/kaval/Documentos/dev/CONCER/python/outputs/Escalas_mayores_para_piano.omr
2025-07-29 00:07:21,280 INFO []                 Book.java:1933 | Book reaching PAGE on sheets:[#1#2]
2025-07-29 00:07:21,283 INFO [Escalas_mayores_para_piano#1]       StepMonitoring.java:98   | LOAD
2025-07-29 00:07:21,772 INFO [Escalas_mayores_para_piano#1]            SheetStub.java:1268 | Loaded image #1 2479x3508 from /home/kaval/Documentos/dev/CONCER/python/uploads/Escalas_mayores_para_piano.pdf
2025-07-29 00:07:21,777 INFO [Escalas_mayores_para_piano#1]       StepMonitoring.java:98   | BINARY
2025-07-29 00:07:22,410 INFO [Escalas_mayores_para_piano#1]       StepMonitoring.java:98   | SCALE
2025-07-29 00:07:22,447 INFO [Escalas_mayores_para_piano#1]         ScaleBuilder.java:241  | Beam  guessed height: 10 -- 0.50 of 21 interline
2025-07-29 00:07:22,448 INFO [Escalas_mayores_para_piano#1]         ScaleBuilder.java:264  | Beam measured height:  9 -- 0.20 of [6..21] range at 59% of needed quorum
2025-07-29 00:07:22,449 INFO [Escalas_mayores_para_piano#1]            ScaleStep.java:65   | Scale{ interline(20,21,21) line(2,2,2) beam(9)}
2025-07-29 00:07:22,451 INFO [Escalas_mayores_para_piano#1]       StepMonitoring.java:98   | GRID
2025-07-29 00:07:22,993 INFO [Escalas_mayores_para_piano#1]       LinesRetriever.java:1500 | Global slope: 0.00000
2025-07-29 00:07:23,041 INFO [Escalas_mayores_para_piano#1]    ClustersRetriever.java:328  | Retrieved raw line clusters: 10 of sizes [5] with interline(20,21,21)
2025-07-29 00:07:23,208 INFO [Escalas_mayores_para_piano#1]            PeakGraph.java:310  | Systems: #1[1, 2] #2[3, 4] #3[5, 6] #4[7, 8] #5[9, 10]
2025-07-29 00:07:23,549 INFO [Escalas_mayores_para_piano#1]        SystemManager.java:779  | 1 part along 5 systems
2025-07-29 00:07:23,549 INFO [Escalas_mayores_para_piano#1]                 Book.java:545  | Created scores: [{Score 1}]
2025-07-29 00:07:23,550 INFO [Escalas_mayores_para_piano#1]       StepMonitoring.java:98   | HEADERS
2025-07-29 00:07:23,917 INFO []      BasicClassifier.java:277  | Classifier loaded XML norms.
2025-07-29 00:07:23,926 INFO []   AbstractClassifier.java:396  | Classifier data loaded from default uri file:///home/kaval/Documents/audiveris/app/res/basic-classifier.zip
2025-07-29 00:07:24,614 INFO [Escalas_mayores_para_piano#1]       StepMonitoring.java:98   | STEM_SEEDS
2025-07-29 00:07:24,702 INFO [Escalas_mayores_para_piano#1]        StemSeedsStep.java:86   | stem(3 max:3)
2025-07-29 00:07:24,788 INFO [Escalas_mayores_para_piano#1]       StepMonitoring.java:98   | BEAMS
2025-07-29 00:07:28,408 INFO [Escalas_mayores_para_piano#1]       StepMonitoring.java:98   | LEDGERS
2025-07-29 00:07:29,008 INFO [Escalas_mayores_para_piano#1]       StepMonitoring.java:98   | HEADS
2025-07-29 00:07:36,092 INFO [Escalas_mayores_para_piano#1]        HeadSeedTally.java:235  | Scale information: HeadSeeds{NOTEHEAD_BLACK[L:-0.5,R:-0.5]}
2025-07-29 00:07:36,093 INFO [Escalas_mayores_para_piano#1]       StepMonitoring.java:98   | STEMS
2025-07-29 00:07:36,955 INFO [Escalas_mayores_para_piano#1]       StepMonitoring.java:98   | REDUCTION
2025-07-29 00:07:37,098 INFO [Escalas_mayores_para_piano#1]        ReductionStep.java:105  | Stems free length median value: 73 pixels, 3.5 interlines
2025-07-29 00:07:37,105 INFO [Escalas_mayores_para_piano#1]       StepMonitoring.java:98   | CUE_BEAMS
2025-07-29 00:07:37,106 INFO [Escalas_mayores_para_piano#1]         CueBeamsStep.java:81   | Step CUE_BEAMS is skipped because small heads switch is off
2025-07-29 00:07:37,106 INFO [Escalas_mayores_para_piano#1]       StepMonitoring.java:98   | TEXTS
2025-07-29 00:07:37,350 WARN [Escalas_mayores_para_piano#1]         TesseractOCR.java:335  | The collection of supported languages is empty
2025-07-29 00:07:37,351 INFO [Escalas_mayores_para_piano#1]              OcrUtil.java:106  | Missing support for 'eng' language(s)
2025-07-29 00:07:37,362 INFO [Escalas_mayores_para_piano#1]       StepMonitoring.java:98   | MEASURES
2025-07-29 00:07:37,386 INFO [Escalas_mayores_para_piano#1]                 Page.java:307  | 20 raw measures: [4 in system#1, 4 in system#2, 4 in system#3, 4 in system#4, 4 in system#5]
2025-07-29 00:07:37,391 INFO [Escalas_mayores_para_piano#1]       StepMonitoring.java:98   | CHORDS
2025-07-29 00:07:37,436 INFO [Escalas_mayores_para_piano#1]       StepMonitoring.java:98   | CURVES
2025-07-29 00:07:38,828 INFO [Escalas_mayores_para_piano#1]         SlursBuilder.java:240  | Slurs: 1
2025-07-29 00:07:38,845 INFO [Escalas_mayores_para_piano#1]      SegmentsBuilder.java:155  | Segments: 20
2025-07-29 00:07:38,852 INFO [Escalas_mayores_para_piano#1]       StepMonitoring.java:98   | SYMBOLS
2025-07-29 00:07:39,606 INFO [Escalas_mayores_para_piano#1]       StepMonitoring.java:98   | LINKS
2025-07-29 00:07:39,612 INFO [Escalas_mayores_para_piano#1]        SymbolsLinker.java:257  | No chord linked to OctaveShiftInter#3557{(0.353) staff:1 VENTIDUESIMA ALTA}
2025-07-29 00:07:39,613 INFO [Escalas_mayores_para_piano#1]        SymbolsLinker.java:257  | No chord linked to OctaveShiftInter#3558{(0.144) staff:1 OTTAVA ALTA}
2025-07-29 00:07:39,660 INFO [Escalas_mayores_para_piano#1]       StepMonitoring.java:98   | RHYTHMS
2025-07-29 00:07:39,741 INFO [Escalas_mayores_para_piano#1]       StepMonitoring.java:98   | PAGE
2025-07-29 00:07:39,754 INFO [Escalas_mayores_para_piano#1]                 Book.java:2550 | Book{Escalas_mayores_para_piano} storing
2025-07-29 00:07:39,823 INFO [Escalas_mayores_para_piano#1]                 Book.java:2531 | Stored /book.xml
2025-07-29 00:07:40,027 INFO [Escalas_mayores_para_piano#1]           DataHolder.java:348  | Stored /sheet#1/BINARY.png
2025-07-29 00:07:40,605 INFO [Escalas_mayores_para_piano#1]                Sheet.java:1562 | Stored /sheet#1/sheet#1.xml
2025-07-29 00:07:40,606 INFO [Escalas_mayores_para_piano#1]                 Book.java:2491 | Book stored as /home/kaval/Documentos/dev/CONCER/python/outputs/Escalas_mayores_para_piano.omr
2025-07-29 00:07:40,607 INFO [Escalas_mayores_para_piano#1]            SheetStub.java:1644 | Disposed sheet#1
2025-07-29 00:07:40,663 INFO [Escalas_mayores_para_piano#1]                 Book.java:2018 | End of Stub#1 memory: 39,077,856
2025-07-29 00:07:40,663 INFO [Escalas_mayores_para_piano#2]       StepMonitoring.java:98   | LOAD
2025-07-29 00:07:40,743 INFO [Escalas_mayores_para_piano#2]            SheetStub.java:1268 | Loaded image #2 2479x3508 from /home/kaval/Documentos/dev/CONCER/python/uploads/Escalas_mayores_para_piano.pdf
2025-07-29 00:07:40,743 INFO [Escalas_mayores_para_piano#2]       StepMonitoring.java:98   | BINARY
2025-07-29 00:07:41,236 INFO [Escalas_mayores_para_piano#2]       StepMonitoring.java:98   | SCALE
2025-07-29 00:07:41,296 INFO [Escalas_mayores_para_piano#2]         ScaleBuilder.java:241  | Beam  guessed height: 10 -- 0.50 of 21 interline
2025-07-29 00:07:41,296 INFO [Escalas_mayores_para_piano#2]         ScaleBuilder.java:264  | Beam measured height:  8 -- 0.13 of [6..21] range at 106% of needed quorum
2025-07-29 00:07:41,296 INFO [Escalas_mayores_para_piano#2]            ScaleStep.java:65   | Scale{ interline(20,21,21) line(2,2,2) beam(8)}
2025-07-29 00:07:41,297 INFO [Escalas_mayores_para_piano#2]       StepMonitoring.java:98   | GRID
2025-07-29 00:07:41,518 INFO [Escalas_mayores_para_piano#2]       LinesRetriever.java:1500 | Global slope: 0.00000
2025-07-29 00:07:41,536 INFO [Escalas_mayores_para_piano#2]    ClustersRetriever.java:328  | Retrieved raw line clusters: 10 of sizes [5] with interline(20,21,21)
2025-07-29 00:07:41,627 INFO [Escalas_mayores_para_piano#2]            PeakGraph.java:310  | Systems: #1[1, 2] #2[3, 4] #3[5, 6] #4[7, 8] #5[9, 10]
2025-07-29 00:07:41,742 INFO [Escalas_mayores_para_piano#2]        SystemManager.java:779  | 1 part along 5 systems
2025-07-29 00:07:41,742 INFO [Escalas_mayores_para_piano#2]       StepMonitoring.java:98   | HEADERS
2025-07-29 00:07:41,923 INFO [Escalas_mayores_para_piano#2]       StepMonitoring.java:98   | STEM_SEEDS
2025-07-29 00:07:41,960 INFO [Escalas_mayores_para_piano#2]        StemSeedsStep.java:86   | stem(3 max:3)
2025-07-29 00:07:41,985 INFO [Escalas_mayores_para_piano#2]       StepMonitoring.java:98   | BEAMS
2025-07-29 00:07:44,355 INFO [Escalas_mayores_para_piano#2]       StepMonitoring.java:98   | LEDGERS
2025-07-29 00:07:44,456 INFO [Escalas_mayores_para_piano#2]       StepMonitoring.java:98   | HEADS
2025-07-29 00:07:50,689 INFO [Escalas_mayores_para_piano#2]        HeadSeedTally.java:235  | Scale information: HeadSeeds{NOTEHEAD_BLACK[L:-0.5,R:-0.5]}
2025-07-29 00:07:50,690 INFO [Escalas_mayores_para_piano#2]       StepMonitoring.java:98   | STEMS
2025-07-29 00:07:50,925 INFO [Escalas_mayores_para_piano#2]       StepMonitoring.java:98   | REDUCTION
2025-07-29 00:07:50,957 INFO [Escalas_mayores_para_piano#2]        ReductionStep.java:105  | Stems free length median value: 73 pixels, 3.5 interlines
2025-07-29 00:07:50,959 INFO [Escalas_mayores_para_piano#2]       StepMonitoring.java:98   | CUE_BEAMS
2025-07-29 00:07:50,959 INFO [Escalas_mayores_para_piano#2]         CueBeamsStep.java:81   | Step CUE_BEAMS is skipped because small heads switch is off
2025-07-29 00:07:50,960 INFO [Escalas_mayores_para_piano#2]       StepMonitoring.java:98   | TEXTS
2025-07-29 00:07:51,045 WARN [Escalas_mayores_para_piano#2]         TesseractOCR.java:335  | The collection of supported languages is empty
2025-07-29 00:07:51,045 INFO [Escalas_mayores_para_piano#2]              OcrUtil.java:106  | Missing support for 'eng' language(s)
2025-07-29 00:07:51,047 INFO [Escalas_mayores_para_piano#2]       StepMonitoring.java:98   | MEASURES
2025-07-29 00:07:51,050 INFO [Escalas_mayores_para_piano#2]                 Page.java:307  | 20 raw measures: [4 in system#1, 4 in system#2, 4 in system#3, 4 in system#4, 4 in system#5]
2025-07-29 00:07:51,050 INFO [Escalas_mayores_para_piano#2]       StepMonitoring.java:98   | CHORDS
2025-07-29 00:07:51,058 INFO [Escalas_mayores_para_piano#2]       StepMonitoring.java:98   | CURVES
2025-07-29 00:07:51,958 INFO [Escalas_mayores_para_piano#2]         SlursBuilder.java:240  | Slurs: 0
2025-07-29 00:07:51,972 INFO [Escalas_mayores_para_piano#2]      SegmentsBuilder.java:155  | Segments: 18
2025-07-29 00:07:51,973 INFO [Escalas_mayores_para_piano#2]       StepMonitoring.java:98   | SYMBOLS
2025-07-29 00:07:52,458 INFO [Escalas_mayores_para_piano#2]       StepMonitoring.java:98   | LINKS
2025-07-29 00:07:52,477 INFO [Escalas_mayores_para_piano#2]       StepMonitoring.java:98   | RHYTHMS
2025-07-29 00:07:52,477 INFO [Escalas_mayores_para_piano#2]           PageRhythm.java:199  | {Page#2.1} Time value reused from sheet#1
2025-07-29 00:07:52,503 INFO [Escalas_mayores_para_piano#2]       StepMonitoring.java:98   | PAGE
2025-07-29 00:07:52,504 INFO [Escalas_mayores_para_piano#2]                 Book.java:2550 | Book{Escalas_mayores_para_piano} storing
2025-07-29 00:07:52,560 INFO [Escalas_mayores_para_piano#2]                 Book.java:2531 | Stored /book.xml
2025-07-29 00:07:52,678 INFO [Escalas_mayores_para_piano#2]           DataHolder.java:348  | Stored /sheet#2/BINARY.png
2025-07-29 00:07:53,010 INFO [Escalas_mayores_para_piano#2]                Sheet.java:1562 | Stored /sheet#2/sheet#2.xml
2025-07-29 00:07:53,010 INFO [Escalas_mayores_para_piano#2]                 Book.java:2491 | Book stored as /home/kaval/Documentos/dev/CONCER/python/outputs/Escalas_mayores_para_piano.omr
2025-07-29 00:07:53,013 INFO [Escalas_mayores_para_piano#2]            SheetStub.java:1644 | Disposed sheet#2
2025-07-29 00:07:53,071 INFO [Escalas_mayores_para_piano#2]                 Book.java:2018 | End of Stub#2 memory: 39,055,408
2025-07-29 00:07:53,072 INFO [Escalas_mayores_para_piano]                 Book.java:2025 | Book processed.
2025-07-29 00:07:53,414 INFO [Escalas_mayores_para_piano]            SheetStub.java:995  | Loaded /sheet#1/sheet#1.xml
2025-07-29 00:07:53,681 INFO [Escalas_mayores_para_piano]            SheetStub.java:995  | Loaded /sheet#2/sheet#2.xml
2025-07-29 00:07:54,092 INFO [Escalas_mayores_para_piano]      PartwiseBuilder.java:2661 | Exporting sheet(s): [#1#2]
2025-07-29 00:07:54,255 INFO [Escalas_mayores_para_piano]        ScoreExporter.java:164  | Score Escalas_mayores_para_piano exported to /home/kaval/Documentos/dev/CONCER/python/outputs/Escalas_mayores_para_piano.mxl
2025-07-29 00:07:54,321 INFO [Escalas_mayores_para_piano]                Score.java:181  | Closing {Score 1}
