2025-07-28 23:55:32,835 INFO [Escalas_mayores_para_piano]                 Book.java:562  | 2 sheets in /home/kaval/Documentos/dev/CONCER/python/uploads/Escalas_mayores_para_piano.pdf
2025-07-28 23:55:32,985 INFO []                 Book.java:2531 | Stored /book.xml
2025-07-28 23:55:32,986 INFO []                 Book.java:2491 | Book stored as /home/kaval/Documentos/dev/CONCER/python/outputs/Escalas_mayores_para_piano.omr
2025-07-28 23:55:33,009 INFO []                 Book.java:1933 | Book reaching PAGE on sheets:[#1#2]
2025-07-28 23:55:33,010 INFO [Escalas_mayores_para_piano#1]       StepMonitoring.java:98   | LOAD
2025-07-28 23:55:33,374 INFO [Escalas_mayores_para_piano#1]            SheetStub.java:1268 | Loaded image #1 2479x3508 from /home/kaval/Documentos/dev/CONCER/python/uploads/Escalas_mayores_para_piano.pdf
2025-07-28 23:55:33,379 INFO [Escalas_mayores_para_piano#1]       StepMonitoring.java:98   | BINARY
2025-07-28 23:55:33,885 INFO [Escalas_mayores_para_piano#1]       StepMonitoring.java:98   | SCALE
2025-07-28 23:55:33,912 INFO [Escalas_mayores_para_piano#1]         ScaleBuilder.java:241  | Beam  guessed height: 10 -- 0.50 of 21 interline
2025-07-28 23:55:33,913 INFO [Escalas_mayores_para_piano#1]         ScaleBuilder.java:264  | Beam measured height:  9 -- 0.20 of [6..21] range at 59% of needed quorum
2025-07-28 23:55:33,914 INFO [Escalas_mayores_para_piano#1]            ScaleStep.java:65   | Scale{ interline(20,21,21) line(2,2,2) beam(9)}
2025-07-28 23:55:33,915 INFO [Escalas_mayores_para_piano#1]       StepMonitoring.java:98   | GRID
2025-07-28 23:55:34,302 INFO [Escalas_mayores_para_piano#1]       LinesRetriever.java:1500 | Global slope: 0.00000
2025-07-28 23:55:34,337 INFO [Escalas_mayores_para_piano#1]    ClustersRetriever.java:328  | Retrieved raw line clusters: 10 of sizes [5] with interline(20,21,21)
2025-07-28 23:55:34,463 INFO [Escalas_mayores_para_piano#1]            PeakGraph.java:310  | Systems: #1[1, 2] #2[3, 4] #3[5, 6] #4[7, 8] #5[9, 10]
2025-07-28 23:55:34,723 INFO [Escalas_mayores_para_piano#1]        SystemManager.java:779  | 1 part along 5 systems
2025-07-28 23:55:34,724 INFO [Escalas_mayores_para_piano#1]                 Book.java:545  | Created scores: [{Score 1}]
2025-07-28 23:55:34,725 INFO [Escalas_mayores_para_piano#1]       StepMonitoring.java:98   | HEADERS
2025-07-28 23:55:34,961 INFO [Escalas_mayores_para_piano#1]      BasicClassifier.java:277  | Classifier loaded XML norms.
2025-07-28 23:55:34,964 INFO [Escalas_mayores_para_piano#1]   AbstractClassifier.java:396  | Classifier data loaded from default uri file:///home/kaval/Documents/audiveris/app/res/basic-classifier.zip
2025-07-28 23:55:35,409 INFO [Escalas_mayores_para_piano#1]       StepMonitoring.java:98   | STEM_SEEDS
2025-07-28 23:55:35,484 INFO [Escalas_mayores_para_piano#1]        StemSeedsStep.java:86   | stem(3 max:3)
2025-07-28 23:55:35,539 INFO [Escalas_mayores_para_piano#1]       StepMonitoring.java:98   | BEAMS
2025-07-28 23:55:38,419 INFO [Escalas_mayores_para_piano#1]       StepMonitoring.java:98   | LEDGERS
2025-07-28 23:55:38,719 INFO [Escalas_mayores_para_piano#1]       StepMonitoring.java:98   | HEADS
2025-07-28 23:55:43,939 INFO [Escalas_mayores_para_piano#1]        HeadSeedTally.java:235  | Scale information: HeadSeeds{NOTEHEAD_BLACK[L:-0.5,R:-0.5]}
2025-07-28 23:55:43,939 INFO [Escalas_mayores_para_piano#1]       StepMonitoring.java:98   | STEMS
2025-07-28 23:55:44,360 INFO [Escalas_mayores_para_piano#1]       StepMonitoring.java:98   | REDUCTION
2025-07-28 23:55:44,428 INFO [Escalas_mayores_para_piano#1]        ReductionStep.java:105  | Stems free length median value: 73 pixels, 3.5 interlines
2025-07-28 23:55:44,433 INFO [Escalas_mayores_para_piano#1]       StepMonitoring.java:98   | CUE_BEAMS
2025-07-28 23:55:44,434 INFO [Escalas_mayores_para_piano#1]         CueBeamsStep.java:81   | Step CUE_BEAMS is skipped because small heads switch is off
2025-07-28 23:55:44,434 INFO [Escalas_mayores_para_piano#1]       StepMonitoring.java:98   | TEXTS
2025-07-28 23:55:44,553 WARN [Escalas_mayores_para_piano#1]         TesseractOCR.java:335  | The collection of supported languages is empty
2025-07-28 23:55:44,553 INFO [Escalas_mayores_para_piano#1]              OcrUtil.java:106  | Missing support for 'eng' language(s)
2025-07-28 23:55:44,560 INFO [Escalas_mayores_para_piano#1]       StepMonitoring.java:98   | MEASURES
2025-07-28 23:55:44,569 INFO [Escalas_mayores_para_piano#1]                 Page.java:307  | 20 raw measures: [4 in system#1, 4 in system#2, 4 in system#3, 4 in system#4, 4 in system#5]
2025-07-28 23:55:44,570 INFO [Escalas_mayores_para_piano#1]       StepMonitoring.java:98   | CHORDS
2025-07-28 23:55:44,592 INFO [Escalas_mayores_para_piano#1]       StepMonitoring.java:98   | CURVES
2025-07-28 23:55:45,457 INFO [Escalas_mayores_para_piano#1]         SlursBuilder.java:240  | Slurs: 1
2025-07-28 23:55:45,471 INFO [Escalas_mayores_para_piano#1]      SegmentsBuilder.java:155  | Segments: 20
2025-07-28 23:55:45,475 INFO [Escalas_mayores_para_piano#1]       StepMonitoring.java:98   | SYMBOLS
2025-07-28 23:55:46,126 INFO [Escalas_mayores_para_piano#1]       StepMonitoring.java:98   | LINKS
2025-07-28 23:55:46,133 INFO [Escalas_mayores_para_piano#1]        SymbolsLinker.java:257  | No chord linked to OctaveShiftInter#3591{(0.353) staff:1 VENTIDUESIMA ALTA}
2025-07-28 23:55:46,134 INFO [Escalas_mayores_para_piano#1]        SymbolsLinker.java:257  | No chord linked to OctaveShiftInter#3592{(0.144) staff:1 OTTAVA ALTA}
2025-07-28 23:55:46,168 INFO [Escalas_mayores_para_piano#1]       StepMonitoring.java:98   | RHYTHMS
2025-07-28 23:55:46,273 INFO [Escalas_mayores_para_piano#1]       StepMonitoring.java:98   | PAGE
2025-07-28 23:55:46,280 INFO [Escalas_mayores_para_piano#1]                 Book.java:2550 | Book{Escalas_mayores_para_piano} storing
2025-07-28 23:55:46,321 INFO [Escalas_mayores_para_piano#1]                 Book.java:2531 | Stored /book.xml
2025-07-28 23:55:46,450 INFO [Escalas_mayores_para_piano#1]           DataHolder.java:348  | Stored /sheet#1/BINARY.png
2025-07-28 23:55:46,895 INFO [Escalas_mayores_para_piano#1]                Sheet.java:1562 | Stored /sheet#1/sheet#1.xml
2025-07-28 23:55:46,895 INFO [Escalas_mayores_para_piano#1]                 Book.java:2491 | Book stored as /home/kaval/Documentos/dev/CONCER/python/outputs/Escalas_mayores_para_piano.omr
2025-07-28 23:55:46,896 INFO [Escalas_mayores_para_piano#1]            SheetStub.java:1644 | Disposed sheet#1
2025-07-28 23:55:46,939 INFO [Escalas_mayores_para_piano#1]                 Book.java:2018 | End of Stub#1 memory: 39,193,384
2025-07-28 23:55:46,940 INFO [Escalas_mayores_para_piano#2]       StepMonitoring.java:98   | LOAD
2025-07-28 23:55:47,097 INFO [Escalas_mayores_para_piano#2]            SheetStub.java:1268 | Loaded image #2 2479x3508 from /home/kaval/Documentos/dev/CONCER/python/uploads/Escalas_mayores_para_piano.pdf
2025-07-28 23:55:47,098 INFO [Escalas_mayores_para_piano#2]       StepMonitoring.java:98   | BINARY
2025-07-28 23:55:47,476 INFO [Escalas_mayores_para_piano#2]       StepMonitoring.java:98   | SCALE
2025-07-28 23:55:47,509 INFO [Escalas_mayores_para_piano#2]         ScaleBuilder.java:241  | Beam  guessed height: 10 -- 0.50 of 21 interline
2025-07-28 23:55:47,510 INFO [Escalas_mayores_para_piano#2]         ScaleBuilder.java:264  | Beam measured height:  8 -- 0.13 of [6..21] range at 106% of needed quorum
2025-07-28 23:55:47,510 INFO [Escalas_mayores_para_piano#2]            ScaleStep.java:65   | Scale{ interline(20,21,21) line(2,2,2) beam(8)}
2025-07-28 23:55:47,510 INFO [Escalas_mayores_para_piano#2]       StepMonitoring.java:98   | GRID
2025-07-28 23:55:47,650 INFO [Escalas_mayores_para_piano#2]       LinesRetriever.java:1500 | Global slope: 0.00000
2025-07-28 23:55:47,665 INFO [Escalas_mayores_para_piano#2]    ClustersRetriever.java:328  | Retrieved raw line clusters: 10 of sizes [5] with interline(20,21,21)
2025-07-28 23:55:47,709 INFO [Escalas_mayores_para_piano#2]            PeakGraph.java:310  | Systems: #1[1, 2] #2[3, 4] #3[5, 6] #4[7, 8] #5[9, 10]
2025-07-28 23:55:47,829 INFO [Escalas_mayores_para_piano#2]        SystemManager.java:779  | 1 part along 5 systems
2025-07-28 23:55:47,830 INFO [Escalas_mayores_para_piano#2]       StepMonitoring.java:98   | HEADERS
2025-07-28 23:55:47,979 INFO [Escalas_mayores_para_piano#2]       StepMonitoring.java:98   | STEM_SEEDS
2025-07-28 23:55:48,015 INFO [Escalas_mayores_para_piano#2]        StemSeedsStep.java:86   | stem(3 max:3)
2025-07-28 23:55:48,038 INFO [Escalas_mayores_para_piano#2]       StepMonitoring.java:98   | BEAMS
2025-07-28 23:55:50,136 INFO [Escalas_mayores_para_piano#2]       StepMonitoring.java:98   | LEDGERS
2025-07-28 23:55:50,205 INFO [Escalas_mayores_para_piano#2]       StepMonitoring.java:98   | HEADS
2025-07-28 23:55:55,112 INFO [Escalas_mayores_para_piano#2]        HeadSeedTally.java:235  | Scale information: HeadSeeds{NOTEHEAD_BLACK[L:-0.5,R:-0.5]}
2025-07-28 23:55:55,113 INFO [Escalas_mayores_para_piano#2]       StepMonitoring.java:98   | STEMS
2025-07-28 23:55:55,303 INFO [Escalas_mayores_para_piano#2]       StepMonitoring.java:98   | REDUCTION
2025-07-28 23:55:55,335 INFO [Escalas_mayores_para_piano#2]        ReductionStep.java:105  | Stems free length median value: 73 pixels, 3.5 interlines
2025-07-28 23:55:55,337 INFO [Escalas_mayores_para_piano#2]       StepMonitoring.java:98   | CUE_BEAMS
2025-07-28 23:55:55,337 INFO [Escalas_mayores_para_piano#2]         CueBeamsStep.java:81   | Step CUE_BEAMS is skipped because small heads switch is off
2025-07-28 23:55:55,338 INFO [Escalas_mayores_para_piano#2]       StepMonitoring.java:98   | TEXTS
2025-07-28 23:55:55,422 WARN [Escalas_mayores_para_piano#2]         TesseractOCR.java:335  | The collection of supported languages is empty
2025-07-28 23:55:55,422 INFO [Escalas_mayores_para_piano#2]              OcrUtil.java:106  | Missing support for 'eng' language(s)
2025-07-28 23:55:55,423 INFO [Escalas_mayores_para_piano#2]       StepMonitoring.java:98   | MEASURES
2025-07-28 23:55:55,425 INFO [Escalas_mayores_para_piano#2]                 Page.java:307  | 20 raw measures: [4 in system#1, 4 in system#2, 4 in system#3, 4 in system#4, 4 in system#5]
2025-07-28 23:55:55,425 INFO [Escalas_mayores_para_piano#2]       StepMonitoring.java:98   | CHORDS
2025-07-28 23:55:55,433 INFO [Escalas_mayores_para_piano#2]       StepMonitoring.java:98   | CURVES
2025-07-28 23:55:56,122 INFO [Escalas_mayores_para_piano#2]         SlursBuilder.java:240  | Slurs: 0
2025-07-28 23:55:56,131 INFO [Escalas_mayores_para_piano#2]      SegmentsBuilder.java:155  | Segments: 18
2025-07-28 23:55:56,132 INFO [Escalas_mayores_para_piano#2]       StepMonitoring.java:98   | SYMBOLS
2025-07-28 23:55:56,517 INFO [Escalas_mayores_para_piano#2]       StepMonitoring.java:98   | LINKS
2025-07-28 23:55:56,533 INFO [Escalas_mayores_para_piano#2]       StepMonitoring.java:98   | RHYTHMS
2025-07-28 23:55:56,534 INFO [Escalas_mayores_para_piano#2]           PageRhythm.java:199  | {Page#2.1} Time value reused from sheet#1
2025-07-28 23:55:56,554 INFO [Escalas_mayores_para_piano#2]       StepMonitoring.java:98   | PAGE
2025-07-28 23:55:56,556 INFO [Escalas_mayores_para_piano#2]                 Book.java:2550 | Book{Escalas_mayores_para_piano} storing
2025-07-28 23:55:56,598 INFO [Escalas_mayores_para_piano#2]                 Book.java:2531 | Stored /book.xml
2025-07-28 23:55:56,685 INFO [Escalas_mayores_para_piano#2]           DataHolder.java:348  | Stored /sheet#2/BINARY.png
2025-07-28 23:55:56,970 INFO [Escalas_mayores_para_piano#2]                Sheet.java:1562 | Stored /sheet#2/sheet#2.xml
2025-07-28 23:55:56,971 INFO [Escalas_mayores_para_piano#2]                 Book.java:2491 | Book stored as /home/kaval/Documentos/dev/CONCER/python/outputs/Escalas_mayores_para_piano.omr
2025-07-28 23:55:56,972 INFO [Escalas_mayores_para_piano#2]            SheetStub.java:1644 | Disposed sheet#2
2025-07-28 23:55:57,022 INFO [Escalas_mayores_para_piano#2]                 Book.java:2018 | End of Stub#2 memory: 39,401,208
2025-07-28 23:55:57,022 INFO [Escalas_mayores_para_piano]                 Book.java:2025 | Book processed.
2025-07-28 23:55:57,345 INFO [Escalas_mayores_para_piano]            SheetStub.java:995  | Loaded /sheet#1/sheet#1.xml
2025-07-28 23:55:57,569 INFO [Escalas_mayores_para_piano]            SheetStub.java:995  | Loaded /sheet#2/sheet#2.xml
2025-07-28 23:55:57,891 INFO [Escalas_mayores_para_piano]      PartwiseBuilder.java:2661 | Exporting sheet(s): [#1#2]
2025-07-28 23:55:57,992 INFO [Escalas_mayores_para_piano]        ScoreExporter.java:164  | Score Escalas_mayores_para_piano exported to /home/kaval/Documentos/dev/CONCER/python/outputs/Escalas_mayores_para_piano.mxl
2025-07-28 23:55:58,037 INFO [Escalas_mayores_para_piano]                Score.java:181  | Closing {Score 1}
