2025-07-29 00:02:21,062 INFO [Escalas_mayores_para_piano]                 Book.java:562  | 2 sheets in /home/kaval/Documentos/dev/CONCER/python/uploads/Escalas_mayores_para_piano.pdf
2025-07-29 00:02:21,196 INFO []                 Book.java:2531 | Stored /book.xml
2025-07-29 00:02:21,197 INFO []                 Book.java:2491 | Book stored as /home/kaval/Documentos/dev/CONCER/python/outputs/Escalas_mayores_para_piano.omr
2025-07-29 00:02:21,216 INFO []                 Book.java:1933 | Book reaching PAGE on sheets:[#1#2]
2025-07-29 00:02:21,218 INFO [Escalas_mayores_para_piano#1]       StepMonitoring.java:98   | LOAD
2025-07-29 00:02:21,559 INFO [Escalas_mayores_para_piano#1]            SheetStub.java:1268 | Loaded image #1 2479x3508 from /home/kaval/Documentos/dev/CONCER/python/uploads/Escalas_mayores_para_piano.pdf
2025-07-29 00:02:21,564 INFO [Escalas_mayores_para_piano#1]       StepMonitoring.java:98   | BINARY
2025-07-29 00:02:22,070 INFO [Escalas_mayores_para_piano#1]       StepMonitoring.java:98   | SCALE
2025-07-29 00:02:22,098 INFO [Escalas_mayores_para_piano#1]         ScaleBuilder.java:241  | Beam  guessed height: 10 -- 0.50 of 21 interline
2025-07-29 00:02:22,100 INFO [Escalas_mayores_para_piano#1]         ScaleBuilder.java:264  | Beam measured height:  9 -- 0.20 of [6..21] range at 59% of needed quorum
2025-07-29 00:02:22,101 INFO [Escalas_mayores_para_piano#1]            ScaleStep.java:65   | Scale{ interline(20,21,21) line(2,2,2) beam(9)}
2025-07-29 00:02:22,102 INFO [Escalas_mayores_para_piano#1]       StepMonitoring.java:98   | GRID
2025-07-29 00:02:22,462 INFO [Escalas_mayores_para_piano#1]       LinesRetriever.java:1500 | Global slope: 0.00000
2025-07-29 00:02:22,491 INFO [Escalas_mayores_para_piano#1]    ClustersRetriever.java:328  | Retrieved raw line clusters: 10 of sizes [5] with interline(20,21,21)
2025-07-29 00:02:22,623 INFO [Escalas_mayores_para_piano#1]            PeakGraph.java:310  | Systems: #1[1, 2] #2[3, 4] #3[5, 6] #4[7, 8] #5[9, 10]
2025-07-29 00:02:22,901 INFO [Escalas_mayores_para_piano#1]        SystemManager.java:779  | 1 part along 5 systems
2025-07-29 00:02:22,902 INFO [Escalas_mayores_para_piano#1]                 Book.java:545  | Created scores: [{Score 1}]
2025-07-29 00:02:22,902 INFO [Escalas_mayores_para_piano#1]       StepMonitoring.java:98   | HEADERS
2025-07-29 00:02:23,130 INFO [Escalas_mayores_para_piano#1]      BasicClassifier.java:277  | Classifier loaded XML norms.
2025-07-29 00:02:23,133 INFO [Escalas_mayores_para_piano#1]   AbstractClassifier.java:396  | Classifier data loaded from default uri file:///home/kaval/Documents/audiveris/app/res/basic-classifier.zip
2025-07-29 00:02:23,554 INFO [Escalas_mayores_para_piano#1]       StepMonitoring.java:98   | STEM_SEEDS
2025-07-29 00:02:23,621 INFO [Escalas_mayores_para_piano#1]        StemSeedsStep.java:86   | stem(3 max:3)
2025-07-29 00:02:23,687 INFO [Escalas_mayores_para_piano#1]       StepMonitoring.java:98   | BEAMS
2025-07-29 00:02:26,483 INFO [Escalas_mayores_para_piano#1]       StepMonitoring.java:98   | LEDGERS
2025-07-29 00:02:26,654 INFO [Escalas_mayores_para_piano#1]       StepMonitoring.java:98   | HEADS
2025-07-29 00:02:31,189 INFO [Escalas_mayores_para_piano#1]        HeadSeedTally.java:235  | Scale information: HeadSeeds{NOTEHEAD_BLACK[L:-0.5,R:-0.5]}
2025-07-29 00:02:31,190 INFO [Escalas_mayores_para_piano#1]       StepMonitoring.java:98   | STEMS
2025-07-29 00:02:31,553 INFO [Escalas_mayores_para_piano#1]       StepMonitoring.java:98   | REDUCTION
2025-07-29 00:02:31,633 INFO [Escalas_mayores_para_piano#1]        ReductionStep.java:105  | Stems free length median value: 73 pixels, 3.5 interlines
2025-07-29 00:02:31,636 INFO [Escalas_mayores_para_piano#1]       StepMonitoring.java:98   | CUE_BEAMS
2025-07-29 00:02:31,637 INFO [Escalas_mayores_para_piano#1]         CueBeamsStep.java:81   | Step CUE_BEAMS is skipped because small heads switch is off
2025-07-29 00:02:31,637 INFO [Escalas_mayores_para_piano#1]       StepMonitoring.java:98   | TEXTS
2025-07-29 00:02:31,747 WARN [Escalas_mayores_para_piano#1]         TesseractOCR.java:335  | The collection of supported languages is empty
2025-07-29 00:02:31,747 INFO [Escalas_mayores_para_piano#1]              OcrUtil.java:106  | Missing support for 'eng' language(s)
2025-07-29 00:02:31,753 INFO [Escalas_mayores_para_piano#1]       StepMonitoring.java:98   | MEASURES
2025-07-29 00:02:31,761 INFO [Escalas_mayores_para_piano#1]                 Page.java:307  | 20 raw measures: [4 in system#1, 4 in system#2, 4 in system#3, 4 in system#4, 4 in system#5]
2025-07-29 00:02:31,761 INFO [Escalas_mayores_para_piano#1]       StepMonitoring.java:98   | CHORDS
2025-07-29 00:02:31,780 INFO [Escalas_mayores_para_piano#1]       StepMonitoring.java:98   | CURVES
2025-07-29 00:02:32,681 INFO [Escalas_mayores_para_piano#1]         SlursBuilder.java:240  | Slurs: 1
2025-07-29 00:02:32,692 INFO [Escalas_mayores_para_piano#1]      SegmentsBuilder.java:155  | Segments: 20
2025-07-29 00:02:32,696 INFO [Escalas_mayores_para_piano#1]       StepMonitoring.java:98   | SYMBOLS
2025-07-29 00:02:33,296 INFO [Escalas_mayores_para_piano#1]       StepMonitoring.java:98   | LINKS
2025-07-29 00:02:33,300 INFO [Escalas_mayores_para_piano#1]        SymbolsLinker.java:257  | No chord linked to OctaveShiftInter#3589{(0.353) staff:1 VENTIDUESIMA ALTA}
2025-07-29 00:02:33,301 INFO [Escalas_mayores_para_piano#1]        SymbolsLinker.java:257  | No chord linked to OctaveShiftInter#3590{(0.144) staff:1 OTTAVA ALTA}
2025-07-29 00:02:33,329 INFO [Escalas_mayores_para_piano#1]       StepMonitoring.java:98   | RHYTHMS
2025-07-29 00:02:33,377 INFO [Escalas_mayores_para_piano#1]       StepMonitoring.java:98   | PAGE
2025-07-29 00:02:33,381 INFO [Escalas_mayores_para_piano#1]                 Book.java:2550 | Book{Escalas_mayores_para_piano} storing
2025-07-29 00:02:33,422 INFO [Escalas_mayores_para_piano#1]                 Book.java:2531 | Stored /book.xml
2025-07-29 00:02:33,541 INFO [Escalas_mayores_para_piano#1]           DataHolder.java:348  | Stored /sheet#1/BINARY.png
2025-07-29 00:02:33,987 INFO [Escalas_mayores_para_piano#1]                Sheet.java:1562 | Stored /sheet#1/sheet#1.xml
2025-07-29 00:02:33,987 INFO [Escalas_mayores_para_piano#1]                 Book.java:2491 | Book stored as /home/kaval/Documentos/dev/CONCER/python/outputs/Escalas_mayores_para_piano.omr
2025-07-29 00:02:33,988 INFO [Escalas_mayores_para_piano#1]            SheetStub.java:1644 | Disposed sheet#1
2025-07-29 00:02:34,031 INFO [Escalas_mayores_para_piano#1]                 Book.java:2018 | End of Stub#1 memory: 40,227,528
2025-07-29 00:02:34,031 INFO [Escalas_mayores_para_piano#2]       StepMonitoring.java:98   | LOAD
2025-07-29 00:02:34,080 INFO [Escalas_mayores_para_piano#2]            SheetStub.java:1268 | Loaded image #2 2479x3508 from /home/kaval/Documentos/dev/CONCER/python/uploads/Escalas_mayores_para_piano.pdf
2025-07-29 00:02:34,080 INFO [Escalas_mayores_para_piano#2]       StepMonitoring.java:98   | BINARY
2025-07-29 00:02:34,453 INFO [Escalas_mayores_para_piano#2]       StepMonitoring.java:98   | SCALE
2025-07-29 00:02:34,481 INFO [Escalas_mayores_para_piano#2]         ScaleBuilder.java:241  | Beam  guessed height: 10 -- 0.50 of 21 interline
2025-07-29 00:02:34,481 INFO [Escalas_mayores_para_piano#2]         ScaleBuilder.java:264  | Beam measured height:  8 -- 0.13 of [6..21] range at 106% of needed quorum
2025-07-29 00:02:34,482 INFO [Escalas_mayores_para_piano#2]            ScaleStep.java:65   | Scale{ interline(20,21,21) line(2,2,2) beam(8)}
2025-07-29 00:02:34,482 INFO [Escalas_mayores_para_piano#2]       StepMonitoring.java:98   | GRID
2025-07-29 00:02:34,633 INFO [Escalas_mayores_para_piano#2]       LinesRetriever.java:1500 | Global slope: 0.00000
2025-07-29 00:02:34,648 INFO [Escalas_mayores_para_piano#2]    ClustersRetriever.java:328  | Retrieved raw line clusters: 10 of sizes [5] with interline(20,21,21)
2025-07-29 00:02:34,722 INFO [Escalas_mayores_para_piano#2]            PeakGraph.java:310  | Systems: #1[1, 2] #2[3, 4] #3[5, 6] #4[7, 8] #5[9, 10]
2025-07-29 00:02:34,860 INFO [Escalas_mayores_para_piano#2]        SystemManager.java:779  | 1 part along 5 systems
2025-07-29 00:02:34,860 INFO [Escalas_mayores_para_piano#2]       StepMonitoring.java:98   | HEADERS
2025-07-29 00:02:35,009 INFO [Escalas_mayores_para_piano#2]       StepMonitoring.java:98   | STEM_SEEDS
2025-07-29 00:02:35,041 INFO [Escalas_mayores_para_piano#2]        StemSeedsStep.java:86   | stem(3 max:3)
2025-07-29 00:02:35,057 INFO [Escalas_mayores_para_piano#2]       StepMonitoring.java:98   | BEAMS
2025-07-29 00:02:37,095 INFO [Escalas_mayores_para_piano#2]       StepMonitoring.java:98   | LEDGERS
2025-07-29 00:02:37,160 INFO [Escalas_mayores_para_piano#2]       StepMonitoring.java:98   | HEADS
2025-07-29 00:02:42,131 INFO [Escalas_mayores_para_piano#2]        HeadSeedTally.java:235  | Scale information: HeadSeeds{NOTEHEAD_BLACK[L:-0.5,R:-0.5]}
2025-07-29 00:02:42,131 INFO [Escalas_mayores_para_piano#2]       StepMonitoring.java:98   | STEMS
2025-07-29 00:02:42,297 INFO [Escalas_mayores_para_piano#2]       StepMonitoring.java:98   | REDUCTION
2025-07-29 00:02:42,324 INFO [Escalas_mayores_para_piano#2]        ReductionStep.java:105  | Stems free length median value: 73 pixels, 3.5 interlines
2025-07-29 00:02:42,325 INFO [Escalas_mayores_para_piano#2]       StepMonitoring.java:98   | CUE_BEAMS
2025-07-29 00:02:42,326 INFO [Escalas_mayores_para_piano#2]         CueBeamsStep.java:81   | Step CUE_BEAMS is skipped because small heads switch is off
2025-07-29 00:02:42,326 INFO [Escalas_mayores_para_piano#2]       StepMonitoring.java:98   | TEXTS
2025-07-29 00:02:42,405 WARN [Escalas_mayores_para_piano#2]         TesseractOCR.java:335  | The collection of supported languages is empty
2025-07-29 00:02:42,405 INFO [Escalas_mayores_para_piano#2]              OcrUtil.java:106  | Missing support for 'eng' language(s)
2025-07-29 00:02:42,406 INFO [Escalas_mayores_para_piano#2]       StepMonitoring.java:98   | MEASURES
2025-07-29 00:02:42,408 INFO [Escalas_mayores_para_piano#2]                 Page.java:307  | 20 raw measures: [4 in system#1, 4 in system#2, 4 in system#3, 4 in system#4, 4 in system#5]
2025-07-29 00:02:42,409 INFO [Escalas_mayores_para_piano#2]       StepMonitoring.java:98   | CHORDS
2025-07-29 00:02:42,417 INFO [Escalas_mayores_para_piano#2]       StepMonitoring.java:98   | CURVES
2025-07-29 00:02:43,173 INFO [Escalas_mayores_para_piano#2]         SlursBuilder.java:240  | Slurs: 0
2025-07-29 00:02:43,183 INFO [Escalas_mayores_para_piano#2]      SegmentsBuilder.java:155  | Segments: 18
2025-07-29 00:02:43,184 INFO [Escalas_mayores_para_piano#2]       StepMonitoring.java:98   | SYMBOLS
2025-07-29 00:02:43,615 INFO [Escalas_mayores_para_piano#2]       StepMonitoring.java:98   | LINKS
2025-07-29 00:02:43,632 INFO [Escalas_mayores_para_piano#2]       StepMonitoring.java:98   | RHYTHMS
2025-07-29 00:02:43,633 INFO [Escalas_mayores_para_piano#2]           PageRhythm.java:199  | {Page#2.1} Time value reused from sheet#1
2025-07-29 00:02:43,656 INFO [Escalas_mayores_para_piano#2]       StepMonitoring.java:98   | PAGE
2025-07-29 00:02:43,658 INFO [Escalas_mayores_para_piano#2]                 Book.java:2550 | Book{Escalas_mayores_para_piano} storing
2025-07-29 00:02:43,697 INFO [Escalas_mayores_para_piano#2]                 Book.java:2531 | Stored /book.xml
2025-07-29 00:02:43,796 INFO [Escalas_mayores_para_piano#2]           DataHolder.java:348  | Stored /sheet#2/BINARY.png
2025-07-29 00:02:44,071 INFO [Escalas_mayores_para_piano#2]                Sheet.java:1562 | Stored /sheet#2/sheet#2.xml
2025-07-29 00:02:44,072 INFO [Escalas_mayores_para_piano#2]                 Book.java:2491 | Book stored as /home/kaval/Documentos/dev/CONCER/python/outputs/Escalas_mayores_para_piano.omr
2025-07-29 00:02:44,073 INFO [Escalas_mayores_para_piano#2]            SheetStub.java:1644 | Disposed sheet#2
2025-07-29 00:02:44,118 INFO [Escalas_mayores_para_piano#2]                 Book.java:2018 | End of Stub#2 memory: 39,383,000
2025-07-29 00:02:44,119 INFO [Escalas_mayores_para_piano]                 Book.java:2025 | Book processed.
2025-07-29 00:02:44,432 INFO [Escalas_mayores_para_piano]            SheetStub.java:995  | Loaded /sheet#1/sheet#1.xml
2025-07-29 00:02:44,685 INFO [Escalas_mayores_para_piano]            SheetStub.java:995  | Loaded /sheet#2/sheet#2.xml
2025-07-29 00:02:44,997 INFO [Escalas_mayores_para_piano]      PartwiseBuilder.java:2661 | Exporting sheet(s): [#1#2]
2025-07-29 00:02:45,097 INFO [Escalas_mayores_para_piano]        ScoreExporter.java:164  | Score Escalas_mayores_para_piano exported to /home/kaval/Documentos/dev/CONCER/python/outputs/Escalas_mayores_para_piano.mxl
2025-07-29 00:02:45,141 INFO [Escalas_mayores_para_piano]                Score.java:181  | Closing {Score 1}
