2025-07-28 23:56:44,785 INFO [Escalas_mayores_para_piano]                 Book.java:562  | 2 sheets in /home/kaval/Documentos/dev/CONCER/python/uploads/Escalas_mayores_para_piano.pdf
2025-07-28 23:56:44,942 INFO []                 Book.java:2531 | Stored /book.xml
2025-07-28 23:56:44,942 INFO []                 Book.java:2491 | Book stored as /home/kaval/Documentos/dev/CONCER/python/outputs/Escalas_mayores_para_piano.omr
2025-07-28 23:56:44,961 INFO []                 Book.java:1933 | Book reaching PAGE on sheets:[#1#2]
2025-07-28 23:56:44,962 INFO [Escalas_mayores_para_piano#1]       StepMonitoring.java:98   | LOAD
2025-07-28 23:56:45,300 INFO [Escalas_mayores_para_piano#1]            SheetStub.java:1268 | Loaded image #1 2479x3508 from /home/kaval/Documentos/dev/CONCER/python/uploads/Escalas_mayores_para_piano.pdf
2025-07-28 23:56:45,305 INFO [Escalas_mayores_para_piano#1]       StepMonitoring.java:98   | BINARY
2025-07-28 23:56:45,784 INFO [Escalas_mayores_para_piano#1]       StepMonitoring.java:98   | SCALE
2025-07-28 23:56:45,816 INFO [Escalas_mayores_para_piano#1]         ScaleBuilder.java:241  | Beam  guessed height: 10 -- 0.50 of 21 interline
2025-07-28 23:56:45,818 INFO [Escalas_mayores_para_piano#1]         ScaleBuilder.java:264  | Beam measured height:  9 -- 0.20 of [6..21] range at 59% of needed quorum
2025-07-28 23:56:45,818 INFO [Escalas_mayores_para_piano#1]            ScaleStep.java:65   | Scale{ interline(20,21,21) line(2,2,2) beam(9)}
2025-07-28 23:56:45,819 INFO [Escalas_mayores_para_piano#1]       StepMonitoring.java:98   | GRID
2025-07-28 23:56:46,234 INFO [Escalas_mayores_para_piano#1]       LinesRetriever.java:1500 | Global slope: 0.00000
2025-07-28 23:56:46,264 INFO [Escalas_mayores_para_piano#1]    ClustersRetriever.java:328  | Retrieved raw line clusters: 10 of sizes [5] with interline(20,21,21)
2025-07-28 23:56:46,401 INFO [Escalas_mayores_para_piano#1]            PeakGraph.java:310  | Systems: #1[1, 2] #2[3, 4] #3[5, 6] #4[7, 8] #5[9, 10]
2025-07-28 23:56:46,733 INFO [Escalas_mayores_para_piano#1]        SystemManager.java:779  | 1 part along 5 systems
2025-07-28 23:56:46,734 INFO [Escalas_mayores_para_piano#1]                 Book.java:545  | Created scores: [{Score 1}]
2025-07-28 23:56:46,734 INFO [Escalas_mayores_para_piano#1]       StepMonitoring.java:98   | HEADERS
2025-07-28 23:56:46,974 INFO [Escalas_mayores_para_piano#1]      BasicClassifier.java:277  | Classifier loaded XML norms.
2025-07-28 23:56:46,976 INFO [Escalas_mayores_para_piano#1]   AbstractClassifier.java:396  | Classifier data loaded from default uri file:///home/kaval/Documents/audiveris/app/res/basic-classifier.zip
2025-07-28 23:56:47,387 INFO [Escalas_mayores_para_piano#1]       StepMonitoring.java:98   | STEM_SEEDS
2025-07-28 23:56:47,450 INFO [Escalas_mayores_para_piano#1]        StemSeedsStep.java:86   | stem(3 max:3)
2025-07-28 23:56:47,507 INFO [Escalas_mayores_para_piano#1]       StepMonitoring.java:98   | BEAMS
2025-07-28 23:56:50,504 INFO [Escalas_mayores_para_piano#1]       StepMonitoring.java:98   | LEDGERS
2025-07-28 23:56:50,747 INFO [Escalas_mayores_para_piano#1]       StepMonitoring.java:98   | HEADS
2025-07-28 23:56:55,621 INFO [Escalas_mayores_para_piano#1]        HeadSeedTally.java:235  | Scale information: HeadSeeds{NOTEHEAD_BLACK[L:-0.5,R:-0.5]}
2025-07-28 23:56:55,622 INFO [Escalas_mayores_para_piano#1]       StepMonitoring.java:98   | STEMS
2025-07-28 23:56:55,988 INFO [Escalas_mayores_para_piano#1]       StepMonitoring.java:98   | REDUCTION
2025-07-28 23:56:56,051 INFO [Escalas_mayores_para_piano#1]        ReductionStep.java:105  | Stems free length median value: 73 pixels, 3.5 interlines
2025-07-28 23:56:56,054 INFO [Escalas_mayores_para_piano#1]       StepMonitoring.java:98   | CUE_BEAMS
2025-07-28 23:56:56,055 INFO [Escalas_mayores_para_piano#1]         CueBeamsStep.java:81   | Step CUE_BEAMS is skipped because small heads switch is off
2025-07-28 23:56:56,055 INFO [Escalas_mayores_para_piano#1]       StepMonitoring.java:98   | TEXTS
2025-07-28 23:56:56,156 WARN [Escalas_mayores_para_piano#1]         TesseractOCR.java:335  | The collection of supported languages is empty
2025-07-28 23:56:56,156 INFO [Escalas_mayores_para_piano#1]              OcrUtil.java:106  | Missing support for 'eng' language(s)
2025-07-28 23:56:56,163 INFO [Escalas_mayores_para_piano#1]       StepMonitoring.java:98   | MEASURES
2025-07-28 23:56:56,173 INFO [Escalas_mayores_para_piano#1]                 Page.java:307  | 20 raw measures: [4 in system#1, 4 in system#2, 4 in system#3, 4 in system#4, 4 in system#5]
2025-07-28 23:56:56,173 INFO [Escalas_mayores_para_piano#1]       StepMonitoring.java:98   | CHORDS
2025-07-28 23:56:56,194 INFO [Escalas_mayores_para_piano#1]       StepMonitoring.java:98   | CURVES
2025-07-28 23:56:56,932 INFO [Escalas_mayores_para_piano#1]         SlursBuilder.java:240  | Slurs: 1
2025-07-28 23:56:56,943 INFO [Escalas_mayores_para_piano#1]      SegmentsBuilder.java:155  | Segments: 20
2025-07-28 23:56:56,947 INFO [Escalas_mayores_para_piano#1]       StepMonitoring.java:98   | SYMBOLS
2025-07-28 23:56:57,545 INFO [Escalas_mayores_para_piano#1]       StepMonitoring.java:98   | LINKS
2025-07-28 23:56:57,550 INFO [Escalas_mayores_para_piano#1]        SymbolsLinker.java:257  | No chord linked to OctaveShiftInter#3551{(0.353) staff:1 VENTIDUESIMA ALTA}
2025-07-28 23:56:57,550 INFO [Escalas_mayores_para_piano#1]        SymbolsLinker.java:257  | No chord linked to OctaveShiftInter#3552{(0.144) staff:1 OTTAVA ALTA}
2025-07-28 23:56:57,582 INFO [Escalas_mayores_para_piano#1]       StepMonitoring.java:98   | RHYTHMS
2025-07-28 23:56:57,672 INFO [Escalas_mayores_para_piano#1]       StepMonitoring.java:98   | PAGE
2025-07-28 23:56:57,677 INFO [Escalas_mayores_para_piano#1]                 Book.java:2550 | Book{Escalas_mayores_para_piano} storing
2025-07-28 23:56:57,716 INFO [Escalas_mayores_para_piano#1]                 Book.java:2531 | Stored /book.xml
2025-07-28 23:56:57,840 INFO [Escalas_mayores_para_piano#1]           DataHolder.java:348  | Stored /sheet#1/BINARY.png
2025-07-28 23:56:58,285 INFO [Escalas_mayores_para_piano#1]                Sheet.java:1562 | Stored /sheet#1/sheet#1.xml
2025-07-28 23:56:58,286 INFO [Escalas_mayores_para_piano#1]                 Book.java:2491 | Book stored as /home/kaval/Documentos/dev/CONCER/python/outputs/Escalas_mayores_para_piano.omr
2025-07-28 23:56:58,287 INFO [Escalas_mayores_para_piano#1]            SheetStub.java:1644 | Disposed sheet#1
2025-07-28 23:56:58,332 INFO [Escalas_mayores_para_piano#1]                 Book.java:2018 | End of Stub#1 memory: 39,270,384
2025-07-28 23:56:58,333 INFO [Escalas_mayores_para_piano#2]       StepMonitoring.java:98   | LOAD
2025-07-28 23:56:58,450 INFO [Escalas_mayores_para_piano#2]            SheetStub.java:1268 | Loaded image #2 2479x3508 from /home/kaval/Documentos/dev/CONCER/python/uploads/Escalas_mayores_para_piano.pdf
2025-07-28 23:56:58,450 INFO [Escalas_mayores_para_piano#2]       StepMonitoring.java:98   | BINARY
2025-07-28 23:56:58,826 INFO [Escalas_mayores_para_piano#2]       StepMonitoring.java:98   | SCALE
2025-07-28 23:56:58,861 INFO [Escalas_mayores_para_piano#2]         ScaleBuilder.java:241  | Beam  guessed height: 10 -- 0.50 of 21 interline
2025-07-28 23:56:58,861 INFO [Escalas_mayores_para_piano#2]         ScaleBuilder.java:264  | Beam measured height:  8 -- 0.13 of [6..21] range at 106% of needed quorum
2025-07-28 23:56:58,861 INFO [Escalas_mayores_para_piano#2]            ScaleStep.java:65   | Scale{ interline(20,21,21) line(2,2,2) beam(8)}
2025-07-28 23:56:58,862 INFO [Escalas_mayores_para_piano#2]       StepMonitoring.java:98   | GRID
2025-07-28 23:56:59,034 INFO [Escalas_mayores_para_piano#2]       LinesRetriever.java:1500 | Global slope: 0.00000
2025-07-28 23:56:59,048 INFO [Escalas_mayores_para_piano#2]    ClustersRetriever.java:328  | Retrieved raw line clusters: 10 of sizes [5] with interline(20,21,21)
2025-07-28 23:56:59,135 INFO [Escalas_mayores_para_piano#2]            PeakGraph.java:310  | Systems: #1[1, 2] #2[3, 4] #3[5, 6] #4[7, 8] #5[9, 10]
2025-07-28 23:56:59,248 INFO [Escalas_mayores_para_piano#2]        SystemManager.java:779  | 1 part along 5 systems
2025-07-28 23:56:59,248 INFO [Escalas_mayores_para_piano#2]       StepMonitoring.java:98   | HEADERS
2025-07-28 23:56:59,396 INFO [Escalas_mayores_para_piano#2]       StepMonitoring.java:98   | STEM_SEEDS
2025-07-28 23:56:59,431 INFO [Escalas_mayores_para_piano#2]        StemSeedsStep.java:86   | stem(3 max:3)
2025-07-28 23:56:59,447 INFO [Escalas_mayores_para_piano#2]       StepMonitoring.java:98   | BEAMS
2025-07-28 23:57:01,501 INFO [Escalas_mayores_para_piano#2]       StepMonitoring.java:98   | LEDGERS
2025-07-28 23:57:01,592 INFO [Escalas_mayores_para_piano#2]       StepMonitoring.java:98   | HEADS
2025-07-28 23:57:06,737 INFO [Escalas_mayores_para_piano#2]        HeadSeedTally.java:235  | Scale information: HeadSeeds{NOTEHEAD_BLACK[L:-0.5,R:-0.5]}
2025-07-28 23:57:06,738 INFO [Escalas_mayores_para_piano#2]       StepMonitoring.java:98   | STEMS
2025-07-28 23:57:06,950 INFO [Escalas_mayores_para_piano#2]       StepMonitoring.java:98   | REDUCTION
2025-07-28 23:57:06,980 INFO [Escalas_mayores_para_piano#2]        ReductionStep.java:105  | Stems free length median value: 73 pixels, 3.5 interlines
2025-07-28 23:57:06,981 INFO [Escalas_mayores_para_piano#2]       StepMonitoring.java:98   | CUE_BEAMS
2025-07-28 23:57:06,981 INFO [Escalas_mayores_para_piano#2]         CueBeamsStep.java:81   | Step CUE_BEAMS is skipped because small heads switch is off
2025-07-28 23:57:06,982 INFO [Escalas_mayores_para_piano#2]       StepMonitoring.java:98   | TEXTS
2025-07-28 23:57:07,049 WARN [Escalas_mayores_para_piano#2]         TesseractOCR.java:335  | The collection of supported languages is empty
2025-07-28 23:57:07,050 INFO [Escalas_mayores_para_piano#2]              OcrUtil.java:106  | Missing support for 'eng' language(s)
2025-07-28 23:57:07,051 INFO [Escalas_mayores_para_piano#2]       StepMonitoring.java:98   | MEASURES
2025-07-28 23:57:07,052 INFO [Escalas_mayores_para_piano#2]                 Page.java:307  | 20 raw measures: [4 in system#1, 4 in system#2, 4 in system#3, 4 in system#4, 4 in system#5]
2025-07-28 23:57:07,052 INFO [Escalas_mayores_para_piano#2]       StepMonitoring.java:98   | CHORDS
2025-07-28 23:57:07,059 INFO [Escalas_mayores_para_piano#2]       StepMonitoring.java:98   | CURVES
2025-07-28 23:57:07,832 INFO [Escalas_mayores_para_piano#2]         SlursBuilder.java:240  | Slurs: 0
2025-07-28 23:57:07,842 INFO [Escalas_mayores_para_piano#2]      SegmentsBuilder.java:155  | Segments: 18
2025-07-28 23:57:07,843 INFO [Escalas_mayores_para_piano#2]       StepMonitoring.java:98   | SYMBOLS
2025-07-28 23:57:08,221 INFO [Escalas_mayores_para_piano#2]       StepMonitoring.java:98   | LINKS
2025-07-28 23:57:08,238 INFO [Escalas_mayores_para_piano#2]       StepMonitoring.java:98   | RHYTHMS
2025-07-28 23:57:08,238 INFO [Escalas_mayores_para_piano#2]           PageRhythm.java:199  | {Page#2.1} Time value reused from sheet#1
2025-07-28 23:57:08,261 INFO [Escalas_mayores_para_piano#2]       StepMonitoring.java:98   | PAGE
2025-07-28 23:57:08,262 INFO [Escalas_mayores_para_piano#2]                 Book.java:2550 | Book{Escalas_mayores_para_piano} storing
2025-07-28 23:57:08,304 INFO [Escalas_mayores_para_piano#2]                 Book.java:2531 | Stored /book.xml
2025-07-28 23:57:08,403 INFO [Escalas_mayores_para_piano#2]           DataHolder.java:348  | Stored /sheet#2/BINARY.png
2025-07-28 23:57:08,679 INFO [Escalas_mayores_para_piano#2]                Sheet.java:1562 | Stored /sheet#2/sheet#2.xml
2025-07-28 23:57:08,679 INFO [Escalas_mayores_para_piano#2]                 Book.java:2491 | Book stored as /home/kaval/Documentos/dev/CONCER/python/outputs/Escalas_mayores_para_piano.omr
2025-07-28 23:57:08,680 INFO [Escalas_mayores_para_piano#2]            SheetStub.java:1644 | Disposed sheet#2
2025-07-28 23:57:08,727 INFO [Escalas_mayores_para_piano#2]                 Book.java:2018 | End of Stub#2 memory: 39,258,664
2025-07-28 23:57:08,727 INFO [Escalas_mayores_para_piano]                 Book.java:2025 | Book processed.
2025-07-28 23:57:09,062 INFO [Escalas_mayores_para_piano]            SheetStub.java:995  | Loaded /sheet#1/sheet#1.xml
2025-07-28 23:57:09,284 INFO [Escalas_mayores_para_piano]            SheetStub.java:995  | Loaded /sheet#2/sheet#2.xml
2025-07-28 23:57:09,599 INFO [Escalas_mayores_para_piano]      PartwiseBuilder.java:2661 | Exporting sheet(s): [#1#2]
2025-07-28 23:57:09,713 INFO [Escalas_mayores_para_piano]        ScoreExporter.java:164  | Score Escalas_mayores_para_piano exported to /home/kaval/Documentos/dev/CONCER/python/outputs/Escalas_mayores_para_piano.mxl
2025-07-28 23:57:09,757 INFO [Escalas_mayores_para_piano]                Score.java:181  | Closing {Score 1}
