2025-08-04 00:35:25,261 INFO [Escalas_mayores_para_piano]                 Book.java:562  | 2 sheets in /home/kaval/Documentos/dev/CONCER/python/uploads/Escalas_mayores_para_piano.pdf
2025-08-04 00:35:26,011 INFO []                 Book.java:2531 | Stored /book.xml
2025-08-04 00:35:26,011 INFO []                 Book.java:2491 | Book stored as /home/kaval/Documentos/dev/CONCER/python/outputs/Escalas_mayores_para_piano.omr
2025-08-04 00:35:26,031 INFO []                 Book.java:1933 | Book reaching PAGE on sheets:[#1#2]
2025-08-04 00:35:26,033 INFO [Escalas_mayores_para_piano#1]       StepMonitoring.java:98   | LOAD
2025-08-04 00:35:26,942 INFO [Escalas_mayores_para_piano#1]            SheetStub.java:1268 | Loaded image #1 2479x3508 from /home/kaval/Documentos/dev/CONCER/python/uploads/Escalas_mayores_para_piano.pdf
2025-08-04 00:35:26,947 INFO [Escalas_mayores_para_piano#1]       StepMonitoring.java:98   | BINARY
2025-08-04 00:35:28,183 INFO [Escalas_mayores_para_piano#1]       StepMonitoring.java:98   | SCALE
2025-08-04 00:35:28,350 INFO [Escalas_mayores_para_piano#1]         ScaleBuilder.java:241  | Beam  guessed height: 10 -- 0.50 of 21 interline
2025-08-04 00:35:28,352 INFO [Escalas_mayores_para_piano#1]         ScaleBuilder.java:264  | Beam measured height:  9 -- 0.20 of [6..21] range at 59% of needed quorum
2025-08-04 00:35:28,352 INFO [Escalas_mayores_para_piano#1]            ScaleStep.java:65   | Scale{ interline(20,21,21) line(2,2,2) beam(9)}
2025-08-04 00:35:28,353 INFO [Escalas_mayores_para_piano#1]       StepMonitoring.java:98   | GRID
2025-08-04 00:35:28,908 INFO [Escalas_mayores_para_piano#1]       LinesRetriever.java:1500 | Global slope: 0.00000
2025-08-04 00:35:28,964 INFO [Escalas_mayores_para_piano#1]    ClustersRetriever.java:328  | Retrieved raw line clusters: 10 of sizes [5] with interline(20,21,21)
2025-08-04 00:35:29,127 INFO [Escalas_mayores_para_piano#1]            PeakGraph.java:310  | Systems: #1[1, 2] #2[3, 4] #3[5, 6] #4[7, 8] #5[9, 10]
2025-08-04 00:35:29,462 INFO [Escalas_mayores_para_piano#1]        SystemManager.java:779  | 1 part along 5 systems
2025-08-04 00:35:29,463 INFO [Escalas_mayores_para_piano#1]                 Book.java:545  | Created scores: [{Score 1}]
2025-08-04 00:35:29,463 INFO [Escalas_mayores_para_piano#1]       StepMonitoring.java:98   | HEADERS
2025-08-04 00:35:29,825 INFO [Escalas_mayores_para_piano#1]      BasicClassifier.java:277  | Classifier loaded XML norms.
2025-08-04 00:35:29,828 INFO [Escalas_mayores_para_piano#1]   AbstractClassifier.java:396  | Classifier data loaded from default uri file:///home/kaval/Documents/audiveris/app/res/basic-classifier.zip
2025-08-04 00:35:30,619 INFO [Escalas_mayores_para_piano#1]       StepMonitoring.java:98   | STEM_SEEDS
2025-08-04 00:35:30,699 INFO [Escalas_mayores_para_piano#1]        StemSeedsStep.java:86   | stem(3 max:3)
2025-08-04 00:35:30,765 INFO [Escalas_mayores_para_piano#1]       StepMonitoring.java:98   | BEAMS
2025-08-04 00:35:34,093 INFO [Escalas_mayores_para_piano#1]       StepMonitoring.java:98   | LEDGERS
2025-08-04 00:35:34,485 INFO [Escalas_mayores_para_piano#1]       StepMonitoring.java:98   | HEADS
2025-08-04 00:35:40,435 INFO [Escalas_mayores_para_piano#1]        HeadSeedTally.java:235  | Scale information: HeadSeeds{NOTEHEAD_BLACK[L:-0.5,R:-0.5]}
2025-08-04 00:35:40,436 INFO [Escalas_mayores_para_piano#1]       StepMonitoring.java:98   | STEMS
2025-08-04 00:35:40,984 INFO [Escalas_mayores_para_piano#1]       StepMonitoring.java:98   | REDUCTION
2025-08-04 00:35:41,081 INFO [Escalas_mayores_para_piano#1]        ReductionStep.java:105  | Stems free length median value: 73 pixels, 3.5 interlines
2025-08-04 00:35:41,085 INFO [Escalas_mayores_para_piano#1]       StepMonitoring.java:98   | CUE_BEAMS
2025-08-04 00:35:41,086 INFO [Escalas_mayores_para_piano#1]         CueBeamsStep.java:81   | Step CUE_BEAMS is skipped because small heads switch is off
2025-08-04 00:35:41,086 INFO [Escalas_mayores_para_piano#1]       StepMonitoring.java:98   | TEXTS
2025-08-04 00:35:41,303 WARN [Escalas_mayores_para_piano#1]         TesseractOCR.java:335  | The collection of supported languages is empty
2025-08-04 00:35:41,303 INFO [Escalas_mayores_para_piano#1]              OcrUtil.java:106  | Missing support for 'eng' language(s)
2025-08-04 00:35:41,314 INFO [Escalas_mayores_para_piano#1]       StepMonitoring.java:98   | MEASURES
2025-08-04 00:35:41,329 INFO [Escalas_mayores_para_piano#1]                 Page.java:307  | 20 raw measures: [4 in system#1, 4 in system#2, 4 in system#3, 4 in system#4, 4 in system#5]
2025-08-04 00:35:41,330 INFO [Escalas_mayores_para_piano#1]       StepMonitoring.java:98   | CHORDS
2025-08-04 00:35:41,363 INFO [Escalas_mayores_para_piano#1]       StepMonitoring.java:98   | CURVES
2025-08-04 00:35:42,314 INFO [Escalas_mayores_para_piano#1]         SlursBuilder.java:240  | Slurs: 1
2025-08-04 00:35:42,337 INFO [Escalas_mayores_para_piano#1]      SegmentsBuilder.java:155  | Segments: 20
2025-08-04 00:35:42,347 INFO [Escalas_mayores_para_piano#1]       StepMonitoring.java:98   | SYMBOLS
2025-08-04 00:35:43,119 INFO [Escalas_mayores_para_piano#1]       StepMonitoring.java:98   | LINKS
2025-08-04 00:35:43,137 INFO [Escalas_mayores_para_piano#1]        SymbolsLinker.java:257  | No chord linked to OctaveShiftInter#3569{(0.353) staff:1 VENTIDUESIMA ALTA}
2025-08-04 00:35:43,137 INFO [Escalas_mayores_para_piano#1]        SymbolsLinker.java:257  | No chord linked to OctaveShiftInter#3570{(0.144) staff:1 OTTAVA ALTA}
2025-08-04 00:35:43,204 INFO [Escalas_mayores_para_piano#1]       StepMonitoring.java:98   | RHYTHMS
2025-08-04 00:35:43,306 INFO [Escalas_mayores_para_piano#1]       StepMonitoring.java:98   | PAGE
2025-08-04 00:35:43,314 INFO [Escalas_mayores_para_piano#1]                 Book.java:2550 | Book{Escalas_mayores_para_piano} storing
2025-08-04 00:35:43,363 INFO [Escalas_mayores_para_piano#1]                 Book.java:2531 | Stored /book.xml
2025-08-04 00:35:43,592 INFO [Escalas_mayores_para_piano#1]           DataHolder.java:348  | Stored /sheet#1/BINARY.png
2025-08-04 00:35:44,324 INFO [Escalas_mayores_para_piano#1]                Sheet.java:1562 | Stored /sheet#1/sheet#1.xml
2025-08-04 00:35:44,324 INFO [Escalas_mayores_para_piano#1]                 Book.java:2491 | Book stored as /home/kaval/Documentos/dev/CONCER/python/outputs/Escalas_mayores_para_piano.omr
2025-08-04 00:35:44,326 INFO [Escalas_mayores_para_piano#1]            SheetStub.java:1644 | Disposed sheet#1
2025-08-04 00:35:44,391 INFO [Escalas_mayores_para_piano#1]                 Book.java:2018 | End of Stub#1 memory: 39,169,752
2025-08-04 00:35:44,392 INFO [Escalas_mayores_para_piano#2]       StepMonitoring.java:98   | LOAD
2025-08-04 00:35:44,496 INFO [Escalas_mayores_para_piano#2]            SheetStub.java:1268 | Loaded image #2 2479x3508 from /home/kaval/Documentos/dev/CONCER/python/uploads/Escalas_mayores_para_piano.pdf
2025-08-04 00:35:44,496 INFO [Escalas_mayores_para_piano#2]       StepMonitoring.java:98   | BINARY
2025-08-04 00:35:44,952 INFO [Escalas_mayores_para_piano#2]       StepMonitoring.java:98   | SCALE
2025-08-04 00:35:44,986 INFO [Escalas_mayores_para_piano#2]         ScaleBuilder.java:241  | Beam  guessed height: 10 -- 0.50 of 21 interline
2025-08-04 00:35:44,986 INFO [Escalas_mayores_para_piano#2]         ScaleBuilder.java:264  | Beam measured height:  8 -- 0.13 of [6..21] range at 106% of needed quorum
2025-08-04 00:35:44,986 INFO [Escalas_mayores_para_piano#2]            ScaleStep.java:65   | Scale{ interline(20,21,21) line(2,2,2) beam(8)}
2025-08-04 00:35:44,987 INFO [Escalas_mayores_para_piano#2]       StepMonitoring.java:98   | GRID
2025-08-04 00:35:45,150 INFO [Escalas_mayores_para_piano#2]       LinesRetriever.java:1500 | Global slope: 0.00000
2025-08-04 00:35:45,174 INFO [Escalas_mayores_para_piano#2]    ClustersRetriever.java:328  | Retrieved raw line clusters: 10 of sizes [5] with interline(20,21,21)
2025-08-04 00:35:45,291 INFO [Escalas_mayores_para_piano#2]            PeakGraph.java:310  | Systems: #1[1, 2] #2[3, 4] #3[5, 6] #4[7, 8] #5[9, 10]
2025-08-04 00:35:45,440 INFO [Escalas_mayores_para_piano#2]        SystemManager.java:779  | 1 part along 5 systems
2025-08-04 00:35:45,441 INFO [Escalas_mayores_para_piano#2]       StepMonitoring.java:98   | HEADERS
2025-08-04 00:35:45,624 INFO [Escalas_mayores_para_piano#2]       StepMonitoring.java:98   | STEM_SEEDS
2025-08-04 00:35:45,665 INFO [Escalas_mayores_para_piano#2]        StemSeedsStep.java:86   | stem(3 max:3)
2025-08-04 00:35:45,692 INFO [Escalas_mayores_para_piano#2]       StepMonitoring.java:98   | BEAMS
2025-08-04 00:35:48,161 INFO [Escalas_mayores_para_piano#2]       StepMonitoring.java:98   | LEDGERS
2025-08-04 00:35:48,277 INFO [Escalas_mayores_para_piano#2]       StepMonitoring.java:98   | HEADS
2025-08-04 00:35:54,326 INFO [Escalas_mayores_para_piano#2]        HeadSeedTally.java:235  | Scale information: HeadSeeds{NOTEHEAD_BLACK[L:-0.5,R:-0.5]}
2025-08-04 00:35:54,327 INFO [Escalas_mayores_para_piano#2]       StepMonitoring.java:98   | STEMS
2025-08-04 00:35:54,551 INFO [Escalas_mayores_para_piano#2]       StepMonitoring.java:98   | REDUCTION
2025-08-04 00:35:54,587 INFO [Escalas_mayores_para_piano#2]        ReductionStep.java:105  | Stems free length median value: 73 pixels, 3.5 interlines
2025-08-04 00:35:54,589 INFO [Escalas_mayores_para_piano#2]       StepMonitoring.java:98   | CUE_BEAMS
2025-08-04 00:35:54,590 INFO [Escalas_mayores_para_piano#2]         CueBeamsStep.java:81   | Step CUE_BEAMS is skipped because small heads switch is off
2025-08-04 00:35:54,591 INFO [Escalas_mayores_para_piano#2]       StepMonitoring.java:98   | TEXTS
2025-08-04 00:35:54,675 WARN [Escalas_mayores_para_piano#2]         TesseractOCR.java:335  | The collection of supported languages is empty
2025-08-04 00:35:54,676 INFO [Escalas_mayores_para_piano#2]              OcrUtil.java:106  | Missing support for 'eng' language(s)
2025-08-04 00:35:54,677 INFO [Escalas_mayores_para_piano#2]       StepMonitoring.java:98   | MEASURES
2025-08-04 00:35:54,680 INFO [Escalas_mayores_para_piano#2]                 Page.java:307  | 20 raw measures: [4 in system#1, 4 in system#2, 4 in system#3, 4 in system#4, 4 in system#5]
2025-08-04 00:35:54,681 INFO [Escalas_mayores_para_piano#2]       StepMonitoring.java:98   | CHORDS
2025-08-04 00:35:54,693 INFO [Escalas_mayores_para_piano#2]       StepMonitoring.java:98   | CURVES
2025-08-04 00:35:55,653 INFO [Escalas_mayores_para_piano#2]         SlursBuilder.java:240  | Slurs: 0
2025-08-04 00:35:55,667 INFO [Escalas_mayores_para_piano#2]      SegmentsBuilder.java:155  | Segments: 18
2025-08-04 00:35:55,668 INFO [Escalas_mayores_para_piano#2]       StepMonitoring.java:98   | SYMBOLS
2025-08-04 00:35:56,244 INFO [Escalas_mayores_para_piano#2]       StepMonitoring.java:98   | LINKS
2025-08-04 00:35:56,270 INFO [Escalas_mayores_para_piano#2]       StepMonitoring.java:98   | RHYTHMS
2025-08-04 00:35:56,270 INFO [Escalas_mayores_para_piano#2]           PageRhythm.java:199  | {Page#2.1} Time value reused from sheet#1
2025-08-04 00:35:56,303 INFO [Escalas_mayores_para_piano#2]       StepMonitoring.java:98   | PAGE
2025-08-04 00:35:56,308 INFO [Escalas_mayores_para_piano#2]                 Book.java:2550 | Book{Escalas_mayores_para_piano} storing
2025-08-04 00:35:56,365 INFO [Escalas_mayores_para_piano#2]                 Book.java:2531 | Stored /book.xml
2025-08-04 00:35:56,497 INFO [Escalas_mayores_para_piano#2]           DataHolder.java:348  | Stored /sheet#2/BINARY.png
2025-08-04 00:35:56,860 INFO [Escalas_mayores_para_piano#2]                Sheet.java:1562 | Stored /sheet#2/sheet#2.xml
2025-08-04 00:35:56,860 INFO [Escalas_mayores_para_piano#2]                 Book.java:2491 | Book stored as /home/kaval/Documentos/dev/CONCER/python/outputs/Escalas_mayores_para_piano.omr
2025-08-04 00:35:56,863 INFO [Escalas_mayores_para_piano#2]            SheetStub.java:1644 | Disposed sheet#2
2025-08-04 00:35:56,923 INFO [Escalas_mayores_para_piano#2]                 Book.java:2018 | End of Stub#2 memory: 39,318,568
2025-08-04 00:35:56,924 INFO [Escalas_mayores_para_piano]                 Book.java:2025 | Book processed.
2025-08-04 00:35:57,394 INFO [Escalas_mayores_para_piano]            SheetStub.java:995  | Loaded /sheet#1/sheet#1.xml
2025-08-04 00:35:57,649 INFO [Escalas_mayores_para_piano]            SheetStub.java:995  | Loaded /sheet#2/sheet#2.xml
2025-08-04 00:35:58,714 INFO [Escalas_mayores_para_piano]      PartwiseBuilder.java:2661 | Exporting sheet(s): [#1#2]
2025-08-04 00:35:58,903 INFO [Escalas_mayores_para_piano]        ScoreExporter.java:164  | Score Escalas_mayores_para_piano exported to /home/kaval/Documentos/dev/CONCER/python/outputs/Escalas_mayores_para_piano.mxl
2025-08-04 00:35:58,958 INFO [Escalas_mayores_para_piano]                Score.java:181  | Closing {Score 1}
