2025-09-23 16:09:30,629 INFO [LIB_00011069]                 Book.java:562  | 2 sheets in /home/kaval/Documentos/dev/CONCER/python/uploads/LIB_00011069.pdf
2025-09-23 16:09:30,814 INFO []                 Book.java:2531 | Stored /book.xml
2025-09-23 16:09:30,814 INFO []                 Book.java:2491 | Book stored as /home/kaval/Documentos/dev/CONCER/python/outputs/LIB_00011069.omr
2025-09-23 16:09:30,834 INFO []                 Book.java:1933 | Book reaching PAGE on sheets:[#1#2]
2025-09-23 16:09:30,836 INFO [LIB_00011069#1]       StepMonitoring.java:98   | LOAD
2025-09-23 16:09:31,733 INFO [LIB_00011069#1]            SheetStub.java:1268 | Loaded image #1 2550x3299 from /home/kaval/Documentos/dev/CONCER/python/uploads/LIB_00011069.pdf
2025-09-23 16:09:31,737 INFO [LIB_00011069#1]       StepMonitoring.java:98   | BINARY
2025-09-23 16:09:32,252 INFO [LIB_00011069#1]       StepMonitoring.java:98   | SCALE
2025-09-23 16:09:32,279 INFO [LIB_00011069#1]         ScaleBuilder.java:241  | Beam  guessed height: 10 -- 0.50 of 20 interline
2025-09-23 16:09:32,281 INFO [LIB_00011069#1]         ScaleBuilder.java:264  | Beam measured height: 11 -- 0.25 of [8..20] range at 171% of needed quorum
2025-09-23 16:09:32,281 INFO [LIB_00011069#1]            ScaleStep.java:65   | Scale{ interline(18,20,21) line(4,6,8) beam(11)}
2025-09-23 16:09:32,282 INFO [LIB_00011069#1]       StepMonitoring.java:98   | GRID
2025-09-23 16:09:33,275 INFO [LIB_00011069#1]       LinesRetriever.java:1500 | Global slope: -0.00147
2025-09-23 16:09:33,340 INFO [LIB_00011069#1]    ClustersRetriever.java:328  | Retrieved raw line clusters: 6 of sizes [5] with interline(18,20,21)
2025-09-23 16:09:33,796 INFO [LIB_00011069#1]            PeakGraph.java:310  | Systems: #1[1] #2[2] #3[3] #4[4] #5[5] #6[6]
2025-09-23 16:09:34,660 INFO [LIB_00011069#1]        SystemManager.java:134  | Indentation detected for system #1
2025-09-23 16:09:34,661 INFO [LIB_00011069#1]        SystemManager.java:779  | 1 part along 6 systems
2025-09-23 16:09:34,662 INFO [LIB_00011069#1]                 Book.java:545  | Created scores: [{Score 1}]
2025-09-23 16:09:34,662 INFO [LIB_00011069#1]       StepMonitoring.java:98   | HEADERS
2025-09-23 16:09:34,923 INFO [LIB_00011069#1]      BasicClassifier.java:277  | Classifier loaded XML norms.
2025-09-23 16:09:34,926 INFO [LIB_00011069#1]   AbstractClassifier.java:396  | Classifier data loaded from default uri file:///home/kaval/Documents/audiveris/app/res/basic-classifier.zip
2025-09-23 16:09:35,497 INFO [LIB_00011069#1]       StepMonitoring.java:98   | STEM_SEEDS
2025-09-23 16:09:35,586 INFO [LIB_00011069#1]        StemSeedsStep.java:86   | stem(5 max:7)
2025-09-23 16:09:35,738 INFO [LIB_00011069#1]       StepMonitoring.java:98   | BEAMS
2025-09-23 16:09:40,288 INFO [LIB_00011069#1]       StepMonitoring.java:98   | LEDGERS
2025-09-23 16:09:40,980 INFO [LIB_00011069#1]       StepMonitoring.java:98   | HEADS
2025-09-23 16:09:49,072 INFO [LIB_00011069#1]        HeadSeedTally.java:235  | Scale information: HeadSeeds{NOTEHEAD_VOID[L:0.4,R:1.2] NOTEHEAD_BLACK[L:0.4,R:0.6]}
2025-09-23 16:09:49,072 INFO [LIB_00011069#1]       StepMonitoring.java:98   | STEMS
2025-09-23 16:09:49,888 INFO [LIB_00011069#1]           BeamLinker.java:1729 | Not linking shorter BeamInter#1336{(0.353/0.527) BEAM}
2025-09-23 16:09:51,113 INFO [LIB_00011069#1]       StepMonitoring.java:98   | REDUCTION
2025-09-23 16:09:51,375 INFO [LIB_00011069#1]        ReductionStep.java:105  | Stems free length median value: 52 pixels, 2.6 interlines
2025-09-23 16:09:51,381 INFO [LIB_00011069#1]       StepMonitoring.java:98   | CUE_BEAMS
2025-09-23 16:09:51,382 INFO [LIB_00011069#1]         CueBeamsStep.java:81   | Step CUE_BEAMS is skipped because small heads switch is off
2025-09-23 16:09:51,383 INFO [LIB_00011069#1]       StepMonitoring.java:98   | TEXTS
2025-09-23 16:09:51,639 WARN [LIB_00011069#1]         TesseractOCR.java:335  | The collection of supported languages is empty
2025-09-23 16:09:51,640 INFO [LIB_00011069#1]              OcrUtil.java:106  | Missing support for 'eng' language(s)
2025-09-23 16:09:51,654 INFO [LIB_00011069#1]       StepMonitoring.java:98   | MEASURES
2025-09-23 16:09:51,667 INFO [LIB_00011069#1]                 Page.java:307  | 30 raw measures: [5 in system#1, 5 in system#2, 5 in system#3, 4 in system#4, 6 in system#5, 5 in system#6]
2025-09-23 16:09:51,668 INFO [LIB_00011069#1]       StepMonitoring.java:98   | CHORDS
2025-09-23 16:09:51,703 INFO [LIB_00011069#1]       StepMonitoring.java:98   | CURVES
2025-09-23 16:09:53,621 INFO [LIB_00011069#1]         SlursBuilder.java:240  | Slurs: 47
2025-09-23 16:09:53,867 INFO [LIB_00011069#1]      SegmentsBuilder.java:155  | Segments: 33
2025-09-23 16:09:53,877 INFO [LIB_00011069#1]       StepMonitoring.java:98   | SYMBOLS
2025-09-23 16:09:57,151 INFO [LIB_00011069#1]       StepMonitoring.java:98   | LINKS
2025-09-23 16:09:57,204 INFO [LIB_00011069#1]        SymbolsLinker.java:257  | No chord linked to OctaveShiftInter#10006{(0.220) staff:4 VENTIDUESIMA BASSA}
2025-09-23 16:09:57,215 INFO [LIB_00011069#1]        SymbolsLinker.java:257  | No chord linked to OctaveShiftInter#10385{(0.220) staff:5 VENTIDUESIMA ALTA}
2025-09-23 16:09:57,245 INFO [LIB_00011069#1]       StepMonitoring.java:98   | RHYTHMS
2025-09-23 16:09:57,280 INFO [LIB_00011069#1]        MeasureRhythm.java:1045 | Measure{#6} No timeOffset for HeadChordInter#7429{(0.945/0.945) staff:2 slot#4 dur:1/4}
2025-09-23 16:09:57,281 INFO [LIB_00011069#1]                Voice.java:257  | Measure{#6} Voice{#3 excess:1/4} too long
2025-09-23 16:09:57,282 INFO [LIB_00011069#1]          StackRhythm.java:224  | S2 MeasureStack#6 no correct rhythm
2025-09-23 16:09:57,288 INFO [LIB_00011069#1]        MeasureRhythm.java:1045 | Measure{#8} No timeOffset for HeadChordInter#7441{(0.924/0.924) staff:2 slot#4 dur:1/4}
2025-09-23 16:09:57,288 INFO [LIB_00011069#1]   AbstractChordInter.java:627  | Measure{#8} No timeOffset for HeadChordInter#7441{(0.924/0.924) staff:2 slot#4 dur:1/4}
2025-09-23 16:09:57,289 INFO [LIB_00011069#1]   AbstractChordInter.java:627  | Measure{#8} No timeOffset for HeadChordInter#7442{(0.558/0.558) staff:2 slot#5 dur:1/2}
2025-09-23 16:09:57,289 INFO [LIB_00011069#1]   AbstractChordInter.java:627  | Measure{#8} No timeOffset for HeadChordInter#7443{(0.840/0.840) staff:2 slot#6 dur:1/4}
2025-09-23 16:09:57,290 INFO [LIB_00011069#1]   AbstractChordInter.java:627  | Measure{#8} No timeOffset for HeadChordInter#7445{(0.930/0.930) staff:2 slot#8 dur:1/8}
2025-09-23 16:09:57,291 INFO [LIB_00011069#1]   AbstractChordInter.java:627  | Measure{#8} No timeOffset for HeadChordInter#7446{(0.898/0.898) staff:2 slot#9 dur:1/8}
2025-09-23 16:09:57,291 INFO [LIB_00011069#1]   AbstractChordInter.java:627  | Measure{#8} No timeOffset for HeadChordInter#7447{(0.828/0.828) staff:2 slot#10 dur:1/4}
2025-09-23 16:09:57,291 INFO [LIB_00011069#1]                Voice.java:257  | Measure{#8} Voice{#1 excess:1/4} too long
2025-09-23 16:09:57,292 INFO [LIB_00011069#1]          StackRhythm.java:224  | S2 MeasureStack#8 no correct rhythm
2025-09-23 16:09:57,303 INFO [LIB_00011069#1]        MeasureRhythm.java:1045 | Measure{#14} No timeOffset for HeadChordInter#7489{(0.930/0.930) staff:3 slot#4 dur:1/8}
2025-09-23 16:09:57,304 INFO [LIB_00011069#1]   AbstractChordInter.java:627  | Measure{#14} No timeOffset for HeadChordInter#7489{(0.930/0.930) staff:3 slot#4 dur:1/8}
2025-09-23 16:09:57,304 INFO [LIB_00011069#1]          StackRhythm.java:224  | S3 MeasureStack#14 no correct rhythm
2025-09-23 16:09:57,306 INFO [LIB_00011069#1]        MeasureRhythm.java:1045 | Measure{#15} No timeOffset for HeadChordInter#7497{(0.932/0.932) staff:3 slot#4 dur:1/4}
2025-09-23 16:09:57,307 INFO [LIB_00011069#1]        MeasureRhythm.java:1045 | Measure{#15} No timeOffset for HeadChordInter#7498{(0.942/0.942) staff:3 slot#4 dur:1/4}
2025-09-23 16:09:57,307 INFO [LIB_00011069#1]          StackRhythm.java:224  | S3 MeasureStack#15 no correct rhythm
2025-09-23 16:09:57,318 INFO [LIB_00011069#1]        MeasureRhythm.java:1045 | Measure{#19} No timeOffset for HeadChordInter#7525{(0.820/0.832) staff:4 slot#5 dur:1/2}
2025-09-23 16:09:57,318 INFO [LIB_00011069#1]   AbstractChordInter.java:627  | Measure{#19} No timeOffset for HeadChordInter#7525{(0.820/0.832) staff:4 slot#5 dur:1/2}
2025-09-23 16:09:57,319 INFO [LIB_00011069#1]   AbstractChordInter.java:627  | Measure{#19} No timeOffset for HeadChordInter#7526{(0.904/0.904) staff:4 slot#6 dur:1/4}
2025-09-23 16:09:57,319 INFO [LIB_00011069#1]   AbstractChordInter.java:627  | Measure{#19} No timeOffset for HeadChordInter#7528{(0.945/0.945) staff:4 slot#8 dur:1/8}
2025-09-23 16:09:57,319 INFO [LIB_00011069#1]   AbstractChordInter.java:627  | Measure{#19} No timeOffset for HeadChordInter#7529{(0.895/0.895) staff:4 slot#9 dur:1/8}
2025-09-23 16:09:57,319 INFO [LIB_00011069#1]   AbstractChordInter.java:627  | Measure{#19} No timeOffset for HeadChordInter#7530{(0.903/0.903) staff:4 slot#10 dur:1/4}
2025-09-23 16:09:57,320 INFO [LIB_00011069#1]                Voice.java:257  | Measure{#19} Voice{#1 excess:1/4} too long
2025-09-23 16:09:57,320 INFO [LIB_00011069#1]          StackRhythm.java:224  | S4 MeasureStack#19 no correct rhythm
2025-09-23 16:09:57,322 INFO [LIB_00011069#1]        MeasureRhythm.java:1045 | Measure{#21} No timeOffset for HeadChordInter#7536{(0.913/0.913) staff:5 slot#4 dur:1/4}
2025-09-23 16:09:57,322 INFO [LIB_00011069#1]                Voice.java:257  | Measure{#21} Voice{#2 excess:1/4} too long
2025-09-23 16:09:57,322 INFO [LIB_00011069#1]          StackRhythm.java:224  | S5 MeasureStack#21 no correct rhythm
2025-09-23 16:09:57,324 INFO [LIB_00011069#1]        MeasureRhythm.java:1045 | Measure{#22} No timeOffset for HeadChordInter#7541{(0.871/0.871) staff:5 slot#5 dur:1/8}
2025-09-23 16:09:57,324 INFO [LIB_00011069#1]   AbstractChordInter.java:627  | Measure{#22} No timeOffset for HeadChordInter#7541{(0.871/0.871) staff:5 slot#5 dur:1/8}
2025-09-23 16:09:57,325 INFO [LIB_00011069#1]   AbstractChordInter.java:627  | Measure{#22} No timeOffset for HeadChordInter#7542{(0.922/0.922) staff:5 slot#6 dur:1/4}
2025-09-23 16:09:57,325 INFO [LIB_00011069#1]          StackRhythm.java:224  | S5 MeasureStack#22 no correct rhythm
2025-09-23 16:09:57,326 INFO [LIB_00011069#1]        MeasureRhythm.java:1045 | Measure{#23} No timeOffset for HeadChordInter#7549{(0.861/0.861) staff:5 slot#4 dur:1/2}
2025-09-23 16:09:57,327 INFO [LIB_00011069#1]        MeasureRhythm.java:1045 | Measure{#23} No timeOffset for HeadChordInter#7548{(0.915/0.915) staff:5 slot#4 dur:1/4}
2025-09-23 16:09:57,327 INFO [LIB_00011069#1]   AbstractChordInter.java:627  | Measure{#23} No timeOffset for HeadChordInter#7549{(0.861/0.861) staff:5 slot#4 dur:1/2}
2025-09-23 16:09:57,327 INFO [LIB_00011069#1]   AbstractChordInter.java:627  | Measure{#23} No timeOffset for HeadChordInter#7548{(0.915/0.915) staff:5 slot#4 dur:1/4}
2025-09-23 16:09:57,328 INFO [LIB_00011069#1]                Voice.java:257  | Measure{#23} Voice{#1 excess:1/4} too long
2025-09-23 16:09:57,328 INFO [LIB_00011069#1]          StackRhythm.java:224  | S5 MeasureStack#23 no correct rhythm
2025-09-23 16:09:57,329 INFO [LIB_00011069#1]                Voice.java:257  | Measure{#24} Voice{#1 excess:1/4} too long
2025-09-23 16:09:57,330 INFO [LIB_00011069#1]          StackRhythm.java:224  | S5 MeasureStack#24 no correct rhythm
2025-09-23 16:09:57,332 INFO [LIB_00011069#1]        MeasureRhythm.java:1045 | Measure{#25} No timeOffset for HeadChordInter#7564{(0.528/0.528) staff:5 slot#5 dur:1/2}
2025-09-23 16:09:57,333 INFO [LIB_00011069#1]          StackRhythm.java:224  | S5 MeasureStack#25 no correct rhythm
2025-09-23 16:09:57,344 INFO [LIB_00011069#1]       StepMonitoring.java:98   | PAGE
2025-09-23 16:09:57,348 INFO [LIB_00011069#1]       SheetReduction.java:154  | Gutter. Different glyphs 4/5 BreathMarkInter#10070{(0.362/0.680) staff:4 BREATH_MARK} vs SlurInter#8202{(0.676/0.933) SLUR_ABOVE}
2025-09-23 16:09:57,354 INFO [LIB_00011069#1]                Voice.java:257  | Measure{#6} Voice{#3 excess:1/4} too long
2025-09-23 16:09:57,355 INFO [LIB_00011069#1]                Voice.java:257  | Measure{#8} Voice{#1 excess:1/4} too long
2025-09-23 16:09:57,355 INFO [LIB_00011069#1]                Voice.java:257  | Measure{#19} Voice{#1 excess:1/4} too long
2025-09-23 16:09:57,356 INFO [LIB_00011069#1]                Voice.java:257  | Measure{#21} Voice{#2 excess:1/4} too long
2025-09-23 16:09:57,356 INFO [LIB_00011069#1]                Voice.java:257  | Measure{#23} Voice{#1 excess:1/4} too long
2025-09-23 16:09:57,356 INFO [LIB_00011069#1]                Voice.java:257  | Measure{#24} Voice{#1 excess:1/4} too long
2025-09-23 16:09:57,358 INFO [LIB_00011069#1]                 Book.java:2550 | Book{LIB_00011069} storing
2025-09-23 16:09:57,441 INFO [LIB_00011069#1]                 Book.java:2531 | Stored /book.xml
2025-09-23 16:09:57,668 INFO [LIB_00011069#1]           DataHolder.java:348  | Stored /sheet#1/BINARY.png
2025-09-23 16:09:58,662 INFO [LIB_00011069#1]                Sheet.java:1562 | Stored /sheet#1/sheet#1.xml
2025-09-23 16:09:58,662 INFO [LIB_00011069#1]                 Book.java:2491 | Book stored as /home/kaval/Documentos/dev/CONCER/python/outputs/LIB_00011069.omr
2025-09-23 16:09:58,663 INFO [LIB_00011069#1]            SheetStub.java:1644 | Disposed sheet#1
2025-09-23 16:09:58,717 INFO [LIB_00011069#1]                 Book.java:2018 | End of Stub#1 memory: 34,116,696
2025-09-23 16:09:58,718 INFO [LIB_00011069#2]       StepMonitoring.java:98   | LOAD
2025-09-23 16:09:59,541 INFO [LIB_00011069#2]            SheetStub.java:1268 | Loaded image #2 2550x3299 from /home/kaval/Documentos/dev/CONCER/python/uploads/LIB_00011069.pdf
2025-09-23 16:09:59,542 INFO [LIB_00011069#2]       StepMonitoring.java:98   | BINARY
2025-09-23 16:10:00,049 INFO [LIB_00011069#2]       StepMonitoring.java:98   | SCALE
2025-09-23 16:10:00,060 INFO [LIB_00011069#2]         ScaleBuilder.java:241  | Beam  guessed height: 10 -- 0.50 of 21 interline
2025-09-23 16:10:00,060 INFO [LIB_00011069#2]         ScaleBuilder.java:264  | Beam measured height: 17 -- 0.71 of [7..21] range at 80% of needed quorum
2025-09-23 16:10:00,060 WARN [LIB_00011069#2]         ScaleBuilder.java:293  | No reliable beam height found, guessed value: 10
2025-09-23 16:10:00,061 INFO [LIB_00011069#2]            ScaleStep.java:65   | Scale{ interline(19,21,22) line(3,5,7) beam(10 extra)}
2025-09-23 16:10:00,061 INFO [LIB_00011069#2]       StepMonitoring.java:98   | GRID
2025-09-23 16:10:00,927 INFO [LIB_00011069#2]       LinesRetriever.java:1500 | Global slope: -0.01202
2025-09-23 16:10:00,956 INFO [LIB_00011069#2]    ClustersRetriever.java:853  | Destroying spurious Cluster#C76{interline(19,21,22) size:5 fil#23@0 fil#32@1 fil#50@2 fil#65@3 fil#76@4}
2025-09-23 16:10:00,958 INFO [LIB_00011069#2]    ClustersRetriever.java:328  | Retrieved raw line clusters: 7 of sizes [5] with interline(19,21,22)
2025-09-23 16:10:01,534 INFO [LIB_00011069#2]            PeakGraph.java:310  | Systems: #1[1] #2[2] #3[3] #4[4] #5[5] #6[6] #7[7]
2025-09-23 16:10:02,387 INFO [LIB_00011069#2]        SystemManager.java:779  | 1 part along 7 systems
2025-09-23 16:10:02,388 INFO [LIB_00011069#2]       StepMonitoring.java:98   | HEADERS
2025-09-23 16:10:02,915 INFO [LIB_00011069#2]       StepMonitoring.java:98   | STEM_SEEDS
2025-09-23 16:10:02,965 INFO [LIB_00011069#2]        StemSeedsStep.java:86   | stem(5 max:7)
2025-09-23 16:10:02,998 INFO [LIB_00011069#2]       StepMonitoring.java:98   | BEAMS
2025-09-23 16:10:06,655 INFO [LIB_00011069#2]       StepMonitoring.java:98   | LEDGERS
2025-09-23 16:10:07,233 INFO [LIB_00011069#2]       StepMonitoring.java:98   | HEADS
2025-09-23 16:10:15,745 INFO [LIB_00011069#2]        HeadSeedTally.java:235  | Scale information: HeadSeeds{NOTEHEAD_VOID[L:1.4,R:1.1] NOTEHEAD_BLACK[L:0.2,R:-0.3]}
2025-09-23 16:10:15,745 INFO [LIB_00011069#2]       StepMonitoring.java:98   | STEMS
2025-09-23 16:10:16,458 INFO [LIB_00011069#2]       StepMonitoring.java:98   | REDUCTION
2025-09-23 16:10:16,531 INFO [LIB_00011069#2]        ReductionStep.java:105  | Stems free length median value: 54 pixels, 2.6 interlines
2025-09-23 16:10:16,536 INFO [LIB_00011069#2]       StepMonitoring.java:98   | CUE_BEAMS
2025-09-23 16:10:16,536 INFO [LIB_00011069#2]         CueBeamsStep.java:81   | Step CUE_BEAMS is skipped because small heads switch is off
2025-09-23 16:10:16,537 INFO [LIB_00011069#2]       StepMonitoring.java:98   | TEXTS
2025-09-23 16:10:16,695 WARN [LIB_00011069#2]         TesseractOCR.java:335  | The collection of supported languages is empty
2025-09-23 16:10:16,695 INFO [LIB_00011069#2]              OcrUtil.java:106  | Missing support for 'eng' language(s)
2025-09-23 16:10:16,700 INFO [LIB_00011069#2]       StepMonitoring.java:98   | MEASURES
2025-09-23 16:10:16,702 INFO [LIB_00011069#2]                 Page.java:307  | 39 raw measures: [5 in system#1, 7 in system#2, 6 in system#3, 5 in system#4, 5 in system#5, 6 in system#6, 5 in system#7]
2025-09-23 16:10:16,702 INFO [LIB_00011069#2]       StepMonitoring.java:98   | CHORDS
2025-09-23 16:10:16,717 INFO [LIB_00011069#2]       StepMonitoring.java:98   | CURVES
2025-09-23 16:10:17,761 INFO [LIB_00011069#2]         SlursBuilder.java:240  | Slurs: 19
2025-09-23 16:10:17,782 INFO [LIB_00011069#2]      SegmentsBuilder.java:155  | Segments: 21
2025-09-23 16:10:17,786 INFO [LIB_00011069#2]       StepMonitoring.java:98   | SYMBOLS
2025-09-23 16:10:19,958 INFO [LIB_00011069#2]       StepMonitoring.java:98   | LINKS
2025-09-23 16:10:20,013 INFO [LIB_00011069#2]       StepMonitoring.java:98   | RHYTHMS
2025-09-23 16:10:20,014 INFO [LIB_00011069#2]           PageRhythm.java:199  | {Page#2.1} Time value reused from sheet#1
2025-09-23 16:10:20,017 INFO [LIB_00011069#2]        MeasureRhythm.java:1045 | Measure{#1} No timeOffset for HeadChordInter#6939{(0.943/0.943) staff:1 slot#4 dur:1/4}
2025-09-23 16:10:20,017 INFO [LIB_00011069#2]        MeasureRhythm.java:1045 | Measure{#1} No timeOffset for HeadChordInter#6940{(0.933/0.933) staff:1 slot#4 dur:1/4}
2025-09-23 16:10:20,017 INFO [LIB_00011069#2]          StackRhythm.java:224  | S1 MeasureStack#1 no correct rhythm
2025-09-23 16:10:20,024 INFO [LIB_00011069#2]        MeasureRhythm.java:1045 | Measure{#7} No timeOffset for HeadChordInter#6971{(0.877/0.877) staff:2 slot#4 dur:1/4}
2025-09-23 16:10:20,024 INFO [LIB_00011069#2]                Voice.java:257  | Measure{#7} Voice{#1 excess:1/4} too long
2025-09-23 16:10:20,025 INFO [LIB_00011069#2]          StackRhythm.java:224  | S2 MeasureStack#7 no correct rhythm
2025-09-23 16:10:20,025 INFO [LIB_00011069#2]        MeasureRhythm.java:1045 | Measure{#8} No timeOffset for HeadChordInter#6976{(0.887/0.887) staff:2 slot#4 dur:1/4}
2025-09-23 16:10:20,026 INFO [LIB_00011069#2]                Voice.java:257  | Measure{#8} Voice{#1 excess:1/4} too long
2025-09-23 16:10:20,026 INFO [LIB_00011069#2]          StackRhythm.java:224  | S2 MeasureStack#8 no correct rhythm
2025-09-23 16:10:20,032 INFO [LIB_00011069#2]        MeasureRhythm.java:1045 | Measure{#12} No timeOffset for HeadChordInter#6999{(0.924/0.924) staff:2 slot#4 dur:1/4}
2025-09-23 16:10:20,032 INFO [LIB_00011069#2]        MeasureRhythm.java:1045 | Measure{#12} No timeOffset for HeadChordInter#7000{(0.912/0.912) staff:2 slot#4 dur:1/4}
2025-09-23 16:10:20,033 INFO [LIB_00011069#2]                Voice.java:257  | Measure{#12} Voice{#2 excess:1/4} too long
2025-09-23 16:10:20,033 INFO [LIB_00011069#2]          StackRhythm.java:224  | S2 MeasureStack#12 no correct rhythm
2025-09-23 16:10:20,038 INFO [LIB_00011069#2]        MeasureRhythm.java:1045 | Measure{#16} No timeOffset for HeadChordInter#7024{(0.925/0.925) staff:3 slot#4 dur:1/4}
2025-09-23 16:10:20,039 INFO [LIB_00011069#2]   AbstractChordInter.java:627  | Measure{#16} No timeOffset for HeadChordInter#7024{(0.925/0.925) staff:3 slot#4 dur:1/4}
2025-09-23 16:10:20,039 INFO [LIB_00011069#2]   AbstractChordInter.java:627  | Measure{#16} No timeOffset for HeadChordInter#7025{(0.933/0.933) staff:3 slot#5 dur:1/4}
2025-09-23 16:10:20,040 INFO [LIB_00011069#2]                Voice.java:257  | Measure{#16} Voice{#1 excess:1/8} too long
2025-09-23 16:10:20,040 INFO [LIB_00011069#2]          StackRhythm.java:224  | S3 MeasureStack#16 no correct rhythm
2025-09-23 16:10:20,053 INFO [LIB_00011069#2]        MeasureRhythm.java:1045 | Measure{#23} No timeOffset for HeadChordInter#7072{(0.522/0.522) staff:4 slot#7 dur:1/2}
2025-09-23 16:10:20,053 INFO [LIB_00011069#2]          StackRhythm.java:224  | S4 MeasureStack#23 no correct rhythm
2025-09-23 16:10:20,071 INFO [LIB_00011069#2]                Voice.java:257  | Measure{#37} Voice{#1 excess:1/4} too long
2025-09-23 16:10:20,072 INFO [LIB_00011069#2]          StackRhythm.java:224  | S7 MeasureStack#37 no correct rhythm
2025-09-23 16:10:20,073 INFO [LIB_00011069#2]       StepMonitoring.java:98   | PAGE
2025-09-23 16:10:20,078 INFO [LIB_00011069#2]                Voice.java:257  | Measure{#7} Voice{#1 excess:1/4} too long
2025-09-23 16:10:20,079 INFO [LIB_00011069#2]                Voice.java:257  | Measure{#8} Voice{#1 excess:1/4} too long
2025-09-23 16:10:20,079 INFO [LIB_00011069#2]                Voice.java:257  | Measure{#12} Voice{#2 excess:1/4} too long
2025-09-23 16:10:20,079 INFO [LIB_00011069#2]                Voice.java:257  | Measure{#16} Voice{#1 excess:1/8} too long
2025-09-23 16:10:20,080 INFO [LIB_00011069#2]                Voice.java:257  | Measure{#37} Voice{#1 excess:1/4} too long
2025-09-23 16:10:20,082 INFO [LIB_00011069#2]                 Book.java:2550 | Book{LIB_00011069} storing
2025-09-23 16:10:20,182 INFO [LIB_00011069#2]                 Book.java:2531 | Stored /book.xml
2025-09-23 16:10:20,283 INFO [LIB_00011069#2]           DataHolder.java:348  | Stored /sheet#2/BINARY.png
2025-09-23 16:10:21,215 INFO [LIB_00011069#2]                Sheet.java:1562 | Stored /sheet#2/sheet#2.xml
2025-09-23 16:10:21,215 INFO [LIB_00011069#2]                 Book.java:2491 | Book stored as /home/kaval/Documentos/dev/CONCER/python/outputs/LIB_00011069.omr
2025-09-23 16:10:21,218 INFO [LIB_00011069#2]            SheetStub.java:1644 | Disposed sheet#2
2025-09-23 16:10:21,290 INFO [LIB_00011069#2]                 Book.java:2018 | End of Stub#2 memory: 33,680,976
2025-09-23 16:10:21,290 INFO [LIB_00011069]                 Book.java:2025 | Book processed.
2025-09-23 16:10:22,604 INFO [LIB_00011069]            SheetStub.java:995  | Loaded /sheet#1/sheet#1.xml
2025-09-23 16:10:23,285 INFO [LIB_00011069]            SheetStub.java:995  | Loaded /sheet#2/sheet#2.xml
2025-09-23 16:10:23,743 INFO [LIB_00011069]      PartwiseBuilder.java:2661 | Exporting sheet(s): [#1#2]
2025-09-23 16:10:23,916 INFO [LIB_00011069]        ScoreExporter.java:164  | Score LIB_00011069 exported to /home/kaval/Documentos/dev/CONCER/python/outputs/LIB_00011069.mxl
2025-09-23 16:10:23,975 INFO [LIB_00011069]                Score.java:181  | Closing {Score 1}
