2025-09-23 15:59:30,474 INFO [LIB_00005819]                 Book.java:562  | 1 sheet in /home/kaval/Documentos/dev/CONCER/python/uploads/LIB_00005819.pdf
2025-09-23 15:59:31,762 INFO []                 Book.java:2531 | Stored /book.xml
2025-09-23 15:59:31,762 INFO []                 Book.java:2491 | Book stored as /home/kaval/Documentos/dev/CONCER/python/outputs/LIB_00005819.omr
2025-09-23 15:59:31,902 INFO []                 Book.java:1933 | Book reaching PAGE on sheets:[#1]
2025-09-23 15:59:31,904 INFO [LIB_00005819]       StepMonitoring.java:98   | LOAD
2025-09-23 15:59:33,034 INFO [LIB_00005819]            SheetStub.java:1268 | Loaded image #1 2479x3508 from /home/kaval/Documentos/dev/CONCER/python/uploads/LIB_00005819.pdf
2025-09-23 15:59:33,037 INFO [LIB_00005819]       StepMonitoring.java:98   | BINARY
2025-09-23 15:59:33,984 INFO [LIB_00005819]       StepMonitoring.java:98   | SCALE
2025-09-23 15:59:34,146 INFO [LIB_00005819]         ScaleBuilder.java:241  | Beam  guessed height: 10 -- 0.50 of 19 interline
2025-09-23 15:59:34,148 INFO [LIB_00005819]         ScaleBuilder.java:264  | Beam measured height: 12 -- 0.50 of [5..19] range at 365% of needed quorum
2025-09-23 15:59:34,148 INFO [LIB_00005819]            ScaleStep.java:65   | Scale{ interline(17,19,20) line(2,2,2) beam(12)}
2025-09-23 15:59:34,149 INFO [LIB_00005819]       StepMonitoring.java:98   | GRID
2025-09-23 15:59:34,891 INFO [LIB_00005819]       LinesRetriever.java:1500 | Global slope: 0.00000
2025-09-23 15:59:34,947 INFO [LIB_00005819]    ClustersRetriever.java:328  | Retrieved raw line clusters: 8 of sizes [5] with interline(17,19,20)
2025-09-23 15:59:35,481 INFO [LIB_00005819]            PeakGraph.java:310  | Systems: #1[1] #2[2] #3[3] #4[4] #5[5] #6[6] #7[7] #8[8]
2025-09-23 15:59:35,924 INFO [LIB_00005819]        SystemManager.java:134  | Indentation detected for system #1
2025-09-23 15:59:35,924 INFO [LIB_00005819]        SystemManager.java:779  | 1 part along 8 systems
2025-09-23 15:59:35,925 INFO [LIB_00005819]                 Book.java:545  | Created scores: [{Score 1}]
2025-09-23 15:59:35,926 INFO [LIB_00005819]       StepMonitoring.java:98   | HEADERS
2025-09-23 15:59:36,379 INFO [LIB_00005819]      BasicClassifier.java:277  | Classifier loaded XML norms.
2025-09-23 15:59:36,382 INFO [LIB_00005819]   AbstractClassifier.java:396  | Classifier data loaded from default uri file:///home/kaval/Documents/audiveris/app/res/basic-classifier.zip
2025-09-23 15:59:37,704 INFO [LIB_00005819]       StepMonitoring.java:98   | STEM_SEEDS
2025-09-23 15:59:38,028 INFO [LIB_00005819]        StemSeedsStep.java:86   | stem(2 max:2)
2025-09-23 15:59:38,105 INFO [LIB_00005819]       StepMonitoring.java:98   | BEAMS
2025-09-23 15:59:42,999 INFO [LIB_00005819]       StepMonitoring.java:98   | LEDGERS
2025-09-23 15:59:43,239 INFO [LIB_00005819]       StepMonitoring.java:98   | HEADS
2025-09-23 15:59:49,428 INFO [LIB_00005819]        HeadSeedTally.java:235  | Scale information: HeadSeeds{NOTEHEAD_VOID[L:-0.0] NOTEHEAD_BLACK[L:-0.3,R:-1.1]}
2025-09-23 15:59:49,443 INFO [LIB_00005819]       StepMonitoring.java:98   | STEMS
2025-09-23 15:59:50,090 INFO [LIB_00005819]           BeamLinker.java:1729 | Not linking shorter BeamHookInter#1602{(0.430/0.685) BEAM_HOOK}
2025-09-23 15:59:50,315 INFO [LIB_00005819]           BeamLinker.java:1729 | Not linking shorter BeamHookInter#1758{(0.433/0.685) BEAM_HOOK}
2025-09-23 15:59:50,454 INFO [LIB_00005819]       StepMonitoring.java:98   | REDUCTION
2025-09-23 15:59:50,697 INFO [LIB_00005819]        ReductionStep.java:105  | Stems free length median value: 48 pixels, 2.5 interlines
2025-09-23 15:59:50,703 INFO [LIB_00005819]       StepMonitoring.java:98   | CUE_BEAMS
2025-09-23 15:59:50,704 INFO [LIB_00005819]         CueBeamsStep.java:81   | Step CUE_BEAMS is skipped because small heads switch is off
2025-09-23 15:59:50,704 INFO [LIB_00005819]       StepMonitoring.java:98   | TEXTS
2025-09-23 15:59:51,002 WARN [LIB_00005819]         TesseractOCR.java:335  | The collection of supported languages is empty
2025-09-23 15:59:51,003 INFO [LIB_00005819]              OcrUtil.java:106  | Missing support for 'eng' language(s)
2025-09-23 15:59:51,107 INFO [LIB_00005819]       StepMonitoring.java:98   | MEASURES
2025-09-23 15:59:51,290 INFO [LIB_00005819]                 Page.java:307  | 33 raw measures: [4 in system#1, 4 in system#2, 4 in system#3, 5 in system#4, 4 in system#5, 4 in system#6, 4 in system#7, 4 in system#8]
2025-09-23 15:59:51,290 INFO [LIB_00005819]       StepMonitoring.java:98   | CHORDS
2025-09-23 15:59:51,364 INFO [LIB_00005819]       StepMonitoring.java:98   | CURVES
2025-09-23 15:59:53,094 INFO [LIB_00005819]         SlursBuilder.java:240  | Slurs: 3
2025-09-23 15:59:53,186 INFO [LIB_00005819]      SegmentsBuilder.java:155  | Segments: 35
2025-09-23 15:59:53,312 INFO [LIB_00005819]       StepMonitoring.java:98   | SYMBOLS
2025-09-23 15:59:54,909 INFO [LIB_00005819]       StepMonitoring.java:98   | LINKS
2025-09-23 15:59:55,113 INFO [LIB_00005819]       StepMonitoring.java:98   | RHYTHMS
2025-09-23 15:59:55,302 INFO [LIB_00005819]                Voice.java:257  | Measure{#1} Voice{#1 excess:1/4} too long
2025-09-23 15:59:55,305 INFO [LIB_00005819]          StackRhythm.java:224  | S1 MeasureStack#1 no correct rhythm
2025-09-23 15:59:55,314 INFO [LIB_00005819]                Voice.java:257  | Measure{#2} Voice{#5 excess:1/8} too long
2025-09-23 15:59:55,315 INFO [LIB_00005819]          StackRhythm.java:224  | S1 MeasureStack#2 no correct rhythm
2025-09-23 15:59:55,321 INFO [LIB_00005819]                Voice.java:257  | Measure{#3} Voice{#5 excess:1/8} too long
2025-09-23 15:59:55,322 INFO [LIB_00005819]          StackRhythm.java:224  | S1 MeasureStack#3 no correct rhythm
2025-09-23 15:59:55,329 INFO [LIB_00005819]                Voice.java:257  | Measure{#4} Voice{#5 excess:1/8} too long
2025-09-23 15:59:55,330 INFO [LIB_00005819]          StackRhythm.java:224  | S1 MeasureStack#4 no correct rhythm
2025-09-23 15:59:55,342 INFO [LIB_00005819]                Voice.java:257  | Measure{#5} Voice{#1 excess:1/4} too long
2025-09-23 15:59:55,343 INFO [LIB_00005819]                Voice.java:257  | Measure{#5} Voice{#4 excess:1/8} too long
2025-09-23 15:59:55,343 INFO [LIB_00005819]          StackRhythm.java:224  | S2 MeasureStack#5 no correct rhythm
2025-09-23 15:59:55,350 INFO [LIB_00005819]                Voice.java:257  | Measure{#6} Voice{#5 excess:1/8} too long
2025-09-23 15:59:55,351 INFO [LIB_00005819]          StackRhythm.java:224  | S2 MeasureStack#6 no correct rhythm
2025-09-23 15:59:55,355 INFO [LIB_00005819]                Voice.java:257  | Measure{#7} Voice{#4 excess:1/4} too long
2025-09-23 15:59:55,356 INFO [LIB_00005819]          StackRhythm.java:224  | S2 MeasureStack#7 no correct rhythm
2025-09-23 15:59:55,360 INFO [LIB_00005819]                Voice.java:257  | Measure{#8} Voice{#5 excess:1/8} too long
2025-09-23 15:59:55,361 INFO [LIB_00005819]          StackRhythm.java:224  | S2 MeasureStack#8 no correct rhythm
2025-09-23 15:59:55,364 INFO [LIB_00005819]                Voice.java:257  | Measure{#9} Voice{#5 excess:1/8} too long
2025-09-23 15:59:55,365 INFO [LIB_00005819]          StackRhythm.java:224  | S3 MeasureStack#9 no correct rhythm
2025-09-23 15:59:55,367 INFO [LIB_00005819]                Voice.java:257  | Measure{#10} Voice{#5 excess:1/8} too long
2025-09-23 15:59:55,368 INFO [LIB_00005819]          StackRhythm.java:224  | S3 MeasureStack#10 no correct rhythm
2025-09-23 15:59:55,371 INFO [LIB_00005819]                Voice.java:257  | Measure{#11} Voice{#5 excess:1/8} too long
2025-09-23 15:59:55,372 INFO [LIB_00005819]          StackRhythm.java:224  | S3 MeasureStack#11 no correct rhythm
2025-09-23 15:59:55,375 INFO [LIB_00005819]                Voice.java:257  | Measure{#12} Voice{#5 excess:1/8} too long
2025-09-23 15:59:55,376 INFO [LIB_00005819]          StackRhythm.java:224  | S3 MeasureStack#12 no correct rhythm
2025-09-23 15:59:55,381 INFO [LIB_00005819]                Voice.java:257  | Measure{#13} Voice{#5 excess:1/8} too long
2025-09-23 15:59:55,381 INFO [LIB_00005819]          StackRhythm.java:224  | S4 MeasureStack#13 no correct rhythm
2025-09-23 15:59:55,384 INFO [LIB_00005819]                Voice.java:257  | Measure{#14} Voice{#5 excess:1/8} too long
2025-09-23 15:59:55,385 INFO [LIB_00005819]          StackRhythm.java:224  | S4 MeasureStack#14 no correct rhythm
2025-09-23 15:59:55,389 INFO [LIB_00005819]                Voice.java:257  | Measure{#15} Voice{#4 excess:1/8} too long
2025-09-23 15:59:55,389 INFO [LIB_00005819]          StackRhythm.java:224  | S4 MeasureStack#15 no correct rhythm
2025-09-23 15:59:55,393 INFO [LIB_00005819]                Voice.java:257  | Measure{#18} Voice{#5 excess:1/8} too long
2025-09-23 15:59:55,393 INFO [LIB_00005819]          StackRhythm.java:224  | S5 MeasureStack#18 no correct rhythm
2025-09-23 15:59:55,397 INFO [LIB_00005819]                Voice.java:257  | Measure{#19} Voice{#5 excess:1/8} too long
2025-09-23 15:59:55,397 INFO [LIB_00005819]          StackRhythm.java:224  | S5 MeasureStack#19 no correct rhythm
2025-09-23 15:59:55,401 INFO [LIB_00005819]                Voice.java:257  | Measure{#20} Voice{#5 excess:1/8} too long
2025-09-23 15:59:55,402 INFO [LIB_00005819]          StackRhythm.java:224  | S5 MeasureStack#20 no correct rhythm
2025-09-23 15:59:55,405 INFO [LIB_00005819]                Voice.java:257  | Measure{#21} Voice{#5 excess:1/8} too long
2025-09-23 15:59:55,405 INFO [LIB_00005819]          StackRhythm.java:224  | S5 MeasureStack#21 no correct rhythm
2025-09-23 15:59:55,409 INFO [LIB_00005819]                Voice.java:257  | Measure{#22} Voice{#5 excess:1/8} too long
2025-09-23 15:59:55,410 INFO [LIB_00005819]          StackRhythm.java:224  | S6 MeasureStack#22 no correct rhythm
2025-09-23 15:59:55,415 INFO [LIB_00005819]                Voice.java:257  | Measure{#23} Voice{#5 excess:1/8} too long
2025-09-23 15:59:55,415 INFO [LIB_00005819]          StackRhythm.java:224  | S6 MeasureStack#23 no correct rhythm
2025-09-23 15:59:55,418 INFO [LIB_00005819]                Voice.java:257  | Measure{#24} Voice{#5 excess:1/8} too long
2025-09-23 15:59:55,419 INFO [LIB_00005819]          StackRhythm.java:224  | S6 MeasureStack#24 no correct rhythm
2025-09-23 15:59:55,422 INFO [LIB_00005819]                Voice.java:257  | Measure{#25} Voice{#5 excess:1/8} too long
2025-09-23 15:59:55,422 INFO [LIB_00005819]          StackRhythm.java:224  | S6 MeasureStack#25 no correct rhythm
2025-09-23 15:59:55,425 INFO [LIB_00005819]                Voice.java:257  | Measure{#26} Voice{#5 excess:1/8} too long
2025-09-23 15:59:55,426 INFO [LIB_00005819]          StackRhythm.java:224  | S7 MeasureStack#26 no correct rhythm
2025-09-23 15:59:55,429 INFO [LIB_00005819]                Voice.java:257  | Measure{#27} Voice{#5 excess:1/8} too long
2025-09-23 15:59:55,430 INFO [LIB_00005819]          StackRhythm.java:224  | S7 MeasureStack#27 no correct rhythm
2025-09-23 15:59:55,433 INFO [LIB_00005819]                Voice.java:257  | Measure{#28} Voice{#5 excess:1/8} too long
2025-09-23 15:59:55,433 INFO [LIB_00005819]          StackRhythm.java:224  | S7 MeasureStack#28 no correct rhythm
2025-09-23 15:59:55,436 INFO [LIB_00005819]                Voice.java:257  | Measure{#29} Voice{#5 excess:1/8} too long
2025-09-23 15:59:55,437 INFO [LIB_00005819]          StackRhythm.java:224  | S7 MeasureStack#29 no correct rhythm
2025-09-23 15:59:55,439 INFO [LIB_00005819]                Voice.java:257  | Measure{#30} Voice{#5 excess:1/8} too long
2025-09-23 15:59:55,440 INFO [LIB_00005819]          StackRhythm.java:224  | S8 MeasureStack#30 no correct rhythm
2025-09-23 15:59:55,443 INFO [LIB_00005819]                Voice.java:257  | Measure{#31} Voice{#5 excess:1/8} too long
2025-09-23 15:59:55,444 INFO [LIB_00005819]          StackRhythm.java:224  | S8 MeasureStack#31 no correct rhythm
2025-09-23 15:59:55,446 INFO [LIB_00005819]                Voice.java:257  | Measure{#32} Voice{#4 excess:1/8} too long
2025-09-23 15:59:55,447 INFO [LIB_00005819]          StackRhythm.java:224  | S8 MeasureStack#32 no correct rhythm
2025-09-23 15:59:55,448 INFO [LIB_00005819]       StepMonitoring.java:98   | PAGE
2025-09-23 15:59:55,527 INFO [LIB_00005819]                Voice.java:257  | Measure{#1} Voice{#1 excess:1/4} too long
2025-09-23 15:59:55,527 INFO [LIB_00005819]                Voice.java:257  | Measure{#2} Voice{#5 excess:1/8} too long
2025-09-23 15:59:55,528 INFO [LIB_00005819]                Voice.java:257  | Measure{#3} Voice{#5 excess:1/8} too long
2025-09-23 15:59:55,528 INFO [LIB_00005819]                Voice.java:257  | Measure{#4} Voice{#5 excess:1/8} too long
2025-09-23 15:59:55,528 INFO [LIB_00005819]                Voice.java:257  | Measure{#5} Voice{#1 excess:1/4} too long
2025-09-23 15:59:55,528 INFO [LIB_00005819]                Voice.java:257  | Measure{#5} Voice{#4 excess:1/8} too long
2025-09-23 15:59:55,529 INFO [LIB_00005819]                Voice.java:257  | Measure{#6} Voice{#5 excess:1/8} too long
2025-09-23 15:59:55,529 INFO [LIB_00005819]                Voice.java:257  | Measure{#7} Voice{#4 excess:1/4} too long
2025-09-23 15:59:55,529 INFO [LIB_00005819]                Voice.java:257  | Measure{#8} Voice{#5 excess:1/8} too long
2025-09-23 15:59:55,529 INFO [LIB_00005819]                Voice.java:257  | Measure{#9} Voice{#5 excess:1/8} too long
2025-09-23 15:59:55,530 INFO [LIB_00005819]                Voice.java:257  | Measure{#10} Voice{#5 excess:1/8} too long
2025-09-23 15:59:55,530 INFO [LIB_00005819]                Voice.java:257  | Measure{#11} Voice{#5 excess:1/8} too long
2025-09-23 15:59:55,530 INFO [LIB_00005819]                Voice.java:257  | Measure{#12} Voice{#5 excess:1/8} too long
2025-09-23 15:59:55,530 INFO [LIB_00005819]                Voice.java:257  | Measure{#13} Voice{#5 excess:1/8} too long
2025-09-23 15:59:55,531 INFO [LIB_00005819]                Voice.java:257  | Measure{#14} Voice{#5 excess:1/8} too long
2025-09-23 15:59:55,531 INFO [LIB_00005819]                Voice.java:257  | Measure{#15} Voice{#4 excess:1/8} too long
2025-09-23 15:59:55,531 INFO [LIB_00005819]                Voice.java:257  | Measure{#18} Voice{#5 excess:1/8} too long
2025-09-23 15:59:55,532 INFO [LIB_00005819]                Voice.java:257  | Measure{#19} Voice{#5 excess:1/8} too long
2025-09-23 15:59:55,532 INFO [LIB_00005819]                Voice.java:257  | Measure{#20} Voice{#5 excess:1/8} too long
2025-09-23 15:59:55,532 INFO [LIB_00005819]                Voice.java:257  | Measure{#21} Voice{#5 excess:1/8} too long
2025-09-23 15:59:55,532 INFO [LIB_00005819]                Voice.java:257  | Measure{#22} Voice{#5 excess:1/8} too long
2025-09-23 15:59:55,533 INFO [LIB_00005819]                Voice.java:257  | Measure{#23} Voice{#5 excess:1/8} too long
2025-09-23 15:59:55,533 INFO [LIB_00005819]                Voice.java:257  | Measure{#24} Voice{#5 excess:1/8} too long
2025-09-23 15:59:55,533 INFO [LIB_00005819]                Voice.java:257  | Measure{#25} Voice{#5 excess:1/8} too long
2025-09-23 15:59:55,533 INFO [LIB_00005819]                Voice.java:257  | Measure{#26} Voice{#5 excess:1/8} too long
2025-09-23 15:59:55,534 INFO [LIB_00005819]                Voice.java:257  | Measure{#27} Voice{#5 excess:1/8} too long
2025-09-23 15:59:55,534 INFO [LIB_00005819]                Voice.java:257  | Measure{#28} Voice{#5 excess:1/8} too long
2025-09-23 15:59:55,534 INFO [LIB_00005819]                Voice.java:257  | Measure{#29} Voice{#5 excess:1/8} too long
2025-09-23 15:59:55,534 INFO [LIB_00005819]                Voice.java:257  | Measure{#30} Voice{#5 excess:1/8} too long
2025-09-23 15:59:55,534 INFO [LIB_00005819]                Voice.java:257  | Measure{#31} Voice{#5 excess:1/8} too long
2025-09-23 15:59:55,535 INFO [LIB_00005819]                Voice.java:257  | Measure{#32} Voice{#4 excess:1/8} too long
2025-09-23 15:59:55,536 INFO [LIB_00005819]                 Book.java:2550 | Book{LIB_00005819} storing
2025-09-23 15:59:55,598 INFO [LIB_00005819]                 Book.java:2531 | Stored /book.xml
2025-09-23 15:59:55,804 INFO [LIB_00005819]           DataHolder.java:348  | Stored /sheet#1/BINARY.png
2025-09-23 15:59:58,806 INFO [LIB_00005819]                Sheet.java:1562 | Stored /sheet#1/sheet#1.xml
2025-09-23 15:59:58,806 INFO [LIB_00005819]                 Book.java:2491 | Book stored as /home/kaval/Documentos/dev/CONCER/python/outputs/LIB_00005819.omr
2025-09-23 15:59:58,809 INFO [LIB_00005819]            SheetStub.java:1644 | Disposed sheet
2025-09-23 15:59:58,862 INFO [LIB_00005819]                 Book.java:2018 | End of Stub#1 memory: 33,014,072
2025-09-23 15:59:58,863 INFO [LIB_00005819]                 Book.java:2025 | Book processed.
2025-09-23 16:00:00,648 INFO [LIB_00005819]            SheetStub.java:995  | Loaded /sheet#1/sheet#1.xml
2025-09-23 16:00:02,871 INFO [LIB_00005819]      PartwiseBuilder.java:2661 | Exporting sheet(s): [#1]
2025-09-23 16:00:03,341 INFO [LIB_00005819]        ScoreExporter.java:164  | Score LIB_00005819 exported to /home/kaval/Documentos/dev/CONCER/python/outputs/LIB_00005819.mxl
2025-09-23 16:00:03,412 INFO [LIB_00005819]                Score.java:181  | Closing {Score 1}
