2025-07-30 20:49:17,987 INFO [nevando-esta-adrian-patio-arr-fernando-arduz_compress]                 Book.java:562  | 2 sheets in /home/kaval/Documentos/dev/CONCER/python/uploads/nevando-esta-adrian-patio-arr-fernando-arduz_compress.pdf
2025-07-30 20:49:18,167 INFO []                 Book.java:2531 | Stored /book.xml
2025-07-30 20:49:18,168 INFO []                 Book.java:2491 | Book stored as /home/kaval/Documentos/dev/CONCER/python/outputs/nevando-esta-adrian-patio-arr-fernando-arduz_compress.omr
2025-07-30 20:49:18,190 INFO []                 Book.java:1933 | Book reaching PAGE on sheets:[#1#2]
2025-07-30 20:49:18,192 INFO [nevando-esta-adrian-patio-arr-fernando-arduz_compress#1]       StepMonitoring.java:98   | LOAD
2025-07-30 20:49:19,316 INFO [nevando-esta-adrian-patio-arr-fernando-arduz_compress#1]            SheetStub.java:1268 | Loaded image #1 2550x3299 from /home/kaval/Documentos/dev/CONCER/python/uploads/nevando-esta-adrian-patio-arr-fernando-arduz_compress.pdf
2025-07-30 20:49:19,321 INFO [nevando-esta-adrian-patio-arr-fernando-arduz_compress#1]       StepMonitoring.java:98   | BINARY
2025-07-30 20:49:19,849 INFO [nevando-esta-adrian-patio-arr-fernando-arduz_compress#1]       StepMonitoring.java:98   | SCALE
2025-07-30 20:49:19,883 INFO [nevando-esta-adrian-patio-arr-fernando-arduz_compress#1]         ScaleBuilder.java:241  | Beam  guessed height: 10 -- 0.50 of 20 interline
2025-07-30 20:49:19,885 INFO [nevando-esta-adrian-patio-arr-fernando-arduz_compress#1]         ScaleBuilder.java:264  | Beam measured height: 11 -- 0.25 of [8..20] range at 171% of needed quorum
2025-07-30 20:49:19,885 INFO [nevando-esta-adrian-patio-arr-fernando-arduz_compress#1]            ScaleStep.java:65   | Scale{ interline(18,20,21) line(4,6,8) beam(11)}
2025-07-30 20:49:19,886 INFO [nevando-esta-adrian-patio-arr-fernando-arduz_compress#1]       StepMonitoring.java:98   | GRID
2025-07-30 20:49:21,012 INFO [nevando-esta-adrian-patio-arr-fernando-arduz_compress#1]       LinesRetriever.java:1500 | Global slope: -0.00147
2025-07-30 20:49:21,066 INFO [nevando-esta-adrian-patio-arr-fernando-arduz_compress#1]    ClustersRetriever.java:328  | Retrieved raw line clusters: 6 of sizes [5] with interline(18,20,21)
2025-07-30 20:49:21,472 INFO [nevando-esta-adrian-patio-arr-fernando-arduz_compress#1]            PeakGraph.java:310  | Systems: #1[1] #2[2] #3[3] #4[4] #5[5] #6[6]
2025-07-30 20:49:22,374 INFO [nevando-esta-adrian-patio-arr-fernando-arduz_compress#1]        SystemManager.java:134  | Indentation detected for system #1
2025-07-30 20:49:22,375 INFO [nevando-esta-adrian-patio-arr-fernando-arduz_compress#1]        SystemManager.java:779  | 1 part along 6 systems
2025-07-30 20:49:22,376 INFO [nevando-esta-adrian-patio-arr-fernando-arduz_compress#1]                 Book.java:545  | Created scores: [{Score 1}]
2025-07-30 20:49:22,377 INFO [nevando-esta-adrian-patio-arr-fernando-arduz_compress#1]       StepMonitoring.java:98   | HEADERS
2025-07-30 20:49:22,694 INFO [nevando-esta-adrian-patio-arr-fernando-arduz_compress#1]      BasicClassifier.java:277  | Classifier loaded XML norms.
2025-07-30 20:49:22,697 INFO [nevando-esta-adrian-patio-arr-fernando-arduz_compress#1]   AbstractClassifier.java:396  | Classifier data loaded from default uri file:///home/kaval/Documents/audiveris/app/res/basic-classifier.zip
2025-07-30 20:49:23,241 INFO [nevando-esta-adrian-patio-arr-fernando-arduz_compress#1]       StepMonitoring.java:98   | STEM_SEEDS
2025-07-30 20:49:23,329 INFO [nevando-esta-adrian-patio-arr-fernando-arduz_compress#1]        StemSeedsStep.java:86   | stem(5 max:7)
2025-07-30 20:49:23,463 INFO [nevando-esta-adrian-patio-arr-fernando-arduz_compress#1]       StepMonitoring.java:98   | BEAMS
2025-07-30 20:49:27,771 INFO [nevando-esta-adrian-patio-arr-fernando-arduz_compress#1]       StepMonitoring.java:98   | LEDGERS
2025-07-30 20:49:28,408 INFO [nevando-esta-adrian-patio-arr-fernando-arduz_compress#1]       StepMonitoring.java:98   | HEADS
2025-07-30 20:49:35,681 INFO [nevando-esta-adrian-patio-arr-fernando-arduz_compress#1]        HeadSeedTally.java:235  | Scale information: HeadSeeds{NOTEHEAD_VOID[L:0.4,R:1.2] NOTEHEAD_BLACK[L:0.4,R:0.6]}
2025-07-30 20:49:35,682 INFO [nevando-esta-adrian-patio-arr-fernando-arduz_compress#1]       StepMonitoring.java:98   | STEMS
2025-07-30 20:49:36,543 INFO [nevando-esta-adrian-patio-arr-fernando-arduz_compress#1]           BeamLinker.java:1729 | Not linking shorter BeamInter#1336{(0.353/0.527) BEAM}
2025-07-30 20:49:37,242 INFO [nevando-esta-adrian-patio-arr-fernando-arduz_compress#1]       StepMonitoring.java:98   | REDUCTION
2025-07-30 20:49:37,409 INFO [nevando-esta-adrian-patio-arr-fernando-arduz_compress#1]        ReductionStep.java:105  | Stems free length median value: 52 pixels, 2.6 interlines
2025-07-30 20:49:37,414 INFO [nevando-esta-adrian-patio-arr-fernando-arduz_compress#1]       StepMonitoring.java:98   | CUE_BEAMS
2025-07-30 20:49:37,414 INFO [nevando-esta-adrian-patio-arr-fernando-arduz_compress#1]         CueBeamsStep.java:81   | Step CUE_BEAMS is skipped because small heads switch is off
2025-07-30 20:49:37,415 INFO [nevando-esta-adrian-patio-arr-fernando-arduz_compress#1]       StepMonitoring.java:98   | TEXTS
2025-07-30 20:49:37,628 WARN [nevando-esta-adrian-patio-arr-fernando-arduz_compress#1]         TesseractOCR.java:335  | The collection of supported languages is empty
2025-07-30 20:49:37,629 INFO [nevando-esta-adrian-patio-arr-fernando-arduz_compress#1]              OcrUtil.java:106  | Missing support for 'eng' language(s)
2025-07-30 20:49:37,642 INFO [nevando-esta-adrian-patio-arr-fernando-arduz_compress#1]       StepMonitoring.java:98   | MEASURES
2025-07-30 20:49:37,652 INFO [nevando-esta-adrian-patio-arr-fernando-arduz_compress#1]                 Page.java:307  | 30 raw measures: [5 in system#1, 5 in system#2, 5 in system#3, 4 in system#4, 6 in system#5, 5 in system#6]
2025-07-30 20:49:37,653 INFO [nevando-esta-adrian-patio-arr-fernando-arduz_compress#1]       StepMonitoring.java:98   | CHORDS
2025-07-30 20:49:37,682 INFO [nevando-esta-adrian-patio-arr-fernando-arduz_compress#1]       StepMonitoring.java:98   | CURVES
2025-07-30 20:49:39,446 INFO [nevando-esta-adrian-patio-arr-fernando-arduz_compress#1]         SlursBuilder.java:240  | Slurs: 47
2025-07-30 20:49:39,694 INFO [nevando-esta-adrian-patio-arr-fernando-arduz_compress#1]      SegmentsBuilder.java:155  | Segments: 33
2025-07-30 20:49:39,703 INFO [nevando-esta-adrian-patio-arr-fernando-arduz_compress#1]       StepMonitoring.java:98   | SYMBOLS
2025-07-30 20:49:42,528 INFO [nevando-esta-adrian-patio-arr-fernando-arduz_compress#1]       StepMonitoring.java:98   | LINKS
2025-07-30 20:49:42,585 INFO [nevando-esta-adrian-patio-arr-fernando-arduz_compress#1]        SymbolsLinker.java:257  | No chord linked to OctaveShiftInter#9994{(0.220) staff:4 VENTIDUESIMA BASSA}
2025-07-30 20:49:42,598 INFO [nevando-esta-adrian-patio-arr-fernando-arduz_compress#1]        SymbolsLinker.java:257  | No chord linked to OctaveShiftInter#10373{(0.220) staff:5 VENTIDUESIMA ALTA}
2025-07-30 20:49:42,637 INFO [nevando-esta-adrian-patio-arr-fernando-arduz_compress#1]       StepMonitoring.java:98   | RHYTHMS
2025-07-30 20:49:42,691 INFO [nevando-esta-adrian-patio-arr-fernando-arduz_compress#1]        MeasureRhythm.java:1045 | Measure{#6} No timeOffset for HeadChordInter#7417{(0.945/0.945) staff:2 slot#4 dur:1/4}
2025-07-30 20:49:42,693 INFO [nevando-esta-adrian-patio-arr-fernando-arduz_compress#1]                Voice.java:257  | Measure{#6} Voice{#3 excess:1/4} too long
2025-07-30 20:49:42,694 INFO [nevando-esta-adrian-patio-arr-fernando-arduz_compress#1]          StackRhythm.java:224  | S2 MeasureStack#6 no correct rhythm
2025-07-30 20:49:42,702 INFO [nevando-esta-adrian-patio-arr-fernando-arduz_compress#1]        MeasureRhythm.java:1045 | Measure{#8} No timeOffset for HeadChordInter#7429{(0.924/0.924) staff:2 slot#4 dur:1/4}
2025-07-30 20:49:42,703 INFO [nevando-esta-adrian-patio-arr-fernando-arduz_compress#1]   AbstractChordInter.java:627  | Measure{#8} No timeOffset for HeadChordInter#7429{(0.924/0.924) staff:2 slot#4 dur:1/4}
2025-07-30 20:49:42,704 INFO [nevando-esta-adrian-patio-arr-fernando-arduz_compress#1]   AbstractChordInter.java:627  | Measure{#8} No timeOffset for HeadChordInter#7430{(0.558/0.558) staff:2 slot#5 dur:1/2}
2025-07-30 20:49:42,705 INFO [nevando-esta-adrian-patio-arr-fernando-arduz_compress#1]   AbstractChordInter.java:627  | Measure{#8} No timeOffset for HeadChordInter#7431{(0.840/0.840) staff:2 slot#6 dur:1/4}
2025-07-30 20:49:42,706 INFO [nevando-esta-adrian-patio-arr-fernando-arduz_compress#1]   AbstractChordInter.java:627  | Measure{#8} No timeOffset for HeadChordInter#7433{(0.930/0.930) staff:2 slot#8 dur:1/8}
2025-07-30 20:49:42,706 INFO [nevando-esta-adrian-patio-arr-fernando-arduz_compress#1]   AbstractChordInter.java:627  | Measure{#8} No timeOffset for HeadChordInter#7434{(0.898/0.898) staff:2 slot#9 dur:1/8}
2025-07-30 20:49:42,707 INFO [nevando-esta-adrian-patio-arr-fernando-arduz_compress#1]   AbstractChordInter.java:627  | Measure{#8} No timeOffset for HeadChordInter#7435{(0.828/0.828) staff:2 slot#10 dur:1/4}
2025-07-30 20:49:42,707 INFO [nevando-esta-adrian-patio-arr-fernando-arduz_compress#1]                Voice.java:257  | Measure{#8} Voice{#1 excess:1/4} too long
2025-07-30 20:49:42,708 INFO [nevando-esta-adrian-patio-arr-fernando-arduz_compress#1]          StackRhythm.java:224  | S2 MeasureStack#8 no correct rhythm
2025-07-30 20:49:42,724 INFO [nevando-esta-adrian-patio-arr-fernando-arduz_compress#1]        MeasureRhythm.java:1045 | Measure{#14} No timeOffset for HeadChordInter#7477{(0.930/0.930) staff:3 slot#4 dur:1/8}
2025-07-30 20:49:42,726 INFO [nevando-esta-adrian-patio-arr-fernando-arduz_compress#1]   AbstractChordInter.java:627  | Measure{#14} No timeOffset for HeadChordInter#7477{(0.930/0.930) staff:3 slot#4 dur:1/8}
2025-07-30 20:49:42,727 INFO [nevando-esta-adrian-patio-arr-fernando-arduz_compress#1]          StackRhythm.java:224  | S3 MeasureStack#14 no correct rhythm
2025-07-30 20:49:42,729 INFO [nevando-esta-adrian-patio-arr-fernando-arduz_compress#1]        MeasureRhythm.java:1045 | Measure{#15} No timeOffset for HeadChordInter#7485{(0.932/0.932) staff:3 slot#4 dur:1/4}
2025-07-30 20:49:42,730 INFO [nevando-esta-adrian-patio-arr-fernando-arduz_compress#1]        MeasureRhythm.java:1045 | Measure{#15} No timeOffset for HeadChordInter#7486{(0.942/0.942) staff:3 slot#4 dur:1/4}
2025-07-30 20:49:42,731 INFO [nevando-esta-adrian-patio-arr-fernando-arduz_compress#1]          StackRhythm.java:224  | S3 MeasureStack#15 no correct rhythm
2025-07-30 20:49:42,747 INFO [nevando-esta-adrian-patio-arr-fernando-arduz_compress#1]        MeasureRhythm.java:1045 | Measure{#19} No timeOffset for HeadChordInter#7513{(0.820/0.832) staff:4 slot#5 dur:1/2}
2025-07-30 20:49:42,747 INFO [nevando-esta-adrian-patio-arr-fernando-arduz_compress#1]   AbstractChordInter.java:627  | Measure{#19} No timeOffset for HeadChordInter#7513{(0.820/0.832) staff:4 slot#5 dur:1/2}
2025-07-30 20:49:42,749 INFO [nevando-esta-adrian-patio-arr-fernando-arduz_compress#1]   AbstractChordInter.java:627  | Measure{#19} No timeOffset for HeadChordInter#7514{(0.904/0.904) staff:4 slot#6 dur:1/4}
2025-07-30 20:49:42,749 INFO [nevando-esta-adrian-patio-arr-fernando-arduz_compress#1]   AbstractChordInter.java:627  | Measure{#19} No timeOffset for HeadChordInter#7516{(0.945/0.945) staff:4 slot#8 dur:1/8}
2025-07-30 20:49:42,750 INFO [nevando-esta-adrian-patio-arr-fernando-arduz_compress#1]   AbstractChordInter.java:627  | Measure{#19} No timeOffset for HeadChordInter#7517{(0.895/0.895) staff:4 slot#9 dur:1/8}
2025-07-30 20:49:42,750 INFO [nevando-esta-adrian-patio-arr-fernando-arduz_compress#1]   AbstractChordInter.java:627  | Measure{#19} No timeOffset for HeadChordInter#7518{(0.903/0.903) staff:4 slot#10 dur:1/4}
2025-07-30 20:49:42,751 INFO [nevando-esta-adrian-patio-arr-fernando-arduz_compress#1]                Voice.java:257  | Measure{#19} Voice{#1 excess:1/4} too long
2025-07-30 20:49:42,751 INFO [nevando-esta-adrian-patio-arr-fernando-arduz_compress#1]          StackRhythm.java:224  | S4 MeasureStack#19 no correct rhythm
2025-07-30 20:49:42,753 INFO [nevando-esta-adrian-patio-arr-fernando-arduz_compress#1]        MeasureRhythm.java:1045 | Measure{#21} No timeOffset for HeadChordInter#7524{(0.913/0.913) staff:5 slot#4 dur:1/4}
2025-07-30 20:49:42,753 INFO [nevando-esta-adrian-patio-arr-fernando-arduz_compress#1]                Voice.java:257  | Measure{#21} Voice{#2 excess:1/4} too long
2025-07-30 20:49:42,754 INFO [nevando-esta-adrian-patio-arr-fernando-arduz_compress#1]          StackRhythm.java:224  | S5 MeasureStack#21 no correct rhythm
2025-07-30 20:49:42,756 INFO [nevando-esta-adrian-patio-arr-fernando-arduz_compress#1]        MeasureRhythm.java:1045 | Measure{#22} No timeOffset for HeadChordInter#7529{(0.871/0.871) staff:5 slot#5 dur:1/8}
2025-07-30 20:49:42,756 INFO [nevando-esta-adrian-patio-arr-fernando-arduz_compress#1]   AbstractChordInter.java:627  | Measure{#22} No timeOffset for HeadChordInter#7529{(0.871/0.871) staff:5 slot#5 dur:1/8}
2025-07-30 20:49:42,757 INFO [nevando-esta-adrian-patio-arr-fernando-arduz_compress#1]   AbstractChordInter.java:627  | Measure{#22} No timeOffset for HeadChordInter#7530{(0.922/0.922) staff:5 slot#6 dur:1/4}
2025-07-30 20:49:42,757 INFO [nevando-esta-adrian-patio-arr-fernando-arduz_compress#1]          StackRhythm.java:224  | S5 MeasureStack#22 no correct rhythm
2025-07-30 20:49:42,759 INFO [nevando-esta-adrian-patio-arr-fernando-arduz_compress#1]        MeasureRhythm.java:1045 | Measure{#23} No timeOffset for HeadChordInter#7537{(0.861/0.861) staff:5 slot#4 dur:1/2}
2025-07-30 20:49:42,759 INFO [nevando-esta-adrian-patio-arr-fernando-arduz_compress#1]        MeasureRhythm.java:1045 | Measure{#23} No timeOffset for HeadChordInter#7536{(0.915/0.915) staff:5 slot#4 dur:1/4}
2025-07-30 20:49:42,760 INFO [nevando-esta-adrian-patio-arr-fernando-arduz_compress#1]   AbstractChordInter.java:627  | Measure{#23} No timeOffset for HeadChordInter#7537{(0.861/0.861) staff:5 slot#4 dur:1/2}
2025-07-30 20:49:42,760 INFO [nevando-esta-adrian-patio-arr-fernando-arduz_compress#1]   AbstractChordInter.java:627  | Measure{#23} No timeOffset for HeadChordInter#7536{(0.915/0.915) staff:5 slot#4 dur:1/4}
2025-07-30 20:49:42,760 INFO [nevando-esta-adrian-patio-arr-fernando-arduz_compress#1]                Voice.java:257  | Measure{#23} Voice{#1 excess:1/4} too long
2025-07-30 20:49:42,761 INFO [nevando-esta-adrian-patio-arr-fernando-arduz_compress#1]          StackRhythm.java:224  | S5 MeasureStack#23 no correct rhythm
2025-07-30 20:49:42,763 INFO [nevando-esta-adrian-patio-arr-fernando-arduz_compress#1]                Voice.java:257  | Measure{#24} Voice{#1 excess:1/4} too long
2025-07-30 20:49:42,763 INFO [nevando-esta-adrian-patio-arr-fernando-arduz_compress#1]          StackRhythm.java:224  | S5 MeasureStack#24 no correct rhythm
2025-07-30 20:49:42,765 INFO [nevando-esta-adrian-patio-arr-fernando-arduz_compress#1]        MeasureRhythm.java:1045 | Measure{#25} No timeOffset for HeadChordInter#7552{(0.528/0.528) staff:5 slot#5 dur:1/2}
2025-07-30 20:49:42,766 INFO [nevando-esta-adrian-patio-arr-fernando-arduz_compress#1]          StackRhythm.java:224  | S5 MeasureStack#25 no correct rhythm
2025-07-30 20:49:42,780 INFO [nevando-esta-adrian-patio-arr-fernando-arduz_compress#1]       StepMonitoring.java:98   | PAGE
2025-07-30 20:49:42,786 INFO [nevando-esta-adrian-patio-arr-fernando-arduz_compress#1]       SheetReduction.java:154  | Gutter. Different glyphs 4/5 BreathMarkInter#10058{(0.362/0.680) staff:4 BREATH_MARK} vs SlurInter#8190{(0.676/0.933) SLUR_ABOVE}
2025-07-30 20:49:42,794 INFO [nevando-esta-adrian-patio-arr-fernando-arduz_compress#1]                Voice.java:257  | Measure{#6} Voice{#3 excess:1/4} too long
2025-07-30 20:49:42,795 INFO [nevando-esta-adrian-patio-arr-fernando-arduz_compress#1]                Voice.java:257  | Measure{#8} Voice{#1 excess:1/4} too long
2025-07-30 20:49:42,795 INFO [nevando-esta-adrian-patio-arr-fernando-arduz_compress#1]                Voice.java:257  | Measure{#19} Voice{#1 excess:1/4} too long
2025-07-30 20:49:42,795 INFO [nevando-esta-adrian-patio-arr-fernando-arduz_compress#1]                Voice.java:257  | Measure{#21} Voice{#2 excess:1/4} too long
2025-07-30 20:49:42,796 INFO [nevando-esta-adrian-patio-arr-fernando-arduz_compress#1]                Voice.java:257  | Measure{#23} Voice{#1 excess:1/4} too long
2025-07-30 20:49:42,796 INFO [nevando-esta-adrian-patio-arr-fernando-arduz_compress#1]                Voice.java:257  | Measure{#24} Voice{#1 excess:1/4} too long
2025-07-30 20:49:42,797 INFO [nevando-esta-adrian-patio-arr-fernando-arduz_compress#1]                 Book.java:2550 | Book{nevando-esta-adrian-patio-arr-fernando-arduz_compress} storing
2025-07-30 20:49:42,883 INFO [nevando-esta-adrian-patio-arr-fernando-arduz_compress#1]                 Book.java:2531 | Stored /book.xml
2025-07-30 20:49:43,040 INFO [nevando-esta-adrian-patio-arr-fernando-arduz_compress#1]           DataHolder.java:348  | Stored /sheet#1/BINARY.png
2025-07-30 20:49:44,156 INFO [nevando-esta-adrian-patio-arr-fernando-arduz_compress#1]                Sheet.java:1562 | Stored /sheet#1/sheet#1.xml
2025-07-30 20:49:44,157 INFO [nevando-esta-adrian-patio-arr-fernando-arduz_compress#1]                 Book.java:2491 | Book stored as /home/kaval/Documentos/dev/CONCER/python/outputs/nevando-esta-adrian-patio-arr-fernando-arduz_compress.omr
2025-07-30 20:49:44,158 INFO [nevando-esta-adrian-patio-arr-fernando-arduz_compress#1]            SheetStub.java:1644 | Disposed sheet#1
2025-07-30 20:49:44,216 INFO [nevando-esta-adrian-patio-arr-fernando-arduz_compress#1]                 Book.java:2018 | End of Stub#1 memory: 33,693,592
2025-07-30 20:49:44,217 INFO [nevando-esta-adrian-patio-arr-fernando-arduz_compress#2]       StepMonitoring.java:98   | LOAD
2025-07-30 20:49:44,904 INFO [nevando-esta-adrian-patio-arr-fernando-arduz_compress#2]            SheetStub.java:1268 | Loaded image #2 2550x3299 from /home/kaval/Documentos/dev/CONCER/python/uploads/nevando-esta-adrian-patio-arr-fernando-arduz_compress.pdf
2025-07-30 20:49:44,905 INFO [nevando-esta-adrian-patio-arr-fernando-arduz_compress#2]       StepMonitoring.java:98   | BINARY
2025-07-30 20:49:45,331 INFO [nevando-esta-adrian-patio-arr-fernando-arduz_compress#2]       StepMonitoring.java:98   | SCALE
2025-07-30 20:49:45,340 INFO [nevando-esta-adrian-patio-arr-fernando-arduz_compress#2]         ScaleBuilder.java:241  | Beam  guessed height: 10 -- 0.50 of 21 interline
2025-07-30 20:49:45,341 INFO [nevando-esta-adrian-patio-arr-fernando-arduz_compress#2]         ScaleBuilder.java:264  | Beam measured height: 17 -- 0.71 of [7..21] range at 80% of needed quorum
2025-07-30 20:49:45,341 WARN [nevando-esta-adrian-patio-arr-fernando-arduz_compress#2]         ScaleBuilder.java:293  | No reliable beam height found, guessed value: 10
2025-07-30 20:49:45,341 INFO [nevando-esta-adrian-patio-arr-fernando-arduz_compress#2]            ScaleStep.java:65   | Scale{ interline(19,21,22) line(3,5,7) beam(10 extra)}
2025-07-30 20:49:45,341 INFO [nevando-esta-adrian-patio-arr-fernando-arduz_compress#2]       StepMonitoring.java:98   | GRID
2025-07-30 20:49:46,071 INFO [nevando-esta-adrian-patio-arr-fernando-arduz_compress#2]       LinesRetriever.java:1500 | Global slope: -0.01202
2025-07-30 20:49:46,096 INFO [nevando-esta-adrian-patio-arr-fernando-arduz_compress#2]    ClustersRetriever.java:853  | Destroying spurious Cluster#C76{interline(19,21,22) size:5 fil#23@0 fil#32@1 fil#50@2 fil#65@3 fil#76@4}
2025-07-30 20:49:46,098 INFO [nevando-esta-adrian-patio-arr-fernando-arduz_compress#2]    ClustersRetriever.java:328  | Retrieved raw line clusters: 7 of sizes [5] with interline(19,21,22)
2025-07-30 20:49:46,530 INFO [nevando-esta-adrian-patio-arr-fernando-arduz_compress#2]            PeakGraph.java:310  | Systems: #1[1] #2[2] #3[3] #4[4] #5[5] #6[6] #7[7]
2025-07-30 20:49:47,287 INFO [nevando-esta-adrian-patio-arr-fernando-arduz_compress#2]        SystemManager.java:779  | 1 part along 7 systems
2025-07-30 20:49:47,287 INFO [nevando-esta-adrian-patio-arr-fernando-arduz_compress#2]       StepMonitoring.java:98   | HEADERS
2025-07-30 20:49:47,709 INFO [nevando-esta-adrian-patio-arr-fernando-arduz_compress#2]       StepMonitoring.java:98   | STEM_SEEDS
2025-07-30 20:49:47,757 INFO [nevando-esta-adrian-patio-arr-fernando-arduz_compress#2]        StemSeedsStep.java:86   | stem(5 max:7)
2025-07-30 20:49:47,782 INFO [nevando-esta-adrian-patio-arr-fernando-arduz_compress#2]       StepMonitoring.java:98   | BEAMS
2025-07-30 20:49:51,209 INFO [nevando-esta-adrian-patio-arr-fernando-arduz_compress#2]       StepMonitoring.java:98   | LEDGERS
2025-07-30 20:49:51,683 INFO [nevando-esta-adrian-patio-arr-fernando-arduz_compress#2]       StepMonitoring.java:98   | HEADS
2025-07-30 20:49:58,809 INFO [nevando-esta-adrian-patio-arr-fernando-arduz_compress#2]        HeadSeedTally.java:235  | Scale information: HeadSeeds{NOTEHEAD_VOID[L:1.4,R:1.1] NOTEHEAD_BLACK[L:0.2,R:-0.3]}
2025-07-30 20:49:58,810 INFO [nevando-esta-adrian-patio-arr-fernando-arduz_compress#2]       StepMonitoring.java:98   | STEMS
2025-07-30 20:49:59,401 INFO [nevando-esta-adrian-patio-arr-fernando-arduz_compress#2]       StepMonitoring.java:98   | REDUCTION
2025-07-30 20:49:59,489 INFO [nevando-esta-adrian-patio-arr-fernando-arduz_compress#2]        ReductionStep.java:105  | Stems free length median value: 54 pixels, 2.6 interlines
2025-07-30 20:49:59,496 INFO [nevando-esta-adrian-patio-arr-fernando-arduz_compress#2]       StepMonitoring.java:98   | CUE_BEAMS
2025-07-30 20:49:59,497 INFO [nevando-esta-adrian-patio-arr-fernando-arduz_compress#2]         CueBeamsStep.java:81   | Step CUE_BEAMS is skipped because small heads switch is off
2025-07-30 20:49:59,497 INFO [nevando-esta-adrian-patio-arr-fernando-arduz_compress#2]       StepMonitoring.java:98   | TEXTS
2025-07-30 20:49:59,636 WARN [nevando-esta-adrian-patio-arr-fernando-arduz_compress#2]         TesseractOCR.java:335  | The collection of supported languages is empty
2025-07-30 20:49:59,637 INFO [nevando-esta-adrian-patio-arr-fernando-arduz_compress#2]              OcrUtil.java:106  | Missing support for 'eng' language(s)
2025-07-30 20:49:59,640 INFO [nevando-esta-adrian-patio-arr-fernando-arduz_compress#2]       StepMonitoring.java:98   | MEASURES
2025-07-30 20:49:59,642 INFO [nevando-esta-adrian-patio-arr-fernando-arduz_compress#2]                 Page.java:307  | 39 raw measures: [5 in system#1, 7 in system#2, 6 in system#3, 5 in system#4, 5 in system#5, 6 in system#6, 5 in system#7]
2025-07-30 20:49:59,642 INFO [nevando-esta-adrian-patio-arr-fernando-arduz_compress#2]       StepMonitoring.java:98   | CHORDS
2025-07-30 20:49:59,656 INFO [nevando-esta-adrian-patio-arr-fernando-arduz_compress#2]       StepMonitoring.java:98   | CURVES
2025-07-30 20:50:00,737 INFO [nevando-esta-adrian-patio-arr-fernando-arduz_compress#2]         SlursBuilder.java:240  | Slurs: 19
2025-07-30 20:50:00,749 INFO [nevando-esta-adrian-patio-arr-fernando-arduz_compress#2]      SegmentsBuilder.java:155  | Segments: 21
2025-07-30 20:50:00,754 INFO [nevando-esta-adrian-patio-arr-fernando-arduz_compress#2]       StepMonitoring.java:98   | SYMBOLS
2025-07-30 20:50:02,974 INFO [nevando-esta-adrian-patio-arr-fernando-arduz_compress#2]       StepMonitoring.java:98   | LINKS
2025-07-30 20:50:03,012 INFO [nevando-esta-adrian-patio-arr-fernando-arduz_compress#2]       StepMonitoring.java:98   | RHYTHMS
2025-07-30 20:50:03,012 INFO [nevando-esta-adrian-patio-arr-fernando-arduz_compress#2]           PageRhythm.java:199  | {Page#2.1} Time value reused from sheet#1
2025-07-30 20:50:03,014 INFO [nevando-esta-adrian-patio-arr-fernando-arduz_compress#2]        MeasureRhythm.java:1045 | Measure{#1} No timeOffset for HeadChordInter#6951{(0.943/0.943) staff:1 slot#4 dur:1/4}
2025-07-30 20:50:03,015 INFO [nevando-esta-adrian-patio-arr-fernando-arduz_compress#2]        MeasureRhythm.java:1045 | Measure{#1} No timeOffset for HeadChordInter#6952{(0.933/0.933) staff:1 slot#4 dur:1/4}
2025-07-30 20:50:03,015 INFO [nevando-esta-adrian-patio-arr-fernando-arduz_compress#2]          StackRhythm.java:224  | S1 MeasureStack#1 no correct rhythm
2025-07-30 20:50:03,022 INFO [nevando-esta-adrian-patio-arr-fernando-arduz_compress#2]        MeasureRhythm.java:1045 | Measure{#7} No timeOffset for HeadChordInter#6983{(0.877/0.877) staff:2 slot#4 dur:1/4}
2025-07-30 20:50:03,023 INFO [nevando-esta-adrian-patio-arr-fernando-arduz_compress#2]                Voice.java:257  | Measure{#7} Voice{#1 excess:1/4} too long
2025-07-30 20:50:03,023 INFO [nevando-esta-adrian-patio-arr-fernando-arduz_compress#2]          StackRhythm.java:224  | S2 MeasureStack#7 no correct rhythm
2025-07-30 20:50:03,024 INFO [nevando-esta-adrian-patio-arr-fernando-arduz_compress#2]        MeasureRhythm.java:1045 | Measure{#8} No timeOffset for HeadChordInter#6988{(0.887/0.887) staff:2 slot#4 dur:1/4}
2025-07-30 20:50:03,024 INFO [nevando-esta-adrian-patio-arr-fernando-arduz_compress#2]                Voice.java:257  | Measure{#8} Voice{#1 excess:1/4} too long
2025-07-30 20:50:03,025 INFO [nevando-esta-adrian-patio-arr-fernando-arduz_compress#2]          StackRhythm.java:224  | S2 MeasureStack#8 no correct rhythm
2025-07-30 20:50:03,028 INFO [nevando-esta-adrian-patio-arr-fernando-arduz_compress#2]        MeasureRhythm.java:1045 | Measure{#12} No timeOffset for HeadChordInter#7011{(0.924/0.924) staff:2 slot#4 dur:1/4}
2025-07-30 20:50:03,029 INFO [nevando-esta-adrian-patio-arr-fernando-arduz_compress#2]        MeasureRhythm.java:1045 | Measure{#12} No timeOffset for HeadChordInter#7012{(0.912/0.912) staff:2 slot#4 dur:1/4}
2025-07-30 20:50:03,029 INFO [nevando-esta-adrian-patio-arr-fernando-arduz_compress#2]                Voice.java:257  | Measure{#12} Voice{#2 excess:1/4} too long
2025-07-30 20:50:03,029 INFO [nevando-esta-adrian-patio-arr-fernando-arduz_compress#2]          StackRhythm.java:224  | S2 MeasureStack#12 no correct rhythm
2025-07-30 20:50:03,035 INFO [nevando-esta-adrian-patio-arr-fernando-arduz_compress#2]        MeasureRhythm.java:1045 | Measure{#16} No timeOffset for HeadChordInter#7036{(0.925/0.925) staff:3 slot#4 dur:1/4}
2025-07-30 20:50:03,036 INFO [nevando-esta-adrian-patio-arr-fernando-arduz_compress#2]   AbstractChordInter.java:627  | Measure{#16} No timeOffset for HeadChordInter#7036{(0.925/0.925) staff:3 slot#4 dur:1/4}
2025-07-30 20:50:03,036 INFO [nevando-esta-adrian-patio-arr-fernando-arduz_compress#2]   AbstractChordInter.java:627  | Measure{#16} No timeOffset for HeadChordInter#7037{(0.933/0.933) staff:3 slot#5 dur:1/4}
2025-07-30 20:50:03,037 INFO [nevando-esta-adrian-patio-arr-fernando-arduz_compress#2]                Voice.java:257  | Measure{#16} Voice{#1 excess:1/8} too long
2025-07-30 20:50:03,038 INFO [nevando-esta-adrian-patio-arr-fernando-arduz_compress#2]          StackRhythm.java:224  | S3 MeasureStack#16 no correct rhythm
2025-07-30 20:50:03,044 INFO [nevando-esta-adrian-patio-arr-fernando-arduz_compress#2]        MeasureRhythm.java:1045 | Measure{#23} No timeOffset for HeadChordInter#7084{(0.522/0.522) staff:4 slot#7 dur:1/2}
2025-07-30 20:50:03,044 INFO [nevando-esta-adrian-patio-arr-fernando-arduz_compress#2]          StackRhythm.java:224  | S4 MeasureStack#23 no correct rhythm
2025-07-30 20:50:03,055 INFO [nevando-esta-adrian-patio-arr-fernando-arduz_compress#2]                Voice.java:257  | Measure{#37} Voice{#1 excess:1/4} too long
2025-07-30 20:50:03,056 INFO [nevando-esta-adrian-patio-arr-fernando-arduz_compress#2]          StackRhythm.java:224  | S7 MeasureStack#37 no correct rhythm
2025-07-30 20:50:03,058 INFO [nevando-esta-adrian-patio-arr-fernando-arduz_compress#2]       StepMonitoring.java:98   | PAGE
2025-07-30 20:50:03,061 INFO [nevando-esta-adrian-patio-arr-fernando-arduz_compress#2]                Voice.java:257  | Measure{#7} Voice{#1 excess:1/4} too long
2025-07-30 20:50:03,062 INFO [nevando-esta-adrian-patio-arr-fernando-arduz_compress#2]                Voice.java:257  | Measure{#8} Voice{#1 excess:1/4} too long
2025-07-30 20:50:03,063 INFO [nevando-esta-adrian-patio-arr-fernando-arduz_compress#2]                Voice.java:257  | Measure{#12} Voice{#2 excess:1/4} too long
2025-07-30 20:50:03,064 INFO [nevando-esta-adrian-patio-arr-fernando-arduz_compress#2]                Voice.java:257  | Measure{#16} Voice{#1 excess:1/8} too long
2025-07-30 20:50:03,065 INFO [nevando-esta-adrian-patio-arr-fernando-arduz_compress#2]                Voice.java:257  | Measure{#37} Voice{#1 excess:1/4} too long
2025-07-30 20:50:03,065 INFO [nevando-esta-adrian-patio-arr-fernando-arduz_compress#2]                 Book.java:2550 | Book{nevando-esta-adrian-patio-arr-fernando-arduz_compress} storing
2025-07-30 20:50:03,143 INFO [nevando-esta-adrian-patio-arr-fernando-arduz_compress#2]                 Book.java:2531 | Stored /book.xml
2025-07-30 20:50:03,243 INFO [nevando-esta-adrian-patio-arr-fernando-arduz_compress#2]           DataHolder.java:348  | Stored /sheet#2/BINARY.png
2025-07-30 20:50:03,944 INFO [nevando-esta-adrian-patio-arr-fernando-arduz_compress#2]                Sheet.java:1562 | Stored /sheet#2/sheet#2.xml
2025-07-30 20:50:03,945 INFO [nevando-esta-adrian-patio-arr-fernando-arduz_compress#2]                 Book.java:2491 | Book stored as /home/kaval/Documentos/dev/CONCER/python/outputs/nevando-esta-adrian-patio-arr-fernando-arduz_compress.omr
2025-07-30 20:50:03,948 INFO [nevando-esta-adrian-patio-arr-fernando-arduz_compress#2]            SheetStub.java:1644 | Disposed sheet#2
2025-07-30 20:50:04,005 INFO [nevando-esta-adrian-patio-arr-fernando-arduz_compress#2]                 Book.java:2018 | End of Stub#2 memory: 33,261,848
2025-07-30 20:50:04,006 INFO [nevando-esta-adrian-patio-arr-fernando-arduz_compress]                 Book.java:2025 | Book processed.
2025-07-30 20:50:04,840 INFO [nevando-esta-adrian-patio-arr-fernando-arduz_compress]            SheetStub.java:995  | Loaded /sheet#1/sheet#1.xml
2025-07-30 20:50:05,405 INFO [nevando-esta-adrian-patio-arr-fernando-arduz_compress]            SheetStub.java:995  | Loaded /sheet#2/sheet#2.xml
2025-07-30 20:50:05,938 INFO [nevando-esta-adrian-patio-arr-fernando-arduz_compress]      PartwiseBuilder.java:2661 | Exporting sheet(s): [#1#2]
2025-07-30 20:50:06,155 INFO [nevando-esta-adrian-patio-arr-fernando-arduz_compress]        ScoreExporter.java:164  | Score nevando-esta-adrian-patio-arr-fernando-arduz_compress exported to /home/kaval/Documentos/dev/CONCER/python/outputs/nevando-esta-adrian-patio-arr-fernando-arduz_compress.mxl
2025-07-30 20:50:06,203 INFO [nevando-esta-adrian-patio-arr-fernando-arduz_compress]                Score.java:181  | Closing {Score 1}
