2025-09-25 01:55:53,408 INFO [PAR_00011072]                 Book.java:562  | 2 sheets in /home/kaval/Documentos/dev/CONCER/python/uploads/PAR_00011072.pdf
2025-09-25 01:55:53,586 INFO []                 Book.java:2531 | Stored /book.xml
2025-09-25 01:55:53,586 INFO []                 Book.java:2491 | Book stored as /home/kaval/Documentos/dev/CONCER/python/outputs/PAR_00011072.omr
2025-09-25 01:55:53,608 INFO []                 Book.java:1933 | Book reaching PAGE on sheets:[#1#2]
2025-09-25 01:55:53,609 INFO [PAR_00011072#1]       StepMonitoring.java:98   | LOAD
2025-09-25 01:55:54,106 INFO [PAR_00011072#1]            SheetStub.java:1268 | Loaded image #1 2550x3329 from /home/kaval/Documentos/dev/CONCER/python/uploads/PAR_00011072.pdf
2025-09-25 01:55:54,109 INFO [PAR_00011072#1]       StepMonitoring.java:98   | BINARY
2025-09-25 01:55:54,671 INFO [PAR_00011072#1]       StepMonitoring.java:98   | SCALE
2025-09-25 01:55:54,702 INFO [PAR_00011072#1]         ScaleBuilder.java:241  | Beam  guessed height: 12 -- 0.50 of 24 interline
2025-09-25 01:55:54,704 INFO [PAR_00011072#1]         ScaleBuilder.java:264  | Beam measured height: 12 -- 0.29 of [7..24] range at 1117% of needed quorum
2025-09-25 01:55:54,705 INFO [PAR_00011072#1]            ScaleStep.java:65   | Scale{ interline(23,24,24) line(4,5,5) beam(12)}
2025-09-25 01:55:54,705 INFO [PAR_00011072#1]       StepMonitoring.java:98   | GRID
2025-09-25 01:55:55,177 INFO [PAR_00011072#1]       LinesRetriever.java:1500 | Global slope: 0.00000
2025-09-25 01:55:55,220 INFO [PAR_00011072#1]    ClustersRetriever.java:328  | Retrieved raw line clusters: 7 of sizes [5] with interline(23,24,24)
2025-09-25 01:55:55,359 INFO [PAR_00011072#1]            PeakGraph.java:310  | Systems: #1[1] #2[2] #3[3] #4[4] #5[5] #6[6] #7[7]
2025-09-25 01:55:55,653 INFO [PAR_00011072#1]        SystemManager.java:134  | Indentation detected for system #1
2025-09-25 01:55:55,653 INFO [PAR_00011072#1]        SystemManager.java:779  | 1 part along 7 systems
2025-09-25 01:55:55,654 INFO [PAR_00011072#1]                 Book.java:545  | Created scores: [{Score 1}]
2025-09-25 01:55:55,655 INFO [PAR_00011072#1]       StepMonitoring.java:98   | HEADERS
2025-09-25 01:55:55,952 INFO [PAR_00011072#1]      BasicClassifier.java:277  | Classifier loaded XML norms.
2025-09-25 01:55:55,955 INFO [PAR_00011072#1]   AbstractClassifier.java:396  | Classifier data loaded from default uri file:///home/kaval/Documents/audiveris/app/res/basic-classifier.zip
2025-09-25 01:55:56,601 INFO [PAR_00011072#1]       StepMonitoring.java:98   | STEM_SEEDS
2025-09-25 01:55:56,667 INFO [PAR_00011072#1]        StemSeedsStep.java:86   | stem(2 max:2)
2025-09-25 01:55:56,769 INFO [PAR_00011072#1]       StepMonitoring.java:98   | BEAMS
2025-09-25 01:56:02,144 INFO [PAR_00011072#1]       StepMonitoring.java:98   | LEDGERS
2025-09-25 01:56:02,744 INFO [PAR_00011072#1]       StepMonitoring.java:98   | HEADS
2025-09-25 01:56:09,737 INFO [PAR_00011072#1]        HeadSeedTally.java:235  | Scale information: HeadSeeds{NOTEHEAD_VOID[R:-0.5] NOTEHEAD_BLACK[L:-0.5,R:-0.5]}
2025-09-25 01:56:09,737 INFO [PAR_00011072#1]       StepMonitoring.java:98   | STEMS
2025-09-25 01:56:10,634 INFO [PAR_00011072#1]       StepMonitoring.java:98   | REDUCTION
2025-09-25 01:56:10,786 INFO [PAR_00011072#1]        ReductionStep.java:105  | Stems free length median value: 83 pixels, 3.5 interlines
2025-09-25 01:56:10,791 INFO [PAR_00011072#1]       StepMonitoring.java:98   | CUE_BEAMS
2025-09-25 01:56:10,792 INFO [PAR_00011072#1]         CueBeamsStep.java:81   | Step CUE_BEAMS is skipped because small heads switch is off
2025-09-25 01:56:10,792 INFO [PAR_00011072#1]       StepMonitoring.java:98   | TEXTS
2025-09-25 01:56:10,982 WARN [PAR_00011072#1]         TesseractOCR.java:335  | The collection of supported languages is empty
2025-09-25 01:56:10,982 INFO [PAR_00011072#1]              OcrUtil.java:106  | Missing support for 'eng' language(s)
2025-09-25 01:56:10,993 INFO [PAR_00011072#1]       StepMonitoring.java:98   | MEASURES
2025-09-25 01:56:11,007 INFO [PAR_00011072#1]                 Page.java:307  | 64 raw measures: [9 in system#1, 9 in system#2, 10 in system#3, 8 in system#4, 9 in system#5, 10 in system#6, 9 in system#7]
2025-09-25 01:56:11,008 INFO [PAR_00011072#1]       StepMonitoring.java:98   | CHORDS
2025-09-25 01:56:11,054 INFO [PAR_00011072#1]       StepMonitoring.java:98   | CURVES
2025-09-25 01:56:11,891 INFO [PAR_00011072#1]         SlursBuilder.java:240  | Slurs: 18
2025-09-25 01:56:11,901 INFO [PAR_00011072#1]      SegmentsBuilder.java:155  | Segments: 3
2025-09-25 01:56:11,906 INFO [PAR_00011072#1]       StepMonitoring.java:98   | SYMBOLS
2025-09-25 01:56:12,405 INFO [PAR_00011072#1]       StepMonitoring.java:98   | LINKS
2025-09-25 01:56:12,435 INFO [PAR_00011072#1]        SymbolsLinker.java:257  | No chord linked to OctaveShiftInter#6655{(0.784) staff:3 OTTAVA BASSA}
2025-09-25 01:56:12,446 INFO [PAR_00011072#1]        SymbolsLinker.java:257  | No chord linked to OctaveShiftInter#6664{(0.784) staff:4 OTTAVA ALTA}
2025-09-25 01:56:12,485 INFO [PAR_00011072#1]       StepMonitoring.java:98   | RHYTHMS
2025-09-25 01:56:12,567 INFO [PAR_00011072#1]       StepMonitoring.java:98   | PAGE
2025-09-25 01:56:12,579 INFO [PAR_00011072#1]                 Book.java:2550 | Book{PAR_00011072} storing
2025-09-25 01:56:12,646 INFO [PAR_00011072#1]                 Book.java:2531 | Stored /book.xml
2025-09-25 01:56:12,804 INFO [PAR_00011072#1]           DataHolder.java:348  | Stored /sheet#1/BINARY.png
2025-09-25 01:56:13,910 INFO [PAR_00011072#1]                Sheet.java:1562 | Stored /sheet#1/sheet#1.xml
2025-09-25 01:56:13,910 INFO [PAR_00011072#1]                 Book.java:2491 | Book stored as /home/kaval/Documentos/dev/CONCER/python/outputs/PAR_00011072.omr
2025-09-25 01:56:13,912 INFO [PAR_00011072#1]            SheetStub.java:1644 | Disposed sheet#1
2025-09-25 01:56:13,977 INFO [PAR_00011072#1]                 Book.java:2018 | End of Stub#1 memory: 40,413,568
2025-09-25 01:56:13,978 INFO [PAR_00011072#2]       StepMonitoring.java:98   | LOAD
2025-09-25 01:56:14,004 INFO [PAR_00011072#2]            SheetStub.java:1268 | Loaded image #2 2550x3329 from /home/kaval/Documentos/dev/CONCER/python/uploads/PAR_00011072.pdf
2025-09-25 01:56:14,005 INFO [PAR_00011072#2]       StepMonitoring.java:98   | BINARY
2025-09-25 01:56:14,437 INFO [PAR_00011072#2]       StepMonitoring.java:98   | SCALE
2025-09-25 01:56:14,443 INFO [PAR_00011072#2]         ScaleBuilder.java:241  | Beam  guessed height: 12 -- 0.50 of 23 interline
2025-09-25 01:56:14,444 INFO [PAR_00011072#2]         ScaleBuilder.java:264  | Beam measured height: 12 -- 0.35 of [6..23] range at 1191% of needed quorum
2025-09-25 01:56:14,444 INFO [PAR_00011072#2]            ScaleStep.java:65   | Scale{ interline(23,23,24) line(4,5,5) beam(12)}
2025-09-25 01:56:14,444 INFO [PAR_00011072#2]       StepMonitoring.java:98   | GRID
2025-09-25 01:56:14,491 INFO [PAR_00011072#2]       LinesRetriever.java:1500 | Global slope: 0.00000
2025-09-25 01:56:14,495 INFO [PAR_00011072#2]    ClustersRetriever.java:328  | Retrieved raw line clusters: 1 of sizes [5] with interline(23,23,24)
2025-09-25 01:56:14,501 INFO [PAR_00011072#2]            PeakGraph.java:310  | Systems: #1[1]
2025-09-25 01:56:14,592 INFO [PAR_00011072#2]        SystemManager.java:779  | 1 part along 1 system
2025-09-25 01:56:14,593 INFO [PAR_00011072#2]       StepMonitoring.java:98   | HEADERS
2025-09-25 01:56:14,612 INFO [PAR_00011072#2]       StepMonitoring.java:98   | STEM_SEEDS
2025-09-25 01:56:14,649 INFO [PAR_00011072#2]        StemSeedsStep.java:86   | stem(2 max:2)
2025-09-25 01:56:14,651 INFO [PAR_00011072#2]       StepMonitoring.java:98   | BEAMS
2025-09-25 01:56:18,340 INFO [PAR_00011072#2]       StepMonitoring.java:98   | LEDGERS
2025-09-25 01:56:18,370 INFO [PAR_00011072#2]       StepMonitoring.java:98   | HEADS
2025-09-25 01:56:19,462 INFO [PAR_00011072#2]        HeadSeedTally.java:235  | Scale information: HeadSeeds{NOTEHEAD_BLACK[L:-0.5,R:-0.5]}
2025-09-25 01:56:19,464 INFO [PAR_00011072#2]       StepMonitoring.java:98   | STEMS
2025-09-25 01:56:19,488 INFO [PAR_00011072#2]       StepMonitoring.java:98   | REDUCTION
2025-09-25 01:56:19,494 INFO [PAR_00011072#2]        ReductionStep.java:105  | Stems free length median value: 82 pixels, 3.6 interlines
2025-09-25 01:56:19,494 INFO [PAR_00011072#2]       StepMonitoring.java:98   | CUE_BEAMS
2025-09-25 01:56:19,495 INFO [PAR_00011072#2]         CueBeamsStep.java:81   | Step CUE_BEAMS is skipped because small heads switch is off
2025-09-25 01:56:19,495 INFO [PAR_00011072#2]       StepMonitoring.java:98   | TEXTS
2025-09-25 01:56:19,545 WARN [PAR_00011072#2]         TesseractOCR.java:335  | The collection of supported languages is empty
2025-09-25 01:56:19,545 INFO [PAR_00011072#2]              OcrUtil.java:106  | Missing support for 'eng' language(s)
2025-09-25 01:56:19,545 INFO [PAR_00011072#2]       StepMonitoring.java:98   | MEASURES
2025-09-25 01:56:19,547 INFO [PAR_00011072#2]                 Page.java:307  | 6 raw measures: [6 in system#1]
2025-09-25 01:56:19,547 INFO [PAR_00011072#2]       StepMonitoring.java:98   | CHORDS
2025-09-25 01:56:19,549 INFO [PAR_00011072#2]       StepMonitoring.java:98   | CURVES
2025-09-25 01:56:19,973 INFO [PAR_00011072#2]         SlursBuilder.java:240  | Slurs: 3
2025-09-25 01:56:19,974 INFO [PAR_00011072#2]      SegmentsBuilder.java:155  | Segments: 1
2025-09-25 01:56:19,974 INFO [PAR_00011072#2]       StepMonitoring.java:98   | SYMBOLS
2025-09-25 01:56:20,135 INFO [PAR_00011072#2]       StepMonitoring.java:98   | LINKS
2025-09-25 01:56:20,247 INFO [PAR_00011072#2]       StepMonitoring.java:98   | RHYTHMS
2025-09-25 01:56:20,248 INFO [PAR_00011072#2]           PageRhythm.java:199  | {Page#2.1} Time value reused from sheet#1
2025-09-25 01:56:20,256 INFO [PAR_00011072#2]       StepMonitoring.java:98   | PAGE
2025-09-25 01:56:20,257 INFO [PAR_00011072#2]                 Book.java:2550 | Book{PAR_00011072} storing
2025-09-25 01:56:20,309 INFO [PAR_00011072#2]                 Book.java:2531 | Stored /book.xml
2025-09-25 01:56:20,386 INFO [PAR_00011072#2]           DataHolder.java:348  | Stored /sheet#2/BINARY.png
2025-09-25 01:56:20,478 INFO [PAR_00011072#2]                Sheet.java:1562 | Stored /sheet#2/sheet#2.xml
2025-09-25 01:56:20,479 INFO [PAR_00011072#2]                 Book.java:2491 | Book stored as /home/kaval/Documentos/dev/CONCER/python/outputs/PAR_00011072.omr
2025-09-25 01:56:20,482 INFO [PAR_00011072#2]            SheetStub.java:1644 | Disposed sheet#2
2025-09-25 01:56:20,545 INFO [PAR_00011072#2]                 Book.java:2018 | End of Stub#2 memory: 39,504,136
2025-09-25 01:56:20,546 INFO [PAR_00011072]                 Book.java:2025 | Book processed.
2025-09-25 01:56:21,310 INFO [PAR_00011072]            SheetStub.java:995  | Loaded /sheet#1/sheet#1.xml
2025-09-25 01:56:21,429 INFO [PAR_00011072]            SheetStub.java:995  | Loaded /sheet#2/sheet#2.xml
2025-09-25 01:56:21,902 INFO [PAR_00011072]      PartwiseBuilder.java:2661 | Exporting sheet(s): [#1#2]
2025-09-25 01:56:22,081 INFO [PAR_00011072]        ScoreExporter.java:164  | Score PAR_00011072 exported to /home/kaval/Documentos/dev/CONCER/python/outputs/PAR_00011072.mxl
2025-09-25 01:56:22,129 INFO [PAR_00011072]                Score.java:181  | Closing {Score 1}
