2025-08-04 00:48:38,514 INFO [PAR_1235421]                 Book.java:562  | 2 sheets in /home/kaval/Documentos/dev/CONCER/python/uploads/PAR_1235421.pdf
2025-08-04 00:48:38,739 INFO []                 Book.java:2531 | Stored /book.xml
2025-08-04 00:48:38,740 INFO []                 Book.java:2491 | Book stored as /home/kaval/Documentos/dev/CONCER/python/outputs/PAR_1235421.omr
2025-08-04 00:48:38,774 INFO []                 Book.java:1933 | Book reaching PAGE on sheets:[#1#2]
2025-08-04 00:48:38,777 INFO [PAR_1235421#1]       StepMonitoring.java:98   | LOAD
2025-08-04 00:48:39,200 INFO [PAR_1235421#1]            SheetStub.java:1268 | Loaded image #1 2479x3508 from /home/kaval/Documentos/dev/CONCER/python/uploads/PAR_1235421.pdf
2025-08-04 00:48:39,205 INFO [PAR_1235421#1]       StepMonitoring.java:98   | BINARY
2025-08-04 00:48:39,783 INFO [PAR_1235421#1]       StepMonitoring.java:98   | SCALE
2025-08-04 00:48:39,819 INFO [PAR_1235421#1]         ScaleBuilder.java:241  | Beam  guessed height: 10 -- 0.50 of 21 interline
2025-08-04 00:48:39,821 INFO [PAR_1235421#1]         ScaleBuilder.java:264  | Beam measured height:  9 -- 0.20 of [6..21] range at 59% of needed quorum
2025-08-04 00:48:39,821 INFO [PAR_1235421#1]            ScaleStep.java:65   | Scale{ interline(20,21,21) line(2,2,2) beam(9)}
2025-08-04 00:48:39,822 INFO [PAR_1235421#1]       StepMonitoring.java:98   | GRID
2025-08-04 00:48:40,305 INFO [PAR_1235421#1]       LinesRetriever.java:1500 | Global slope: 0.00000
2025-08-04 00:48:40,349 INFO [PAR_1235421#1]    ClustersRetriever.java:328  | Retrieved raw line clusters: 10 of sizes [5] with interline(20,21,21)
2025-08-04 00:48:40,495 INFO [PAR_1235421#1]            PeakGraph.java:310  | Systems: #1[1, 2] #2[3, 4] #3[5, 6] #4[7, 8] #5[9, 10]
2025-08-04 00:48:40,775 INFO [PAR_1235421#1]        SystemManager.java:779  | 1 part along 5 systems
2025-08-04 00:48:40,776 INFO [PAR_1235421#1]                 Book.java:545  | Created scores: [{Score 1}]
2025-08-04 00:48:40,777 INFO [PAR_1235421#1]       StepMonitoring.java:98   | HEADERS
2025-08-04 00:48:41,084 INFO [PAR_1235421#1]      BasicClassifier.java:277  | Classifier loaded XML norms.
2025-08-04 00:48:41,088 INFO [PAR_1235421#1]   AbstractClassifier.java:396  | Classifier data loaded from default uri file:///home/kaval/Documents/audiveris/app/res/basic-classifier.zip
2025-08-04 00:48:41,646 INFO [PAR_1235421#1]       StepMonitoring.java:98   | STEM_SEEDS
2025-08-04 00:48:41,708 INFO [PAR_1235421#1]        StemSeedsStep.java:86   | stem(3 max:3)
2025-08-04 00:48:41,771 INFO [PAR_1235421#1]       StepMonitoring.java:98   | BEAMS
2025-08-04 00:48:45,208 INFO [PAR_1235421#1]       StepMonitoring.java:98   | LEDGERS
2025-08-04 00:48:45,491 INFO [PAR_1235421#1]       StepMonitoring.java:98   | HEADS
2025-08-04 00:48:51,336 INFO [PAR_1235421#1]        HeadSeedTally.java:235  | Scale information: HeadSeeds{NOTEHEAD_BLACK[L:-0.5,R:-0.5]}
2025-08-04 00:48:51,336 INFO [PAR_1235421#1]       StepMonitoring.java:98   | STEMS
2025-08-04 00:48:52,032 INFO [PAR_1235421#1]       StepMonitoring.java:98   | REDUCTION
2025-08-04 00:48:52,133 INFO [PAR_1235421#1]        ReductionStep.java:105  | Stems free length median value: 73 pixels, 3.5 interlines
2025-08-04 00:48:52,140 INFO [PAR_1235421#1]       StepMonitoring.java:98   | CUE_BEAMS
2025-08-04 00:48:52,141 INFO [PAR_1235421#1]         CueBeamsStep.java:81   | Step CUE_BEAMS is skipped because small heads switch is off
2025-08-04 00:48:52,142 INFO [PAR_1235421#1]       StepMonitoring.java:98   | TEXTS
2025-08-04 00:48:52,275 WARN [PAR_1235421#1]         TesseractOCR.java:335  | The collection of supported languages is empty
2025-08-04 00:48:52,275 INFO [PAR_1235421#1]              OcrUtil.java:106  | Missing support for 'eng' language(s)
2025-08-04 00:48:52,286 INFO [PAR_1235421#1]       StepMonitoring.java:98   | MEASURES
2025-08-04 00:48:52,301 INFO [PAR_1235421#1]                 Page.java:307  | 20 raw measures: [4 in system#1, 4 in system#2, 4 in system#3, 4 in system#4, 4 in system#5]
2025-08-04 00:48:52,301 INFO [PAR_1235421#1]       StepMonitoring.java:98   | CHORDS
2025-08-04 00:48:52,335 INFO [PAR_1235421#1]       StepMonitoring.java:98   | CURVES
2025-08-04 00:48:53,395 INFO [PAR_1235421#1]         SlursBuilder.java:240  | Slurs: 1
2025-08-04 00:48:53,421 INFO [PAR_1235421#1]      SegmentsBuilder.java:155  | Segments: 20
2025-08-04 00:48:53,430 INFO [PAR_1235421#1]       StepMonitoring.java:98   | SYMBOLS
2025-08-04 00:48:54,217 INFO [PAR_1235421#1]       StepMonitoring.java:98   | LINKS
2025-08-04 00:48:54,225 INFO [PAR_1235421#1]        SymbolsLinker.java:257  | No chord linked to OctaveShiftInter#3602{(0.353) staff:1 VENTIDUESIMA ALTA}
2025-08-04 00:48:54,226 INFO [PAR_1235421#1]        SymbolsLinker.java:257  | No chord linked to OctaveShiftInter#3603{(0.144) staff:1 OTTAVA ALTA}
2025-08-04 00:48:54,288 INFO [PAR_1235421#1]       StepMonitoring.java:98   | RHYTHMS
2025-08-04 00:48:54,404 INFO [PAR_1235421#1]       StepMonitoring.java:98   | PAGE
2025-08-04 00:48:54,410 INFO [PAR_1235421#1]                 Book.java:2550 | Book{PAR_1235421} storing
2025-08-04 00:48:54,459 INFO [PAR_1235421#1]                 Book.java:2531 | Stored /book.xml
2025-08-04 00:48:54,617 INFO [PAR_1235421#1]           DataHolder.java:348  | Stored /sheet#1/BINARY.png
2025-08-04 00:48:55,247 INFO [PAR_1235421#1]                Sheet.java:1562 | Stored /sheet#1/sheet#1.xml
2025-08-04 00:48:55,248 INFO [PAR_1235421#1]                 Book.java:2491 | Book stored as /home/kaval/Documentos/dev/CONCER/python/outputs/PAR_1235421.omr
2025-08-04 00:48:55,252 INFO [PAR_1235421#1]            SheetStub.java:1644 | Disposed sheet#1
2025-08-04 00:48:55,322 INFO [PAR_1235421#1]                 Book.java:2018 | End of Stub#1 memory: 39,157,528
2025-08-04 00:48:55,324 INFO [PAR_1235421#2]       StepMonitoring.java:98   | LOAD
2025-08-04 00:48:55,442 INFO [PAR_1235421#2]            SheetStub.java:1268 | Loaded image #2 2479x3508 from /home/kaval/Documentos/dev/CONCER/python/uploads/PAR_1235421.pdf
2025-08-04 00:48:55,442 INFO [PAR_1235421#2]       StepMonitoring.java:98   | BINARY
2025-08-04 00:48:55,892 INFO [PAR_1235421#2]       StepMonitoring.java:98   | SCALE
2025-08-04 00:48:55,933 INFO [PAR_1235421#2]         ScaleBuilder.java:241  | Beam  guessed height: 10 -- 0.50 of 21 interline
2025-08-04 00:48:55,934 INFO [PAR_1235421#2]         ScaleBuilder.java:264  | Beam measured height:  8 -- 0.13 of [6..21] range at 106% of needed quorum
2025-08-04 00:48:55,934 INFO [PAR_1235421#2]            ScaleStep.java:65   | Scale{ interline(20,21,21) line(2,2,2) beam(8)}
2025-08-04 00:48:55,934 INFO [PAR_1235421#2]       StepMonitoring.java:98   | GRID
2025-08-04 00:48:56,161 INFO [PAR_1235421#2]       LinesRetriever.java:1500 | Global slope: 0.00000
2025-08-04 00:48:56,182 INFO [PAR_1235421#2]    ClustersRetriever.java:328  | Retrieved raw line clusters: 10 of sizes [5] with interline(20,21,21)
2025-08-04 00:48:56,324 INFO [PAR_1235421#2]            PeakGraph.java:310  | Systems: #1[1, 2] #2[3, 4] #3[5, 6] #4[7, 8] #5[9, 10]
2025-08-04 00:48:56,494 INFO [PAR_1235421#2]        SystemManager.java:779  | 1 part along 5 systems
2025-08-04 00:48:56,494 INFO [PAR_1235421#2]       StepMonitoring.java:98   | HEADERS
2025-08-04 00:48:56,692 INFO [PAR_1235421#2]       StepMonitoring.java:98   | STEM_SEEDS
2025-08-04 00:48:56,737 INFO [PAR_1235421#2]        StemSeedsStep.java:86   | stem(3 max:3)
2025-08-04 00:48:56,776 INFO [PAR_1235421#2]       StepMonitoring.java:98   | BEAMS
2025-08-04 00:48:59,286 INFO [PAR_1235421#2]       StepMonitoring.java:98   | LEDGERS
2025-08-04 00:48:59,397 INFO [PAR_1235421#2]       StepMonitoring.java:98   | HEADS
2025-08-04 00:49:05,404 INFO [PAR_1235421#2]        HeadSeedTally.java:235  | Scale information: HeadSeeds{NOTEHEAD_BLACK[L:-0.5,R:-0.5]}
2025-08-04 00:49:05,404 INFO [PAR_1235421#2]       StepMonitoring.java:98   | STEMS
2025-08-04 00:49:05,653 INFO [PAR_1235421#2]       StepMonitoring.java:98   | REDUCTION
2025-08-04 00:49:05,707 INFO [PAR_1235421#2]        ReductionStep.java:105  | Stems free length median value: 73 pixels, 3.5 interlines
2025-08-04 00:49:05,709 INFO [PAR_1235421#2]       StepMonitoring.java:98   | CUE_BEAMS
2025-08-04 00:49:05,710 INFO [PAR_1235421#2]         CueBeamsStep.java:81   | Step CUE_BEAMS is skipped because small heads switch is off
2025-08-04 00:49:05,710 INFO [PAR_1235421#2]       StepMonitoring.java:98   | TEXTS
2025-08-04 00:49:05,802 WARN [PAR_1235421#2]         TesseractOCR.java:335  | The collection of supported languages is empty
2025-08-04 00:49:05,803 INFO [PAR_1235421#2]              OcrUtil.java:106  | Missing support for 'eng' language(s)
2025-08-04 00:49:05,804 INFO [PAR_1235421#2]       StepMonitoring.java:98   | MEASURES
2025-08-04 00:49:05,807 INFO [PAR_1235421#2]                 Page.java:307  | 20 raw measures: [4 in system#1, 4 in system#2, 4 in system#3, 4 in system#4, 4 in system#5]
2025-08-04 00:49:05,808 INFO [PAR_1235421#2]       StepMonitoring.java:98   | CHORDS
2025-08-04 00:49:05,821 INFO [PAR_1235421#2]       StepMonitoring.java:98   | CURVES
2025-08-04 00:49:06,793 INFO [PAR_1235421#2]         SlursBuilder.java:240  | Slurs: 0
2025-08-04 00:49:06,805 INFO [PAR_1235421#2]      SegmentsBuilder.java:155  | Segments: 18
2025-08-04 00:49:06,807 INFO [PAR_1235421#2]       StepMonitoring.java:98   | SYMBOLS
2025-08-04 00:49:07,366 INFO [PAR_1235421#2]       StepMonitoring.java:98   | LINKS
2025-08-04 00:49:07,394 INFO [PAR_1235421#2]       StepMonitoring.java:98   | RHYTHMS
2025-08-04 00:49:07,394 INFO [PAR_1235421#2]           PageRhythm.java:199  | {Page#2.1} Time value reused from sheet#1
2025-08-04 00:49:07,429 INFO [PAR_1235421#2]       StepMonitoring.java:98   | PAGE
2025-08-04 00:49:07,432 INFO [PAR_1235421#2]                 Book.java:2550 | Book{PAR_1235421} storing
2025-08-04 00:49:07,480 INFO [PAR_1235421#2]                 Book.java:2531 | Stored /book.xml
2025-08-04 00:49:07,574 INFO [PAR_1235421#2]           DataHolder.java:348  | Stored /sheet#2/BINARY.png
2025-08-04 00:49:07,915 INFO [PAR_1235421#2]                Sheet.java:1562 | Stored /sheet#2/sheet#2.xml
2025-08-04 00:49:07,915 INFO [PAR_1235421#2]                 Book.java:2491 | Book stored as /home/kaval/Documentos/dev/CONCER/python/outputs/PAR_1235421.omr
2025-08-04 00:49:07,917 INFO [PAR_1235421#2]            SheetStub.java:1644 | Disposed sheet#2
2025-08-04 00:49:07,978 INFO [PAR_1235421#2]                 Book.java:2018 | End of Stub#2 memory: 39,314,416
2025-08-04 00:49:07,978 INFO [PAR_1235421]                 Book.java:2025 | Book processed.
2025-08-04 00:49:08,424 INFO [PAR_1235421]            SheetStub.java:995  | Loaded /sheet#1/sheet#1.xml
2025-08-04 00:49:08,759 INFO [PAR_1235421]            SheetStub.java:995  | Loaded /sheet#2/sheet#2.xml
2025-08-04 00:49:09,243 INFO [PAR_1235421]      PartwiseBuilder.java:2661 | Exporting sheet(s): [#1#2]
2025-08-04 00:49:09,374 INFO [PAR_1235421]        ScoreExporter.java:164  | Score PAR_1235421 exported to /home/kaval/Documentos/dev/CONCER/python/outputs/PAR_1235421.mxl
2025-08-04 00:49:09,428 INFO [PAR_1235421]                Score.java:181  | Closing {Score 1}
