2025-08-12 22:24:56,145 INFO [PAR_00000003]                 Book.java:562  | 1 sheet in /home/kaval/Documentos/dev/CONCER/python/uploads/PAR_00000003.pdf
2025-08-12 22:24:56,399 INFO []                 Book.java:2531 | Stored /book.xml
2025-08-12 22:24:56,399 INFO []                 Book.java:2491 | Book stored as /home/kaval/Documentos/dev/CONCER/python/outputs/PAR_00000003.omr
2025-08-12 22:24:56,417 INFO []                 Book.java:1933 | Book reaching PAGE on sheets:[#1]
2025-08-12 22:24:56,418 INFO [PAR_00000003]       StepMonitoring.java:98   | LOAD
2025-08-12 22:24:56,764 INFO [PAR_00000003]            SheetStub.java:1268 | Loaded image #1 2479x3508 from /home/kaval/Documentos/dev/CONCER/python/uploads/PAR_00000003.pdf
2025-08-12 22:24:56,768 INFO [PAR_00000003]       StepMonitoring.java:98   | BINARY
2025-08-12 22:24:57,245 INFO [PAR_00000003]       StepMonitoring.java:98   | SCALE
2025-08-12 22:24:57,273 INFO [PAR_00000003]         ScaleBuilder.java:241  | Beam  guessed height: 10 -- 0.50 of 21 interline
2025-08-12 22:24:57,275 INFO [PAR_00000003]         ScaleBuilder.java:264  | Beam measured height:  7 -- 0.07 of [6..21] range at 192% of needed quorum
2025-08-12 22:24:57,275 INFO [PAR_00000003]            ScaleStep.java:65   | Scale{ interline(20,21,21) line(2,2,2) beam(7)}
2025-08-12 22:24:57,277 INFO [PAR_00000003]       StepMonitoring.java:98   | GRID
2025-08-12 22:24:57,854 INFO [PAR_00000003]       LinesRetriever.java:1500 | Global slope: 0.00000
2025-08-12 22:24:57,896 INFO [PAR_00000003]    ClustersRetriever.java:328  | Retrieved raw line clusters: 12 of sizes [5] with interline(20,21,21)
2025-08-12 22:24:58,470 INFO [PAR_00000003]            PeakGraph.java:310  | Systems: #1[1, 2, 3] #2[4, 5, 6] #3[7, 8, 9] #4[10, 11, 12]
2025-08-12 22:24:58,606 INFO [PAR_00000003]        BarsRetriever.java:1304 | System#1
2025-08-12 22:24:58,606 INFO [PAR_00000003]        BarsRetriever.java:1307 |    PartGroup{bracket number:1 barline:true staves:1-3}
2025-08-12 22:24:58,607 INFO [PAR_00000003]        BarsRetriever.java:1304 | System#2
2025-08-12 22:24:58,607 INFO [PAR_00000003]        BarsRetriever.java:1307 |    PartGroup{bracket number:1 barline:true staves:4-6}
2025-08-12 22:24:58,608 INFO [PAR_00000003]        BarsRetriever.java:1304 | System#3
2025-08-12 22:24:58,608 INFO [PAR_00000003]        BarsRetriever.java:1307 |    PartGroup{bracket number:1 barline:true staves:7-9}
2025-08-12 22:24:58,608 INFO [PAR_00000003]        BarsRetriever.java:1304 | System#4
2025-08-12 22:24:58,608 INFO [PAR_00000003]        BarsRetriever.java:1307 |    PartGroup{bracket number:1 barline:true staves:10-12}
2025-08-12 22:24:59,060 INFO [PAR_00000003]        SystemManager.java:134  | Indentation detected for system #1
2025-08-12 22:24:59,060 INFO [PAR_00000003]        SystemManager.java:779  | 3 parts along 4 systems
2025-08-12 22:24:59,061 INFO [PAR_00000003]                 Book.java:545  | Created scores: [{Score 1}]
2025-08-12 22:24:59,062 INFO [PAR_00000003]       StepMonitoring.java:98   | HEADERS
2025-08-12 22:24:59,372 INFO [PAR_00000003]      BasicClassifier.java:277  | Classifier loaded XML norms.
2025-08-12 22:24:59,374 INFO [PAR_00000003]   AbstractClassifier.java:396  | Classifier data loaded from default uri file:///home/kaval/Documents/audiveris/app/res/basic-classifier.zip
2025-08-12 22:24:59,947 INFO [PAR_00000003]       StepMonitoring.java:98   | STEM_SEEDS
2025-08-12 22:25:00,013 INFO [PAR_00000003]        StemSeedsStep.java:86   | stem(4 max:5)
2025-08-12 22:25:00,071 INFO [PAR_00000003]       StepMonitoring.java:98   | BEAMS
2025-08-12 22:25:01,985 INFO [PAR_00000003]       StepMonitoring.java:98   | LEDGERS
2025-08-12 22:25:02,433 INFO [PAR_00000003]       StepMonitoring.java:98   | HEADS
2025-08-12 22:25:06,243 INFO [PAR_00000003]        HeadSeedTally.java:235  | Scale information: HeadSeeds{NOTEHEAD_VOID[L:0.5,R:-0.1] NOTEHEAD_BLACK[L:0.5,R:0.3]}
2025-08-12 22:25:06,244 INFO [PAR_00000003]       StepMonitoring.java:98   | STEMS
2025-08-12 22:25:06,591 INFO [PAR_00000003]       StepMonitoring.java:98   | REDUCTION
2025-08-12 22:25:06,647 INFO [PAR_00000003]        ReductionStep.java:105  | Stems free length median value: 71 pixels, 3.4 interlines
2025-08-12 22:25:06,651 INFO [PAR_00000003]       StepMonitoring.java:98   | CUE_BEAMS
2025-08-12 22:25:06,651 INFO [PAR_00000003]         CueBeamsStep.java:81   | Step CUE_BEAMS is skipped because small heads switch is off
2025-08-12 22:25:06,651 INFO [PAR_00000003]       StepMonitoring.java:98   | TEXTS
2025-08-12 22:25:06,762 WARN [PAR_00000003]         TesseractOCR.java:335  | The collection of supported languages is empty
2025-08-12 22:25:06,763 INFO [PAR_00000003]              OcrUtil.java:106  | Missing support for 'eng' language(s)
2025-08-12 22:25:06,770 INFO [PAR_00000003]       StepMonitoring.java:98   | MEASURES
2025-08-12 22:25:06,781 INFO [PAR_00000003]                 Page.java:307  | 25 raw measures: [5 in system#1, 7 in system#2, 7 in system#3, 6 in system#4]
2025-08-12 22:25:06,781 INFO [PAR_00000003]       StepMonitoring.java:98   | CHORDS
2025-08-12 22:25:06,798 INFO [PAR_00000003]       StepMonitoring.java:98   | CURVES
2025-08-12 22:25:07,685 INFO [PAR_00000003]         SlursBuilder.java:240  | Slurs: 0
2025-08-12 22:25:07,694 INFO [PAR_00000003]      SegmentsBuilder.java:155  | Segments: 12
2025-08-12 22:25:07,697 INFO [PAR_00000003]       StepMonitoring.java:98   | SYMBOLS
2025-08-12 22:25:09,193 INFO [PAR_00000003]       StepMonitoring.java:98   | LINKS
2025-08-12 22:25:09,212 INFO [PAR_00000003]        SymbolsLinker.java:257  | No chord linked to OctaveShiftInter#4194{(0.180) staff:6 QUINDICESIMA BASSA}
2025-08-12 22:25:09,212 INFO [PAR_00000003]        SymbolsLinker.java:257  | No chord linked to OctaveShiftInter#4199{(0.245) staff:6 QUINDICESIMA BASSA}
2025-08-12 22:25:09,235 INFO [PAR_00000003]        SymbolsLinker.java:257  | No chord linked to OctaveShiftInter#4791{(0.342) staff:10 OTTAVA ALTA}
2025-08-12 22:25:09,243 INFO [PAR_00000003]       StepMonitoring.java:98   | RHYTHMS
2025-08-12 22:25:09,309 INFO [PAR_00000003]       StepMonitoring.java:98   | PAGE
2025-08-12 22:25:09,316 INFO [PAR_00000003]                 Book.java:2550 | Book{PAR_00000003} storing
2025-08-12 22:25:09,360 INFO [PAR_00000003]                 Book.java:2531 | Stored /book.xml
2025-08-12 22:25:09,513 INFO [PAR_00000003]           DataHolder.java:348  | Stored /sheet#1/BINARY.png
2025-08-12 22:25:10,054 INFO [PAR_00000003]                Sheet.java:1562 | Stored /sheet#1/sheet#1.xml
2025-08-12 22:25:10,055 INFO [PAR_00000003]                 Book.java:2491 | Book stored as /home/kaval/Documentos/dev/CONCER/python/outputs/PAR_00000003.omr
2025-08-12 22:25:10,056 INFO [PAR_00000003]            SheetStub.java:1644 | Disposed sheet
2025-08-12 22:25:10,107 INFO [PAR_00000003]                 Book.java:2018 | End of Stub#1 memory: 39,926,624
2025-08-12 22:25:10,108 INFO [PAR_00000003]                 Book.java:2025 | Book processed.
2025-08-12 22:25:10,591 INFO [PAR_00000003]            SheetStub.java:995  | Loaded /sheet#1/sheet#1.xml
2025-08-12 22:25:10,887 INFO [PAR_00000003]      PartwiseBuilder.java:2661 | Exporting sheet(s): [#1]
2025-08-12 22:25:10,965 INFO [PAR_00000003]        ScoreExporter.java:164  | Score PAR_00000003 exported to /home/kaval/Documentos/dev/CONCER/python/outputs/PAR_00000003.mxl
2025-08-12 22:25:11,007 INFO [PAR_00000003]                Score.java:181  | Closing {Score 1}
