2025-09-25 01:52:11,951 INFO [PAR_00011072]                 Book.java:562  | 2 sheets in /home/kaval/Documentos/dev/CONCER/python/uploads/PAR_00011072.pdf
2025-09-25 01:52:12,141 INFO []                 Book.java:2531 | Stored /book.xml
2025-09-25 01:52:12,142 INFO []                 Book.java:2491 | Book stored as /home/kaval/Documentos/dev/CONCER/python/outputs/PAR_00011072.omr
2025-09-25 01:52:12,178 INFO []                 Book.java:1933 | Book reaching PAGE on sheets:[#1#2]
2025-09-25 01:52:12,180 INFO [PAR_00011072#1]       StepMonitoring.java:98   | LOAD
2025-09-25 01:52:13,866 INFO [PAR_00011072#1]            SheetStub.java:1268 | Loaded image #1 2424x3299 from /home/kaval/Documentos/dev/CONCER/python/uploads/PAR_00011072.pdf
2025-09-25 01:52:13,872 INFO [PAR_00011072#1]       StepMonitoring.java:98   | BINARY
2025-09-25 01:52:14,560 INFO [PAR_00011072#1]       StepMonitoring.java:98   | SCALE
2025-09-25 01:52:14,590 INFO [PAR_00011072#1]         ScaleBuilder.java:241  | Beam  guessed height: 10 -- 0.50 of 20 interline
2025-09-25 01:52:14,591 INFO [PAR_00011072#1]         ScaleBuilder.java:264  | Beam measured height:  8 -- 0.14 of [6..20] range at 505% of needed quorum
2025-09-25 01:52:14,592 INFO [PAR_00011072#1]            ScaleStep.java:65   | Scale{ interline(18,20,21) line(2,4,6) beam(8)}
2025-09-25 01:52:14,592 INFO [PAR_00011072#1]       StepMonitoring.java:98   | GRID
2025-09-25 01:52:15,507 INFO [PAR_00011072#1]       LinesRetriever.java:1500 | Global slope: -0.00818
2025-09-25 01:52:15,564 INFO [PAR_00011072#1]    ClustersRetriever.java:328  | Retrieved raw line clusters: 5 of sizes [5] with interline(18,20,21)
2025-09-25 01:52:15,816 INFO [PAR_00011072#1]            PeakGraph.java:310  | Systems: #1[1] #2[2] #3[3] #4[4] #5[5]
2025-09-25 01:52:16,284 INFO [PAR_00011072#1]        SystemManager.java:134  | Indentation detected for system #1
2025-09-25 01:52:16,285 INFO [PAR_00011072#1]        SystemManager.java:779  | 1 part along 5 systems
2025-09-25 01:52:16,286 INFO [PAR_00011072#1]                 Book.java:545  | Created scores: [{Score 1}]
2025-09-25 01:52:16,287 INFO [PAR_00011072#1]       StepMonitoring.java:98   | HEADERS
2025-09-25 01:52:16,610 INFO [PAR_00011072#1]      BasicClassifier.java:277  | Classifier loaded XML norms.
2025-09-25 01:52:16,614 INFO [PAR_00011072#1]   AbstractClassifier.java:396  | Classifier data loaded from default uri file:///home/kaval/Documents/audiveris/app/res/basic-classifier.zip
2025-09-25 01:52:17,703 INFO [PAR_00011072#1]       StepMonitoring.java:98   | STEM_SEEDS
2025-09-25 01:52:17,762 INFO [PAR_00011072#1]        StemSeedsStep.java:86   | stem(4 max:5)
2025-09-25 01:52:17,846 INFO [PAR_00011072#1]       StepMonitoring.java:98   | BEAMS
2025-09-25 01:52:21,305 INFO [PAR_00011072#1]       StepMonitoring.java:98   | LEDGERS
2025-09-25 01:52:22,137 INFO [PAR_00011072#1]       StepMonitoring.java:98   | HEADS
2025-09-25 01:52:25,839 INFO [PAR_00011072#1]        HeadSeedTally.java:235  | Scale information: HeadSeeds{NOTEHEAD_BLACK[L:0.5,R:0.4]}
2025-09-25 01:52:25,840 INFO [PAR_00011072#1]       StepMonitoring.java:98   | STEMS
2025-09-25 01:52:26,110 INFO [PAR_00011072#1]           BeamLinker.java:1729 | Not linking shorter BeamHookInter#1516{(0.501/0.805) BEAM_HOOK}
2025-09-25 01:52:26,110 INFO [PAR_00011072#1]           BeamLinker.java:1729 | Not linking shorter BeamInter#1518{(0.471/0.786) BEAM}
2025-09-25 01:52:26,938 INFO [PAR_00011072#1]       StepMonitoring.java:98   | REDUCTION
2025-09-25 01:52:27,082 INFO [PAR_00011072#1]        ReductionStep.java:105  | Stems free length median value: 60 pixels, 3.0 interlines
2025-09-25 01:52:27,086 INFO [PAR_00011072#1]       StepMonitoring.java:98   | CUE_BEAMS
2025-09-25 01:52:27,087 INFO [PAR_00011072#1]         CueBeamsStep.java:81   | Step CUE_BEAMS is skipped because small heads switch is off
2025-09-25 01:52:27,087 INFO [PAR_00011072#1]       StepMonitoring.java:98   | TEXTS
2025-09-25 01:52:27,225 WARN [PAR_00011072#1]         TesseractOCR.java:335  | The collection of supported languages is empty
2025-09-25 01:52:27,226 INFO [PAR_00011072#1]              OcrUtil.java:106  | Missing support for 'eng' language(s)
2025-09-25 01:52:27,235 INFO [PAR_00011072#1]       StepMonitoring.java:98   | MEASURES
2025-09-25 01:52:27,247 INFO [PAR_00011072#1]                 Page.java:307  | 35 raw measures: [6 in system#1, 7 in system#2, 7 in system#3, 8 in system#4, 7 in system#5]
2025-09-25 01:52:27,247 INFO [PAR_00011072#1]       StepMonitoring.java:98   | CHORDS
2025-09-25 01:52:27,265 INFO [PAR_00011072#1]       StepMonitoring.java:98   | CURVES
2025-09-25 01:52:28,335 INFO [PAR_00011072#1]         SlursBuilder.java:240  | Slurs: 13
2025-09-25 01:52:28,422 INFO [PAR_00011072#1]      SegmentsBuilder.java:155  | Segments: 54
2025-09-25 01:52:28,435 INFO [PAR_00011072#1]       StepMonitoring.java:98   | SYMBOLS
2025-09-25 01:52:30,495 INFO [PAR_00011072#1]       StepMonitoring.java:98   | LINKS
2025-09-25 01:52:30,499 INFO [PAR_00011072#1]        SymbolsLinker.java:257  | No chord linked to OctaveShiftInter#6865{(0.229) staff:1 OTTAVA ALTA}
2025-09-25 01:52:30,548 INFO [PAR_00011072#1]       StepMonitoring.java:98   | RHYTHMS
2025-09-25 01:52:30,574 INFO [PAR_00011072#1]                Voice.java:257  | Measure{#6} Voice{#1 excess:1/16} too long
2025-09-25 01:52:30,575 INFO [PAR_00011072#1]                Voice.java:257  | Measure{#6} Voice{#2 excess:1/8} too long
2025-09-25 01:52:30,575 INFO [PAR_00011072#1]          StackRhythm.java:224  | S1 MeasureStack#6 no correct rhythm
2025-09-25 01:52:30,583 INFO [PAR_00011072#1]                Voice.java:257  | Measure{#8} Voice{#1 excess:1/8} too long
2025-09-25 01:52:30,583 INFO [PAR_00011072#1]          StackRhythm.java:224  | S2 MeasureStack#8 no correct rhythm
2025-09-25 01:52:30,588 INFO [PAR_00011072#1]                Voice.java:257  | Measure{#11} Voice{#1 excess:1/16} too long
2025-09-25 01:52:30,589 INFO [PAR_00011072#1]          StackRhythm.java:224  | S2 MeasureStack#11 no correct rhythm
2025-09-25 01:52:30,601 INFO [PAR_00011072#1]                Voice.java:257  | Measure{#21} Voice{#2 excess:1/8} too long
2025-09-25 01:52:30,602 INFO [PAR_00011072#1]          StackRhythm.java:224  | S4 MeasureStack#21 no correct rhythm
2025-09-25 01:52:30,609 INFO [PAR_00011072#1]                Voice.java:257  | Measure{#28} Voice{#1 excess:1/8} too long
2025-09-25 01:52:30,609 INFO [PAR_00011072#1]          StackRhythm.java:224  | S4 MeasureStack#28 no correct rhythm
2025-09-25 01:52:30,614 INFO [PAR_00011072#1]                Voice.java:257  | Measure{#33} Voice{#1 excess:3/16} too long
2025-09-25 01:52:30,615 INFO [PAR_00011072#1]          StackRhythm.java:224  | S5 MeasureStack#33 no correct rhythm
2025-09-25 01:52:30,617 INFO [PAR_00011072#1]       StepMonitoring.java:98   | PAGE
2025-09-25 01:52:30,625 INFO [PAR_00011072#1]                Voice.java:257  | Measure{#6} Voice{#1 excess:1/16} too long
2025-09-25 01:52:30,625 INFO [PAR_00011072#1]                Voice.java:257  | Measure{#6} Voice{#2 excess:1/8} too long
2025-09-25 01:52:30,626 INFO [PAR_00011072#1]                Voice.java:257  | Measure{#8} Voice{#1 excess:1/8} too long
2025-09-25 01:52:30,626 INFO [PAR_00011072#1]                Voice.java:257  | Measure{#11} Voice{#1 excess:1/16} too long
2025-09-25 01:52:30,628 INFO [PAR_00011072#1]                Voice.java:257  | Measure{#21} Voice{#2 excess:1/8} too long
2025-09-25 01:52:30,628 INFO [PAR_00011072#1]                Voice.java:257  | Measure{#28} Voice{#1 excess:1/8} too long
2025-09-25 01:52:30,629 INFO [PAR_00011072#1]                Voice.java:257  | Measure{#33} Voice{#1 excess:3/16} too long
2025-09-25 01:52:30,630 INFO [PAR_00011072#1]                 Book.java:2550 | Book{PAR_00011072} storing
2025-09-25 01:52:30,697 INFO [PAR_00011072#1]                 Book.java:2531 | Stored /book.xml
2025-09-25 01:52:30,908 INFO [PAR_00011072#1]           DataHolder.java:348  | Stored /sheet#1/BINARY.png
2025-09-25 01:52:31,963 INFO [PAR_00011072#1]                Sheet.java:1562 | Stored /sheet#1/sheet#1.xml
2025-09-25 01:52:31,963 INFO [PAR_00011072#1]                 Book.java:2491 | Book stored as /home/kaval/Documentos/dev/CONCER/python/outputs/PAR_00011072.omr
2025-09-25 01:52:31,965 INFO [PAR_00011072#1]            SheetStub.java:1644 | Disposed sheet#1
2025-09-25 01:52:32,021 INFO [PAR_00011072#1]                 Book.java:2018 | End of Stub#1 memory: 37,098,952
2025-09-25 01:52:32,022 INFO [PAR_00011072#2]       StepMonitoring.java:98   | LOAD
2025-09-25 01:52:33,149 INFO [PAR_00011072#2]            SheetStub.java:1268 | Loaded image #2 2317x3299 from /home/kaval/Documentos/dev/CONCER/python/uploads/PAR_00011072.pdf
2025-09-25 01:52:33,149 INFO [PAR_00011072#2]       StepMonitoring.java:98   | BINARY
2025-09-25 01:52:33,582 INFO [PAR_00011072#2]       StepMonitoring.java:98   | SCALE
2025-09-25 01:52:33,589 INFO [PAR_00011072#2]         ScaleBuilder.java:241  | Beam  guessed height: 10 -- 0.50 of 20 interline
2025-09-25 01:52:33,591 INFO [PAR_00011072#2]         ScaleBuilder.java:264  | Beam measured height:  9 -- 0.15 of [7..20] range at 391% of needed quorum
2025-09-25 01:52:33,591 INFO [PAR_00011072#2]            ScaleStep.java:65   | Scale{ interline(18,20,22) line(1,4,7) beam(9)}
2025-09-25 01:52:33,591 INFO [PAR_00011072#2]       StepMonitoring.java:98   | GRID
2025-09-25 01:52:34,101 INFO [PAR_00011072#2]       LinesRetriever.java:1500 | Global slope: -0.00876
2025-09-25 01:52:34,115 INFO [PAR_00011072#2]    ClustersRetriever.java:328  | Retrieved raw line clusters: 4 of sizes [5] with interline(18,20,22)
2025-09-25 01:52:34,321 INFO [PAR_00011072#2]            PeakGraph.java:310  | Systems: #1[1] #2[2] #3[3] #4[4]
2025-09-25 01:52:34,758 INFO [PAR_00011072#2]        SystemManager.java:134  | Indentation detected for system #1
2025-09-25 01:52:34,758 INFO [PAR_00011072#2]        SystemManager.java:779  | 1 part along 4 systems
2025-09-25 01:52:34,759 INFO [PAR_00011072#2]       StepMonitoring.java:98   | HEADERS
2025-09-25 01:52:34,939 WARN [PAR_00011072#2]          ClefBuilder.java:658  | Staff#1 no recognized header clef.
2025-09-25 01:52:35,794 INFO [PAR_00011072#2]       StepMonitoring.java:98   | STEM_SEEDS
2025-09-25 01:52:35,845 INFO [PAR_00011072#2]        StemSeedsStep.java:86   | stem(4 max:5)
2025-09-25 01:52:35,872 INFO [PAR_00011072#2]       StepMonitoring.java:98   | BEAMS
2025-09-25 01:52:39,061 INFO [PAR_00011072#2]       StepMonitoring.java:98   | LEDGERS
2025-09-25 01:52:39,635 INFO [PAR_00011072#2]       StepMonitoring.java:98   | HEADS
2025-09-25 01:52:42,112 INFO [PAR_00011072#2]        HeadSeedTally.java:235  | Scale information: HeadSeeds{NOTEHEAD_BLACK[L:0.4,R:0.1]}
2025-09-25 01:52:42,113 INFO [PAR_00011072#2]       StepMonitoring.java:98   | STEMS
2025-09-25 01:52:42,206 INFO [PAR_00011072#2]           BeamLinker.java:1729 | Not linking shorter BeamInter#1061{(0.462/0.793) BEAM}
2025-09-25 01:52:42,292 INFO [PAR_00011072#2]           BeamLinker.java:1729 | Not linking shorter BeamHookInter#1208{(0.491/0.714) BEAM_HOOK}
2025-09-25 01:52:42,293 INFO [PAR_00011072#2]           BeamLinker.java:1729 | Not linking shorter BeamInter#1157{(0.403/0.603) BEAM}
2025-09-25 01:52:42,512 INFO [PAR_00011072#2]       StepMonitoring.java:98   | REDUCTION
2025-09-25 01:52:42,560 INFO [PAR_00011072#2]       BeamGroupInter.java:1123 | Separating beams BeamInter#1048{(0.631/0.949) BEAM} and BeamInter#1052{(0.550/0.910) BEAM}
2025-09-25 01:52:42,563 INFO [PAR_00011072#2]       BeamGroupInter.java:1123 | Separating beams BeamInter#1253{(0.627/0.929) BEAM} and BeamInter#1257{(0.673/0.956) BEAM}
2025-09-25 01:52:42,563 INFO [PAR_00011072#2]       BeamGroupInter.java:1123 | Separating beams BeamInter#1334{(0.644/0.946) BEAM} and BeamInter#1393{(0.435/0.852) BEAM}
2025-09-25 01:52:42,564 INFO [PAR_00011072#2]       BeamGroupInter.java:1123 | Separating beams BeamInter#1344{(0.627/0.933) BEAM} and BeamInter#1348{(0.680/0.959) BEAM}
2025-09-25 01:52:42,565 INFO [PAR_00011072#2]        ReductionStep.java:105  | Stems free length median value: 49 pixels, 2.5 interlines
2025-09-25 01:52:42,568 INFO [PAR_00011072#2]       StepMonitoring.java:98   | CUE_BEAMS
2025-09-25 01:52:42,568 INFO [PAR_00011072#2]         CueBeamsStep.java:81   | Step CUE_BEAMS is skipped because small heads switch is off
2025-09-25 01:52:42,568 INFO [PAR_00011072#2]       StepMonitoring.java:98   | TEXTS
2025-09-25 01:52:42,677 WARN [PAR_00011072#2]         TesseractOCR.java:335  | The collection of supported languages is empty
2025-09-25 01:52:42,678 INFO [PAR_00011072#2]              OcrUtil.java:106  | Missing support for 'eng' language(s)
2025-09-25 01:52:42,679 INFO [PAR_00011072#2]       StepMonitoring.java:98   | MEASURES
2025-09-25 01:52:42,682 INFO [PAR_00011072#2]                 Page.java:307  | 25 raw measures: [5 in system#1, 6 in system#2, 7 in system#3, 7 in system#4]
2025-09-25 01:52:42,682 INFO [PAR_00011072#2]       StepMonitoring.java:98   | CHORDS
2025-09-25 01:52:42,687 INFO [PAR_00011072#2]       StepMonitoring.java:98   | CURVES
2025-09-25 01:52:43,251 INFO [PAR_00011072#2]         SlursBuilder.java:240  | Slurs: 15
2025-09-25 01:52:43,264 INFO [PAR_00011072#2]      SegmentsBuilder.java:155  | Segments: 37
2025-09-25 01:52:43,266 INFO [PAR_00011072#2]       StepMonitoring.java:98   | SYMBOLS
2025-09-25 01:52:43,936 INFO [PAR_00011072#2]       StepMonitoring.java:98   | LINKS
2025-09-25 01:52:43,962 INFO [PAR_00011072#2]       StepMonitoring.java:98   | RHYTHMS
2025-09-25 01:52:43,984 INFO [PAR_00011072#2]       StepMonitoring.java:98   | PAGE
2025-09-25 01:52:43,987 WARN [PAR_00011072#2]         MeasureFixer.java:343  | System#1 No target duration for measures local IDs [1, 2, 3, 4, 5], please check time signatures
2025-09-25 01:52:43,989 WARN [PAR_00011072#2]         MeasureFixer.java:343  | System#2 No target duration for measures local IDs [6, 7, 8, 9, 10, 11], please check time signatures
2025-09-25 01:52:43,989 WARN [PAR_00011072#2]         MeasureFixer.java:343  | System#3 No target duration for measures local IDs [12, 13, 14, 15, 16, 17, 18], please check time signatures
2025-09-25 01:52:43,990 WARN [PAR_00011072#2]         MeasureFixer.java:343  | System#4 No target duration for measures local IDs [19, 20, 21, 22, 23, 24, 25], please check time signatures
2025-09-25 01:52:43,991 INFO [PAR_00011072#2]                 Book.java:2550 | Book{PAR_00011072} storing
2025-09-25 01:52:44,051 INFO [PAR_00011072#2]                 Book.java:2531 | Stored /book.xml
2025-09-25 01:52:44,125 INFO [PAR_00011072#2]           DataHolder.java:348  | Stored /sheet#2/BINARY.png
2025-09-25 01:52:44,764 INFO [PAR_00011072#2]                Sheet.java:1562 | Stored /sheet#2/sheet#2.xml
2025-09-25 01:52:44,765 INFO [PAR_00011072#2]                 Book.java:2491 | Book stored as /home/kaval/Documentos/dev/CONCER/python/outputs/PAR_00011072.omr
2025-09-25 01:52:44,768 INFO [PAR_00011072#2]            SheetStub.java:1644 | Disposed sheet#2
2025-09-25 01:52:44,818 INFO [PAR_00011072#2]                 Book.java:2018 | End of Stub#2 memory: 36,630,488
2025-09-25 01:52:44,819 INFO [PAR_00011072]                 Book.java:2025 | Book processed.
2025-09-25 01:52:45,431 INFO [PAR_00011072]            SheetStub.java:995  | Loaded /sheet#1/sheet#1.xml
2025-09-25 01:52:45,843 INFO [PAR_00011072]            SheetStub.java:995  | Loaded /sheet#2/sheet#2.xml
2025-09-25 01:52:46,302 INFO [PAR_00011072]      PartwiseBuilder.java:2661 | Exporting sheet(s): [#1]
2025-09-25 01:52:46,406 INFO [PAR_00011072]        ScoreExporter.java:164  | Score PAR_00011072.mvt1 exported to /home/kaval/Documentos/dev/CONCER/python/outputs/PAR_00011072.mvt1.mxl
2025-09-25 01:52:46,406 INFO [PAR_00011072]      PartwiseBuilder.java:2661 | Exporting sheet(s): [#2]
2025-09-25 01:52:46,436 INFO [PAR_00011072]        ScoreExporter.java:164  | Score PAR_00011072.mvt2 exported to /home/kaval/Documentos/dev/CONCER/python/outputs/PAR_00011072.mvt2.mxl
2025-09-25 01:52:46,490 INFO [PAR_00011072]                Score.java:181  | Closing {Score 1}
2025-09-25 01:52:46,490 INFO [PAR_00011072]                Score.java:181  | Closing {Score 2}
