2025-08-04 01:04:14,711 INFO [PAR_1234]                 Book.java:562  | 2 sheets in /home/kaval/Documentos/dev/CONCER/python/uploads/PAR_1234.pdf
2025-08-04 01:04:14,929 INFO []                 Book.java:2531 | Stored /book.xml
2025-08-04 01:04:14,929 INFO []                 Book.java:2491 | Book stored as /home/kaval/Documentos/dev/CONCER/python/outputs/PAR_1234.omr
2025-08-04 01:04:14,964 INFO []                 Book.java:1933 | Book reaching PAGE on sheets:[#1#2]
2025-08-04 01:04:14,968 INFO [PAR_1234#1]       StepMonitoring.java:98   | LOAD
2025-08-04 01:04:15,423 INFO [PAR_1234#1]            SheetStub.java:1268 | Loaded image #1 2479x3508 from /home/kaval/Documentos/dev/CONCER/python/uploads/PAR_1234.pdf
2025-08-04 01:04:15,428 INFO [PAR_1234#1]       StepMonitoring.java:98   | BINARY
2025-08-04 01:04:16,030 INFO [PAR_1234#1]       StepMonitoring.java:98   | SCALE
2025-08-04 01:04:16,066 INFO [PAR_1234#1]         ScaleBuilder.java:241  | Beam  guessed height: 10 -- 0.50 of 21 interline
2025-08-04 01:04:16,068 INFO [PAR_1234#1]         ScaleBuilder.java:264  | Beam measured height:  9 -- 0.20 of [6..21] range at 59% of needed quorum
2025-08-04 01:04:16,068 INFO [PAR_1234#1]            ScaleStep.java:65   | Scale{ interline(20,21,21) line(2,2,2) beam(9)}
2025-08-04 01:04:16,069 INFO [PAR_1234#1]       StepMonitoring.java:98   | GRID
2025-08-04 01:04:16,587 INFO [PAR_1234#1]       LinesRetriever.java:1500 | Global slope: 0.00000
2025-08-04 01:04:16,638 INFO [PAR_1234#1]    ClustersRetriever.java:328  | Retrieved raw line clusters: 10 of sizes [5] with interline(20,21,21)
2025-08-04 01:04:16,847 INFO [PAR_1234#1]            PeakGraph.java:310  | Systems: #1[1, 2] #2[3, 4] #3[5, 6] #4[7, 8] #5[9, 10]
2025-08-04 01:04:17,192 INFO [PAR_1234#1]        SystemManager.java:779  | 1 part along 5 systems
2025-08-04 01:04:17,193 INFO [PAR_1234#1]                 Book.java:545  | Created scores: [{Score 1}]
2025-08-04 01:04:17,194 INFO [PAR_1234#1]       StepMonitoring.java:98   | HEADERS
2025-08-04 01:04:17,488 INFO [PAR_1234#1]      BasicClassifier.java:277  | Classifier loaded XML norms.
2025-08-04 01:04:17,492 INFO [PAR_1234#1]   AbstractClassifier.java:396  | Classifier data loaded from default uri file:///home/kaval/Documents/audiveris/app/res/basic-classifier.zip
2025-08-04 01:04:18,052 INFO [PAR_1234#1]       StepMonitoring.java:98   | STEM_SEEDS
2025-08-04 01:04:18,113 INFO [PAR_1234#1]        StemSeedsStep.java:86   | stem(3 max:3)
2025-08-04 01:04:18,182 INFO [PAR_1234#1]       StepMonitoring.java:98   | BEAMS
2025-08-04 01:04:21,614 INFO [PAR_1234#1]       StepMonitoring.java:98   | LEDGERS
2025-08-04 01:04:22,021 INFO [PAR_1234#1]       StepMonitoring.java:98   | HEADS
2025-08-04 01:04:28,004 INFO [PAR_1234#1]        HeadSeedTally.java:235  | Scale information: HeadSeeds{NOTEHEAD_BLACK[L:-0.5,R:-0.5]}
2025-08-04 01:04:28,005 INFO [PAR_1234#1]       StepMonitoring.java:98   | STEMS
2025-08-04 01:04:28,569 INFO [PAR_1234#1]       StepMonitoring.java:98   | REDUCTION
2025-08-04 01:04:28,683 INFO [PAR_1234#1]        ReductionStep.java:105  | Stems free length median value: 73 pixels, 3.5 interlines
2025-08-04 01:04:28,690 INFO [PAR_1234#1]       StepMonitoring.java:98   | CUE_BEAMS
2025-08-04 01:04:28,694 INFO [PAR_1234#1]         CueBeamsStep.java:81   | Step CUE_BEAMS is skipped because small heads switch is off
2025-08-04 01:04:28,695 INFO [PAR_1234#1]       StepMonitoring.java:98   | TEXTS
2025-08-04 01:04:28,897 WARN [PAR_1234#1]         TesseractOCR.java:335  | The collection of supported languages is empty
2025-08-04 01:04:28,898 INFO [PAR_1234#1]              OcrUtil.java:106  | Missing support for 'eng' language(s)
2025-08-04 01:04:28,909 INFO [PAR_1234#1]       StepMonitoring.java:98   | MEASURES
2025-08-04 01:04:28,924 INFO [PAR_1234#1]                 Page.java:307  | 20 raw measures: [4 in system#1, 4 in system#2, 4 in system#3, 4 in system#4, 4 in system#5]
2025-08-04 01:04:28,924 INFO [PAR_1234#1]       StepMonitoring.java:98   | CHORDS
2025-08-04 01:04:28,957 INFO [PAR_1234#1]       StepMonitoring.java:98   | CURVES
2025-08-04 01:04:29,908 INFO [PAR_1234#1]         SlursBuilder.java:240  | Slurs: 1
2025-08-04 01:04:29,947 INFO [PAR_1234#1]      SegmentsBuilder.java:155  | Segments: 20
2025-08-04 01:04:29,954 INFO [PAR_1234#1]       StepMonitoring.java:98   | SYMBOLS
2025-08-04 01:04:30,688 INFO [PAR_1234#1]       StepMonitoring.java:98   | LINKS
2025-08-04 01:04:30,696 INFO [PAR_1234#1]        SymbolsLinker.java:257  | No chord linked to OctaveShiftInter#3582{(0.353) staff:1 VENTIDUESIMA ALTA}
2025-08-04 01:04:30,696 INFO [PAR_1234#1]        SymbolsLinker.java:257  | No chord linked to OctaveShiftInter#3583{(0.144) staff:1 OTTAVA ALTA}
2025-08-04 01:04:30,747 INFO [PAR_1234#1]       StepMonitoring.java:98   | RHYTHMS
2025-08-04 01:04:30,842 INFO [PAR_1234#1]       StepMonitoring.java:98   | PAGE
2025-08-04 01:04:30,851 INFO [PAR_1234#1]                 Book.java:2550 | Book{PAR_1234} storing
2025-08-04 01:04:30,903 INFO [PAR_1234#1]                 Book.java:2531 | Stored /book.xml
2025-08-04 01:04:31,048 INFO [PAR_1234#1]           DataHolder.java:348  | Stored /sheet#1/BINARY.png
2025-08-04 01:04:31,714 INFO [PAR_1234#1]                Sheet.java:1562 | Stored /sheet#1/sheet#1.xml
2025-08-04 01:04:31,715 INFO [PAR_1234#1]                 Book.java:2491 | Book stored as /home/kaval/Documentos/dev/CONCER/python/outputs/PAR_1234.omr
2025-08-04 01:04:31,716 INFO [PAR_1234#1]            SheetStub.java:1644 | Disposed sheet#1
2025-08-04 01:04:31,784 INFO [PAR_1234#1]                 Book.java:2018 | End of Stub#1 memory: 39,501,600
2025-08-04 01:04:31,785 INFO [PAR_1234#2]       StepMonitoring.java:98   | LOAD
2025-08-04 01:04:31,882 INFO [PAR_1234#2]            SheetStub.java:1268 | Loaded image #2 2479x3508 from /home/kaval/Documentos/dev/CONCER/python/uploads/PAR_1234.pdf
2025-08-04 01:04:31,883 INFO [PAR_1234#2]       StepMonitoring.java:98   | BINARY
2025-08-04 01:04:32,353 INFO [PAR_1234#2]       StepMonitoring.java:98   | SCALE
2025-08-04 01:04:32,377 INFO [PAR_1234#2]         ScaleBuilder.java:241  | Beam  guessed height: 10 -- 0.50 of 21 interline
2025-08-04 01:04:32,377 INFO [PAR_1234#2]         ScaleBuilder.java:264  | Beam measured height:  8 -- 0.13 of [6..21] range at 106% of needed quorum
2025-08-04 01:04:32,377 INFO [PAR_1234#2]            ScaleStep.java:65   | Scale{ interline(20,21,21) line(2,2,2) beam(8)}
2025-08-04 01:04:32,378 INFO [PAR_1234#2]       StepMonitoring.java:98   | GRID
2025-08-04 01:04:32,587 INFO [PAR_1234#2]       LinesRetriever.java:1500 | Global slope: 0.00000
2025-08-04 01:04:32,618 INFO [PAR_1234#2]    ClustersRetriever.java:328  | Retrieved raw line clusters: 10 of sizes [5] with interline(20,21,21)
2025-08-04 01:04:32,764 INFO [PAR_1234#2]            PeakGraph.java:310  | Systems: #1[1, 2] #2[3, 4] #3[5, 6] #4[7, 8] #5[9, 10]
2025-08-04 01:04:32,934 INFO [PAR_1234#2]        SystemManager.java:779  | 1 part along 5 systems
2025-08-04 01:04:32,935 INFO [PAR_1234#2]       StepMonitoring.java:98   | HEADERS
2025-08-04 01:04:33,150 INFO [PAR_1234#2]       StepMonitoring.java:98   | STEM_SEEDS
2025-08-04 01:04:33,187 INFO [PAR_1234#2]        StemSeedsStep.java:86   | stem(3 max:3)
2025-08-04 01:04:33,199 INFO [PAR_1234#2]       StepMonitoring.java:98   | BEAMS
2025-08-04 01:04:35,555 INFO [PAR_1234#2]       StepMonitoring.java:98   | LEDGERS
2025-08-04 01:04:35,644 INFO [PAR_1234#2]       StepMonitoring.java:98   | HEADS
2025-08-04 01:04:41,591 INFO [PAR_1234#2]        HeadSeedTally.java:235  | Scale information: HeadSeeds{NOTEHEAD_BLACK[L:-0.5,R:-0.5]}
2025-08-04 01:04:41,591 INFO [PAR_1234#2]       StepMonitoring.java:98   | STEMS
2025-08-04 01:04:41,828 INFO [PAR_1234#2]       StepMonitoring.java:98   | REDUCTION
2025-08-04 01:04:41,875 INFO [PAR_1234#2]        ReductionStep.java:105  | Stems free length median value: 73 pixels, 3.5 interlines
2025-08-04 01:04:41,879 INFO [PAR_1234#2]       StepMonitoring.java:98   | CUE_BEAMS
2025-08-04 01:04:41,879 INFO [PAR_1234#2]         CueBeamsStep.java:81   | Step CUE_BEAMS is skipped because small heads switch is off
2025-08-04 01:04:41,880 INFO [PAR_1234#2]       StepMonitoring.java:98   | TEXTS
2025-08-04 01:04:41,986 WARN [PAR_1234#2]         TesseractOCR.java:335  | The collection of supported languages is empty
2025-08-04 01:04:41,986 INFO [PAR_1234#2]              OcrUtil.java:106  | Missing support for 'eng' language(s)
2025-08-04 01:04:41,987 INFO [PAR_1234#2]       StepMonitoring.java:98   | MEASURES
2025-08-04 01:04:41,989 INFO [PAR_1234#2]                 Page.java:307  | 20 raw measures: [4 in system#1, 4 in system#2, 4 in system#3, 4 in system#4, 4 in system#5]
2025-08-04 01:04:41,990 INFO [PAR_1234#2]       StepMonitoring.java:98   | CHORDS
2025-08-04 01:04:41,998 INFO [PAR_1234#2]       StepMonitoring.java:98   | CURVES
2025-08-04 01:04:42,869 INFO [PAR_1234#2]         SlursBuilder.java:240  | Slurs: 0
2025-08-04 01:04:42,881 INFO [PAR_1234#2]      SegmentsBuilder.java:155  | Segments: 18
2025-08-04 01:04:42,882 INFO [PAR_1234#2]       StepMonitoring.java:98   | SYMBOLS
2025-08-04 01:04:43,382 INFO [PAR_1234#2]       StepMonitoring.java:98   | LINKS
2025-08-04 01:04:43,412 INFO [PAR_1234#2]       StepMonitoring.java:98   | RHYTHMS
2025-08-04 01:04:43,413 INFO [PAR_1234#2]           PageRhythm.java:199  | {Page#2.1} Time value reused from sheet#1
2025-08-04 01:04:43,454 INFO [PAR_1234#2]       StepMonitoring.java:98   | PAGE
2025-08-04 01:04:43,459 INFO [PAR_1234#2]                 Book.java:2550 | Book{PAR_1234} storing
2025-08-04 01:04:43,509 INFO [PAR_1234#2]                 Book.java:2531 | Stored /book.xml
2025-08-04 01:04:43,630 INFO [PAR_1234#2]           DataHolder.java:348  | Stored /sheet#2/BINARY.png
2025-08-04 01:04:44,011 INFO [PAR_1234#2]                Sheet.java:1562 | Stored /sheet#2/sheet#2.xml
2025-08-04 01:04:44,011 INFO [PAR_1234#2]                 Book.java:2491 | Book stored as /home/kaval/Documentos/dev/CONCER/python/outputs/PAR_1234.omr
2025-08-04 01:04:44,013 INFO [PAR_1234#2]            SheetStub.java:1644 | Disposed sheet#2
2025-08-04 01:04:44,071 INFO [PAR_1234#2]                 Book.java:2018 | End of Stub#2 memory: 39,377,032
2025-08-04 01:04:44,072 INFO [PAR_1234]                 Book.java:2025 | Book processed.
2025-08-04 01:04:44,564 INFO [PAR_1234]            SheetStub.java:995  | Loaded /sheet#1/sheet#1.xml
2025-08-04 01:04:44,909 INFO [PAR_1234]            SheetStub.java:995  | Loaded /sheet#2/sheet#2.xml
2025-08-04 01:04:45,379 INFO [PAR_1234]      PartwiseBuilder.java:2661 | Exporting sheet(s): [#1#2]
2025-08-04 01:04:45,512 INFO [PAR_1234]        ScoreExporter.java:164  | Score PAR_1234 exported to /home/kaval/Documentos/dev/CONCER/python/outputs/PAR_1234.mxl
2025-08-04 01:04:45,565 INFO [PAR_1234]                Score.java:181  | Closing {Score 1}
