2025-09-25 02:00:57,071 INFO [PAR_00011072]                 Book.java:562  | 2 sheets in /home/kaval/Documentos/dev/CONCER/python/uploads/PAR_00011072.pdf
2025-09-25 02:00:57,346 INFO []                 Book.java:2531 | Stored /book.xml
2025-09-25 02:00:57,346 INFO []                 Book.java:2491 | Book stored as /home/kaval/Documentos/dev/CONCER/python/outputs/PAR_00011072.omr
2025-09-25 02:00:57,374 INFO []                 Book.java:1933 | Book reaching PAGE on sheets:[#1#2]
2025-09-25 02:00:57,377 INFO [PAR_00011072#1]       StepMonitoring.java:98   | LOAD
2025-09-25 02:00:58,105 INFO [PAR_00011072#1]            SheetStub.java:1268 | Loaded image #1 2550x3329 from /home/kaval/Documentos/dev/CONCER/python/uploads/PAR_00011072.pdf
2025-09-25 02:00:58,112 INFO [PAR_00011072#1]       StepMonitoring.java:98   | BINARY
2025-09-25 02:00:58,769 INFO [PAR_00011072#1]       StepMonitoring.java:98   | SCALE
2025-09-25 02:00:58,805 INFO [PAR_00011072#1]         ScaleBuilder.java:241  | Beam  guessed height: 12 -- 0.50 of 24 interline
2025-09-25 02:00:58,807 INFO [PAR_00011072#1]         ScaleBuilder.java:264  | Beam measured height: 12 -- 0.29 of [7..24] range at 1102% of needed quorum
2025-09-25 02:00:58,808 INFO [PAR_00011072#1]            ScaleStep.java:65   | Scale{ interline(23,24,24) line(4,5,5) beam(12)}
2025-09-25 02:00:58,810 INFO [PAR_00011072#1]       StepMonitoring.java:98   | GRID
2025-09-25 02:00:59,468 INFO [PAR_00011072#1]       LinesRetriever.java:1500 | Global slope: 0.00000
2025-09-25 02:00:59,524 INFO [PAR_00011072#1]    ClustersRetriever.java:328  | Retrieved raw line clusters: 7 of sizes [5] with interline(23,24,24)
2025-09-25 02:00:59,718 INFO [PAR_00011072#1]            PeakGraph.java:310  | Systems: #1[1] #2[2] #3[3] #4[4] #5[5] #6[6] #7[7]
2025-09-25 02:01:00,114 INFO [PAR_00011072#1]        SystemManager.java:134  | Indentation detected for system #1
2025-09-25 02:01:00,115 INFO [PAR_00011072#1]        SystemManager.java:779  | 1 part along 7 systems
2025-09-25 02:01:00,116 INFO [PAR_00011072#1]                 Book.java:545  | Created scores: [{Score 1}]
2025-09-25 02:01:00,117 INFO [PAR_00011072#1]       StepMonitoring.java:98   | HEADERS
2025-09-25 02:01:00,488 INFO [PAR_00011072#1]      BasicClassifier.java:277  | Classifier loaded XML norms.
2025-09-25 02:01:00,492 INFO [PAR_00011072#1]   AbstractClassifier.java:396  | Classifier data loaded from default uri file:///home/kaval/Documents/audiveris/app/res/basic-classifier.zip
2025-09-25 02:01:01,145 INFO [PAR_00011072#1]       StepMonitoring.java:98   | STEM_SEEDS
2025-09-25 02:01:01,207 INFO [PAR_00011072#1]        StemSeedsStep.java:86   | stem(2 max:2)
2025-09-25 02:01:01,287 INFO [PAR_00011072#1]       StepMonitoring.java:98   | BEAMS
2025-09-25 02:01:07,161 INFO [PAR_00011072#1]       StepMonitoring.java:98   | LEDGERS
2025-09-25 02:01:07,613 INFO [PAR_00011072#1]       StepMonitoring.java:98   | HEADS
2025-09-25 02:01:15,012 INFO [PAR_00011072#1]        HeadSeedTally.java:235  | Scale information: HeadSeeds{NOTEHEAD_VOID[L:-0.5] NOTEHEAD_BLACK[L:-0.5,R:-0.5]}
2025-09-25 02:01:15,013 INFO [PAR_00011072#1]       StepMonitoring.java:98   | STEMS
2025-09-25 02:01:15,945 INFO [PAR_00011072#1]       StepMonitoring.java:98   | REDUCTION
2025-09-25 02:01:16,207 INFO [PAR_00011072#1]        ReductionStep.java:105  | Stems free length median value: 83 pixels, 3.5 interlines
2025-09-25 02:01:16,214 INFO [PAR_00011072#1]       StepMonitoring.java:98   | CUE_BEAMS
2025-09-25 02:01:16,215 INFO [PAR_00011072#1]         CueBeamsStep.java:81   | Step CUE_BEAMS is skipped because small heads switch is off
2025-09-25 02:01:16,215 INFO [PAR_00011072#1]       StepMonitoring.java:98   | TEXTS
2025-09-25 02:01:16,423 WARN [PAR_00011072#1]         TesseractOCR.java:335  | The collection of supported languages is empty
2025-09-25 02:01:16,424 INFO [PAR_00011072#1]              OcrUtil.java:106  | Missing support for 'eng' language(s)
2025-09-25 02:01:16,434 INFO [PAR_00011072#1]       StepMonitoring.java:98   | MEASURES
2025-09-25 02:01:16,447 INFO [PAR_00011072#1]                 Page.java:307  | 64 raw measures: [9 in system#1, 9 in system#2, 10 in system#3, 8 in system#4, 9 in system#5, 10 in system#6, 9 in system#7]
2025-09-25 02:01:16,447 INFO [PAR_00011072#1]       StepMonitoring.java:98   | CHORDS
2025-09-25 02:01:16,471 INFO [PAR_00011072#1]       StepMonitoring.java:98   | CURVES
2025-09-25 02:01:17,378 INFO [PAR_00011072#1]         SlursBuilder.java:240  | Slurs: 18
2025-09-25 02:01:17,386 INFO [PAR_00011072#1]      SegmentsBuilder.java:155  | Segments: 3
2025-09-25 02:01:17,393 INFO [PAR_00011072#1]       StepMonitoring.java:98   | SYMBOLS
2025-09-25 02:01:17,855 INFO [PAR_00011072#1]       StepMonitoring.java:98   | LINKS
2025-09-25 02:01:17,874 INFO [PAR_00011072#1]        SymbolsLinker.java:257  | No chord linked to OctaveShiftInter#6542{(0.783) staff:3 OTTAVA BASSA}
2025-09-25 02:01:17,875 INFO [PAR_00011072#1]        SymbolsLinker.java:257  | No chord linked to OctaveShiftInter#6545{(0.123) staff:3 VENTIDUESIMA BASSA}
2025-09-25 02:01:17,883 INFO [PAR_00011072#1]        SymbolsLinker.java:257  | No chord linked to OctaveShiftInter#6555{(0.783) staff:4 OTTAVA ALTA}
2025-09-25 02:01:17,883 INFO [PAR_00011072#1]        SymbolsLinker.java:257  | No chord linked to OctaveShiftInter#6556{(0.123) staff:4 VENTIDUESIMA ALTA}
2025-09-25 02:01:17,930 INFO [PAR_00011072#1]       StepMonitoring.java:98   | RHYTHMS
2025-09-25 02:01:18,005 INFO [PAR_00011072#1]       StepMonitoring.java:98   | PAGE
2025-09-25 02:01:18,017 INFO [PAR_00011072#1]                 Book.java:2550 | Book{PAR_00011072} storing
2025-09-25 02:01:18,080 INFO [PAR_00011072#1]                 Book.java:2531 | Stored /book.xml
2025-09-25 02:01:18,223 INFO [PAR_00011072#1]           DataHolder.java:348  | Stored /sheet#1/BINARY.png
2025-09-25 02:01:19,255 INFO [PAR_00011072#1]                Sheet.java:1562 | Stored /sheet#1/sheet#1.xml
2025-09-25 02:01:19,256 INFO [PAR_00011072#1]                 Book.java:2491 | Book stored as /home/kaval/Documentos/dev/CONCER/python/outputs/PAR_00011072.omr
2025-09-25 02:01:19,257 INFO [PAR_00011072#1]            SheetStub.java:1644 | Disposed sheet#1
2025-09-25 02:01:19,314 INFO [PAR_00011072#1]                 Book.java:2018 | End of Stub#1 memory: 39,568,352
2025-09-25 02:01:19,315 INFO [PAR_00011072#2]       StepMonitoring.java:98   | LOAD
2025-09-25 02:01:19,341 INFO [PAR_00011072#2]            SheetStub.java:1268 | Loaded image #2 2550x3329 from /home/kaval/Documentos/dev/CONCER/python/uploads/PAR_00011072.pdf
2025-09-25 02:01:19,341 INFO [PAR_00011072#2]       StepMonitoring.java:98   | BINARY
2025-09-25 02:01:19,745 INFO [PAR_00011072#2]       StepMonitoring.java:98   | SCALE
2025-09-25 02:01:19,750 INFO [PAR_00011072#2]         ScaleBuilder.java:241  | Beam  guessed height: 12 -- 0.50 of 23 interline
2025-09-25 02:01:19,751 INFO [PAR_00011072#2]         ScaleBuilder.java:264  | Beam measured height: 12 -- 0.35 of [6..23] range at 1191% of needed quorum
2025-09-25 02:01:19,751 INFO [PAR_00011072#2]            ScaleStep.java:65   | Scale{ interline(23,23,24) line(4,5,5) beam(12)}
2025-09-25 02:01:19,751 INFO [PAR_00011072#2]       StepMonitoring.java:98   | GRID
2025-09-25 02:01:19,812 INFO [PAR_00011072#2]       LinesRetriever.java:1500 | Global slope: 0.00000
2025-09-25 02:01:19,818 INFO [PAR_00011072#2]    ClustersRetriever.java:328  | Retrieved raw line clusters: 1 of sizes [5] with interline(23,23,24)
2025-09-25 02:01:19,826 INFO [PAR_00011072#2]            PeakGraph.java:310  | Systems: #1[1]
2025-09-25 02:01:19,915 INFO [PAR_00011072#2]        SystemManager.java:779  | 1 part along 1 system
2025-09-25 02:01:19,915 INFO [PAR_00011072#2]       StepMonitoring.java:98   | HEADERS
2025-09-25 02:01:19,933 INFO [PAR_00011072#2]       StepMonitoring.java:98   | STEM_SEEDS
2025-09-25 02:01:19,967 INFO [PAR_00011072#2]        StemSeedsStep.java:86   | stem(2 max:2)
2025-09-25 02:01:19,972 INFO [PAR_00011072#2]       StepMonitoring.java:98   | BEAMS
2025-09-25 02:01:23,834 INFO [PAR_00011072#2]       StepMonitoring.java:98   | LEDGERS
2025-09-25 02:01:23,871 INFO [PAR_00011072#2]       StepMonitoring.java:98   | HEADS
2025-09-25 02:01:25,050 INFO [PAR_00011072#2]        HeadSeedTally.java:235  | Scale information: HeadSeeds{NOTEHEAD_BLACK[L:-0.5,R:-0.5]}
2025-09-25 02:01:25,050 INFO [PAR_00011072#2]       StepMonitoring.java:98   | STEMS
2025-09-25 02:01:25,077 INFO [PAR_00011072#2]       StepMonitoring.java:98   | REDUCTION
2025-09-25 02:01:25,084 INFO [PAR_00011072#2]        ReductionStep.java:105  | Stems free length median value: 82 pixels, 3.6 interlines
2025-09-25 02:01:25,085 INFO [PAR_00011072#2]       StepMonitoring.java:98   | CUE_BEAMS
2025-09-25 02:01:25,086 INFO [PAR_00011072#2]         CueBeamsStep.java:81   | Step CUE_BEAMS is skipped because small heads switch is off
2025-09-25 02:01:25,086 INFO [PAR_00011072#2]       StepMonitoring.java:98   | TEXTS
2025-09-25 02:01:25,140 WARN [PAR_00011072#2]         TesseractOCR.java:335  | The collection of supported languages is empty
2025-09-25 02:01:25,140 INFO [PAR_00011072#2]              OcrUtil.java:106  | Missing support for 'eng' language(s)
2025-09-25 02:01:25,140 INFO [PAR_00011072#2]       StepMonitoring.java:98   | MEASURES
2025-09-25 02:01:25,141 INFO [PAR_00011072#2]                 Page.java:307  | 6 raw measures: [6 in system#1]
2025-09-25 02:01:25,142 INFO [PAR_00011072#2]       StepMonitoring.java:98   | CHORDS
2025-09-25 02:01:25,143 INFO [PAR_00011072#2]       StepMonitoring.java:98   | CURVES
2025-09-25 02:01:25,578 INFO [PAR_00011072#2]         SlursBuilder.java:240  | Slurs: 3
2025-09-25 02:01:25,579 INFO [PAR_00011072#2]      SegmentsBuilder.java:155  | Segments: 1
2025-09-25 02:01:25,579 INFO [PAR_00011072#2]       StepMonitoring.java:98   | SYMBOLS
2025-09-25 02:01:25,730 INFO [PAR_00011072#2]       StepMonitoring.java:98   | LINKS
2025-09-25 02:01:25,740 INFO [PAR_00011072#2]       StepMonitoring.java:98   | RHYTHMS
2025-09-25 02:01:25,740 INFO [PAR_00011072#2]           PageRhythm.java:199  | {Page#2.1} Time value reused from sheet#1
2025-09-25 02:01:25,744 INFO [PAR_00011072#2]       StepMonitoring.java:98   | PAGE
2025-09-25 02:01:25,746 INFO [PAR_00011072#2]                 Book.java:2550 | Book{PAR_00011072} storing
2025-09-25 02:01:25,779 INFO [PAR_00011072#2]                 Book.java:2531 | Stored /book.xml
2025-09-25 02:01:25,853 INFO [PAR_00011072#2]           DataHolder.java:348  | Stored /sheet#2/BINARY.png
2025-09-25 02:01:25,930 INFO [PAR_00011072#2]                Sheet.java:1562 | Stored /sheet#2/sheet#2.xml
2025-09-25 02:01:25,930 INFO [PAR_00011072#2]                 Book.java:2491 | Book stored as /home/kaval/Documentos/dev/CONCER/python/outputs/PAR_00011072.omr
2025-09-25 02:01:25,932 INFO [PAR_00011072#2]            SheetStub.java:1644 | Disposed sheet#2
2025-09-25 02:01:25,987 INFO [PAR_00011072#2]                 Book.java:2018 | End of Stub#2 memory: 39,439,256
2025-09-25 02:01:25,988 INFO [PAR_00011072]                 Book.java:2025 | Book processed.
2025-09-25 02:01:26,543 INFO [PAR_00011072]            SheetStub.java:995  | Loaded /sheet#1/sheet#1.xml
2025-09-25 02:01:26,653 INFO [PAR_00011072]            SheetStub.java:995  | Loaded /sheet#2/sheet#2.xml
2025-09-25 02:01:27,037 INFO [PAR_00011072]      PartwiseBuilder.java:2661 | Exporting sheet(s): [#1#2]
2025-09-25 02:01:27,176 INFO [PAR_00011072]        ScoreExporter.java:164  | Score PAR_00011072 exported to /home/kaval/Documentos/dev/CONCER/python/outputs/PAR_00011072.mxl
2025-09-25 02:01:27,226 INFO [PAR_00011072]                Score.java:181  | Closing {Score 1}
