2025-09-25 00:32:04,024 INFO [PAR_00011070]                 Book.java:562  | 1 sheet in /home/kaval/Documentos/dev/CONCER/python/uploads/PAR_00011070.pdf
2025-09-25 00:32:04,199 INFO []                 Book.java:2531 | Stored /book.xml
2025-09-25 00:32:04,200 INFO []                 Book.java:2491 | Book stored as /home/kaval/Documentos/dev/CONCER/python/outputs/PAR_00011070.omr
2025-09-25 00:32:04,224 INFO []                 Book.java:1933 | Book reaching PAGE on sheets:[#1]
2025-09-25 00:32:04,226 INFO [PAR_00011070]       StepMonitoring.java:98   | LOAD
2025-09-25 00:32:04,467 INFO [PAR_00011070]            SheetStub.java:1268 | Loaded image #1 2550x3299 from /home/kaval/Documentos/dev/CONCER/python/uploads/PAR_00011070.pdf
2025-09-25 00:32:04,470 INFO [PAR_00011070]       StepMonitoring.java:98   | BINARY
2025-09-25 00:32:05,062 INFO [PAR_00011070]       StepMonitoring.java:98   | SCALE
2025-09-25 00:32:05,075 INFO [PAR_00011070]         ScaleBuilder.java:241  | Beam  guessed height: 10 -- 0.50 of 21 interline
2025-09-25 00:32:05,076 INFO [PAR_00011070]         ScaleBuilder.java:264  | Beam measured height: 10 -- 0.27 of [6..21] range at 238% of needed quorum
2025-09-25 00:32:05,080 INFO [PAR_00011070]            ScaleStep.java:65   | Scale{ interline(20,21,21) line(2,2,3) beam(10)}
2025-09-25 00:32:05,081 INFO [PAR_00011070]       StepMonitoring.java:98   | GRID
2025-09-25 00:32:05,291 INFO [PAR_00011070]       LinesRetriever.java:1500 | Global slope: 0.00000
2025-09-25 00:32:05,308 INFO [PAR_00011070]    ClustersRetriever.java:328  | Retrieved raw line clusters: 1 of sizes [5] with interline(20,21,21)
2025-09-25 00:32:05,352 INFO [PAR_00011070]            PeakGraph.java:310  | Systems: #1[1]
2025-09-25 00:32:05,575 INFO [PAR_00011070]        SystemManager.java:779  | 1 part along 1 system
2025-09-25 00:32:05,576 INFO [PAR_00011070]                 Book.java:545  | Created scores: [{Score 1}]
2025-09-25 00:32:05,577 INFO [PAR_00011070]       StepMonitoring.java:98   | HEADERS
2025-09-25 00:32:05,875 INFO []      BasicClassifier.java:277  | Classifier loaded XML norms.
2025-09-25 00:32:05,877 INFO []   AbstractClassifier.java:396  | Classifier data loaded from default uri file:///home/kaval/Documents/audiveris/app/res/basic-classifier.zip
2025-09-25 00:32:06,141 INFO [PAR_00011070]       StepMonitoring.java:98   | STEM_SEEDS
2025-09-25 00:32:06,396 INFO [PAR_00011070]        StemSeedsStep.java:86   | stem(2 max:3)
2025-09-25 00:32:06,417 INFO [PAR_00011070]       StepMonitoring.java:98   | BEAMS
2025-09-25 00:32:09,792 INFO [PAR_00011070]       StepMonitoring.java:98   | LEDGERS
2025-09-25 00:32:09,990 INFO [PAR_00011070]       StepMonitoring.java:98   | HEADS
2025-09-25 00:32:11,224 INFO [PAR_00011070]        HeadSeedTally.java:235  | Scale information: HeadSeeds{}
2025-09-25 00:32:11,225 INFO [PAR_00011070]       StepMonitoring.java:98   | STEMS
2025-09-25 00:32:11,422 INFO [PAR_00011070]       StepMonitoring.java:98   | REDUCTION
2025-09-25 00:32:11,460 INFO [PAR_00011070]        ReductionStep.java:105  | Stems free length median value: 72 pixels, 3.4 interlines
2025-09-25 00:32:11,463 INFO [PAR_00011070]       StepMonitoring.java:98   | CUE_BEAMS
2025-09-25 00:32:11,463 INFO [PAR_00011070]         CueBeamsStep.java:81   | Step CUE_BEAMS is skipped because small heads switch is off
2025-09-25 00:32:11,463 INFO [PAR_00011070]       StepMonitoring.java:98   | TEXTS
2025-09-25 00:32:11,920 WARN [PAR_00011070]         TesseractOCR.java:335  | The collection of supported languages is empty
2025-09-25 00:32:12,029 INFO [PAR_00011070]              OcrUtil.java:106  | Missing support for 'eng' language(s)
2025-09-25 00:32:12,043 INFO [PAR_00011070]       StepMonitoring.java:98   | MEASURES
2025-09-25 00:32:12,779 INFO [PAR_00011070]                 Page.java:307  | 2 raw measures: [2 in system#1]
2025-09-25 00:32:12,780 INFO [PAR_00011070]       StepMonitoring.java:98   | CHORDS
2025-09-25 00:32:12,790 INFO [PAR_00011070]       StepMonitoring.java:98   | CURVES
2025-09-25 00:32:13,395 INFO [PAR_00011070]         SlursBuilder.java:240  | Slurs: 0
2025-09-25 00:32:13,402 INFO [PAR_00011070]      SegmentsBuilder.java:155  | Segments: 1
2025-09-25 00:32:13,408 INFO [PAR_00011070]       StepMonitoring.java:98   | SYMBOLS
2025-09-25 00:32:13,882 INFO [PAR_00011070]       StepMonitoring.java:98   | LINKS
2025-09-25 00:32:13,918 INFO [PAR_00011070]       StepMonitoring.java:98   | RHYTHMS
2025-09-25 00:32:13,967 INFO [PAR_00011070]       StepMonitoring.java:98   | PAGE
2025-09-25 00:32:13,975 INFO [PAR_00011070]                 Book.java:2550 | Book{PAR_00011070} storing
2025-09-25 00:32:14,029 INFO [PAR_00011070]                 Book.java:2531 | Stored /book.xml
2025-09-25 00:32:14,226 INFO [PAR_00011070]           DataHolder.java:348  | Stored /sheet#1/BINARY.png
2025-09-25 00:32:14,561 INFO [PAR_00011070]                Sheet.java:1562 | Stored /sheet#1/sheet#1.xml
2025-09-25 00:32:14,561 INFO [PAR_00011070]                 Book.java:2491 | Book stored as /home/kaval/Documentos/dev/CONCER/python/outputs/PAR_00011070.omr
2025-09-25 00:32:14,563 INFO [PAR_00011070]            SheetStub.java:1644 | Disposed sheet
2025-09-25 00:32:14,693 INFO [PAR_00011070]                 Book.java:2018 | End of Stub#1 memory: 39,064,760
2025-09-25 00:32:14,697 INFO [PAR_00011070]                 Book.java:2025 | Book processed.
2025-09-25 00:32:15,105 INFO [PAR_00011070]            SheetStub.java:995  | Loaded /sheet#1/sheet#1.xml
2025-09-25 00:32:15,648 INFO [PAR_00011070]      PartwiseBuilder.java:2661 | Exporting sheet(s): [#1]
2025-09-25 00:32:15,716 INFO [PAR_00011070]        ScoreExporter.java:164  | Score PAR_00011070 exported to /home/kaval/Documentos/dev/CONCER/python/outputs/PAR_00011070.mxl
2025-09-25 00:32:15,757 INFO [PAR_00011070]                Score.java:181  | Closing {Score 1}
