2025-08-04 02:19:55,268 INFO [PAR_00000001]                 Book.java:562  | 2 sheets in /home/kaval/Documentos/dev/CONCER/python/uploads/PAR_00000001.pdf
2025-08-04 02:19:56,161 INFO []                 Book.java:2531 | Stored /book.xml
2025-08-04 02:19:56,161 INFO []                 Book.java:2491 | Book stored as /home/kaval/Documentos/dev/CONCER/python/outputs/PAR_00000001.omr
2025-08-04 02:19:56,186 INFO []                 Book.java:1933 | Book reaching PAGE on sheets:[#1#2]
2025-08-04 02:19:56,188 INFO [PAR_00000001#1]       StepMonitoring.java:98   | LOAD
2025-08-04 02:19:57,088 INFO [PAR_00000001#1]            SheetStub.java:1268 | Loaded image #1 2479x3508 from /home/kaval/Documentos/dev/CONCER/python/uploads/PAR_00000001.pdf
2025-08-04 02:19:57,094 INFO [PAR_00000001#1]       StepMonitoring.java:98   | BINARY
2025-08-04 02:19:57,813 INFO [PAR_00000001#1]       StepMonitoring.java:98   | SCALE
2025-08-04 02:19:57,902 INFO [PAR_00000001#1]         ScaleBuilder.java:241  | Beam  guessed height: 10 -- 0.50 of 21 interline
2025-08-04 02:19:57,906 INFO [PAR_00000001#1]         ScaleBuilder.java:264  | Beam measured height:  9 -- 0.20 of [6..21] range at 59% of needed quorum
2025-08-04 02:19:57,909 INFO [PAR_00000001#1]            ScaleStep.java:65   | Scale{ interline(20,21,21) line(2,2,2) beam(9)}
2025-08-04 02:19:57,915 INFO [PAR_00000001#1]       StepMonitoring.java:98   | GRID
2025-08-04 02:19:58,605 INFO [PAR_00000001#1]       LinesRetriever.java:1500 | Global slope: 0.00000
2025-08-04 02:19:58,645 INFO [PAR_00000001#1]    ClustersRetriever.java:328  | Retrieved raw line clusters: 10 of sizes [5] with interline(20,21,21)
2025-08-04 02:19:58,815 INFO [PAR_00000001#1]            PeakGraph.java:310  | Systems: #1[1, 2] #2[3, 4] #3[5, 6] #4[7, 8] #5[9, 10]
2025-08-04 02:19:59,073 INFO [PAR_00000001#1]        SystemManager.java:779  | 1 part along 5 systems
2025-08-04 02:19:59,074 INFO [PAR_00000001#1]                 Book.java:545  | Created scores: [{Score 1}]
2025-08-04 02:19:59,075 INFO [PAR_00000001#1]       StepMonitoring.java:98   | HEADERS
2025-08-04 02:19:59,316 INFO [PAR_00000001#1]      BasicClassifier.java:277  | Classifier loaded XML norms.
2025-08-04 02:19:59,318 INFO [PAR_00000001#1]   AbstractClassifier.java:396  | Classifier data loaded from default uri file:///home/kaval/Documents/audiveris/app/res/basic-classifier.zip
2025-08-04 02:19:59,770 INFO [PAR_00000001#1]       StepMonitoring.java:98   | STEM_SEEDS
2025-08-04 02:19:59,826 INFO [PAR_00000001#1]        StemSeedsStep.java:86   | stem(3 max:3)
2025-08-04 02:19:59,894 INFO [PAR_00000001#1]       StepMonitoring.java:98   | BEAMS
2025-08-04 02:20:02,811 INFO [PAR_00000001#1]       StepMonitoring.java:98   | LEDGERS
2025-08-04 02:20:03,119 INFO [PAR_00000001#1]       StepMonitoring.java:98   | HEADS
2025-08-04 02:20:08,111 INFO [PAR_00000001#1]        HeadSeedTally.java:235  | Scale information: HeadSeeds{NOTEHEAD_BLACK[L:-0.5,R:-0.5]}
2025-08-04 02:20:08,112 INFO [PAR_00000001#1]       StepMonitoring.java:98   | STEMS
2025-08-04 02:20:08,592 INFO [PAR_00000001#1]       StepMonitoring.java:98   | REDUCTION
2025-08-04 02:20:08,655 INFO [PAR_00000001#1]        ReductionStep.java:105  | Stems free length median value: 73 pixels, 3.5 interlines
2025-08-04 02:20:08,658 INFO [PAR_00000001#1]       StepMonitoring.java:98   | CUE_BEAMS
2025-08-04 02:20:08,659 INFO [PAR_00000001#1]         CueBeamsStep.java:81   | Step CUE_BEAMS is skipped because small heads switch is off
2025-08-04 02:20:08,659 INFO [PAR_00000001#1]       StepMonitoring.java:98   | TEXTS
2025-08-04 02:20:08,781 WARN [PAR_00000001#1]         TesseractOCR.java:335  | The collection of supported languages is empty
2025-08-04 02:20:08,782 INFO [PAR_00000001#1]              OcrUtil.java:106  | Missing support for 'eng' language(s)
2025-08-04 02:20:08,792 INFO [PAR_00000001#1]       StepMonitoring.java:98   | MEASURES
2025-08-04 02:20:08,805 INFO [PAR_00000001#1]                 Page.java:307  | 20 raw measures: [4 in system#1, 4 in system#2, 4 in system#3, 4 in system#4, 4 in system#5]
2025-08-04 02:20:08,806 INFO [PAR_00000001#1]       StepMonitoring.java:98   | CHORDS
2025-08-04 02:20:08,827 INFO [PAR_00000001#1]       StepMonitoring.java:98   | CURVES
2025-08-04 02:20:09,622 INFO [PAR_00000001#1]         SlursBuilder.java:240  | Slurs: 1
2025-08-04 02:20:09,639 INFO [PAR_00000001#1]      SegmentsBuilder.java:155  | Segments: 20
2025-08-04 02:20:09,645 INFO [PAR_00000001#1]       StepMonitoring.java:98   | SYMBOLS
2025-08-04 02:20:10,506 INFO [PAR_00000001#1]       StepMonitoring.java:98   | LINKS
2025-08-04 02:20:10,512 INFO [PAR_00000001#1]        SymbolsLinker.java:257  | No chord linked to OctaveShiftInter#3574{(0.353) staff:1 VENTIDUESIMA ALTA}
2025-08-04 02:20:10,512 INFO [PAR_00000001#1]        SymbolsLinker.java:257  | No chord linked to OctaveShiftInter#3575{(0.144) staff:1 OTTAVA ALTA}
2025-08-04 02:20:10,553 INFO [PAR_00000001#1]       StepMonitoring.java:98   | RHYTHMS
2025-08-04 02:20:10,632 INFO [PAR_00000001#1]       StepMonitoring.java:98   | PAGE
2025-08-04 02:20:10,641 INFO [PAR_00000001#1]                 Book.java:2550 | Book{PAR_00000001} storing
2025-08-04 02:20:10,693 INFO [PAR_00000001#1]                 Book.java:2531 | Stored /book.xml
2025-08-04 02:20:10,882 INFO [PAR_00000001#1]           DataHolder.java:348  | Stored /sheet#1/BINARY.png
2025-08-04 02:20:11,463 INFO [PAR_00000001#1]                Sheet.java:1562 | Stored /sheet#1/sheet#1.xml
2025-08-04 02:20:11,464 INFO [PAR_00000001#1]                 Book.java:2491 | Book stored as /home/kaval/Documentos/dev/CONCER/python/outputs/PAR_00000001.omr
2025-08-04 02:20:11,465 INFO [PAR_00000001#1]            SheetStub.java:1644 | Disposed sheet#1
2025-08-04 02:20:11,549 INFO [PAR_00000001#1]                 Book.java:2018 | End of Stub#1 memory: 40,040,376
2025-08-04 02:20:11,550 INFO [PAR_00000001#2]       StepMonitoring.java:98   | LOAD
2025-08-04 02:20:11,682 INFO [PAR_00000001#2]            SheetStub.java:1268 | Loaded image #2 2479x3508 from /home/kaval/Documentos/dev/CONCER/python/uploads/PAR_00000001.pdf
2025-08-04 02:20:11,683 INFO [PAR_00000001#2]       StepMonitoring.java:98   | BINARY
2025-08-04 02:20:12,134 INFO [PAR_00000001#2]       StepMonitoring.java:98   | SCALE
2025-08-04 02:20:12,166 INFO [PAR_00000001#2]         ScaleBuilder.java:241  | Beam  guessed height: 10 -- 0.50 of 21 interline
2025-08-04 02:20:12,167 INFO [PAR_00000001#2]         ScaleBuilder.java:264  | Beam measured height:  8 -- 0.13 of [6..21] range at 106% of needed quorum
2025-08-04 02:20:12,167 INFO [PAR_00000001#2]            ScaleStep.java:65   | Scale{ interline(20,21,21) line(2,2,2) beam(8)}
2025-08-04 02:20:12,167 INFO [PAR_00000001#2]       StepMonitoring.java:98   | GRID
2025-08-04 02:20:12,418 INFO [PAR_00000001#2]       LinesRetriever.java:1500 | Global slope: 0.00000
2025-08-04 02:20:12,435 INFO [PAR_00000001#2]    ClustersRetriever.java:328  | Retrieved raw line clusters: 10 of sizes [5] with interline(20,21,21)
2025-08-04 02:20:12,536 INFO [PAR_00000001#2]            PeakGraph.java:310  | Systems: #1[1, 2] #2[3, 4] #3[5, 6] #4[7, 8] #5[9, 10]
2025-08-04 02:20:12,800 INFO [PAR_00000001#2]        SystemManager.java:779  | 1 part along 5 systems
2025-08-04 02:20:12,803 INFO [PAR_00000001#2]       StepMonitoring.java:98   | HEADERS
2025-08-04 02:20:13,076 INFO [PAR_00000001#2]       StepMonitoring.java:98   | STEM_SEEDS
2025-08-04 02:20:13,116 INFO [PAR_00000001#2]        StemSeedsStep.java:86   | stem(3 max:3)
2025-08-04 02:20:13,148 INFO [PAR_00000001#2]       StepMonitoring.java:98   | BEAMS
2025-08-04 02:20:15,592 INFO [PAR_00000001#2]       StepMonitoring.java:98   | LEDGERS
2025-08-04 02:20:15,678 INFO [PAR_00000001#2]       StepMonitoring.java:98   | HEADS
2025-08-04 02:20:21,444 INFO [PAR_00000001#2]        HeadSeedTally.java:235  | Scale information: HeadSeeds{NOTEHEAD_BLACK[L:-0.5,R:-0.5]}
2025-08-04 02:20:21,444 INFO [PAR_00000001#2]       StepMonitoring.java:98   | STEMS
2025-08-04 02:20:21,646 INFO [PAR_00000001#2]       StepMonitoring.java:98   | REDUCTION
2025-08-04 02:20:21,694 INFO [PAR_00000001#2]        ReductionStep.java:105  | Stems free length median value: 73 pixels, 3.5 interlines
2025-08-04 02:20:21,696 INFO [PAR_00000001#2]       StepMonitoring.java:98   | CUE_BEAMS
2025-08-04 02:20:21,697 INFO [PAR_00000001#2]         CueBeamsStep.java:81   | Step CUE_BEAMS is skipped because small heads switch is off
2025-08-04 02:20:21,697 INFO [PAR_00000001#2]       StepMonitoring.java:98   | TEXTS
2025-08-04 02:20:21,763 WARN [PAR_00000001#2]         TesseractOCR.java:335  | The collection of supported languages is empty
2025-08-04 02:20:21,764 INFO [PAR_00000001#2]              OcrUtil.java:106  | Missing support for 'eng' language(s)
2025-08-04 02:20:21,765 INFO [PAR_00000001#2]       StepMonitoring.java:98   | MEASURES
2025-08-04 02:20:21,767 INFO [PAR_00000001#2]                 Page.java:307  | 20 raw measures: [4 in system#1, 4 in system#2, 4 in system#3, 4 in system#4, 4 in system#5]
2025-08-04 02:20:21,768 INFO [PAR_00000001#2]       StepMonitoring.java:98   | CHORDS
2025-08-04 02:20:21,777 INFO [PAR_00000001#2]       StepMonitoring.java:98   | CURVES
2025-08-04 02:20:22,592 INFO [PAR_00000001#2]         SlursBuilder.java:240  | Slurs: 0
2025-08-04 02:20:22,605 INFO [PAR_00000001#2]      SegmentsBuilder.java:155  | Segments: 18
2025-08-04 02:20:22,606 INFO [PAR_00000001#2]       StepMonitoring.java:98   | SYMBOLS
2025-08-04 02:20:23,114 INFO [PAR_00000001#2]       StepMonitoring.java:98   | LINKS
2025-08-04 02:20:23,131 INFO [PAR_00000001#2]       StepMonitoring.java:98   | RHYTHMS
2025-08-04 02:20:23,131 INFO [PAR_00000001#2]           PageRhythm.java:199  | {Page#2.1} Time value reused from sheet#1
2025-08-04 02:20:23,153 INFO [PAR_00000001#2]       StepMonitoring.java:98   | PAGE
2025-08-04 02:20:23,154 INFO [PAR_00000001#2]                 Book.java:2550 | Book{PAR_00000001} storing
2025-08-04 02:20:23,203 INFO [PAR_00000001#2]                 Book.java:2531 | Stored /book.xml
2025-08-04 02:20:23,291 INFO [PAR_00000001#2]           DataHolder.java:348  | Stored /sheet#2/BINARY.png
2025-08-04 02:20:23,562 INFO [PAR_00000001#2]                Sheet.java:1562 | Stored /sheet#2/sheet#2.xml
2025-08-04 02:20:23,562 INFO [PAR_00000001#2]                 Book.java:2491 | Book stored as /home/kaval/Documentos/dev/CONCER/python/outputs/PAR_00000001.omr
2025-08-04 02:20:23,564 INFO [PAR_00000001#2]            SheetStub.java:1644 | Disposed sheet#2
2025-08-04 02:20:23,612 INFO [PAR_00000001#2]                 Book.java:2018 | End of Stub#2 memory: 39,385,080
2025-08-04 02:20:23,613 INFO [PAR_00000001]                 Book.java:2025 | Book processed.
2025-08-04 02:20:24,196 INFO [PAR_00000001]            SheetStub.java:995  | Loaded /sheet#1/sheet#1.xml
2025-08-04 02:20:24,425 INFO [PAR_00000001]            SheetStub.java:995  | Loaded /sheet#2/sheet#2.xml
2025-08-04 02:20:25,155 INFO [PAR_00000001]      PartwiseBuilder.java:2661 | Exporting sheet(s): [#1#2]
2025-08-04 02:20:25,339 INFO [PAR_00000001]        ScoreExporter.java:164  | Score PAR_00000001 exported to /home/kaval/Documentos/dev/CONCER/python/outputs/PAR_00000001.mxl
2025-08-04 02:20:25,387 INFO [PAR_00000001]                Score.java:181  | Closing {Score 1}
