2025-09-25 01:08:47,029 INFO [PAR_00011072]                 Book.java:562  | 2 sheets in /home/kaval/Documentos/dev/CONCER/python/uploads/PAR_00011072.pdf
2025-09-25 01:08:47,250 INFO []                 Book.java:2531 | Stored /book.xml
2025-09-25 01:08:47,251 INFO []                 Book.java:2491 | Book stored as /home/kaval/Documentos/dev/CONCER/python/outputs/PAR_00011072.omr
2025-09-25 01:08:47,280 INFO []                 Book.java:1933 | Book reaching PAGE on sheets:[#1#2]
2025-09-25 01:08:47,283 INFO [PAR_00011072#1]       StepMonitoring.java:98   | LOAD
2025-09-25 01:08:49,274 INFO [PAR_00011072#1]            SheetStub.java:1268 | Loaded image #1 2424x3299 from /home/kaval/Documentos/dev/CONCER/python/uploads/PAR_00011072.pdf
2025-09-25 01:08:49,280 INFO [PAR_00011072#1]       StepMonitoring.java:98   | BINARY
2025-09-25 01:08:49,872 INFO [PAR_00011072#1]       StepMonitoring.java:98   | SCALE
2025-09-25 01:08:49,903 INFO [PAR_00011072#1]         ScaleBuilder.java:241  | Beam  guessed height: 10 -- 0.50 of 20 interline
2025-09-25 01:08:49,904 INFO [PAR_00011072#1]         ScaleBuilder.java:264  | Beam measured height:  8 -- 0.14 of [6..20] range at 505% of needed quorum
2025-09-25 01:08:49,905 INFO [PAR_00011072#1]            ScaleStep.java:65   | Scale{ interline(18,20,21) line(2,4,6) beam(8)}
2025-09-25 01:08:49,906 INFO [PAR_00011072#1]       StepMonitoring.java:98   | GRID
2025-09-25 01:08:50,944 INFO [PAR_00011072#1]       LinesRetriever.java:1500 | Global slope: -0.00818
2025-09-25 01:08:50,985 INFO [PAR_00011072#1]    ClustersRetriever.java:328  | Retrieved raw line clusters: 5 of sizes [5] with interline(18,20,21)
2025-09-25 01:08:51,232 INFO [PAR_00011072#1]            PeakGraph.java:310  | Systems: #1[1] #2[2] #3[3] #4[4] #5[5]
2025-09-25 01:08:51,735 INFO [PAR_00011072#1]        SystemManager.java:134  | Indentation detected for system #1
2025-09-25 01:08:51,735 INFO [PAR_00011072#1]        SystemManager.java:779  | 1 part along 5 systems
2025-09-25 01:08:51,736 INFO [PAR_00011072#1]                 Book.java:545  | Created scores: [{Score 1}]
2025-09-25 01:08:51,737 INFO [PAR_00011072#1]       StepMonitoring.java:98   | HEADERS
2025-09-25 01:08:52,048 INFO [PAR_00011072#1]      BasicClassifier.java:277  | Classifier loaded XML norms.
2025-09-25 01:08:52,051 INFO [PAR_00011072#1]   AbstractClassifier.java:396  | Classifier data loaded from default uri file:///home/kaval/Documents/audiveris/app/res/basic-classifier.zip
2025-09-25 01:08:53,067 INFO [PAR_00011072#1]       StepMonitoring.java:98   | STEM_SEEDS
2025-09-25 01:08:53,127 INFO [PAR_00011072#1]        StemSeedsStep.java:86   | stem(4 max:5)
2025-09-25 01:08:53,222 INFO [PAR_00011072#1]       StepMonitoring.java:98   | BEAMS
2025-09-25 01:08:56,291 INFO [PAR_00011072#1]       StepMonitoring.java:98   | LEDGERS
2025-09-25 01:08:56,977 INFO [PAR_00011072#1]       StepMonitoring.java:98   | HEADS
2025-09-25 01:09:00,417 INFO [PAR_00011072#1]        HeadSeedTally.java:235  | Scale information: HeadSeeds{NOTEHEAD_BLACK[L:0.5,R:0.4]}
2025-09-25 01:09:00,418 INFO [PAR_00011072#1]       StepMonitoring.java:98   | STEMS
2025-09-25 01:09:00,648 INFO [PAR_00011072#1]           BeamLinker.java:1729 | Not linking shorter BeamHookInter#1516{(0.501/0.805) BEAM_HOOK}
2025-09-25 01:09:00,649 INFO [PAR_00011072#1]           BeamLinker.java:1729 | Not linking shorter BeamInter#1518{(0.471/0.786) BEAM}
2025-09-25 01:09:01,563 INFO [PAR_00011072#1]       StepMonitoring.java:98   | REDUCTION
2025-09-25 01:09:01,700 INFO [PAR_00011072#1]        ReductionStep.java:105  | Stems free length median value: 60 pixels, 3.0 interlines
2025-09-25 01:09:01,705 INFO [PAR_00011072#1]       StepMonitoring.java:98   | CUE_BEAMS
2025-09-25 01:09:01,705 INFO [PAR_00011072#1]         CueBeamsStep.java:81   | Step CUE_BEAMS is skipped because small heads switch is off
2025-09-25 01:09:01,706 INFO [PAR_00011072#1]       StepMonitoring.java:98   | TEXTS
2025-09-25 01:09:01,856 WARN [PAR_00011072#1]         TesseractOCR.java:335  | The collection of supported languages is empty
2025-09-25 01:09:01,856 INFO [PAR_00011072#1]              OcrUtil.java:106  | Missing support for 'eng' language(s)
2025-09-25 01:09:01,868 INFO [PAR_00011072#1]       StepMonitoring.java:98   | MEASURES
2025-09-25 01:09:01,878 INFO [PAR_00011072#1]                 Page.java:307  | 35 raw measures: [6 in system#1, 7 in system#2, 7 in system#3, 8 in system#4, 7 in system#5]
2025-09-25 01:09:01,878 INFO [PAR_00011072#1]       StepMonitoring.java:98   | CHORDS
2025-09-25 01:09:01,896 INFO [PAR_00011072#1]       StepMonitoring.java:98   | CURVES
2025-09-25 01:09:02,972 INFO [PAR_00011072#1]         SlursBuilder.java:240  | Slurs: 13
2025-09-25 01:09:03,066 INFO [PAR_00011072#1]      SegmentsBuilder.java:155  | Segments: 54
2025-09-25 01:09:03,077 INFO [PAR_00011072#1]       StepMonitoring.java:98   | SYMBOLS
2025-09-25 01:09:04,529 INFO [PAR_00011072#1]       StepMonitoring.java:98   | LINKS
2025-09-25 01:09:04,534 INFO [PAR_00011072#1]        SymbolsLinker.java:257  | No chord linked to OctaveShiftInter#6885{(0.229) staff:1 OTTAVA ALTA}
2025-09-25 01:09:04,587 INFO [PAR_00011072#1]       StepMonitoring.java:98   | RHYTHMS
2025-09-25 01:09:04,621 INFO [PAR_00011072#1]                Voice.java:257  | Measure{#6} Voice{#1 excess:1/16} too long
2025-09-25 01:09:04,622 INFO [PAR_00011072#1]                Voice.java:257  | Measure{#6} Voice{#2 excess:1/8} too long
2025-09-25 01:09:04,623 INFO [PAR_00011072#1]          StackRhythm.java:224  | S1 MeasureStack#6 no correct rhythm
2025-09-25 01:09:04,631 INFO [PAR_00011072#1]                Voice.java:257  | Measure{#8} Voice{#1 excess:1/8} too long
2025-09-25 01:09:04,632 INFO [PAR_00011072#1]          StackRhythm.java:224  | S2 MeasureStack#8 no correct rhythm
2025-09-25 01:09:04,637 INFO [PAR_00011072#1]                Voice.java:257  | Measure{#11} Voice{#1 excess:1/16} too long
2025-09-25 01:09:04,638 INFO [PAR_00011072#1]          StackRhythm.java:224  | S2 MeasureStack#11 no correct rhythm
2025-09-25 01:09:04,652 INFO [PAR_00011072#1]                Voice.java:257  | Measure{#21} Voice{#2 excess:1/8} too long
2025-09-25 01:09:04,653 INFO [PAR_00011072#1]          StackRhythm.java:224  | S4 MeasureStack#21 no correct rhythm
2025-09-25 01:09:04,659 INFO [PAR_00011072#1]                Voice.java:257  | Measure{#28} Voice{#1 excess:1/8} too long
2025-09-25 01:09:04,660 INFO [PAR_00011072#1]          StackRhythm.java:224  | S4 MeasureStack#28 no correct rhythm
2025-09-25 01:09:04,667 INFO [PAR_00011072#1]                Voice.java:257  | Measure{#33} Voice{#1 excess:3/16} too long
2025-09-25 01:09:04,668 INFO [PAR_00011072#1]          StackRhythm.java:224  | S5 MeasureStack#33 no correct rhythm
2025-09-25 01:09:04,671 INFO [PAR_00011072#1]       StepMonitoring.java:98   | PAGE
2025-09-25 01:09:04,679 INFO [PAR_00011072#1]                Voice.java:257  | Measure{#6} Voice{#1 excess:1/16} too long
2025-09-25 01:09:04,680 INFO [PAR_00011072#1]                Voice.java:257  | Measure{#6} Voice{#2 excess:1/8} too long
2025-09-25 01:09:04,680 INFO [PAR_00011072#1]                Voice.java:257  | Measure{#8} Voice{#1 excess:1/8} too long
2025-09-25 01:09:04,681 INFO [PAR_00011072#1]                Voice.java:257  | Measure{#11} Voice{#1 excess:1/16} too long
2025-09-25 01:09:04,682 INFO [PAR_00011072#1]                Voice.java:257  | Measure{#21} Voice{#2 excess:1/8} too long
2025-09-25 01:09:04,683 INFO [PAR_00011072#1]                Voice.java:257  | Measure{#28} Voice{#1 excess:1/8} too long
2025-09-25 01:09:04,683 INFO [PAR_00011072#1]                Voice.java:257  | Measure{#33} Voice{#1 excess:3/16} too long
2025-09-25 01:09:04,684 INFO [PAR_00011072#1]                 Book.java:2550 | Book{PAR_00011072} storing
2025-09-25 01:09:04,746 INFO [PAR_00011072#1]                 Book.java:2531 | Stored /book.xml
2025-09-25 01:09:04,853 INFO [PAR_00011072#1]           DataHolder.java:348  | Stored /sheet#1/BINARY.png
2025-09-25 01:09:05,746 INFO [PAR_00011072#1]                Sheet.java:1562 | Stored /sheet#1/sheet#1.xml
2025-09-25 01:09:05,746 INFO [PAR_00011072#1]                 Book.java:2491 | Book stored as /home/kaval/Documentos/dev/CONCER/python/outputs/PAR_00011072.omr
2025-09-25 01:09:05,748 INFO [PAR_00011072#1]            SheetStub.java:1644 | Disposed sheet#1
2025-09-25 01:09:05,799 INFO [PAR_00011072#1]                 Book.java:2018 | End of Stub#1 memory: 37,091,432
2025-09-25 01:09:05,800 INFO [PAR_00011072#2]       StepMonitoring.java:98   | LOAD
2025-09-25 01:09:06,865 INFO [PAR_00011072#2]            SheetStub.java:1268 | Loaded image #2 2317x3299 from /home/kaval/Documentos/dev/CONCER/python/uploads/PAR_00011072.pdf
2025-09-25 01:09:06,866 INFO [PAR_00011072#2]       StepMonitoring.java:98   | BINARY
2025-09-25 01:09:07,247 INFO [PAR_00011072#2]       StepMonitoring.java:98   | SCALE
2025-09-25 01:09:07,255 INFO [PAR_00011072#2]         ScaleBuilder.java:241  | Beam  guessed height: 10 -- 0.50 of 20 interline
2025-09-25 01:09:07,255 INFO [PAR_00011072#2]         ScaleBuilder.java:264  | Beam measured height:  9 -- 0.15 of [7..20] range at 391% of needed quorum
2025-09-25 01:09:07,255 INFO [PAR_00011072#2]            ScaleStep.java:65   | Scale{ interline(18,20,22) line(1,4,7) beam(9)}
2025-09-25 01:09:07,255 INFO [PAR_00011072#2]       StepMonitoring.java:98   | GRID
2025-09-25 01:09:07,681 INFO [PAR_00011072#2]       LinesRetriever.java:1500 | Global slope: -0.00876
2025-09-25 01:09:07,699 INFO [PAR_00011072#2]    ClustersRetriever.java:328  | Retrieved raw line clusters: 4 of sizes [5] with interline(18,20,22)
2025-09-25 01:09:07,881 INFO [PAR_00011072#2]            PeakGraph.java:310  | Systems: #1[1] #2[2] #3[3] #4[4]
2025-09-25 01:09:08,293 INFO [PAR_00011072#2]        SystemManager.java:134  | Indentation detected for system #1
2025-09-25 01:09:08,294 INFO [PAR_00011072#2]        SystemManager.java:779  | 1 part along 4 systems
2025-09-25 01:09:08,294 INFO [PAR_00011072#2]       StepMonitoring.java:98   | HEADERS
2025-09-25 01:09:08,518 WARN [PAR_00011072#2]          ClefBuilder.java:658  | Staff#1 no recognized header clef.
2025-09-25 01:09:09,416 INFO [PAR_00011072#2]       StepMonitoring.java:98   | STEM_SEEDS
2025-09-25 01:09:09,474 INFO [PAR_00011072#2]        StemSeedsStep.java:86   | stem(4 max:5)
2025-09-25 01:09:09,502 INFO [PAR_00011072#2]       StepMonitoring.java:98   | BEAMS
2025-09-25 01:09:12,348 INFO [PAR_00011072#2]       StepMonitoring.java:98   | LEDGERS
2025-09-25 01:09:12,887 INFO [PAR_00011072#2]       StepMonitoring.java:98   | HEADS
2025-09-25 01:09:15,359 INFO [PAR_00011072#2]        HeadSeedTally.java:235  | Scale information: HeadSeeds{NOTEHEAD_BLACK[L:0.4,R:0.1]}
2025-09-25 01:09:15,359 INFO [PAR_00011072#2]       StepMonitoring.java:98   | STEMS
2025-09-25 01:09:15,425 INFO [PAR_00011072#2]           BeamLinker.java:1729 | Not linking shorter BeamInter#1061{(0.462/0.793) BEAM}
2025-09-25 01:09:15,505 INFO [PAR_00011072#2]           BeamLinker.java:1729 | Not linking shorter BeamHookInter#1208{(0.491/0.714) BEAM_HOOK}
2025-09-25 01:09:15,506 INFO [PAR_00011072#2]           BeamLinker.java:1729 | Not linking shorter BeamInter#1157{(0.403/0.603) BEAM}
2025-09-25 01:09:15,755 INFO [PAR_00011072#2]       StepMonitoring.java:98   | REDUCTION
2025-09-25 01:09:15,805 INFO [PAR_00011072#2]       BeamGroupInter.java:1123 | Separating beams BeamInter#1048{(0.631/0.949) BEAM} and BeamInter#1052{(0.550/0.910) BEAM}
2025-09-25 01:09:15,809 INFO [PAR_00011072#2]       BeamGroupInter.java:1123 | Separating beams BeamInter#1253{(0.627/0.929) BEAM} and BeamInter#1257{(0.673/0.956) BEAM}
2025-09-25 01:09:15,810 INFO [PAR_00011072#2]       BeamGroupInter.java:1123 | Separating beams BeamInter#1334{(0.644/0.946) BEAM} and BeamInter#1393{(0.435/0.852) BEAM}
2025-09-25 01:09:15,811 INFO [PAR_00011072#2]       BeamGroupInter.java:1123 | Separating beams BeamInter#1344{(0.627/0.933) BEAM} and BeamInter#1348{(0.680/0.959) BEAM}
2025-09-25 01:09:15,811 INFO [PAR_00011072#2]        ReductionStep.java:105  | Stems free length median value: 49 pixels, 2.5 interlines
2025-09-25 01:09:15,814 INFO [PAR_00011072#2]       StepMonitoring.java:98   | CUE_BEAMS
2025-09-25 01:09:15,814 INFO [PAR_00011072#2]         CueBeamsStep.java:81   | Step CUE_BEAMS is skipped because small heads switch is off
2025-09-25 01:09:15,814 INFO [PAR_00011072#2]       StepMonitoring.java:98   | TEXTS
2025-09-25 01:09:15,900 WARN [PAR_00011072#2]         TesseractOCR.java:335  | The collection of supported languages is empty
2025-09-25 01:09:15,900 INFO [PAR_00011072#2]              OcrUtil.java:106  | Missing support for 'eng' language(s)
2025-09-25 01:09:15,902 INFO [PAR_00011072#2]       StepMonitoring.java:98   | MEASURES
2025-09-25 01:09:15,904 INFO [PAR_00011072#2]                 Page.java:307  | 25 raw measures: [5 in system#1, 6 in system#2, 7 in system#3, 7 in system#4]
2025-09-25 01:09:15,904 INFO [PAR_00011072#2]       StepMonitoring.java:98   | CHORDS
2025-09-25 01:09:15,908 INFO [PAR_00011072#2]       StepMonitoring.java:98   | CURVES
2025-09-25 01:09:16,451 INFO [PAR_00011072#2]         SlursBuilder.java:240  | Slurs: 15
2025-09-25 01:09:16,461 INFO [PAR_00011072#2]      SegmentsBuilder.java:155  | Segments: 37
2025-09-25 01:09:16,463 INFO [PAR_00011072#2]       StepMonitoring.java:98   | SYMBOLS
2025-09-25 01:09:17,136 INFO [PAR_00011072#2]       StepMonitoring.java:98   | LINKS
2025-09-25 01:09:17,160 INFO [PAR_00011072#2]       StepMonitoring.java:98   | RHYTHMS
2025-09-25 01:09:17,183 INFO [PAR_00011072#2]       StepMonitoring.java:98   | PAGE
2025-09-25 01:09:17,187 WARN [PAR_00011072#2]         MeasureFixer.java:343  | System#1 No target duration for measures local IDs [1, 2, 3, 4, 5], please check time signatures
2025-09-25 01:09:17,188 WARN [PAR_00011072#2]         MeasureFixer.java:343  | System#2 No target duration for measures local IDs [6, 7, 8, 9, 10, 11], please check time signatures
2025-09-25 01:09:17,189 WARN [PAR_00011072#2]         MeasureFixer.java:343  | System#3 No target duration for measures local IDs [12, 13, 14, 15, 16, 17, 18], please check time signatures
2025-09-25 01:09:17,190 WARN [PAR_00011072#2]         MeasureFixer.java:343  | System#4 No target duration for measures local IDs [19, 20, 21, 22, 23, 24, 25], please check time signatures
2025-09-25 01:09:17,191 INFO [PAR_00011072#2]                 Book.java:2550 | Book{PAR_00011072} storing
2025-09-25 01:09:17,250 INFO [PAR_00011072#2]                 Book.java:2531 | Stored /book.xml
2025-09-25 01:09:17,321 INFO [PAR_00011072#2]           DataHolder.java:348  | Stored /sheet#2/BINARY.png
2025-09-25 01:09:17,992 INFO [PAR_00011072#2]                Sheet.java:1562 | Stored /sheet#2/sheet#2.xml
2025-09-25 01:09:17,992 INFO [PAR_00011072#2]                 Book.java:2491 | Book stored as /home/kaval/Documentos/dev/CONCER/python/outputs/PAR_00011072.omr
2025-09-25 01:09:17,995 INFO [PAR_00011072#2]            SheetStub.java:1644 | Disposed sheet#2
2025-09-25 01:09:18,050 INFO [PAR_00011072#2]                 Book.java:2018 | End of Stub#2 memory: 36,595,328
2025-09-25 01:09:18,051 INFO [PAR_00011072]                 Book.java:2025 | Book processed.
2025-09-25 01:09:18,778 INFO [PAR_00011072]            SheetStub.java:995  | Loaded /sheet#1/sheet#1.xml
2025-09-25 01:09:19,217 INFO [PAR_00011072]            SheetStub.java:995  | Loaded /sheet#2/sheet#2.xml
2025-09-25 01:09:19,613 INFO [PAR_00011072]      PartwiseBuilder.java:2661 | Exporting sheet(s): [#1]
2025-09-25 01:09:19,719 INFO [PAR_00011072]        ScoreExporter.java:164  | Score PAR_00011072.mvt1 exported to /home/kaval/Documentos/dev/CONCER/python/outputs/PAR_00011072.mvt1.mxl
2025-09-25 01:09:19,720 INFO [PAR_00011072]      PartwiseBuilder.java:2661 | Exporting sheet(s): [#2]
2025-09-25 01:09:19,749 INFO [PAR_00011072]        ScoreExporter.java:164  | Score PAR_00011072.mvt2 exported to /home/kaval/Documentos/dev/CONCER/python/outputs/PAR_00011072.mvt2.mxl
2025-09-25 01:09:19,805 INFO [PAR_00011072]                Score.java:181  | Closing {Score 1}
2025-09-25 01:09:19,806 INFO [PAR_00011072]                Score.java:181  | Closing {Score 2}
