2025-09-25 01:53:01,841 INFO [PAR_00011072]                 Book.java:562  | 2 sheets in /home/kaval/Documentos/dev/CONCER/python/uploads/PAR_00011072.pdf
2025-09-25 01:53:02,058 INFO []                 Book.java:2531 | Stored /book.xml
2025-09-25 01:53:02,059 INFO []                 Book.java:2491 | Book stored as /home/kaval/Documentos/dev/CONCER/python/outputs/PAR_00011072.omr
2025-09-25 01:53:02,096 INFO []                 Book.java:1933 | Book reaching PAGE on sheets:[#1#2]
2025-09-25 01:53:02,098 INFO [PAR_00011072#1]       StepMonitoring.java:98   | LOAD
2025-09-25 01:53:03,709 INFO [PAR_00011072#1]            SheetStub.java:1268 | Loaded image #1 2424x3299 from /home/kaval/Documentos/dev/CONCER/python/uploads/PAR_00011072.pdf
2025-09-25 01:53:03,712 INFO [PAR_00011072#1]       StepMonitoring.java:98   | BINARY
2025-09-25 01:53:04,293 INFO [PAR_00011072#1]       StepMonitoring.java:98   | SCALE
2025-09-25 01:53:04,322 INFO [PAR_00011072#1]         ScaleBuilder.java:241  | Beam  guessed height: 10 -- 0.50 of 20 interline
2025-09-25 01:53:04,323 INFO [PAR_00011072#1]         ScaleBuilder.java:264  | Beam measured height:  8 -- 0.14 of [6..20] range at 505% of needed quorum
2025-09-25 01:53:04,324 INFO [PAR_00011072#1]            ScaleStep.java:65   | Scale{ interline(18,20,21) line(2,4,6) beam(8)}
2025-09-25 01:53:04,325 INFO [PAR_00011072#1]       StepMonitoring.java:98   | GRID
2025-09-25 01:53:05,396 INFO [PAR_00011072#1]       LinesRetriever.java:1500 | Global slope: -0.00818
2025-09-25 01:53:05,450 INFO [PAR_00011072#1]    ClustersRetriever.java:328  | Retrieved raw line clusters: 5 of sizes [5] with interline(18,20,21)
2025-09-25 01:53:05,710 INFO [PAR_00011072#1]            PeakGraph.java:310  | Systems: #1[1] #2[2] #3[3] #4[4] #5[5]
2025-09-25 01:53:06,393 INFO [PAR_00011072#1]        SystemManager.java:134  | Indentation detected for system #1
2025-09-25 01:53:06,394 INFO [PAR_00011072#1]        SystemManager.java:779  | 1 part along 5 systems
2025-09-25 01:53:06,395 INFO [PAR_00011072#1]                 Book.java:545  | Created scores: [{Score 1}]
2025-09-25 01:53:06,396 INFO [PAR_00011072#1]       StepMonitoring.java:98   | HEADERS
2025-09-25 01:53:06,743 INFO []      BasicClassifier.java:277  | Classifier loaded XML norms.
2025-09-25 01:53:06,745 INFO []   AbstractClassifier.java:396  | Classifier data loaded from default uri file:///home/kaval/Documents/audiveris/app/res/basic-classifier.zip
2025-09-25 01:53:07,701 INFO [PAR_00011072#1]       StepMonitoring.java:98   | STEM_SEEDS
2025-09-25 01:53:07,782 INFO [PAR_00011072#1]        StemSeedsStep.java:86   | stem(4 max:5)
2025-09-25 01:53:07,857 INFO [PAR_00011072#1]       StepMonitoring.java:98   | BEAMS
2025-09-25 01:53:11,113 INFO [PAR_00011072#1]       StepMonitoring.java:98   | LEDGERS
2025-09-25 01:53:11,766 INFO [PAR_00011072#1]       StepMonitoring.java:98   | HEADS
2025-09-25 01:53:15,734 INFO [PAR_00011072#1]        HeadSeedTally.java:235  | Scale information: HeadSeeds{NOTEHEAD_BLACK[L:0.5,R:0.4]}
2025-09-25 01:53:15,735 INFO [PAR_00011072#1]       StepMonitoring.java:98   | STEMS
2025-09-25 01:53:16,078 INFO [PAR_00011072#1]           BeamLinker.java:1729 | Not linking shorter BeamHookInter#1516{(0.501/0.805) BEAM_HOOK}
2025-09-25 01:53:16,078 INFO [PAR_00011072#1]           BeamLinker.java:1729 | Not linking shorter BeamInter#1518{(0.471/0.786) BEAM}
2025-09-25 01:53:16,949 INFO [PAR_00011072#1]       StepMonitoring.java:98   | REDUCTION
2025-09-25 01:53:17,180 INFO [PAR_00011072#1]        ReductionStep.java:105  | Stems free length median value: 60 pixels, 3.0 interlines
2025-09-25 01:53:17,188 INFO [PAR_00011072#1]       StepMonitoring.java:98   | CUE_BEAMS
2025-09-25 01:53:17,189 INFO [PAR_00011072#1]         CueBeamsStep.java:81   | Step CUE_BEAMS is skipped because small heads switch is off
2025-09-25 01:53:17,189 INFO [PAR_00011072#1]       StepMonitoring.java:98   | TEXTS
2025-09-25 01:53:17,464 WARN [PAR_00011072#1]         TesseractOCR.java:335  | The collection of supported languages is empty
2025-09-25 01:53:17,464 INFO [PAR_00011072#1]              OcrUtil.java:106  | Missing support for 'eng' language(s)
2025-09-25 01:53:17,478 INFO [PAR_00011072#1]       StepMonitoring.java:98   | MEASURES
2025-09-25 01:53:17,488 INFO [PAR_00011072#1]                 Page.java:307  | 35 raw measures: [6 in system#1, 7 in system#2, 7 in system#3, 8 in system#4, 7 in system#5]
2025-09-25 01:53:17,489 INFO [PAR_00011072#1]       StepMonitoring.java:98   | CHORDS
2025-09-25 01:53:17,520 INFO [PAR_00011072#1]       StepMonitoring.java:98   | CURVES
2025-09-25 01:53:18,818 INFO [PAR_00011072#1]         SlursBuilder.java:240  | Slurs: 13
2025-09-25 01:53:18,856 INFO [PAR_00011072#1]      SegmentsBuilder.java:155  | Segments: 54
2025-09-25 01:53:18,864 INFO [PAR_00011072#1]       StepMonitoring.java:98   | SYMBOLS
2025-09-25 01:53:20,443 INFO [PAR_00011072#1]       StepMonitoring.java:98   | LINKS
2025-09-25 01:53:20,449 INFO [PAR_00011072#1]        SymbolsLinker.java:257  | No chord linked to OctaveShiftInter#6893{(0.229) staff:1 OTTAVA ALTA}
2025-09-25 01:53:20,503 INFO [PAR_00011072#1]       StepMonitoring.java:98   | RHYTHMS
2025-09-25 01:53:20,533 INFO [PAR_00011072#1]                Voice.java:257  | Measure{#6} Voice{#1 excess:1/16} too long
2025-09-25 01:53:20,534 INFO [PAR_00011072#1]                Voice.java:257  | Measure{#6} Voice{#2 excess:1/8} too long
2025-09-25 01:53:20,535 INFO [PAR_00011072#1]          StackRhythm.java:224  | S1 MeasureStack#6 no correct rhythm
2025-09-25 01:53:20,540 INFO [PAR_00011072#1]                Voice.java:257  | Measure{#8} Voice{#1 excess:1/8} too long
2025-09-25 01:53:20,541 INFO [PAR_00011072#1]          StackRhythm.java:224  | S2 MeasureStack#8 no correct rhythm
2025-09-25 01:53:20,545 INFO [PAR_00011072#1]                Voice.java:257  | Measure{#11} Voice{#1 excess:1/16} too long
2025-09-25 01:53:20,545 INFO [PAR_00011072#1]          StackRhythm.java:224  | S2 MeasureStack#11 no correct rhythm
2025-09-25 01:53:20,559 INFO [PAR_00011072#1]                Voice.java:257  | Measure{#21} Voice{#2 excess:1/8} too long
2025-09-25 01:53:20,560 INFO [PAR_00011072#1]          StackRhythm.java:224  | S4 MeasureStack#21 no correct rhythm
2025-09-25 01:53:20,565 INFO [PAR_00011072#1]                Voice.java:257  | Measure{#28} Voice{#1 excess:1/8} too long
2025-09-25 01:53:20,566 INFO [PAR_00011072#1]          StackRhythm.java:224  | S4 MeasureStack#28 no correct rhythm
2025-09-25 01:53:20,571 INFO [PAR_00011072#1]                Voice.java:257  | Measure{#33} Voice{#1 excess:3/16} too long
2025-09-25 01:53:20,571 INFO [PAR_00011072#1]          StackRhythm.java:224  | S5 MeasureStack#33 no correct rhythm
2025-09-25 01:53:20,574 INFO [PAR_00011072#1]       StepMonitoring.java:98   | PAGE
2025-09-25 01:53:20,580 INFO [PAR_00011072#1]                Voice.java:257  | Measure{#6} Voice{#1 excess:1/16} too long
2025-09-25 01:53:20,581 INFO [PAR_00011072#1]                Voice.java:257  | Measure{#6} Voice{#2 excess:1/8} too long
2025-09-25 01:53:20,581 INFO [PAR_00011072#1]                Voice.java:257  | Measure{#8} Voice{#1 excess:1/8} too long
2025-09-25 01:53:20,582 INFO [PAR_00011072#1]                Voice.java:257  | Measure{#11} Voice{#1 excess:1/16} too long
2025-09-25 01:53:20,583 INFO [PAR_00011072#1]                Voice.java:257  | Measure{#21} Voice{#2 excess:1/8} too long
2025-09-25 01:53:20,584 INFO [PAR_00011072#1]                Voice.java:257  | Measure{#28} Voice{#1 excess:1/8} too long
2025-09-25 01:53:20,584 INFO [PAR_00011072#1]                Voice.java:257  | Measure{#33} Voice{#1 excess:3/16} too long
2025-09-25 01:53:20,586 INFO [PAR_00011072#1]                 Book.java:2550 | Book{PAR_00011072} storing
2025-09-25 01:53:20,648 INFO [PAR_00011072#1]                 Book.java:2531 | Stored /book.xml
2025-09-25 01:53:20,770 INFO [PAR_00011072#1]           DataHolder.java:348  | Stored /sheet#1/BINARY.png
2025-09-25 01:53:21,709 INFO [PAR_00011072#1]                Sheet.java:1562 | Stored /sheet#1/sheet#1.xml
2025-09-25 01:53:21,709 INFO [PAR_00011072#1]                 Book.java:2491 | Book stored as /home/kaval/Documentos/dev/CONCER/python/outputs/PAR_00011072.omr
2025-09-25 01:53:21,711 INFO [PAR_00011072#1]            SheetStub.java:1644 | Disposed sheet#1
2025-09-25 01:53:21,765 INFO [PAR_00011072#1]                 Book.java:2018 | End of Stub#1 memory: 37,403,928
2025-09-25 01:53:21,766 INFO [PAR_00011072#2]       StepMonitoring.java:98   | LOAD
2025-09-25 01:53:22,899 INFO [PAR_00011072#2]            SheetStub.java:1268 | Loaded image #2 2317x3299 from /home/kaval/Documentos/dev/CONCER/python/uploads/PAR_00011072.pdf
2025-09-25 01:53:22,900 INFO [PAR_00011072#2]       StepMonitoring.java:98   | BINARY
2025-09-25 01:53:23,374 INFO [PAR_00011072#2]       StepMonitoring.java:98   | SCALE
2025-09-25 01:53:23,382 INFO [PAR_00011072#2]         ScaleBuilder.java:241  | Beam  guessed height: 10 -- 0.50 of 20 interline
2025-09-25 01:53:23,383 INFO [PAR_00011072#2]         ScaleBuilder.java:264  | Beam measured height:  9 -- 0.15 of [7..20] range at 391% of needed quorum
2025-09-25 01:53:23,383 INFO [PAR_00011072#2]            ScaleStep.java:65   | Scale{ interline(18,20,22) line(1,4,7) beam(9)}
2025-09-25 01:53:23,383 INFO [PAR_00011072#2]       StepMonitoring.java:98   | GRID
2025-09-25 01:53:24,208 INFO [PAR_00011072#2]       LinesRetriever.java:1500 | Global slope: -0.00876
2025-09-25 01:53:24,229 INFO [PAR_00011072#2]    ClustersRetriever.java:328  | Retrieved raw line clusters: 4 of sizes [5] with interline(18,20,22)
2025-09-25 01:53:24,423 INFO [PAR_00011072#2]            PeakGraph.java:310  | Systems: #1[1] #2[2] #3[3] #4[4]
2025-09-25 01:53:24,879 INFO [PAR_00011072#2]        SystemManager.java:134  | Indentation detected for system #1
2025-09-25 01:53:24,880 INFO [PAR_00011072#2]        SystemManager.java:779  | 1 part along 4 systems
2025-09-25 01:53:24,880 INFO [PAR_00011072#2]       StepMonitoring.java:98   | HEADERS
2025-09-25 01:53:25,067 WARN [PAR_00011072#2]          ClefBuilder.java:658  | Staff#1 no recognized header clef.
2025-09-25 01:53:25,992 INFO [PAR_00011072#2]       StepMonitoring.java:98   | STEM_SEEDS
2025-09-25 01:53:26,046 INFO [PAR_00011072#2]        StemSeedsStep.java:86   | stem(4 max:5)
2025-09-25 01:53:26,079 INFO [PAR_00011072#2]       StepMonitoring.java:98   | BEAMS
2025-09-25 01:53:29,346 INFO [PAR_00011072#2]       StepMonitoring.java:98   | LEDGERS
2025-09-25 01:53:29,727 INFO [PAR_00011072#2]       StepMonitoring.java:98   | HEADS
2025-09-25 01:53:32,268 INFO [PAR_00011072#2]        HeadSeedTally.java:235  | Scale information: HeadSeeds{NOTEHEAD_BLACK[L:0.4,R:0.1]}
2025-09-25 01:53:32,269 INFO [PAR_00011072#2]       StepMonitoring.java:98   | STEMS
2025-09-25 01:53:32,349 INFO [PAR_00011072#2]           BeamLinker.java:1729 | Not linking shorter BeamInter#1061{(0.462/0.793) BEAM}
2025-09-25 01:53:32,429 INFO [PAR_00011072#2]           BeamLinker.java:1729 | Not linking shorter BeamHookInter#1208{(0.491/0.714) BEAM_HOOK}
2025-09-25 01:53:32,429 INFO [PAR_00011072#2]           BeamLinker.java:1729 | Not linking shorter BeamInter#1157{(0.403/0.603) BEAM}
2025-09-25 01:53:32,676 INFO [PAR_00011072#2]       StepMonitoring.java:98   | REDUCTION
2025-09-25 01:53:32,735 INFO [PAR_00011072#2]       BeamGroupInter.java:1123 | Separating beams BeamInter#1048{(0.631/0.949) BEAM} and BeamInter#1052{(0.550/0.910) BEAM}
2025-09-25 01:53:32,738 INFO [PAR_00011072#2]       BeamGroupInter.java:1123 | Separating beams BeamInter#1253{(0.627/0.929) BEAM} and BeamInter#1257{(0.673/0.956) BEAM}
2025-09-25 01:53:32,739 INFO [PAR_00011072#2]       BeamGroupInter.java:1123 | Separating beams BeamInter#1334{(0.644/0.946) BEAM} and BeamInter#1393{(0.435/0.852) BEAM}
2025-09-25 01:53:32,739 INFO [PAR_00011072#2]       BeamGroupInter.java:1123 | Separating beams BeamInter#1344{(0.627/0.933) BEAM} and BeamInter#1348{(0.680/0.959) BEAM}
2025-09-25 01:53:32,740 INFO [PAR_00011072#2]        ReductionStep.java:105  | Stems free length median value: 49 pixels, 2.5 interlines
2025-09-25 01:53:32,741 INFO [PAR_00011072#2]       StepMonitoring.java:98   | CUE_BEAMS
2025-09-25 01:53:32,742 INFO [PAR_00011072#2]         CueBeamsStep.java:81   | Step CUE_BEAMS is skipped because small heads switch is off
2025-09-25 01:53:32,742 INFO [PAR_00011072#2]       StepMonitoring.java:98   | TEXTS
2025-09-25 01:53:32,848 WARN [PAR_00011072#2]         TesseractOCR.java:335  | The collection of supported languages is empty
2025-09-25 01:53:32,848 INFO [PAR_00011072#2]              OcrUtil.java:106  | Missing support for 'eng' language(s)
2025-09-25 01:53:32,850 INFO [PAR_00011072#2]       StepMonitoring.java:98   | MEASURES
2025-09-25 01:53:32,851 INFO [PAR_00011072#2]                 Page.java:307  | 25 raw measures: [5 in system#1, 6 in system#2, 7 in system#3, 7 in system#4]
2025-09-25 01:53:32,852 INFO [PAR_00011072#2]       StepMonitoring.java:98   | CHORDS
2025-09-25 01:53:32,855 INFO [PAR_00011072#2]       StepMonitoring.java:98   | CURVES
2025-09-25 01:53:33,405 INFO [PAR_00011072#2]         SlursBuilder.java:240  | Slurs: 15
2025-09-25 01:53:33,413 INFO [PAR_00011072#2]      SegmentsBuilder.java:155  | Segments: 37
2025-09-25 01:53:33,414 INFO [PAR_00011072#2]       StepMonitoring.java:98   | SYMBOLS
2025-09-25 01:53:34,078 INFO [PAR_00011072#2]       StepMonitoring.java:98   | LINKS
2025-09-25 01:53:34,101 INFO [PAR_00011072#2]       StepMonitoring.java:98   | RHYTHMS
2025-09-25 01:53:34,122 INFO [PAR_00011072#2]       StepMonitoring.java:98   | PAGE
2025-09-25 01:53:34,124 WARN [PAR_00011072#2]         MeasureFixer.java:343  | System#1 No target duration for measures local IDs [1, 2, 3, 4, 5], please check time signatures
2025-09-25 01:53:34,125 WARN [PAR_00011072#2]         MeasureFixer.java:343  | System#2 No target duration for measures local IDs [6, 7, 8, 9, 10, 11], please check time signatures
2025-09-25 01:53:34,125 WARN [PAR_00011072#2]         MeasureFixer.java:343  | System#3 No target duration for measures local IDs [12, 13, 14, 15, 16, 17, 18], please check time signatures
2025-09-25 01:53:34,125 WARN [PAR_00011072#2]         MeasureFixer.java:343  | System#4 No target duration for measures local IDs [19, 20, 21, 22, 23, 24, 25], please check time signatures
2025-09-25 01:53:34,126 INFO [PAR_00011072#2]                 Book.java:2550 | Book{PAR_00011072} storing
2025-09-25 01:53:34,179 INFO [PAR_00011072#2]                 Book.java:2531 | Stored /book.xml
2025-09-25 01:53:34,272 INFO [PAR_00011072#2]           DataHolder.java:348  | Stored /sheet#2/BINARY.png
2025-09-25 01:53:34,889 INFO [PAR_00011072#2]                Sheet.java:1562 | Stored /sheet#2/sheet#2.xml
2025-09-25 01:53:34,890 INFO [PAR_00011072#2]                 Book.java:2491 | Book stored as /home/kaval/Documentos/dev/CONCER/python/outputs/PAR_00011072.omr
2025-09-25 01:53:34,892 INFO [PAR_00011072#2]            SheetStub.java:1644 | Disposed sheet#2
2025-09-25 01:53:34,942 INFO [PAR_00011072#2]                 Book.java:2018 | End of Stub#2 memory: 37,102,376
2025-09-25 01:53:34,942 INFO [PAR_00011072]                 Book.java:2025 | Book processed.
2025-09-25 01:53:35,511 INFO [PAR_00011072]            SheetStub.java:995  | Loaded /sheet#1/sheet#1.xml
2025-09-25 01:53:35,893 INFO [PAR_00011072]            SheetStub.java:995  | Loaded /sheet#2/sheet#2.xml
2025-09-25 01:53:36,238 INFO [PAR_00011072]      PartwiseBuilder.java:2661 | Exporting sheet(s): [#1]
2025-09-25 01:53:36,320 INFO [PAR_00011072]        ScoreExporter.java:164  | Score PAR_00011072.mvt1 exported to /home/kaval/Documentos/dev/CONCER/python/outputs/PAR_00011072.mvt1.mxl
2025-09-25 01:53:36,320 INFO [PAR_00011072]      PartwiseBuilder.java:2661 | Exporting sheet(s): [#2]
2025-09-25 01:53:36,343 INFO [PAR_00011072]        ScoreExporter.java:164  | Score PAR_00011072.mvt2 exported to /home/kaval/Documentos/dev/CONCER/python/outputs/PAR_00011072.mvt2.mxl
2025-09-25 01:53:36,419 INFO [PAR_00011072]                Score.java:181  | Closing {Score 1}
2025-09-25 01:53:36,420 INFO [PAR_00011072]                Score.java:181  | Closing {Score 2}
