2025-09-25 01:54:43,988 INFO [PAR_00011072]                 Book.java:562  | 2 sheets in /home/kaval/Documentos/dev/CONCER/python/uploads/PAR_00011072.pdf
2025-09-25 01:54:44,138 INFO []                 Book.java:2531 | Stored /book.xml
2025-09-25 01:54:44,139 INFO []                 Book.java:2491 | Book stored as /home/kaval/Documentos/dev/CONCER/python/outputs/PAR_00011072.omr
2025-09-25 01:54:44,164 INFO []                 Book.java:1933 | Book reaching PAGE on sheets:[#1#2]
2025-09-25 01:54:44,165 INFO [PAR_00011072#1]       StepMonitoring.java:98   | LOAD
2025-09-25 01:54:45,642 INFO [PAR_00011072#1]            SheetStub.java:1268 | Loaded image #1 2424x3299 from /home/kaval/Documentos/dev/CONCER/python/uploads/PAR_00011072.pdf
2025-09-25 01:54:45,647 INFO [PAR_00011072#1]       StepMonitoring.java:98   | BINARY
2025-09-25 01:54:46,236 INFO [PAR_00011072#1]       StepMonitoring.java:98   | SCALE
2025-09-25 01:54:46,265 INFO [PAR_00011072#1]         ScaleBuilder.java:241  | Beam  guessed height: 10 -- 0.50 of 20 interline
2025-09-25 01:54:46,266 INFO [PAR_00011072#1]         ScaleBuilder.java:264  | Beam measured height:  8 -- 0.14 of [6..20] range at 505% of needed quorum
2025-09-25 01:54:46,267 INFO [PAR_00011072#1]            ScaleStep.java:65   | Scale{ interline(18,20,21) line(2,4,6) beam(8)}
2025-09-25 01:54:46,268 INFO [PAR_00011072#1]       StepMonitoring.java:98   | GRID
2025-09-25 01:54:47,189 INFO [PAR_00011072#1]       LinesRetriever.java:1500 | Global slope: -0.00818
2025-09-25 01:54:47,248 INFO [PAR_00011072#1]    ClustersRetriever.java:328  | Retrieved raw line clusters: 5 of sizes [5] with interline(18,20,21)
2025-09-25 01:54:47,578 INFO [PAR_00011072#1]            PeakGraph.java:310  | Systems: #1[1] #2[2] #3[3] #4[4] #5[5]
2025-09-25 01:54:48,431 INFO [PAR_00011072#1]        SystemManager.java:134  | Indentation detected for system #1
2025-09-25 01:54:48,432 INFO [PAR_00011072#1]        SystemManager.java:779  | 1 part along 5 systems
2025-09-25 01:54:48,432 INFO [PAR_00011072#1]                 Book.java:545  | Created scores: [{Score 1}]
2025-09-25 01:54:48,433 INFO [PAR_00011072#1]       StepMonitoring.java:98   | HEADERS
2025-09-25 01:54:48,776 INFO [PAR_00011072#1]      BasicClassifier.java:277  | Classifier loaded XML norms.
2025-09-25 01:54:48,780 INFO [PAR_00011072#1]   AbstractClassifier.java:396  | Classifier data loaded from default uri file:///home/kaval/Documents/audiveris/app/res/basic-classifier.zip
2025-09-25 01:54:49,811 INFO [PAR_00011072#1]       StepMonitoring.java:98   | STEM_SEEDS
2025-09-25 01:54:49,898 INFO [PAR_00011072#1]        StemSeedsStep.java:86   | stem(4 max:5)
2025-09-25 01:54:49,994 INFO [PAR_00011072#1]       StepMonitoring.java:98   | BEAMS
2025-09-25 01:54:53,211 INFO [PAR_00011072#1]       StepMonitoring.java:98   | LEDGERS
2025-09-25 01:54:53,958 INFO [PAR_00011072#1]       StepMonitoring.java:98   | HEADS
2025-09-25 01:54:58,312 INFO [PAR_00011072#1]        HeadSeedTally.java:235  | Scale information: HeadSeeds{NOTEHEAD_BLACK[L:0.5,R:0.4]}
2025-09-25 01:54:58,313 INFO [PAR_00011072#1]       StepMonitoring.java:98   | STEMS
2025-09-25 01:54:58,653 INFO [PAR_00011072#1]           BeamLinker.java:1729 | Not linking shorter BeamHookInter#1516{(0.501/0.805) BEAM_HOOK}
2025-09-25 01:54:58,654 INFO [PAR_00011072#1]           BeamLinker.java:1729 | Not linking shorter BeamInter#1518{(0.471/0.786) BEAM}
2025-09-25 01:54:59,403 INFO [PAR_00011072#1]       StepMonitoring.java:98   | REDUCTION
2025-09-25 01:54:59,578 INFO [PAR_00011072#1]        ReductionStep.java:105  | Stems free length median value: 60 pixels, 3.0 interlines
2025-09-25 01:54:59,585 INFO [PAR_00011072#1]       StepMonitoring.java:98   | CUE_BEAMS
2025-09-25 01:54:59,585 INFO [PAR_00011072#1]         CueBeamsStep.java:81   | Step CUE_BEAMS is skipped because small heads switch is off
2025-09-25 01:54:59,586 INFO [PAR_00011072#1]       StepMonitoring.java:98   | TEXTS
2025-09-25 01:54:59,778 WARN [PAR_00011072#1]         TesseractOCR.java:335  | The collection of supported languages is empty
2025-09-25 01:54:59,779 INFO [PAR_00011072#1]              OcrUtil.java:106  | Missing support for 'eng' language(s)
2025-09-25 01:54:59,794 INFO [PAR_00011072#1]       StepMonitoring.java:98   | MEASURES
2025-09-25 01:54:59,807 INFO [PAR_00011072#1]                 Page.java:307  | 35 raw measures: [6 in system#1, 7 in system#2, 7 in system#3, 8 in system#4, 7 in system#5]
2025-09-25 01:54:59,808 INFO [PAR_00011072#1]       StepMonitoring.java:98   | CHORDS
2025-09-25 01:54:59,833 INFO [PAR_00011072#1]       StepMonitoring.java:98   | CURVES
2025-09-25 01:55:01,071 INFO [PAR_00011072#1]         SlursBuilder.java:240  | Slurs: 13
2025-09-25 01:55:01,116 INFO [PAR_00011072#1]      SegmentsBuilder.java:155  | Segments: 54
2025-09-25 01:55:01,123 INFO [PAR_00011072#1]       StepMonitoring.java:98   | SYMBOLS
2025-09-25 01:55:02,808 INFO [PAR_00011072#1]       StepMonitoring.java:98   | LINKS
2025-09-25 01:55:02,813 INFO [PAR_00011072#1]        SymbolsLinker.java:257  | No chord linked to OctaveShiftInter#6853{(0.229) staff:1 OTTAVA ALTA}
2025-09-25 01:55:02,854 INFO [PAR_00011072#1]       StepMonitoring.java:98   | RHYTHMS
2025-09-25 01:55:02,880 INFO [PAR_00011072#1]                Voice.java:257  | Measure{#6} Voice{#1 excess:1/16} too long
2025-09-25 01:55:02,881 INFO [PAR_00011072#1]                Voice.java:257  | Measure{#6} Voice{#2 excess:1/8} too long
2025-09-25 01:55:02,882 INFO [PAR_00011072#1]          StackRhythm.java:224  | S1 MeasureStack#6 no correct rhythm
2025-09-25 01:55:02,887 INFO [PAR_00011072#1]                Voice.java:257  | Measure{#8} Voice{#1 excess:1/8} too long
2025-09-25 01:55:02,888 INFO [PAR_00011072#1]          StackRhythm.java:224  | S2 MeasureStack#8 no correct rhythm
2025-09-25 01:55:02,894 INFO [PAR_00011072#1]                Voice.java:257  | Measure{#11} Voice{#1 excess:1/16} too long
2025-09-25 01:55:02,894 INFO [PAR_00011072#1]          StackRhythm.java:224  | S2 MeasureStack#11 no correct rhythm
2025-09-25 01:55:02,904 INFO [PAR_00011072#1]                Voice.java:257  | Measure{#21} Voice{#2 excess:1/8} too long
2025-09-25 01:55:02,905 INFO [PAR_00011072#1]          StackRhythm.java:224  | S4 MeasureStack#21 no correct rhythm
2025-09-25 01:55:02,909 INFO [PAR_00011072#1]                Voice.java:257  | Measure{#28} Voice{#1 excess:1/8} too long
2025-09-25 01:55:02,910 INFO [PAR_00011072#1]          StackRhythm.java:224  | S4 MeasureStack#28 no correct rhythm
2025-09-25 01:55:02,914 INFO [PAR_00011072#1]                Voice.java:257  | Measure{#33} Voice{#1 excess:3/16} too long
2025-09-25 01:55:02,914 INFO [PAR_00011072#1]          StackRhythm.java:224  | S5 MeasureStack#33 no correct rhythm
2025-09-25 01:55:02,916 INFO [PAR_00011072#1]       StepMonitoring.java:98   | PAGE
2025-09-25 01:55:02,925 INFO [PAR_00011072#1]                Voice.java:257  | Measure{#6} Voice{#1 excess:1/16} too long
2025-09-25 01:55:02,925 INFO [PAR_00011072#1]                Voice.java:257  | Measure{#6} Voice{#2 excess:1/8} too long
2025-09-25 01:55:02,926 INFO [PAR_00011072#1]                Voice.java:257  | Measure{#8} Voice{#1 excess:1/8} too long
2025-09-25 01:55:02,926 INFO [PAR_00011072#1]                Voice.java:257  | Measure{#11} Voice{#1 excess:1/16} too long
2025-09-25 01:55:02,926 INFO [PAR_00011072#1]                Voice.java:257  | Measure{#21} Voice{#2 excess:1/8} too long
2025-09-25 01:55:02,927 INFO [PAR_00011072#1]                Voice.java:257  | Measure{#28} Voice{#1 excess:1/8} too long
2025-09-25 01:55:02,927 INFO [PAR_00011072#1]                Voice.java:257  | Measure{#33} Voice{#1 excess:3/16} too long
2025-09-25 01:55:02,928 INFO [PAR_00011072#1]                 Book.java:2550 | Book{PAR_00011072} storing
2025-09-25 01:55:02,988 INFO [PAR_00011072#1]                 Book.java:2531 | Stored /book.xml
2025-09-25 01:55:03,201 INFO [PAR_00011072#1]           DataHolder.java:348  | Stored /sheet#1/BINARY.png
2025-09-25 01:55:04,149 INFO [PAR_00011072#1]                Sheet.java:1562 | Stored /sheet#1/sheet#1.xml
2025-09-25 01:55:04,149 INFO [PAR_00011072#1]                 Book.java:2491 | Book stored as /home/kaval/Documentos/dev/CONCER/python/outputs/PAR_00011072.omr
2025-09-25 01:55:04,152 INFO [PAR_00011072#1]            SheetStub.java:1644 | Disposed sheet#1
2025-09-25 01:55:04,202 INFO [PAR_00011072#1]                 Book.java:2018 | End of Stub#1 memory: 36,760,200
2025-09-25 01:55:04,202 INFO [PAR_00011072#2]       StepMonitoring.java:98   | LOAD
2025-09-25 01:55:05,349 INFO [PAR_00011072#2]            SheetStub.java:1268 | Loaded image #2 2317x3299 from /home/kaval/Documentos/dev/CONCER/python/uploads/PAR_00011072.pdf
2025-09-25 01:55:05,350 INFO [PAR_00011072#2]       StepMonitoring.java:98   | BINARY
2025-09-25 01:55:05,773 INFO [PAR_00011072#2]       StepMonitoring.java:98   | SCALE
2025-09-25 01:55:05,782 INFO [PAR_00011072#2]         ScaleBuilder.java:241  | Beam  guessed height: 10 -- 0.50 of 20 interline
2025-09-25 01:55:05,782 INFO [PAR_00011072#2]         ScaleBuilder.java:264  | Beam measured height:  9 -- 0.15 of [7..20] range at 391% of needed quorum
2025-09-25 01:55:05,782 INFO [PAR_00011072#2]            ScaleStep.java:65   | Scale{ interline(18,20,22) line(1,4,7) beam(9)}
2025-09-25 01:55:05,782 INFO [PAR_00011072#2]       StepMonitoring.java:98   | GRID
2025-09-25 01:55:06,226 INFO [PAR_00011072#2]       LinesRetriever.java:1500 | Global slope: -0.00876
2025-09-25 01:55:06,242 INFO [PAR_00011072#2]    ClustersRetriever.java:328  | Retrieved raw line clusters: 4 of sizes [5] with interline(18,20,22)
2025-09-25 01:55:06,465 INFO [PAR_00011072#2]            PeakGraph.java:310  | Systems: #1[1] #2[2] #3[3] #4[4]
2025-09-25 01:55:06,866 INFO [PAR_00011072#2]        SystemManager.java:134  | Indentation detected for system #1
2025-09-25 01:55:06,866 INFO [PAR_00011072#2]        SystemManager.java:779  | 1 part along 4 systems
2025-09-25 01:55:06,867 INFO [PAR_00011072#2]       StepMonitoring.java:98   | HEADERS
2025-09-25 01:55:07,061 WARN [PAR_00011072#2]          ClefBuilder.java:658  | Staff#1 no recognized header clef.
2025-09-25 01:55:07,940 INFO [PAR_00011072#2]       StepMonitoring.java:98   | STEM_SEEDS
2025-09-25 01:55:07,984 INFO [PAR_00011072#2]        StemSeedsStep.java:86   | stem(4 max:5)
2025-09-25 01:55:08,005 INFO [PAR_00011072#2]       StepMonitoring.java:98   | BEAMS
2025-09-25 01:55:10,874 INFO [PAR_00011072#2]       StepMonitoring.java:98   | LEDGERS
2025-09-25 01:55:11,333 INFO [PAR_00011072#2]       StepMonitoring.java:98   | HEADS
2025-09-25 01:55:13,712 INFO [PAR_00011072#2]        HeadSeedTally.java:235  | Scale information: HeadSeeds{NOTEHEAD_BLACK[L:0.4,R:0.1]}
2025-09-25 01:55:13,713 INFO [PAR_00011072#2]       StepMonitoring.java:98   | STEMS
2025-09-25 01:55:13,808 INFO [PAR_00011072#2]           BeamLinker.java:1729 | Not linking shorter BeamInter#1061{(0.462/0.793) BEAM}
2025-09-25 01:55:13,922 INFO [PAR_00011072#2]           BeamLinker.java:1729 | Not linking shorter BeamHookInter#1208{(0.491/0.714) BEAM_HOOK}
2025-09-25 01:55:13,923 INFO [PAR_00011072#2]           BeamLinker.java:1729 | Not linking shorter BeamInter#1157{(0.403/0.603) BEAM}
2025-09-25 01:55:14,279 INFO [PAR_00011072#2]       StepMonitoring.java:98   | REDUCTION
2025-09-25 01:55:14,320 INFO [PAR_00011072#2]       BeamGroupInter.java:1123 | Separating beams BeamInter#1048{(0.631/0.949) BEAM} and BeamInter#1052{(0.550/0.910) BEAM}
2025-09-25 01:55:14,323 INFO [PAR_00011072#2]       BeamGroupInter.java:1123 | Separating beams BeamInter#1253{(0.627/0.929) BEAM} and BeamInter#1257{(0.673/0.956) BEAM}
2025-09-25 01:55:14,323 INFO [PAR_00011072#2]       BeamGroupInter.java:1123 | Separating beams BeamInter#1334{(0.644/0.946) BEAM} and BeamInter#1393{(0.435/0.852) BEAM}
2025-09-25 01:55:14,323 INFO [PAR_00011072#2]       BeamGroupInter.java:1123 | Separating beams BeamInter#1344{(0.627/0.933) BEAM} and BeamInter#1348{(0.680/0.959) BEAM}
2025-09-25 01:55:14,324 INFO [PAR_00011072#2]        ReductionStep.java:105  | Stems free length median value: 49 pixels, 2.5 interlines
2025-09-25 01:55:14,326 INFO [PAR_00011072#2]       StepMonitoring.java:98   | CUE_BEAMS
2025-09-25 01:55:14,327 INFO [PAR_00011072#2]         CueBeamsStep.java:81   | Step CUE_BEAMS is skipped because small heads switch is off
2025-09-25 01:55:14,327 INFO [PAR_00011072#2]       StepMonitoring.java:98   | TEXTS
2025-09-25 01:55:14,422 WARN [PAR_00011072#2]         TesseractOCR.java:335  | The collection of supported languages is empty
2025-09-25 01:55:14,423 INFO [PAR_00011072#2]              OcrUtil.java:106  | Missing support for 'eng' language(s)
2025-09-25 01:55:14,424 INFO [PAR_00011072#2]       StepMonitoring.java:98   | MEASURES
2025-09-25 01:55:14,425 INFO [PAR_00011072#2]                 Page.java:307  | 25 raw measures: [5 in system#1, 6 in system#2, 7 in system#3, 7 in system#4]
2025-09-25 01:55:14,426 INFO [PAR_00011072#2]       StepMonitoring.java:98   | CHORDS
2025-09-25 01:55:14,434 INFO [PAR_00011072#2]       StepMonitoring.java:98   | CURVES
2025-09-25 01:55:15,131 INFO [PAR_00011072#2]         SlursBuilder.java:240  | Slurs: 15
2025-09-25 01:55:15,149 INFO [PAR_00011072#2]      SegmentsBuilder.java:155  | Segments: 37
2025-09-25 01:55:15,151 INFO [PAR_00011072#2]       StepMonitoring.java:98   | SYMBOLS
2025-09-25 01:55:15,934 INFO [PAR_00011072#2]       StepMonitoring.java:98   | LINKS
2025-09-25 01:55:15,964 INFO [PAR_00011072#2]       StepMonitoring.java:98   | RHYTHMS
2025-09-25 01:55:15,987 INFO [PAR_00011072#2]       StepMonitoring.java:98   | PAGE
2025-09-25 01:55:15,990 WARN [PAR_00011072#2]         MeasureFixer.java:343  | System#1 No target duration for measures local IDs [1, 2, 3, 4, 5], please check time signatures
2025-09-25 01:55:15,990 WARN [PAR_00011072#2]         MeasureFixer.java:343  | System#2 No target duration for measures local IDs [6, 7, 8, 9, 10, 11], please check time signatures
2025-09-25 01:55:15,991 WARN [PAR_00011072#2]         MeasureFixer.java:343  | System#3 No target duration for measures local IDs [12, 13, 14, 15, 16, 17, 18], please check time signatures
2025-09-25 01:55:15,991 WARN [PAR_00011072#2]         MeasureFixer.java:343  | System#4 No target duration for measures local IDs [19, 20, 21, 22, 23, 24, 25], please check time signatures
2025-09-25 01:55:15,992 INFO [PAR_00011072#2]                 Book.java:2550 | Book{PAR_00011072} storing
2025-09-25 01:55:16,053 INFO [PAR_00011072#2]                 Book.java:2531 | Stored /book.xml
2025-09-25 01:55:16,143 INFO [PAR_00011072#2]           DataHolder.java:348  | Stored /sheet#2/BINARY.png
2025-09-25 01:55:16,917 INFO [PAR_00011072#2]                Sheet.java:1562 | Stored /sheet#2/sheet#2.xml
2025-09-25 01:55:16,917 INFO [PAR_00011072#2]                 Book.java:2491 | Book stored as /home/kaval/Documentos/dev/CONCER/python/outputs/PAR_00011072.omr
2025-09-25 01:55:16,920 INFO [PAR_00011072#2]            SheetStub.java:1644 | Disposed sheet#2
2025-09-25 01:55:16,976 INFO [PAR_00011072#2]                 Book.java:2018 | End of Stub#2 memory: 36,553,048
2025-09-25 01:55:16,976 INFO [PAR_00011072]                 Book.java:2025 | Book processed.
2025-09-25 01:55:17,982 INFO [PAR_00011072]            SheetStub.java:995  | Loaded /sheet#1/sheet#1.xml
2025-09-25 01:55:18,415 INFO [PAR_00011072]            SheetStub.java:995  | Loaded /sheet#2/sheet#2.xml
2025-09-25 01:55:18,827 INFO [PAR_00011072]      PartwiseBuilder.java:2661 | Exporting sheet(s): [#1]
2025-09-25 01:55:18,934 INFO [PAR_00011072]        ScoreExporter.java:164  | Score PAR_00011072.mvt1 exported to /home/kaval/Documentos/dev/CONCER/python/outputs/PAR_00011072.mvt1.mxl
2025-09-25 01:55:18,934 INFO [PAR_00011072]      PartwiseBuilder.java:2661 | Exporting sheet(s): [#2]
2025-09-25 01:55:18,966 INFO [PAR_00011072]        ScoreExporter.java:164  | Score PAR_00011072.mvt2 exported to /home/kaval/Documentos/dev/CONCER/python/outputs/PAR_00011072.mvt2.mxl
2025-09-25 01:55:19,023 INFO [PAR_00011072]                Score.java:181  | Closing {Score 1}
2025-09-25 01:55:19,023 INFO [PAR_00011072]                Score.java:181  | Closing {Score 2}
