2025-09-25 00:21:42,656 INFO [PAR_00011070]                 Book.java:562  | 1 sheet in /home/kaval/Documentos/dev/CONCER/python/uploads/PAR_00011070.pdf
2025-09-25 00:21:43,556 INFO []                 Book.java:2531 | Stored /book.xml
2025-09-25 00:21:43,556 INFO []                 Book.java:2491 | Book stored as /home/kaval/Documentos/dev/CONCER/python/outputs/PAR_00011070.omr
2025-09-25 00:21:43,602 INFO []                 Book.java:1933 | Book reaching PAGE on sheets:[#1]
2025-09-25 00:21:43,625 INFO [PAR_00011070]       StepMonitoring.java:98   | LOAD
2025-09-25 00:21:44,907 INFO [PAR_00011070]            SheetStub.java:1268 | Loaded image #1 2550x3299 from /home/kaval/Documentos/dev/CONCER/python/uploads/PAR_00011070.pdf
2025-09-25 00:21:44,912 INFO [PAR_00011070]       StepMonitoring.java:98   | BINARY
2025-09-25 00:21:45,608 INFO [PAR_00011070]       StepMonitoring.java:98   | SCALE
2025-09-25 00:21:45,710 INFO [PAR_00011070]         ScaleBuilder.java:241  | Beam  guessed height:  8 -- 0.50 of 17 interline
2025-09-25 00:21:45,714 INFO [PAR_00011070]         ScaleBuilder.java:264  | Beam measured height: 13 -- 0.50 of [9..17] range at 238% of needed quorum
2025-09-25 00:21:45,715 INFO [PAR_00011070]            ScaleStep.java:65   | Scale{ interline(15,17,18) line(5,7,9) beam(13)}
2025-09-25 00:21:45,716 INFO [PAR_00011070]       StepMonitoring.java:98   | GRID
2025-09-25 00:21:47,339 INFO [PAR_00011070]       LinesRetriever.java:1500 | Global slope: 0.00000
2025-09-25 00:21:47,438 INFO [PAR_00011070]    ClustersRetriever.java:328  | Retrieved raw line clusters: 11 of sizes [5] with interline(15,17,18)
2025-09-25 00:21:48,181 INFO [PAR_00011070]            PeakGraph.java:310  | Systems: #1[1] #2[2] #3[3] #4[4] #5[5] #6[6] #7[7] #8[8] #9[9] #10[10] #11[11]
2025-09-25 00:21:49,424 INFO [PAR_00011070]        SystemManager.java:134  | Indentation detected for system #1
2025-09-25 00:21:49,425 INFO [PAR_00011070]        SystemManager.java:134  | Indentation detected for system #2
2025-09-25 00:21:49,425 INFO [PAR_00011070]        SystemManager.java:134  | Indentation detected for system #4
2025-09-25 00:21:49,425 INFO [PAR_00011070]        SystemManager.java:134  | Indentation detected for system #5
2025-09-25 00:21:49,425 INFO [PAR_00011070]        SystemManager.java:134  | Indentation detected for system #8
2025-09-25 00:21:49,426 INFO [PAR_00011070]        SystemManager.java:134  | Indentation detected for system #10
2025-09-25 00:21:49,426 INFO [PAR_00011070]        SystemManager.java:134  | Indentation detected for system #11
2025-09-25 00:21:49,426 INFO [PAR_00011070]        SystemManager.java:723  | 7 pages found in sheet
2025-09-25 00:21:49,426 INFO [PAR_00011070]        SystemManager.java:779  | Page #1: 1 part along 1 system
2025-09-25 00:21:49,426 INFO [PAR_00011070]        SystemManager.java:779  | Page #2: 1 part along 2 systems
2025-09-25 00:21:49,426 INFO [PAR_00011070]        SystemManager.java:779  | Page #3: 1 part along 1 system
2025-09-25 00:21:49,426 INFO [PAR_00011070]        SystemManager.java:779  | Page #4: 1 part along 3 systems
2025-09-25 00:21:49,427 INFO [PAR_00011070]        SystemManager.java:779  | Page #5: 1 part along 2 systems
2025-09-25 00:21:49,427 INFO [PAR_00011070]        SystemManager.java:779  | Page #6: 1 part along 1 system
2025-09-25 00:21:49,427 INFO [PAR_00011070]        SystemManager.java:779  | Page #7: 1 part along 1 system
2025-09-25 00:21:49,427 INFO [PAR_00011070]                 Book.java:545  | Created scores: [{Score 1}, {Score 2}, {Score 3}, {Score 4}, {Score 5}, {Score 6}, {Score 7}]
2025-09-25 00:21:49,429 INFO [PAR_00011070]       StepMonitoring.java:98   | HEADERS
2025-09-25 00:21:49,879 INFO [PAR_00011070]      BasicClassifier.java:277  | Classifier loaded XML norms.
2025-09-25 00:21:49,882 INFO [PAR_00011070]   AbstractClassifier.java:396  | Classifier data loaded from default uri file:///home/kaval/Documents/audiveris/app/res/basic-classifier.zip
2025-09-25 00:21:50,713 WARN [PAR_00011070]          ClefBuilder.java:658  | Staff#8 no recognized header clef.
2025-09-25 00:21:50,794 WARN [PAR_00011070]          ClefBuilder.java:658  | Staff#11 no recognized header clef.
2025-09-25 00:21:50,817 INFO [PAR_00011070]       StepMonitoring.java:98   | STEM_SEEDS
2025-09-25 00:21:50,947 INFO [PAR_00011070]        StemSeedsStep.java:86   | stem(8 max:9)
2025-09-25 00:21:51,146 INFO [PAR_00011070]       StepMonitoring.java:98   | BEAMS
2025-09-25 00:21:57,857 INFO [PAR_00011070]       StepMonitoring.java:98   | LEDGERS
2025-09-25 00:21:58,810 INFO [PAR_00011070]       StepMonitoring.java:98   | HEADS
2025-09-25 00:22:09,231 INFO [PAR_00011070]        HeadSeedTally.java:235  | Scale information: HeadSeeds{NOTEHEAD_VOID[L:-1.0,R:-2.8] NOTEHEAD_BLACK[L:-0.7,R:-0.2]}
2025-09-25 00:22:09,232 INFO [PAR_00011070]       StepMonitoring.java:98   | STEMS
2025-09-25 00:22:14,621 INFO [PAR_00011070]       StepMonitoring.java:98   | REDUCTION
2025-09-25 00:22:15,696 INFO [PAR_00011070]        ReductionStep.java:105  | Stems free length median value: 52 pixels, 3.1 interlines
2025-09-25 00:22:15,714 INFO [PAR_00011070]       StepMonitoring.java:98   | CUE_BEAMS
2025-09-25 00:22:15,714 INFO [PAR_00011070]         CueBeamsStep.java:81   | Step CUE_BEAMS is skipped because small heads switch is off
2025-09-25 00:22:15,715 INFO [PAR_00011070]       StepMonitoring.java:98   | TEXTS
2025-09-25 00:22:15,960 WARN [PAR_00011070]         TesseractOCR.java:335  | The collection of supported languages is empty
2025-09-25 00:22:15,960 INFO [PAR_00011070]              OcrUtil.java:106  | Missing support for 'eng' language(s)
2025-09-25 00:22:15,984 INFO [PAR_00011070]       StepMonitoring.java:98   | MEASURES
2025-09-25 00:22:16,039 INFO [PAR_00011070]                 Page.java:307  | 7 raw measures: [7 in system#1]
2025-09-25 00:22:16,040 INFO [PAR_00011070]                 Page.java:307  | 14 raw measures: [8 in system#2, 6 in system#3]
2025-09-25 00:22:16,040 INFO [PAR_00011070]                 Page.java:307  | 6 raw measures: [6 in system#4]
2025-09-25 00:22:16,040 INFO [PAR_00011070]                 Page.java:307  | 14 raw measures: [8 in system#5, 2 in system#6, 4 in system#7]
2025-09-25 00:22:16,040 INFO [PAR_00011070]                 Page.java:307  | 9 raw measures: [4 in system#8, 5 in system#9]
2025-09-25 00:22:16,041 INFO [PAR_00011070]                 Page.java:307  | 4 raw measures: [4 in system#10]
2025-09-25 00:22:16,041 INFO [PAR_00011070]                 Page.java:307  | 5 raw measures: [5 in system#11]
2025-09-25 00:22:16,041 INFO [PAR_00011070]       StepMonitoring.java:98   | CHORDS
2025-09-25 00:22:16,159 INFO [PAR_00011070]       StepMonitoring.java:98   | CURVES
2025-09-25 00:22:18,625 INFO [PAR_00011070]         SlursBuilder.java:240  | Slurs: 4
2025-09-25 00:22:18,892 INFO [PAR_00011070]      SegmentsBuilder.java:155  | Segments: 6
2025-09-25 00:22:18,900 INFO [PAR_00011070]       StepMonitoring.java:98   | SYMBOLS
2025-09-25 00:22:23,965 INFO [PAR_00011070]       StepMonitoring.java:98   | LINKS
2025-09-25 00:22:24,165 INFO [PAR_00011070]        SymbolsLinker.java:257  | No chord linked to OctaveShiftInter#33072{(0.132) staff:11 QUINDICESIMA BASSA}
2025-09-25 00:22:24,177 INFO [PAR_00011070]       StepMonitoring.java:98   | RHYTHMS
2025-09-25 00:22:24,401 INFO [PAR_00011070]       StepMonitoring.java:98   | PAGE
2025-09-25 00:22:24,405 INFO [PAR_00011070]       SheetReduction.java:154  | Gutter. Different glyphs 3/4 StemInter#20270{(0.642/0.876) STEM} vs DynamicsInter#31729{(0.652/0.652) DYNAMICS_FP}
2025-09-25 00:22:24,405 INFO [PAR_00011070]       SheetReduction.java:154  | Gutter. Different glyphs 3/4 HeadInter#9211{(0.730/0.854) staff:3 NOTEHEAD_BLACK p:11.0} vs DynamicsInter#31729{(0.652/0.652) DYNAMICS_FP}
2025-09-25 00:22:24,406 INFO [PAR_00011070]       SheetReduction.java:154  | Gutter. Different glyphs 3/4 LedgerInter#4711{(0.642/0.642) staff:3 LEDGER} vs DynamicsInter#31729{(0.652/0.652) DYNAMICS_FP}
2025-09-25 00:22:24,408 INFO [PAR_00011070]       SheetReduction.java:154  | Gutter. Different glyphs 5/6 StemInter#22197{(0.693/0.950) STEM} vs ArticulationInter#32162{(0.641/0.752) STACCATO}
2025-09-25 00:22:24,409 INFO [PAR_00011070]       SheetReduction.java:154  | Gutter. Different glyphs 5/6 HeadInter#11320{(0.798/0.971) staff:5 NOTEHEAD_BLACK p:11.0} vs RestInter#32269{ REMOVED(0.789/0.789) staff:6 QUARTER_REST p:-14.4}
2025-09-25 00:22:24,409 INFO [PAR_00011070]       SheetReduction.java:154  | Gutter. Different glyphs 5/6 RestInter#31849{(0.704/0.704) staff:5 EIGHTH_REST p:7.6} vs ArticulationInter#32384{(0.761/0.865) STACCATO}
2025-09-25 00:22:24,410 INFO [PAR_00011070]       SheetReduction.java:154  | Gutter. Different glyphs 5/6 AugmentationDotInter#32144{(0.799/0.958) staff:5 AUGMENTATION_DOT} vs ArticulationInter#32416{(0.799/0.862) STACCATO}
2025-09-25 00:22:24,411 INFO [PAR_00011070]       SheetReduction.java:154  | Gutter. Different glyphs 6/7 LedgerInter#5563{(0.695/0.695) staff:6 LEDGER} vs AugmentationDotInter#32677{(0.452/0.500) staff:7 AUGMENTATION_DOT}
2025-09-25 00:22:24,411 INFO [PAR_00011070]       SheetReduction.java:154  | Gutter. Different glyphs 6/7 HeadInter#12549{(0.775/0.969) staff:6 NOTEHEAD_BLACK p:11.0} vs RestInter#32586{(0.598/0.598) staff:7 QUARTER_REST p:-14.8}
2025-09-25 00:22:24,412 INFO [PAR_00011070]       SheetReduction.java:154  | Gutter. Different glyphs 6/7 HeadInter#12559{(0.784/0.969) staff:6 NOTEHEAD_BLACK p:11.0} vs RestInter#32605{ REMOVED(0.786/0.786) staff:7 QUARTER_REST p:-14.6}
2025-09-25 00:22:24,412 INFO [PAR_00011070]       SheetReduction.java:154  | Gutter. Different glyphs 6/7 LedgerInter#5591{(0.315/0.315) staff:6 LEDGER} vs ArticulationInter#32609{ REMOVED(0.797/0.888) STACCATO}
2025-09-25 00:22:24,412 INFO [PAR_00011070]       SheetReduction.java:154  | Gutter. Different glyphs 6/7 LedgerInter#5591{(0.315/0.315) staff:6 LEDGER} vs RestInter#32608{ REMOVED(0.609/0.609) staff:7 QUARTER_REST p:-13.9}
2025-09-25 00:22:24,412 INFO [PAR_00011070]       SheetReduction.java:154  | Gutter. Different glyphs 6/7 HeadInter#12607{(0.761/0.968) staff:6 NOTEHEAD_BLACK p:12.0} vs RestInter#32608{ REMOVED(0.609/0.609) staff:7 QUARTER_REST p:-13.9}
2025-09-25 00:22:24,413 INFO [PAR_00011070]       SheetReduction.java:154  | Gutter. Different glyphs 6/7 LedgerInter#5569{(0.713/0.713) staff:6 LEDGER} vs ArticulationInter#32609{ REMOVED(0.797/0.888) STACCATO}
2025-09-25 00:22:24,414 INFO [PAR_00011070]       SheetReduction.java:154  | Gutter. Different glyphs 7/8 SlurInter#28239{(0.605/0.932) SLUR_BELOW} vs ArticulationInter#32700{(0.785/0.849) STACCATO}
2025-09-25 00:22:24,415 INFO [PAR_00011070]       SheetReduction.java:154  | Gutter. Different glyphs 8/9 LedgerInter#5839{(0.505/0.505) staff:8 LEDGER} vs ArticulationInter#32833{(0.789/0.862) STACCATO}
2025-09-25 00:22:24,415 INFO [PAR_00011070]       SheetReduction.java:154  | Gutter. Different glyphs 9/10 LedgerInter#6115{(0.504/0.504) staff:9 LEDGER} vs ArticulationInter#32868{(0.614/0.764) STACCATO}
2025-09-25 00:22:24,417 INFO [PAR_00011070]       SheetReduction.java:154  | Gutter. Different glyphs 10/11 LedgerInter#6219{(0.752/0.752) staff:10 LEDGER} vs CaesuraInter#33001{ REMOVED(0.253/0.559) staff:11 CAESURA}
2025-09-25 00:22:24,452 WARN [PAR_00011070]         MeasureFixer.java:343  | System#1 No target duration for measures local IDs [1, 2, 3, 4, 5, 6, 7], please check time signatures
2025-09-25 00:22:24,453 WARN [PAR_00011070]         MeasureFixer.java:343  | System#2 No target duration for measures local IDs [1, 2, 3, 4, 5, 6, 7, 8], please check time signatures
2025-09-25 00:22:24,453 WARN [PAR_00011070]         MeasureFixer.java:343  | System#3 No target duration for measures local IDs [9, 10, 11, 12, 13, 14], please check time signatures
2025-09-25 00:22:24,453 WARN [PAR_00011070]         MeasureFixer.java:343  | System#4 No target duration for measures local IDs [1, 2, 3, 4, 5, 6], please check time signatures
2025-09-25 00:22:24,454 WARN [PAR_00011070]         MeasureFixer.java:343  | System#5 No target duration for measures local IDs [1, 2, 3, 4, 5, 6, 7, 8], please check time signatures
2025-09-25 00:22:24,454 WARN [PAR_00011070]         MeasureFixer.java:343  | System#6 No target duration for measures local IDs [9, 10], please check time signatures
2025-09-25 00:22:24,454 WARN [PAR_00011070]         MeasureFixer.java:343  | System#7 No target duration for measures local IDs [11, 12, 13, 14], please check time signatures
2025-09-25 00:22:24,455 WARN [PAR_00011070]         MeasureFixer.java:343  | System#8 No target duration for measures local IDs [1, 2, 3, 4], please check time signatures
2025-09-25 00:22:24,455 WARN [PAR_00011070]         MeasureFixer.java:343  | System#9 No target duration for measures local IDs [5, 6, 7, 8, 9], please check time signatures
2025-09-25 00:22:24,455 WARN [PAR_00011070]         MeasureFixer.java:343  | System#10 No target duration for measures local IDs [1, 2, 3, 4], please check time signatures
2025-09-25 00:22:24,456 WARN [PAR_00011070]         MeasureFixer.java:343  | System#11 No target duration for measures local IDs [1, 2, 3, 4, 5], please check time signatures
2025-09-25 00:22:24,456 INFO [PAR_00011070]                 Book.java:2550 | Book{PAR_00011070} storing
2025-09-25 00:22:24,630 INFO [PAR_00011070]                 Book.java:2531 | Stored /book.xml
2025-09-25 00:22:25,022 INFO [PAR_00011070]           DataHolder.java:348  | Stored /sheet#1/BINARY.png
2025-09-25 00:22:27,142 INFO [PAR_00011070]                Sheet.java:1562 | Stored /sheet#1/sheet#1.xml
2025-09-25 00:22:27,142 INFO [PAR_00011070]                 Book.java:2491 | Book stored as /home/kaval/Documentos/dev/CONCER/python/outputs/PAR_00011070.omr
2025-09-25 00:22:27,145 INFO [PAR_00011070]            SheetStub.java:1644 | Disposed sheet
2025-09-25 00:22:27,214 INFO [PAR_00011070]                 Book.java:2018 | End of Stub#1 memory: 40,436,008
2025-09-25 00:22:27,214 INFO [PAR_00011070]                 Book.java:2025 | Book processed.
2025-09-25 00:22:28,539 INFO [PAR_00011070]            SheetStub.java:995  | Loaded /sheet#1/sheet#1.xml
2025-09-25 00:22:29,336 INFO [PAR_00011070]      PartwiseBuilder.java:2661 | Exporting sheet(s): [#1]
2025-09-25 00:22:29,557 INFO [PAR_00011070]        ScoreExporter.java:164  | Score PAR_00011070.mvt1 exported to /home/kaval/Documentos/dev/CONCER/python/outputs/PAR_00011070.mvt1.mxl
2025-09-25 00:22:29,675 INFO [PAR_00011070]      PartwiseBuilder.java:2661 | Exporting sheet(s): [#1]
2025-09-25 00:22:29,748 INFO [PAR_00011070]        ScoreExporter.java:164  | Score PAR_00011070.mvt2 exported to /home/kaval/Documentos/dev/CONCER/python/outputs/PAR_00011070.mvt2.mxl
2025-09-25 00:22:29,826 INFO [PAR_00011070]      PartwiseBuilder.java:2661 | Exporting sheet(s): [#1]
2025-09-25 00:22:29,845 INFO [PAR_00011070]        ScoreExporter.java:164  | Score PAR_00011070.mvt3 exported to /home/kaval/Documentos/dev/CONCER/python/outputs/PAR_00011070.mvt3.mxl
2025-09-25 00:22:29,846 INFO [PAR_00011070]      PartwiseBuilder.java:2661 | Exporting sheet(s): [#1]
2025-09-25 00:22:29,881 INFO [PAR_00011070]        ScoreExporter.java:164  | Score PAR_00011070.mvt4 exported to /home/kaval/Documentos/dev/CONCER/python/outputs/PAR_00011070.mvt4.mxl
2025-09-25 00:22:29,882 INFO [PAR_00011070]      PartwiseBuilder.java:2661 | Exporting sheet(s): [#1]
2025-09-25 00:22:29,898 INFO [PAR_00011070]        ScoreExporter.java:164  | Score PAR_00011070.mvt5 exported to /home/kaval/Documentos/dev/CONCER/python/outputs/PAR_00011070.mvt5.mxl
2025-09-25 00:22:29,899 INFO [PAR_00011070]      PartwiseBuilder.java:2661 | Exporting sheet(s): [#1]
2025-09-25 00:22:29,906 INFO [PAR_00011070]        ScoreExporter.java:164  | Score PAR_00011070.mvt6 exported to /home/kaval/Documentos/dev/CONCER/python/outputs/PAR_00011070.mvt6.mxl
2025-09-25 00:22:29,906 INFO [PAR_00011070]      PartwiseBuilder.java:2661 | Exporting sheet(s): [#1]
2025-09-25 00:22:29,915 INFO [PAR_00011070]        ScoreExporter.java:164  | Score PAR_00011070.mvt7 exported to /home/kaval/Documentos/dev/CONCER/python/outputs/PAR_00011070.mvt7.mxl
2025-09-25 00:22:29,978 INFO [PAR_00011070]                Score.java:181  | Closing {Score 1}
2025-09-25 00:22:29,979 INFO [PAR_00011070]                Score.java:181  | Closing {Score 2}
2025-09-25 00:22:29,979 INFO [PAR_00011070]                Score.java:181  | Closing {Score 3}
2025-09-25 00:22:29,980 INFO [PAR_00011070]                Score.java:181  | Closing {Score 4}
2025-09-25 00:22:29,980 INFO [PAR_00011070]                Score.java:181  | Closing {Score 5}
2025-09-25 00:22:29,980 INFO [PAR_00011070]                Score.java:181  | Closing {Score 6}
2025-09-25 00:22:29,980 INFO [PAR_00011070]                Score.java:181  | Closing {Score 7}
