2025-09-25 00:50:02,169 INFO [PAR_00011071]                 Book.java:562  | 1 sheet in /home/kaval/Documentos/dev/CONCER/python/uploads/PAR_00011071.pdf
2025-09-25 00:50:02,449 INFO []                 Book.java:2531 | Stored /book.xml
2025-09-25 00:50:02,450 INFO []                 Book.java:2491 | Book stored as /home/kaval/Documentos/dev/CONCER/python/outputs/PAR_00011071.omr
2025-09-25 00:50:02,474 INFO []                 Book.java:1933 | Book reaching PAGE on sheets:[#1]
2025-09-25 00:50:02,476 INFO [PAR_00011071]       StepMonitoring.java:98   | LOAD
2025-09-25 00:50:02,789 INFO [PAR_00011071]            SheetStub.java:1268 | Loaded image #1 2479x3508 from /home/kaval/Documentos/dev/CONCER/python/uploads/PAR_00011071.pdf
2025-09-25 00:50:02,793 INFO [PAR_00011071]       StepMonitoring.java:98   | BINARY
2025-09-25 00:50:03,266 INFO [PAR_00011071]       StepMonitoring.java:98   | SCALE
2025-09-25 00:50:03,291 INFO [PAR_00011071]         ScaleBuilder.java:241  | Beam  guessed height: 10 -- 0.50 of 21 interline
2025-09-25 00:50:03,292 INFO [PAR_00011071]         ScaleBuilder.java:264  | Beam measured height: 11 -- 0.33 of [6..21] range at 422% of needed quorum
2025-09-25 00:50:03,292 INFO [PAR_00011071]            ScaleStep.java:65   | Scale{ interline(21,21,22) line(2,2,3) beam(11)}
2025-09-25 00:50:03,293 INFO [PAR_00011071]       StepMonitoring.java:98   | GRID
2025-09-25 00:50:03,674 INFO [PAR_00011071]       LinesRetriever.java:1500 | Global slope: 0.00000
2025-09-25 00:50:03,709 INFO [PAR_00011071]    ClustersRetriever.java:328  | Retrieved raw line clusters: 6 of sizes [5] with interline(21,21,22)
2025-09-25 00:50:03,836 INFO [PAR_00011071]            PeakGraph.java:310  | Systems: #1[1] #2[2] #3[3] #4[4] #5[5] #6[6]
2025-09-25 00:50:04,125 INFO [PAR_00011071]        SystemManager.java:779  | 1 part along 6 systems
2025-09-25 00:50:04,126 INFO [PAR_00011071]                 Book.java:545  | Created scores: [{Score 1}]
2025-09-25 00:50:04,127 INFO [PAR_00011071]       StepMonitoring.java:98   | HEADERS
2025-09-25 00:50:04,547 INFO [PAR_00011071]      BasicClassifier.java:277  | Classifier loaded XML norms.
2025-09-25 00:50:04,553 INFO [PAR_00011071]   AbstractClassifier.java:396  | Classifier data loaded from default uri file:///home/kaval/Documents/audiveris/app/res/basic-classifier.zip
2025-09-25 00:50:05,095 INFO [PAR_00011071]       StepMonitoring.java:98   | STEM_SEEDS
2025-09-25 00:50:05,151 INFO [PAR_00011071]        StemSeedsStep.java:86   | stem(3 max:4)
2025-09-25 00:50:05,216 INFO [PAR_00011071]       StepMonitoring.java:98   | BEAMS
2025-09-25 00:50:09,463 INFO [PAR_00011071]       StepMonitoring.java:98   | LEDGERS
2025-09-25 00:50:09,703 INFO [PAR_00011071]       StepMonitoring.java:98   | HEADS
2025-09-25 00:50:14,215 INFO [PAR_00011071]        HeadSeedTally.java:235  | Scale information: HeadSeeds{NOTEHEAD_VOID[L:0.5,R:0.3] NOTEHEAD_BLACK[L:0.2,R:0.1]}
2025-09-25 00:50:14,216 INFO [PAR_00011071]       StepMonitoring.java:98   | STEMS
2025-09-25 00:50:14,875 INFO [PAR_00011071]       StepMonitoring.java:98   | REDUCTION
2025-09-25 00:50:14,959 INFO [PAR_00011071]        ReductionStep.java:105  | Stems free length median value: 62 pixels, 3.0 interlines
2025-09-25 00:50:14,964 INFO [PAR_00011071]       StepMonitoring.java:98   | CUE_BEAMS
2025-09-25 00:50:14,964 INFO [PAR_00011071]         CueBeamsStep.java:81   | Step CUE_BEAMS is skipped because small heads switch is off
2025-09-25 00:50:14,965 INFO [PAR_00011071]       StepMonitoring.java:98   | TEXTS
2025-09-25 00:50:15,089 WARN [PAR_00011071]         TesseractOCR.java:335  | The collection of supported languages is empty
2025-09-25 00:50:15,090 INFO [PAR_00011071]              OcrUtil.java:106  | Missing support for 'eng' language(s)
2025-09-25 00:50:15,098 INFO [PAR_00011071]       StepMonitoring.java:98   | MEASURES
2025-09-25 00:50:15,106 INFO [PAR_00011071]                 Page.java:307  | 32 raw measures: [10 in system#1, 7 in system#2, 4 in system#3, 4 in system#4, 4 in system#5, 3 in system#6]
2025-09-25 00:50:15,106 INFO [PAR_00011071]       StepMonitoring.java:98   | CHORDS
2025-09-25 00:50:15,124 INFO [PAR_00011071]       StepMonitoring.java:98   | CURVES
2025-09-25 00:50:16,068 INFO [PAR_00011071]         SlursBuilder.java:240  | Slurs: 0
2025-09-25 00:50:16,106 INFO [PAR_00011071]      SegmentsBuilder.java:155  | Segments: 13
2025-09-25 00:50:16,111 INFO [PAR_00011071]       StepMonitoring.java:98   | SYMBOLS
2025-09-25 00:50:16,952 INFO [PAR_00011071]       StepMonitoring.java:98   | LINKS
2025-09-25 00:50:16,957 INFO [PAR_00011071]        SymbolsLinker.java:257  | No chord linked to OctaveShiftInter#3472{(0.132) staff:1 OTTAVA ALTA}
2025-09-25 00:50:17,004 INFO [PAR_00011071]       StepMonitoring.java:98   | RHYTHMS
2025-09-25 00:50:17,071 INFO [PAR_00011071]        MeasureRhythm.java:1045 | Measure{#32} No timeOffset for HeadChordInter#3080{(0.779/0.779) staff:6 slot#5 dur:1/4}
2025-09-25 00:50:17,072 INFO [PAR_00011071]        MeasureRhythm.java:1045 | Measure{#32} No timeOffset for HeadChordInter#3078{(0.945/0.945) staff:6 slot#5 dur:1/4}
2025-09-25 00:50:17,073 INFO [PAR_00011071]                Voice.java:257  | Measure{#32} Voice{#2 excess:1/8} too long
2025-09-25 00:50:17,073 INFO [PAR_00011071]          StackRhythm.java:224  | S6 MeasureStack#32 no correct rhythm
2025-09-25 00:50:17,074 INFO [PAR_00011071]       StepMonitoring.java:98   | PAGE
2025-09-25 00:50:17,079 INFO [PAR_00011071]                Voice.java:257  | Measure{#32} Voice{#2 excess:1/8} too long
2025-09-25 00:50:17,080 INFO [PAR_00011071]                 Book.java:2550 | Book{PAR_00011071} storing
2025-09-25 00:50:17,122 INFO [PAR_00011071]                 Book.java:2531 | Stored /book.xml
2025-09-25 00:50:17,279 INFO [PAR_00011071]           DataHolder.java:348  | Stored /sheet#1/BINARY.png
2025-09-25 00:50:17,876 INFO [PAR_00011071]                Sheet.java:1562 | Stored /sheet#1/sheet#1.xml
2025-09-25 00:50:17,877 INFO [PAR_00011071]                 Book.java:2491 | Book stored as /home/kaval/Documentos/dev/CONCER/python/outputs/PAR_00011071.omr
2025-09-25 00:50:17,879 INFO [PAR_00011071]            SheetStub.java:1644 | Disposed sheet
2025-09-25 00:50:17,933 INFO [PAR_00011071]                 Book.java:2018 | End of Stub#1 memory: 39,171,240
2025-09-25 00:50:17,933 INFO [PAR_00011071]                 Book.java:2025 | Book processed.
2025-09-25 00:50:18,451 INFO [PAR_00011071]            SheetStub.java:995  | Loaded /sheet#1/sheet#1.xml
2025-09-25 00:50:18,834 INFO [PAR_00011071]      PartwiseBuilder.java:2661 | Exporting sheet(s): [#1]
2025-09-25 00:50:18,931 INFO [PAR_00011071]        ScoreExporter.java:164  | Score PAR_00011071 exported to /home/kaval/Documentos/dev/CONCER/python/outputs/PAR_00011071.mxl
2025-09-25 00:50:18,967 INFO [PAR_00011071]                Score.java:181  | Closing {Score 1}
