2025-07-30 20:45:02,262 INFO [Romance-Anonimo]                 Book.java:562  | 1 sheet in /home/kaval/Documentos/dev/CONCER/python/uploads/Romance-Anonimo.pdf
2025-07-30 20:45:02,483 INFO []                 Book.java:2531 | Stored /book.xml
2025-07-30 20:45:02,483 INFO []                 Book.java:2491 | Book stored as /home/kaval/Documentos/dev/CONCER/python/outputs/Romance-Anonimo.omr
2025-07-30 20:45:02,511 INFO []                 Book.java:1933 | Book reaching PAGE on sheets:[#1]
2025-07-30 20:45:02,514 INFO [Romance-Anonimo]       StepMonitoring.java:98   | LOAD
2025-07-30 20:45:03,016 INFO [Romance-Anonimo]            SheetStub.java:1268 | Loaded image #1 2479x3508 from /home/kaval/Documentos/dev/CONCER/python/uploads/Romance-Anonimo.pdf
2025-07-30 20:45:03,019 INFO [Romance-Anonimo]       StepMonitoring.java:98   | BINARY
2025-07-30 20:45:03,590 INFO [Romance-Anonimo]       StepMonitoring.java:98   | SCALE
2025-07-30 20:45:03,624 INFO [Romance-Anonimo]         ScaleBuilder.java:241  | Beam  guessed height: 10 -- 0.50 of 19 interline
2025-07-30 20:45:03,626 INFO [Romance-Anonimo]         ScaleBuilder.java:264  | Beam measured height: 12 -- 0.50 of [5..19] range at 365% of needed quorum
2025-07-30 20:45:03,627 INFO [Romance-Anonimo]            ScaleStep.java:65   | Scale{ interline(17,19,20) line(2,2,2) beam(12)}
2025-07-30 20:45:03,630 INFO [Romance-Anonimo]       StepMonitoring.java:98   | GRID
2025-07-30 20:45:04,276 INFO [Romance-Anonimo]       LinesRetriever.java:1500 | Global slope: 0.00000
2025-07-30 20:45:04,317 INFO [Romance-Anonimo]    ClustersRetriever.java:328  | Retrieved raw line clusters: 8 of sizes [5] with interline(17,19,20)
2025-07-30 20:45:04,518 INFO [Romance-Anonimo]            PeakGraph.java:310  | Systems: #1[1] #2[2] #3[3] #4[4] #5[5] #6[6] #7[7] #8[8]
2025-07-30 20:45:04,858 INFO [Romance-Anonimo]        SystemManager.java:134  | Indentation detected for system #1
2025-07-30 20:45:04,859 INFO [Romance-Anonimo]        SystemManager.java:779  | 1 part along 8 systems
2025-07-30 20:45:04,860 INFO [Romance-Anonimo]                 Book.java:545  | Created scores: [{Score 1}]
2025-07-30 20:45:04,860 INFO [Romance-Anonimo]       StepMonitoring.java:98   | HEADERS
2025-07-30 20:45:05,135 INFO []      BasicClassifier.java:277  | Classifier loaded XML norms.
2025-07-30 20:45:05,137 INFO []   AbstractClassifier.java:396  | Classifier data loaded from default uri file:///home/kaval/Documents/audiveris/app/res/basic-classifier.zip
2025-07-30 20:45:06,001 INFO [Romance-Anonimo]       StepMonitoring.java:98   | STEM_SEEDS
2025-07-30 20:45:06,077 INFO [Romance-Anonimo]        StemSeedsStep.java:86   | stem(2 max:2)
2025-07-30 20:45:06,169 INFO [Romance-Anonimo]       StepMonitoring.java:98   | BEAMS
2025-07-30 20:45:11,322 INFO [Romance-Anonimo]       StepMonitoring.java:98   | LEDGERS
2025-07-30 20:45:11,642 INFO [Romance-Anonimo]       StepMonitoring.java:98   | HEADS
2025-07-30 20:45:17,066 INFO [Romance-Anonimo]        HeadSeedTally.java:235  | Scale information: HeadSeeds{NOTEHEAD_VOID[L:-0.0] NOTEHEAD_BLACK[L:-0.3,R:-1.1]}
2025-07-30 20:45:17,066 INFO [Romance-Anonimo]       StepMonitoring.java:98   | STEMS
2025-07-30 20:45:17,588 INFO [Romance-Anonimo]           BeamLinker.java:1729 | Not linking shorter BeamHookInter#1602{(0.430/0.685) BEAM_HOOK}
2025-07-30 20:45:17,907 INFO [Romance-Anonimo]           BeamLinker.java:1729 | Not linking shorter BeamHookInter#1758{(0.433/0.685) BEAM_HOOK}
2025-07-30 20:45:17,929 INFO [Romance-Anonimo]       StepMonitoring.java:98   | REDUCTION
2025-07-30 20:45:18,117 INFO [Romance-Anonimo]        ReductionStep.java:105  | Stems free length median value: 48 pixels, 2.5 interlines
2025-07-30 20:45:18,125 INFO [Romance-Anonimo]       StepMonitoring.java:98   | CUE_BEAMS
2025-07-30 20:45:18,126 INFO [Romance-Anonimo]         CueBeamsStep.java:81   | Step CUE_BEAMS is skipped because small heads switch is off
2025-07-30 20:45:18,126 INFO [Romance-Anonimo]       StepMonitoring.java:98   | TEXTS
2025-07-30 20:45:18,294 WARN [Romance-Anonimo]         TesseractOCR.java:335  | The collection of supported languages is empty
2025-07-30 20:45:18,294 INFO [Romance-Anonimo]              OcrUtil.java:106  | Missing support for 'eng' language(s)
2025-07-30 20:45:18,305 INFO [Romance-Anonimo]       StepMonitoring.java:98   | MEASURES
2025-07-30 20:45:18,320 INFO [Romance-Anonimo]                 Page.java:307  | 33 raw measures: [4 in system#1, 4 in system#2, 4 in system#3, 5 in system#4, 4 in system#5, 4 in system#6, 4 in system#7, 4 in system#8]
2025-07-30 20:45:18,320 INFO [Romance-Anonimo]       StepMonitoring.java:98   | CHORDS
2025-07-30 20:45:18,371 INFO [Romance-Anonimo]       StepMonitoring.java:98   | CURVES
2025-07-30 20:45:19,373 INFO [Romance-Anonimo]         SlursBuilder.java:240  | Slurs: 3
2025-07-30 20:45:19,405 INFO [Romance-Anonimo]      SegmentsBuilder.java:155  | Segments: 35
2025-07-30 20:45:19,426 INFO [Romance-Anonimo]       StepMonitoring.java:98   | SYMBOLS
2025-07-30 20:45:20,087 INFO [Romance-Anonimo]       StepMonitoring.java:98   | LINKS
2025-07-30 20:45:20,192 INFO [Romance-Anonimo]       StepMonitoring.java:98   | RHYTHMS
2025-07-30 20:45:20,210 INFO [Romance-Anonimo]                Voice.java:257  | Measure{#1} Voice{#1 excess:1/4} too long
2025-07-30 20:45:20,212 INFO [Romance-Anonimo]          StackRhythm.java:224  | S1 MeasureStack#1 no correct rhythm
2025-07-30 20:45:20,219 INFO [Romance-Anonimo]                Voice.java:257  | Measure{#2} Voice{#5 excess:1/8} too long
2025-07-30 20:45:20,220 INFO [Romance-Anonimo]          StackRhythm.java:224  | S1 MeasureStack#2 no correct rhythm
2025-07-30 20:45:20,224 INFO [Romance-Anonimo]                Voice.java:257  | Measure{#3} Voice{#5 excess:1/8} too long
2025-07-30 20:45:20,225 INFO [Romance-Anonimo]          StackRhythm.java:224  | S1 MeasureStack#3 no correct rhythm
2025-07-30 20:45:20,228 INFO [Romance-Anonimo]                Voice.java:257  | Measure{#4} Voice{#5 excess:1/8} too long
2025-07-30 20:45:20,229 INFO [Romance-Anonimo]          StackRhythm.java:224  | S1 MeasureStack#4 no correct rhythm
2025-07-30 20:45:20,233 INFO [Romance-Anonimo]                Voice.java:257  | Measure{#5} Voice{#1 excess:1/4} too long
2025-07-30 20:45:20,234 INFO [Romance-Anonimo]                Voice.java:257  | Measure{#5} Voice{#4 excess:1/8} too long
2025-07-30 20:45:20,234 INFO [Romance-Anonimo]          StackRhythm.java:224  | S2 MeasureStack#5 no correct rhythm
2025-07-30 20:45:20,238 INFO [Romance-Anonimo]                Voice.java:257  | Measure{#6} Voice{#5 excess:1/8} too long
2025-07-30 20:45:20,239 INFO [Romance-Anonimo]          StackRhythm.java:224  | S2 MeasureStack#6 no correct rhythm
2025-07-30 20:45:20,242 INFO [Romance-Anonimo]                Voice.java:257  | Measure{#7} Voice{#4 excess:1/4} too long
2025-07-30 20:45:20,243 INFO [Romance-Anonimo]          StackRhythm.java:224  | S2 MeasureStack#7 no correct rhythm
2025-07-30 20:45:20,247 INFO [Romance-Anonimo]                Voice.java:257  | Measure{#8} Voice{#5 excess:1/8} too long
2025-07-30 20:45:20,247 INFO [Romance-Anonimo]          StackRhythm.java:224  | S2 MeasureStack#8 no correct rhythm
2025-07-30 20:45:20,250 INFO [Romance-Anonimo]                Voice.java:257  | Measure{#9} Voice{#5 excess:1/8} too long
2025-07-30 20:45:20,251 INFO [Romance-Anonimo]          StackRhythm.java:224  | S3 MeasureStack#9 no correct rhythm
2025-07-30 20:45:20,254 INFO [Romance-Anonimo]                Voice.java:257  | Measure{#10} Voice{#5 excess:1/8} too long
2025-07-30 20:45:20,255 INFO [Romance-Anonimo]          StackRhythm.java:224  | S3 MeasureStack#10 no correct rhythm
2025-07-30 20:45:20,259 INFO [Romance-Anonimo]                Voice.java:257  | Measure{#11} Voice{#5 excess:1/8} too long
2025-07-30 20:45:20,260 INFO [Romance-Anonimo]          StackRhythm.java:224  | S3 MeasureStack#11 no correct rhythm
2025-07-30 20:45:20,263 INFO [Romance-Anonimo]                Voice.java:257  | Measure{#12} Voice{#5 excess:1/8} too long
2025-07-30 20:45:20,263 INFO [Romance-Anonimo]          StackRhythm.java:224  | S3 MeasureStack#12 no correct rhythm
2025-07-30 20:45:20,266 INFO [Romance-Anonimo]                Voice.java:257  | Measure{#13} Voice{#5 excess:1/8} too long
2025-07-30 20:45:20,267 INFO [Romance-Anonimo]          StackRhythm.java:224  | S4 MeasureStack#13 no correct rhythm
2025-07-30 20:45:20,270 INFO [Romance-Anonimo]                Voice.java:257  | Measure{#14} Voice{#5 excess:1/8} too long
2025-07-30 20:45:20,270 INFO [Romance-Anonimo]          StackRhythm.java:224  | S4 MeasureStack#14 no correct rhythm
2025-07-30 20:45:20,273 INFO [Romance-Anonimo]                Voice.java:257  | Measure{#15} Voice{#4 excess:1/8} too long
2025-07-30 20:45:20,274 INFO [Romance-Anonimo]          StackRhythm.java:224  | S4 MeasureStack#15 no correct rhythm
2025-07-30 20:45:20,279 INFO [Romance-Anonimo]                Voice.java:257  | Measure{#18} Voice{#5 excess:1/8} too long
2025-07-30 20:45:20,280 INFO [Romance-Anonimo]          StackRhythm.java:224  | S5 MeasureStack#18 no correct rhythm
2025-07-30 20:45:20,282 INFO [Romance-Anonimo]                Voice.java:257  | Measure{#19} Voice{#5 excess:1/8} too long
2025-07-30 20:45:20,283 INFO [Romance-Anonimo]          StackRhythm.java:224  | S5 MeasureStack#19 no correct rhythm
2025-07-30 20:45:20,286 INFO [Romance-Anonimo]                Voice.java:257  | Measure{#20} Voice{#5 excess:1/8} too long
2025-07-30 20:45:20,286 INFO [Romance-Anonimo]          StackRhythm.java:224  | S5 MeasureStack#20 no correct rhythm
2025-07-30 20:45:20,288 INFO [Romance-Anonimo]                Voice.java:257  | Measure{#21} Voice{#5 excess:1/8} too long
2025-07-30 20:45:20,289 INFO [Romance-Anonimo]          StackRhythm.java:224  | S5 MeasureStack#21 no correct rhythm
2025-07-30 20:45:20,292 INFO [Romance-Anonimo]                Voice.java:257  | Measure{#22} Voice{#5 excess:1/8} too long
2025-07-30 20:45:20,292 INFO [Romance-Anonimo]          StackRhythm.java:224  | S6 MeasureStack#22 no correct rhythm
2025-07-30 20:45:20,295 INFO [Romance-Anonimo]                Voice.java:257  | Measure{#23} Voice{#5 excess:1/8} too long
2025-07-30 20:45:20,295 INFO [Romance-Anonimo]          StackRhythm.java:224  | S6 MeasureStack#23 no correct rhythm
2025-07-30 20:45:20,299 INFO [Romance-Anonimo]                Voice.java:257  | Measure{#24} Voice{#5 excess:1/8} too long
2025-07-30 20:45:20,299 INFO [Romance-Anonimo]          StackRhythm.java:224  | S6 MeasureStack#24 no correct rhythm
2025-07-30 20:45:20,303 INFO [Romance-Anonimo]                Voice.java:257  | Measure{#25} Voice{#5 excess:1/8} too long
2025-07-30 20:45:20,304 INFO [Romance-Anonimo]          StackRhythm.java:224  | S6 MeasureStack#25 no correct rhythm
2025-07-30 20:45:20,307 INFO [Romance-Anonimo]                Voice.java:257  | Measure{#26} Voice{#5 excess:1/8} too long
2025-07-30 20:45:20,308 INFO [Romance-Anonimo]          StackRhythm.java:224  | S7 MeasureStack#26 no correct rhythm
2025-07-30 20:45:20,312 INFO [Romance-Anonimo]                Voice.java:257  | Measure{#27} Voice{#5 excess:1/8} too long
2025-07-30 20:45:20,313 INFO [Romance-Anonimo]          StackRhythm.java:224  | S7 MeasureStack#27 no correct rhythm
2025-07-30 20:45:20,316 INFO [Romance-Anonimo]                Voice.java:257  | Measure{#28} Voice{#5 excess:1/8} too long
2025-07-30 20:45:20,317 INFO [Romance-Anonimo]          StackRhythm.java:224  | S7 MeasureStack#28 no correct rhythm
2025-07-30 20:45:20,319 INFO [Romance-Anonimo]                Voice.java:257  | Measure{#29} Voice{#5 excess:1/8} too long
2025-07-30 20:45:20,320 INFO [Romance-Anonimo]          StackRhythm.java:224  | S7 MeasureStack#29 no correct rhythm
2025-07-30 20:45:20,323 INFO [Romance-Anonimo]                Voice.java:257  | Measure{#30} Voice{#5 excess:1/8} too long
2025-07-30 20:45:20,324 INFO [Romance-Anonimo]          StackRhythm.java:224  | S8 MeasureStack#30 no correct rhythm
2025-07-30 20:45:20,327 INFO [Romance-Anonimo]                Voice.java:257  | Measure{#31} Voice{#5 excess:1/8} too long
2025-07-30 20:45:20,328 INFO [Romance-Anonimo]          StackRhythm.java:224  | S8 MeasureStack#31 no correct rhythm
2025-07-30 20:45:20,331 INFO [Romance-Anonimo]                Voice.java:257  | Measure{#32} Voice{#4 excess:1/8} too long
2025-07-30 20:45:20,332 INFO [Romance-Anonimo]          StackRhythm.java:224  | S8 MeasureStack#32 no correct rhythm
2025-07-30 20:45:20,333 INFO [Romance-Anonimo]       StepMonitoring.java:98   | PAGE
2025-07-30 20:45:20,340 INFO [Romance-Anonimo]                Voice.java:257  | Measure{#1} Voice{#1 excess:1/4} too long
2025-07-30 20:45:20,341 INFO [Romance-Anonimo]                Voice.java:257  | Measure{#2} Voice{#5 excess:1/8} too long
2025-07-30 20:45:20,341 INFO [Romance-Anonimo]                Voice.java:257  | Measure{#3} Voice{#5 excess:1/8} too long
2025-07-30 20:45:20,341 INFO [Romance-Anonimo]                Voice.java:257  | Measure{#4} Voice{#5 excess:1/8} too long
2025-07-30 20:45:20,342 INFO [Romance-Anonimo]                Voice.java:257  | Measure{#5} Voice{#1 excess:1/4} too long
2025-07-30 20:45:20,342 INFO [Romance-Anonimo]                Voice.java:257  | Measure{#5} Voice{#4 excess:1/8} too long
2025-07-30 20:45:20,342 INFO [Romance-Anonimo]                Voice.java:257  | Measure{#6} Voice{#5 excess:1/8} too long
2025-07-30 20:45:20,342 INFO [Romance-Anonimo]                Voice.java:257  | Measure{#7} Voice{#4 excess:1/4} too long
2025-07-30 20:45:20,342 INFO [Romance-Anonimo]                Voice.java:257  | Measure{#8} Voice{#5 excess:1/8} too long
2025-07-30 20:45:20,343 INFO [Romance-Anonimo]                Voice.java:257  | Measure{#9} Voice{#5 excess:1/8} too long
2025-07-30 20:45:20,343 INFO [Romance-Anonimo]                Voice.java:257  | Measure{#10} Voice{#5 excess:1/8} too long
2025-07-30 20:45:20,344 INFO [Romance-Anonimo]                Voice.java:257  | Measure{#11} Voice{#5 excess:1/8} too long
2025-07-30 20:45:20,344 INFO [Romance-Anonimo]                Voice.java:257  | Measure{#12} Voice{#5 excess:1/8} too long
2025-07-30 20:45:20,345 INFO [Romance-Anonimo]                Voice.java:257  | Measure{#13} Voice{#5 excess:1/8} too long
2025-07-30 20:45:20,345 INFO [Romance-Anonimo]                Voice.java:257  | Measure{#14} Voice{#5 excess:1/8} too long
2025-07-30 20:45:20,346 INFO [Romance-Anonimo]                Voice.java:257  | Measure{#15} Voice{#4 excess:1/8} too long
2025-07-30 20:45:20,346 INFO [Romance-Anonimo]                Voice.java:257  | Measure{#18} Voice{#5 excess:1/8} too long
2025-07-30 20:45:20,347 INFO [Romance-Anonimo]                Voice.java:257  | Measure{#19} Voice{#5 excess:1/8} too long
2025-07-30 20:45:20,347 INFO [Romance-Anonimo]                Voice.java:257  | Measure{#20} Voice{#5 excess:1/8} too long
2025-07-30 20:45:20,347 INFO [Romance-Anonimo]                Voice.java:257  | Measure{#21} Voice{#5 excess:1/8} too long
2025-07-30 20:45:20,348 INFO [Romance-Anonimo]                Voice.java:257  | Measure{#22} Voice{#5 excess:1/8} too long
2025-07-30 20:45:20,348 INFO [Romance-Anonimo]                Voice.java:257  | Measure{#23} Voice{#5 excess:1/8} too long
2025-07-30 20:45:20,348 INFO [Romance-Anonimo]                Voice.java:257  | Measure{#24} Voice{#5 excess:1/8} too long
2025-07-30 20:45:20,348 INFO [Romance-Anonimo]                Voice.java:257  | Measure{#25} Voice{#5 excess:1/8} too long
2025-07-30 20:45:20,349 INFO [Romance-Anonimo]                Voice.java:257  | Measure{#26} Voice{#5 excess:1/8} too long
2025-07-30 20:45:20,349 INFO [Romance-Anonimo]                Voice.java:257  | Measure{#27} Voice{#5 excess:1/8} too long
2025-07-30 20:45:20,349 INFO [Romance-Anonimo]                Voice.java:257  | Measure{#28} Voice{#5 excess:1/8} too long
2025-07-30 20:45:20,349 INFO [Romance-Anonimo]                Voice.java:257  | Measure{#29} Voice{#5 excess:1/8} too long
2025-07-30 20:45:20,349 INFO [Romance-Anonimo]                Voice.java:257  | Measure{#30} Voice{#5 excess:1/8} too long
2025-07-30 20:45:20,350 INFO [Romance-Anonimo]                Voice.java:257  | Measure{#31} Voice{#5 excess:1/8} too long
2025-07-30 20:45:20,350 INFO [Romance-Anonimo]                Voice.java:257  | Measure{#32} Voice{#4 excess:1/8} too long
2025-07-30 20:45:20,351 INFO [Romance-Anonimo]                 Book.java:2550 | Book{Romance-Anonimo} storing
2025-07-30 20:45:20,403 INFO [Romance-Anonimo]                 Book.java:2531 | Stored /book.xml
2025-07-30 20:45:20,539 INFO [Romance-Anonimo]           DataHolder.java:348  | Stored /sheet#1/BINARY.png
2025-07-30 20:45:21,802 INFO [Romance-Anonimo]                Sheet.java:1562 | Stored /sheet#1/sheet#1.xml
2025-07-30 20:45:21,802 INFO [Romance-Anonimo]                 Book.java:2491 | Book stored as /home/kaval/Documentos/dev/CONCER/python/outputs/Romance-Anonimo.omr
2025-07-30 20:45:21,804 INFO [Romance-Anonimo]            SheetStub.java:1644 | Disposed sheet
2025-07-30 20:45:21,858 INFO [Romance-Anonimo]                 Book.java:2018 | End of Stub#1 memory: 32,534,232
2025-07-30 20:45:21,859 INFO [Romance-Anonimo]                 Book.java:2025 | Book processed.
2025-07-30 20:45:22,517 INFO [Romance-Anonimo]            SheetStub.java:995  | Loaded /sheet#1/sheet#1.xml
2025-07-30 20:45:22,998 INFO [Romance-Anonimo]      PartwiseBuilder.java:2661 | Exporting sheet(s): [#1]
2025-07-30 20:45:23,162 INFO [Romance-Anonimo]        ScoreExporter.java:164  | Score Romance-Anonimo exported to /home/kaval/Documentos/dev/CONCER/python/outputs/Romance-Anonimo.mxl
2025-07-30 20:45:23,210 INFO [Romance-Anonimo]                Score.java:181  | Closing {Score 1}
