2025-07-29 00:13:36,392 INFO [Romance-Anonimo]                 Book.java:562  | 1 sheet in /home/kaval/Documentos/dev/CONCER/python/uploads/Romance-Anonimo.pdf
2025-07-29 00:13:36,563 INFO []                 Book.java:2531 | Stored /book.xml
2025-07-29 00:13:36,564 INFO []                 Book.java:2491 | Book stored as /home/kaval/Documentos/dev/CONCER/python/outputs/Romance-Anonimo.omr
2025-07-29 00:13:36,589 INFO []                 Book.java:1933 | Book reaching PAGE on sheets:[#1]
2025-07-29 00:13:36,591 INFO [Romance-Anonimo]       StepMonitoring.java:98   | LOAD
2025-07-29 00:13:36,968 INFO [Romance-Anonimo]            SheetStub.java:1268 | Loaded image #1 2479x3508 from /home/kaval/Documentos/dev/CONCER/python/uploads/Romance-Anonimo.pdf
2025-07-29 00:13:36,974 INFO [Romance-Anonimo]       StepMonitoring.java:98   | BINARY
2025-07-29 00:13:37,579 INFO [Romance-Anonimo]       StepMonitoring.java:98   | SCALE
2025-07-29 00:13:37,615 INFO [Romance-Anonimo]         ScaleBuilder.java:241  | Beam  guessed height: 10 -- 0.50 of 19 interline
2025-07-29 00:13:37,617 INFO [Romance-Anonimo]         ScaleBuilder.java:264  | Beam measured height: 12 -- 0.50 of [5..19] range at 365% of needed quorum
2025-07-29 00:13:37,617 INFO [Romance-Anonimo]            ScaleStep.java:65   | Scale{ interline(17,19,20) line(2,2,2) beam(12)}
2025-07-29 00:13:37,619 INFO [Romance-Anonimo]       StepMonitoring.java:98   | GRID
2025-07-29 00:13:38,213 INFO [Romance-Anonimo]       LinesRetriever.java:1500 | Global slope: 0.00000
2025-07-29 00:13:38,254 INFO [Romance-Anonimo]    ClustersRetriever.java:328  | Retrieved raw line clusters: 8 of sizes [5] with interline(17,19,20)
2025-07-29 00:13:38,464 INFO [Romance-Anonimo]            PeakGraph.java:310  | Systems: #1[1] #2[2] #3[3] #4[4] #5[5] #6[6] #7[7] #8[8]
2025-07-29 00:13:38,761 INFO [Romance-Anonimo]        SystemManager.java:134  | Indentation detected for system #1
2025-07-29 00:13:38,762 INFO [Romance-Anonimo]        SystemManager.java:779  | 1 part along 8 systems
2025-07-29 00:13:38,762 INFO [Romance-Anonimo]                 Book.java:545  | Created scores: [{Score 1}]
2025-07-29 00:13:38,763 INFO [Romance-Anonimo]       StepMonitoring.java:98   | HEADERS
2025-07-29 00:13:39,124 INFO [Romance-Anonimo]      BasicClassifier.java:277  | Classifier loaded XML norms.
2025-07-29 00:13:39,127 INFO [Romance-Anonimo]   AbstractClassifier.java:396  | Classifier data loaded from default uri file:///home/kaval/Documents/audiveris/app/res/basic-classifier.zip
2025-07-29 00:13:39,947 INFO [Romance-Anonimo]       StepMonitoring.java:98   | STEM_SEEDS
2025-07-29 00:13:40,054 INFO [Romance-Anonimo]        StemSeedsStep.java:86   | stem(2 max:2)
2025-07-29 00:13:40,151 INFO [Romance-Anonimo]       StepMonitoring.java:98   | BEAMS
2025-07-29 00:13:45,319 INFO [Romance-Anonimo]       StepMonitoring.java:98   | LEDGERS
2025-07-29 00:13:45,631 INFO [Romance-Anonimo]       StepMonitoring.java:98   | HEADS
2025-07-29 00:13:51,191 INFO [Romance-Anonimo]        HeadSeedTally.java:235  | Scale information: HeadSeeds{NOTEHEAD_VOID[L:-0.0] NOTEHEAD_BLACK[L:-0.3,R:-1.1]}
2025-07-29 00:13:51,191 INFO [Romance-Anonimo]       StepMonitoring.java:98   | STEMS
2025-07-29 00:13:51,648 INFO [Romance-Anonimo]           BeamLinker.java:1729 | Not linking shorter BeamHookInter#1602{(0.430/0.685) BEAM_HOOK}
2025-07-29 00:13:51,884 INFO [Romance-Anonimo]           BeamLinker.java:1729 | Not linking shorter BeamHookInter#1758{(0.433/0.685) BEAM_HOOK}
2025-07-29 00:13:51,901 INFO [Romance-Anonimo]       StepMonitoring.java:98   | REDUCTION
2025-07-29 00:13:52,099 INFO [Romance-Anonimo]        ReductionStep.java:105  | Stems free length median value: 48 pixels, 2.5 interlines
2025-07-29 00:13:52,105 INFO [Romance-Anonimo]       StepMonitoring.java:98   | CUE_BEAMS
2025-07-29 00:13:52,105 INFO [Romance-Anonimo]         CueBeamsStep.java:81   | Step CUE_BEAMS is skipped because small heads switch is off
2025-07-29 00:13:52,106 INFO [Romance-Anonimo]       StepMonitoring.java:98   | TEXTS
2025-07-29 00:13:52,267 WARN [Romance-Anonimo]         TesseractOCR.java:335  | The collection of supported languages is empty
2025-07-29 00:13:52,267 INFO [Romance-Anonimo]              OcrUtil.java:106  | Missing support for 'eng' language(s)
2025-07-29 00:13:52,277 INFO [Romance-Anonimo]       StepMonitoring.java:98   | MEASURES
2025-07-29 00:13:52,286 INFO [Romance-Anonimo]                 Page.java:307  | 33 raw measures: [4 in system#1, 4 in system#2, 4 in system#3, 5 in system#4, 4 in system#5, 4 in system#6, 4 in system#7, 4 in system#8]
2025-07-29 00:13:52,286 INFO [Romance-Anonimo]       StepMonitoring.java:98   | CHORDS
2025-07-29 00:13:52,321 INFO [Romance-Anonimo]       StepMonitoring.java:98   | CURVES
2025-07-29 00:13:53,403 INFO [Romance-Anonimo]         SlursBuilder.java:240  | Slurs: 3
2025-07-29 00:13:53,444 INFO [Romance-Anonimo]      SegmentsBuilder.java:155  | Segments: 35
2025-07-29 00:13:53,465 INFO [Romance-Anonimo]       StepMonitoring.java:98   | SYMBOLS
2025-07-29 00:13:54,380 INFO [Romance-Anonimo]       StepMonitoring.java:98   | LINKS
2025-07-29 00:13:54,471 INFO [Romance-Anonimo]       StepMonitoring.java:98   | RHYTHMS
2025-07-29 00:13:54,499 INFO [Romance-Anonimo]                Voice.java:257  | Measure{#1} Voice{#1 excess:1/4} too long
2025-07-29 00:13:54,502 INFO [Romance-Anonimo]          StackRhythm.java:224  | S1 MeasureStack#1 no correct rhythm
2025-07-29 00:13:54,510 INFO [Romance-Anonimo]                Voice.java:257  | Measure{#2} Voice{#5 excess:1/8} too long
2025-07-29 00:13:54,511 INFO [Romance-Anonimo]          StackRhythm.java:224  | S1 MeasureStack#2 no correct rhythm
2025-07-29 00:13:54,517 INFO [Romance-Anonimo]                Voice.java:257  | Measure{#3} Voice{#5 excess:1/8} too long
2025-07-29 00:13:54,518 INFO [Romance-Anonimo]          StackRhythm.java:224  | S1 MeasureStack#3 no correct rhythm
2025-07-29 00:13:54,526 INFO [Romance-Anonimo]                Voice.java:257  | Measure{#4} Voice{#5 excess:1/8} too long
2025-07-29 00:13:54,527 INFO [Romance-Anonimo]          StackRhythm.java:224  | S1 MeasureStack#4 no correct rhythm
2025-07-29 00:13:54,534 INFO [Romance-Anonimo]                Voice.java:257  | Measure{#5} Voice{#1 excess:1/4} too long
2025-07-29 00:13:54,534 INFO [Romance-Anonimo]                Voice.java:257  | Measure{#5} Voice{#4 excess:1/8} too long
2025-07-29 00:13:54,535 INFO [Romance-Anonimo]          StackRhythm.java:224  | S2 MeasureStack#5 no correct rhythm
2025-07-29 00:13:54,541 INFO [Romance-Anonimo]                Voice.java:257  | Measure{#6} Voice{#5 excess:1/8} too long
2025-07-29 00:13:54,542 INFO [Romance-Anonimo]          StackRhythm.java:224  | S2 MeasureStack#6 no correct rhythm
2025-07-29 00:13:54,547 INFO [Romance-Anonimo]                Voice.java:257  | Measure{#7} Voice{#4 excess:1/4} too long
2025-07-29 00:13:54,547 INFO [Romance-Anonimo]          StackRhythm.java:224  | S2 MeasureStack#7 no correct rhythm
2025-07-29 00:13:54,554 INFO [Romance-Anonimo]                Voice.java:257  | Measure{#8} Voice{#5 excess:1/8} too long
2025-07-29 00:13:54,555 INFO [Romance-Anonimo]          StackRhythm.java:224  | S2 MeasureStack#8 no correct rhythm
2025-07-29 00:13:54,560 INFO [Romance-Anonimo]                Voice.java:257  | Measure{#9} Voice{#5 excess:1/8} too long
2025-07-29 00:13:54,561 INFO [Romance-Anonimo]          StackRhythm.java:224  | S3 MeasureStack#9 no correct rhythm
2025-07-29 00:13:54,566 INFO [Romance-Anonimo]                Voice.java:257  | Measure{#10} Voice{#5 excess:1/8} too long
2025-07-29 00:13:54,567 INFO [Romance-Anonimo]          StackRhythm.java:224  | S3 MeasureStack#10 no correct rhythm
2025-07-29 00:13:54,573 INFO [Romance-Anonimo]                Voice.java:257  | Measure{#11} Voice{#5 excess:1/8} too long
2025-07-29 00:13:54,574 INFO [Romance-Anonimo]          StackRhythm.java:224  | S3 MeasureStack#11 no correct rhythm
2025-07-29 00:13:54,579 INFO [Romance-Anonimo]                Voice.java:257  | Measure{#12} Voice{#5 excess:1/8} too long
2025-07-29 00:13:54,580 INFO [Romance-Anonimo]          StackRhythm.java:224  | S3 MeasureStack#12 no correct rhythm
2025-07-29 00:13:54,584 INFO [Romance-Anonimo]                Voice.java:257  | Measure{#13} Voice{#5 excess:1/8} too long
2025-07-29 00:13:54,585 INFO [Romance-Anonimo]          StackRhythm.java:224  | S4 MeasureStack#13 no correct rhythm
2025-07-29 00:13:54,590 INFO [Romance-Anonimo]                Voice.java:257  | Measure{#14} Voice{#5 excess:1/8} too long
2025-07-29 00:13:54,590 INFO [Romance-Anonimo]          StackRhythm.java:224  | S4 MeasureStack#14 no correct rhythm
2025-07-29 00:13:54,593 INFO [Romance-Anonimo]                Voice.java:257  | Measure{#15} Voice{#4 excess:1/8} too long
2025-07-29 00:13:54,594 INFO [Romance-Anonimo]          StackRhythm.java:224  | S4 MeasureStack#15 no correct rhythm
2025-07-29 00:13:54,597 INFO [Romance-Anonimo]                Voice.java:257  | Measure{#18} Voice{#5 excess:1/8} too long
2025-07-29 00:13:54,598 INFO [Romance-Anonimo]          StackRhythm.java:224  | S5 MeasureStack#18 no correct rhythm
2025-07-29 00:13:54,603 INFO [Romance-Anonimo]                Voice.java:257  | Measure{#19} Voice{#5 excess:1/8} too long
2025-07-29 00:13:54,603 INFO [Romance-Anonimo]          StackRhythm.java:224  | S5 MeasureStack#19 no correct rhythm
2025-07-29 00:13:54,607 INFO [Romance-Anonimo]                Voice.java:257  | Measure{#20} Voice{#5 excess:1/8} too long
2025-07-29 00:13:54,608 INFO [Romance-Anonimo]          StackRhythm.java:224  | S5 MeasureStack#20 no correct rhythm
2025-07-29 00:13:54,611 INFO [Romance-Anonimo]                Voice.java:257  | Measure{#21} Voice{#5 excess:1/8} too long
2025-07-29 00:13:54,612 INFO [Romance-Anonimo]          StackRhythm.java:224  | S5 MeasureStack#21 no correct rhythm
2025-07-29 00:13:54,614 INFO [Romance-Anonimo]                Voice.java:257  | Measure{#22} Voice{#5 excess:1/8} too long
2025-07-29 00:13:54,615 INFO [Romance-Anonimo]          StackRhythm.java:224  | S6 MeasureStack#22 no correct rhythm
2025-07-29 00:13:54,618 INFO [Romance-Anonimo]                Voice.java:257  | Measure{#23} Voice{#5 excess:1/8} too long
2025-07-29 00:13:54,618 INFO [Romance-Anonimo]          StackRhythm.java:224  | S6 MeasureStack#23 no correct rhythm
2025-07-29 00:13:54,622 INFO [Romance-Anonimo]                Voice.java:257  | Measure{#24} Voice{#5 excess:1/8} too long
2025-07-29 00:13:54,623 INFO [Romance-Anonimo]          StackRhythm.java:224  | S6 MeasureStack#24 no correct rhythm
2025-07-29 00:13:54,626 INFO [Romance-Anonimo]                Voice.java:257  | Measure{#25} Voice{#5 excess:1/8} too long
2025-07-29 00:13:54,627 INFO [Romance-Anonimo]          StackRhythm.java:224  | S6 MeasureStack#25 no correct rhythm
2025-07-29 00:13:54,631 INFO [Romance-Anonimo]                Voice.java:257  | Measure{#26} Voice{#5 excess:1/8} too long
2025-07-29 00:13:54,631 INFO [Romance-Anonimo]          StackRhythm.java:224  | S7 MeasureStack#26 no correct rhythm
2025-07-29 00:13:54,634 INFO [Romance-Anonimo]                Voice.java:257  | Measure{#27} Voice{#5 excess:1/8} too long
2025-07-29 00:13:54,635 INFO [Romance-Anonimo]          StackRhythm.java:224  | S7 MeasureStack#27 no correct rhythm
2025-07-29 00:13:54,639 INFO [Romance-Anonimo]                Voice.java:257  | Measure{#28} Voice{#5 excess:1/8} too long
2025-07-29 00:13:54,640 INFO [Romance-Anonimo]          StackRhythm.java:224  | S7 MeasureStack#28 no correct rhythm
2025-07-29 00:13:54,644 INFO [Romance-Anonimo]                Voice.java:257  | Measure{#29} Voice{#5 excess:1/8} too long
2025-07-29 00:13:54,645 INFO [Romance-Anonimo]          StackRhythm.java:224  | S7 MeasureStack#29 no correct rhythm
2025-07-29 00:13:54,648 INFO [Romance-Anonimo]                Voice.java:257  | Measure{#30} Voice{#5 excess:1/8} too long
2025-07-29 00:13:54,649 INFO [Romance-Anonimo]          StackRhythm.java:224  | S8 MeasureStack#30 no correct rhythm
2025-07-29 00:13:54,653 INFO [Romance-Anonimo]                Voice.java:257  | Measure{#31} Voice{#5 excess:1/8} too long
2025-07-29 00:13:54,654 INFO [Romance-Anonimo]          StackRhythm.java:224  | S8 MeasureStack#31 no correct rhythm
2025-07-29 00:13:54,656 INFO [Romance-Anonimo]                Voice.java:257  | Measure{#32} Voice{#4 excess:1/8} too long
2025-07-29 00:13:54,657 INFO [Romance-Anonimo]          StackRhythm.java:224  | S8 MeasureStack#32 no correct rhythm
2025-07-29 00:13:54,658 INFO [Romance-Anonimo]       StepMonitoring.java:98   | PAGE
2025-07-29 00:13:54,664 INFO [Romance-Anonimo]                Voice.java:257  | Measure{#1} Voice{#1 excess:1/4} too long
2025-07-29 00:13:54,664 INFO [Romance-Anonimo]                Voice.java:257  | Measure{#2} Voice{#5 excess:1/8} too long
2025-07-29 00:13:54,665 INFO [Romance-Anonimo]                Voice.java:257  | Measure{#3} Voice{#5 excess:1/8} too long
2025-07-29 00:13:54,665 INFO [Romance-Anonimo]                Voice.java:257  | Measure{#4} Voice{#5 excess:1/8} too long
2025-07-29 00:13:54,665 INFO [Romance-Anonimo]                Voice.java:257  | Measure{#5} Voice{#1 excess:1/4} too long
2025-07-29 00:13:54,666 INFO [Romance-Anonimo]                Voice.java:257  | Measure{#5} Voice{#4 excess:1/8} too long
2025-07-29 00:13:54,666 INFO [Romance-Anonimo]                Voice.java:257  | Measure{#6} Voice{#5 excess:1/8} too long
2025-07-29 00:13:54,666 INFO [Romance-Anonimo]                Voice.java:257  | Measure{#7} Voice{#4 excess:1/4} too long
2025-07-29 00:13:54,667 INFO [Romance-Anonimo]                Voice.java:257  | Measure{#8} Voice{#5 excess:1/8} too long
2025-07-29 00:13:54,667 INFO [Romance-Anonimo]                Voice.java:257  | Measure{#9} Voice{#5 excess:1/8} too long
2025-07-29 00:13:54,667 INFO [Romance-Anonimo]                Voice.java:257  | Measure{#10} Voice{#5 excess:1/8} too long
2025-07-29 00:13:54,667 INFO [Romance-Anonimo]                Voice.java:257  | Measure{#11} Voice{#5 excess:1/8} too long
2025-07-29 00:13:54,667 INFO [Romance-Anonimo]                Voice.java:257  | Measure{#12} Voice{#5 excess:1/8} too long
2025-07-29 00:13:54,668 INFO [Romance-Anonimo]                Voice.java:257  | Measure{#13} Voice{#5 excess:1/8} too long
2025-07-29 00:13:54,668 INFO [Romance-Anonimo]                Voice.java:257  | Measure{#14} Voice{#5 excess:1/8} too long
2025-07-29 00:13:54,668 INFO [Romance-Anonimo]                Voice.java:257  | Measure{#15} Voice{#4 excess:1/8} too long
2025-07-29 00:13:54,668 INFO [Romance-Anonimo]                Voice.java:257  | Measure{#18} Voice{#5 excess:1/8} too long
2025-07-29 00:13:54,669 INFO [Romance-Anonimo]                Voice.java:257  | Measure{#19} Voice{#5 excess:1/8} too long
2025-07-29 00:13:54,669 INFO [Romance-Anonimo]                Voice.java:257  | Measure{#20} Voice{#5 excess:1/8} too long
2025-07-29 00:13:54,669 INFO [Romance-Anonimo]                Voice.java:257  | Measure{#21} Voice{#5 excess:1/8} too long
2025-07-29 00:13:54,669 INFO [Romance-Anonimo]                Voice.java:257  | Measure{#22} Voice{#5 excess:1/8} too long
2025-07-29 00:13:54,670 INFO [Romance-Anonimo]                Voice.java:257  | Measure{#23} Voice{#5 excess:1/8} too long
2025-07-29 00:13:54,670 INFO [Romance-Anonimo]                Voice.java:257  | Measure{#24} Voice{#5 excess:1/8} too long
2025-07-29 00:13:54,671 INFO [Romance-Anonimo]                Voice.java:257  | Measure{#25} Voice{#5 excess:1/8} too long
2025-07-29 00:13:54,671 INFO [Romance-Anonimo]                Voice.java:257  | Measure{#26} Voice{#5 excess:1/8} too long
2025-07-29 00:13:54,671 INFO [Romance-Anonimo]                Voice.java:257  | Measure{#27} Voice{#5 excess:1/8} too long
2025-07-29 00:13:54,671 INFO [Romance-Anonimo]                Voice.java:257  | Measure{#28} Voice{#5 excess:1/8} too long
2025-07-29 00:13:54,672 INFO [Romance-Anonimo]                Voice.java:257  | Measure{#29} Voice{#5 excess:1/8} too long
2025-07-29 00:13:54,672 INFO [Romance-Anonimo]                Voice.java:257  | Measure{#30} Voice{#5 excess:1/8} too long
2025-07-29 00:13:54,673 INFO [Romance-Anonimo]                Voice.java:257  | Measure{#31} Voice{#5 excess:1/8} too long
2025-07-29 00:13:54,673 INFO [Romance-Anonimo]                Voice.java:257  | Measure{#32} Voice{#4 excess:1/8} too long
2025-07-29 00:13:54,675 INFO [Romance-Anonimo]                 Book.java:2550 | Book{Romance-Anonimo} storing
2025-07-29 00:13:54,739 INFO [Romance-Anonimo]                 Book.java:2531 | Stored /book.xml
2025-07-29 00:13:54,892 INFO [Romance-Anonimo]           DataHolder.java:348  | Stored /sheet#1/BINARY.png
2025-07-29 00:13:56,019 INFO [Romance-Anonimo]                Sheet.java:1562 | Stored /sheet#1/sheet#1.xml
2025-07-29 00:13:56,019 INFO [Romance-Anonimo]                 Book.java:2491 | Book stored as /home/kaval/Documentos/dev/CONCER/python/outputs/Romance-Anonimo.omr
2025-07-29 00:13:56,021 INFO [Romance-Anonimo]            SheetStub.java:1644 | Disposed sheet
2025-07-29 00:13:56,076 INFO [Romance-Anonimo]                 Book.java:2018 | End of Stub#1 memory: 32,581,352
2025-07-29 00:13:56,077 INFO [Romance-Anonimo]                 Book.java:2025 | Book processed.
2025-07-29 00:13:56,698 INFO [Romance-Anonimo]            SheetStub.java:995  | Loaded /sheet#1/sheet#1.xml
2025-07-29 00:13:57,228 INFO [Romance-Anonimo]      PartwiseBuilder.java:2661 | Exporting sheet(s): [#1]
2025-07-29 00:13:57,374 INFO [Romance-Anonimo]        ScoreExporter.java:164  | Score Romance-Anonimo exported to /home/kaval/Documentos/dev/CONCER/python/outputs/Romance-Anonimo.mxl
2025-07-29 00:13:57,427 INFO [Romance-Anonimo]                Score.java:181  | Closing {Score 1}
